[2021-05-13 16:31:07,694] {taskinstance.py:877} INFO - Dependencies all met for <TaskInstance: CS_GO_Pipeline.Matches_Crawler 2021-05-13T16:31:05.483157+00:00 [queued]>
[2021-05-13 16:31:07,709] {taskinstance.py:877} INFO - Dependencies all met for <TaskInstance: CS_GO_Pipeline.Matches_Crawler 2021-05-13T16:31:05.483157+00:00 [queued]>
[2021-05-13 16:31:07,709] {taskinstance.py:1068} INFO - 
--------------------------------------------------------------------------------
[2021-05-13 16:31:07,710] {taskinstance.py:1069} INFO - Starting attempt 1 of 4
[2021-05-13 16:31:07,710] {taskinstance.py:1070} INFO - 
--------------------------------------------------------------------------------
[2021-05-13 16:31:07,719] {taskinstance.py:1089} INFO - Executing <Task(BashOperator): Matches_Crawler> on 2021-05-13T16:31:05.483157+00:00
[2021-05-13 16:31:07,722] {standard_task_runner.py:52} INFO - Started process 113 to run task
[2021-05-13 16:31:07,726] {standard_task_runner.py:76} INFO - Running: ['airflow', 'tasks', 'run', 'CS_GO_Pipeline', 'Matches_Crawler', '2021-05-13T16:31:05.483157+00:00', '--job-id', '17', '--pool', 'default_pool', '--raw', '--subdir', 'DAGS_FOLDER/csgo_pipeline.py', '--cfg-path', '/tmp/tmplt9kihtx', '--error-file', '/tmp/tmpr7gavgqc']
[2021-05-13 16:31:07,727] {standard_task_runner.py:77} INFO - Job 17: Subtask Matches_Crawler
[2021-05-13 16:31:07,767] {logging_mixin.py:104} INFO - Running <TaskInstance: CS_GO_Pipeline.Matches_Crawler 2021-05-13T16:31:05.483157+00:00 [running]> on host 834203160f1c
[2021-05-13 16:31:07,901] {taskinstance.py:1283} INFO - Exporting the following env vars:
AIRFLOW_CTX_DAG_OWNER=Filipe
AIRFLOW_CTX_DAG_ID=CS_GO_Pipeline
AIRFLOW_CTX_TASK_ID=Matches_Crawler
AIRFLOW_CTX_EXECUTION_DATE=2021-05-13T16:31:05.483157+00:00
AIRFLOW_CTX_DAG_RUN_ID=manual__2021-05-13T16:31:05.483157+00:00
[2021-05-13 16:31:07,901] {bash.py:135} INFO - Tmp dir root location: 
 /tmp
[2021-05-13 16:31:07,903] {bash.py:158} INFO - Running command: cd /opt/airflow && ls
[2021-05-13 16:31:07,911] {bash.py:169} INFO - Output:
[2021-05-13 16:31:07,914] {bash.py:173} INFO - airflow-worker.pid
[2021-05-13 16:31:07,915] {bash.py:173} INFO - airflow.cfg
[2021-05-13 16:31:07,915] {bash.py:173} INFO - dags
[2021-05-13 16:31:07,916] {bash.py:173} INFO - logs
[2021-05-13 16:31:07,916] {bash.py:173} INFO - plugins
[2021-05-13 16:31:07,916] {bash.py:173} INFO - webserver_config.py
[2021-05-13 16:31:07,916] {bash.py:177} INFO - Command exited with return code 0
[2021-05-13 16:31:07,945] {taskinstance.py:1192} INFO - Marking task as SUCCESS. dag_id=CS_GO_Pipeline, task_id=Matches_Crawler, execution_date=20210513T163105, start_date=20210513T163107, end_date=20210513T163107
[2021-05-13 16:31:07,972] {taskinstance.py:1246} INFO - 0 downstream tasks scheduled from follow-on schedule check
[2021-05-13 16:31:07,980] {local_task_job.py:146} INFO - Task exited with return code 0
