[2021-05-13 16:32:06,354] {taskinstance.py:877} INFO - Dependencies all met for <TaskInstance: CS_GO_Pipeline.Matches_Crawler 2021-05-13T16:32:03.322366+00:00 [queued]>
[2021-05-13 16:32:06,369] {taskinstance.py:877} INFO - Dependencies all met for <TaskInstance: CS_GO_Pipeline.Matches_Crawler 2021-05-13T16:32:03.322366+00:00 [queued]>
[2021-05-13 16:32:06,369] {taskinstance.py:1068} INFO - 
--------------------------------------------------------------------------------
[2021-05-13 16:32:06,370] {taskinstance.py:1069} INFO - Starting attempt 1 of 4
[2021-05-13 16:32:06,370] {taskinstance.py:1070} INFO - 
--------------------------------------------------------------------------------
[2021-05-13 16:32:06,380] {taskinstance.py:1089} INFO - Executing <Task(BashOperator): Matches_Crawler> on 2021-05-13T16:32:03.322366+00:00
[2021-05-13 16:32:06,383] {standard_task_runner.py:52} INFO - Started process 116 to run task
[2021-05-13 16:32:06,387] {standard_task_runner.py:76} INFO - Running: ['airflow', 'tasks', 'run', 'CS_GO_Pipeline', 'Matches_Crawler', '2021-05-13T16:32:03.322366+00:00', '--job-id', '18', '--pool', 'default_pool', '--raw', '--subdir', 'DAGS_FOLDER/csgo_pipeline.py', '--cfg-path', '/tmp/tmpg001c7lq', '--error-file', '/tmp/tmpnii42ewv']
[2021-05-13 16:32:06,388] {standard_task_runner.py:77} INFO - Job 18: Subtask Matches_Crawler
[2021-05-13 16:32:06,425] {logging_mixin.py:104} INFO - Running <TaskInstance: CS_GO_Pipeline.Matches_Crawler 2021-05-13T16:32:03.322366+00:00 [running]> on host 834203160f1c
[2021-05-13 16:32:06,460] {taskinstance.py:1283} INFO - Exporting the following env vars:
AIRFLOW_CTX_DAG_OWNER=Filipe
AIRFLOW_CTX_DAG_ID=CS_GO_Pipeline
AIRFLOW_CTX_TASK_ID=Matches_Crawler
AIRFLOW_CTX_EXECUTION_DATE=2021-05-13T16:32:03.322366+00:00
AIRFLOW_CTX_DAG_RUN_ID=manual__2021-05-13T16:32:03.322366+00:00
[2021-05-13 16:32:06,461] {bash.py:135} INFO - Tmp dir root location: 
 /tmp
[2021-05-13 16:32:06,462] {bash.py:158} INFO - Running command: cd /opt/airflow/plugins && ls
[2021-05-13 16:32:06,470] {bash.py:169} INFO - Output:
[2021-05-13 16:32:06,474] {bash.py:173} INFO - __pycache__
[2021-05-13 16:32:06,475] {bash.py:173} INFO - results_scrapy.py
[2021-05-13 16:32:06,475] {bash.py:177} INFO - Command exited with return code 0
[2021-05-13 16:32:06,503] {taskinstance.py:1192} INFO - Marking task as SUCCESS. dag_id=CS_GO_Pipeline, task_id=Matches_Crawler, execution_date=20210513T163203, start_date=20210513T163206, end_date=20210513T163206
[2021-05-13 16:32:06,529] {taskinstance.py:1246} INFO - 0 downstream tasks scheduled from follow-on schedule check
[2021-05-13 16:32:06,561] {local_task_job.py:146} INFO - Task exited with return code 0
