[2021-05-13 19:38:31,417] {taskinstance.py:877} INFO - Dependencies all met for <TaskInstance: CS_GO_Pipeline.Matches_Crawler 2021-05-13T19:38:30.015799+00:00 [queued]>
[2021-05-13 19:38:31,433] {taskinstance.py:877} INFO - Dependencies all met for <TaskInstance: CS_GO_Pipeline.Matches_Crawler 2021-05-13T19:38:30.015799+00:00 [queued]>
[2021-05-13 19:38:31,433] {taskinstance.py:1068} INFO - 
--------------------------------------------------------------------------------
[2021-05-13 19:38:31,434] {taskinstance.py:1069} INFO - Starting attempt 1 of 4
[2021-05-13 19:38:31,434] {taskinstance.py:1070} INFO - 
--------------------------------------------------------------------------------
[2021-05-13 19:38:31,444] {taskinstance.py:1089} INFO - Executing <Task(BashOperator): Matches_Crawler> on 2021-05-13T19:38:30.015799+00:00
[2021-05-13 19:38:31,447] {standard_task_runner.py:52} INFO - Started process 55 to run task
[2021-05-13 19:38:31,450] {standard_task_runner.py:76} INFO - Running: ['airflow', 'tasks', 'run', 'CS_GO_Pipeline', 'Matches_Crawler', '2021-05-13T19:38:30.015799+00:00', '--job-id', '40', '--pool', 'default_pool', '--raw', '--subdir', 'DAGS_FOLDER/csgo_pipeline.py', '--cfg-path', '/tmp/tmp79a64vbd', '--error-file', '/tmp/tmpjwx3fc7k']
[2021-05-13 19:38:31,450] {standard_task_runner.py:77} INFO - Job 40: Subtask Matches_Crawler
[2021-05-13 19:38:31,486] {logging_mixin.py:104} INFO - Running <TaskInstance: CS_GO_Pipeline.Matches_Crawler 2021-05-13T19:38:30.015799+00:00 [running]> on host b7f6ee627e07
[2021-05-13 19:38:31,520] {taskinstance.py:1283} INFO - Exporting the following env vars:
AIRFLOW_CTX_DAG_OWNER=Filipe
AIRFLOW_CTX_DAG_ID=CS_GO_Pipeline
AIRFLOW_CTX_TASK_ID=Matches_Crawler
AIRFLOW_CTX_EXECUTION_DATE=2021-05-13T19:38:30.015799+00:00
AIRFLOW_CTX_DAG_RUN_ID=manual__2021-05-13T19:38:30.015799+00:00
[2021-05-13 19:38:31,520] {bash.py:135} INFO - Tmp dir root location: 
 /tmp
[2021-05-13 19:38:31,522] {bash.py:158} INFO - Running command: cd /opt/airflow/scrapers && scrapy runspider results_scrapy.py -o teste.json
[2021-05-13 19:38:31,527] {bash.py:169} INFO - Output:
[2021-05-13 19:38:32,367] {bash.py:173} INFO - 2021-05-13 19:38:32 [scrapy.utils.log] INFO: Scrapy 2.5.0 started (bot: scrapybot)
[2021-05-13 19:38:32,372] {bash.py:173} INFO - 2021-05-13 19:38:32 [scrapy.utils.log] INFO: Versions: lxml 4.6.3.0, libxml2 2.9.10, cssselect 1.1.0, parsel 1.6.0, w3lib 1.22.0, Twisted 21.2.0, Python 3.6.13 (default, Mar 27 2021, 03:29:33) - [GCC 8.3.0], pyOpenSSL 19.1.0 (OpenSSL 1.1.1k  25 Mar 2021), cryptography 3.4.7, Platform Linux-5.4.72-microsoft-standard-WSL2-x86_64-with-debian-10.8
[2021-05-13 19:38:32,373] {bash.py:173} INFO - 2021-05-13 19:38:32 [scrapy.utils.log] DEBUG: Using reactor: twisted.internet.epollreactor.EPollReactor
[2021-05-13 19:38:32,396] {bash.py:173} INFO - 2021-05-13 19:38:32 [scrapy.crawler] INFO: Overridden settings:
[2021-05-13 19:38:32,399] {bash.py:173} INFO - {'SPIDER_LOADER_WARN_ONLY': True}
[2021-05-13 19:38:32,418] {bash.py:173} INFO - 2021-05-13 19:38:32 [scrapy.extensions.telnet] INFO: Telnet Password: 9bb5cceca217e29f
[2021-05-13 19:38:32,476] {bash.py:173} INFO - 2021-05-13 19:38:32 [scrapy.middleware] INFO: Enabled extensions:
[2021-05-13 19:38:32,480] {bash.py:173} INFO - ['scrapy.extensions.corestats.CoreStats',
[2021-05-13 19:38:32,482] {bash.py:173} INFO -  'scrapy.extensions.telnet.TelnetConsole',
[2021-05-13 19:38:32,483] {bash.py:173} INFO -  'scrapy.extensions.memusage.MemoryUsage',
[2021-05-13 19:38:32,483] {bash.py:173} INFO -  'scrapy.extensions.feedexport.FeedExporter',
[2021-05-13 19:38:32,483] {bash.py:173} INFO -  'scrapy.extensions.logstats.LogStats']
[2021-05-13 19:38:32,524] {bash.py:173} INFO - 2021-05-13 19:38:32 [scrapy.middleware] INFO: Enabled downloader middlewares:
[2021-05-13 19:38:32,525] {bash.py:173} INFO - ['scrapy.downloadermiddlewares.httpauth.HttpAuthMiddleware',
[2021-05-13 19:38:32,525] {bash.py:173} INFO -  'scrapy.downloadermiddlewares.downloadtimeout.DownloadTimeoutMiddleware',
[2021-05-13 19:38:32,525] {bash.py:173} INFO -  'scrapy.downloadermiddlewares.defaultheaders.DefaultHeadersMiddleware',
[2021-05-13 19:38:32,526] {bash.py:173} INFO -  'scrapy.downloadermiddlewares.useragent.UserAgentMiddleware',
[2021-05-13 19:38:32,526] {bash.py:173} INFO -  'scrapy.downloadermiddlewares.retry.RetryMiddleware',
[2021-05-13 19:38:32,526] {bash.py:173} INFO -  'scrapy.downloadermiddlewares.redirect.MetaRefreshMiddleware',
[2021-05-13 19:38:32,527] {bash.py:173} INFO -  'scrapy.downloadermiddlewares.httpcompression.HttpCompressionMiddleware',
[2021-05-13 19:38:32,527] {bash.py:173} INFO -  'scrapy.downloadermiddlewares.redirect.RedirectMiddleware',
[2021-05-13 19:38:32,528] {bash.py:173} INFO -  'scrapy.downloadermiddlewares.cookies.CookiesMiddleware',
[2021-05-13 19:38:32,528] {bash.py:173} INFO -  'scrapy.downloadermiddlewares.httpproxy.HttpProxyMiddleware',
[2021-05-13 19:38:32,529] {bash.py:173} INFO -  'scrapy.downloadermiddlewares.stats.DownloaderStats']
[2021-05-13 19:38:32,529] {bash.py:173} INFO - 2021-05-13 19:38:32 [scrapy.middleware] INFO: Enabled spider middlewares:
[2021-05-13 19:38:32,529] {bash.py:173} INFO - ['scrapy.spidermiddlewares.httperror.HttpErrorMiddleware',
[2021-05-13 19:38:32,529] {bash.py:173} INFO -  'scrapy.spidermiddlewares.offsite.OffsiteMiddleware',
[2021-05-13 19:38:32,530] {bash.py:173} INFO -  'scrapy.spidermiddlewares.referer.RefererMiddleware',
[2021-05-13 19:38:32,530] {bash.py:173} INFO -  'scrapy.spidermiddlewares.urllength.UrlLengthMiddleware',
[2021-05-13 19:38:32,530] {bash.py:173} INFO -  'scrapy.spidermiddlewares.depth.DepthMiddleware']
[2021-05-13 19:38:32,530] {bash.py:173} INFO - 2021-05-13 19:38:32 [scrapy.middleware] INFO: Enabled item pipelines:
[2021-05-13 19:38:32,530] {bash.py:173} INFO - []
[2021-05-13 19:38:32,531] {bash.py:173} INFO - 2021-05-13 19:38:32 [scrapy.core.engine] INFO: Spider opened
[2021-05-13 19:38:32,535] {bash.py:173} INFO - 2021-05-13 19:38:32 [scrapy.extensions.logstats] INFO: Crawled 0 pages (at 0 pages/min), scraped 0 items (at 0 items/min)
[2021-05-13 19:38:32,537] {bash.py:173} INFO - 2021-05-13 19:38:32 [scrapy.extensions.telnet] INFO: Telnet console listening on 127.0.0.1:6024
[2021-05-13 19:38:33,861] {bash.py:173} INFO - 2021-05-13 19:38:33 [scrapy.core.engine] DEBUG: Crawled (200) <GET https://www.hltv.org/stats/matches?offset=93500> (referer: None)
[2021-05-13 19:38:33,975] {bash.py:173} INFO - 2021-05-13 19:38:33 [quotes] DEBUG: Estou aqui https://www.hltv.org/stats/matches?offset=93500
[2021-05-13 19:38:35,997] {bash.py:173} INFO - 2021-05-13 19:38:35 [scrapy.core.engine] DEBUG: Crawled (200) <GET https://www.hltv.org/stats/matches/mapstatsid/13092/gamedde-vs-mtw> (referer: https://www.hltv.org/stats/matches?offset=93500)
[2021-05-13 19:38:38,020] {bash.py:173} INFO - 2021-05-13 19:38:38 [scrapy.core.engine] DEBUG: Crawled (200) <GET https://www.hltv.org/stats/matches/mapstatsid/13210/fmesports-vs-aliquo> (referer: https://www.hltv.org/stats/matches?offset=93500)
[2021-05-13 19:38:38,021] {bash.py:173} INFO - 2021-05-13 19:38:38 [quotes] DEBUG: Estou aqui https://www.hltv.org/stats/matches/mapstatsid/13092/gamedde-vs-mtw
[2021-05-13 19:38:38,028] {bash.py:173} INFO - 2021-05-13 19:38:38 [scrapy.core.scraper] DEBUG: Scraped from <200 https://www.hltv.org/stats/matches/mapstatsid/13092/gamedde-vs-mtw>
[2021-05-13 19:38:38,028] {bash.py:173} INFO - {'match_id': '13092', 'match_link': '/stats/matches/mapstatsid/13092/gamedde-vs-mtw', 'team_1_link': '/stats/teams/4492/gamedde', 'team_1_name': 'gamed!de', 'team_2_link': '/stats/teams/4497/mtw', 'team_2_name': 'mTw', 'team_1_score': '7', 'team_2_score': '16', 'event_name': 'ESWC 2012 German Qualifier', 'map': 'Mirage_ce', 'data_unix': '1349892000000', 'offset': '93500', 'payers': [{'match_id': '13092', 'team': 'mTw', 'player_nick': 'hudzG', 'kills': '23', 'hs': '0', 'assists': '0', 'flash_assists': '0', 'deaths': '12', 'kdratio': '-', 'adr': '-', 'fkdiff': '+1', 'rating': '1.60'}, {'match_id': '13092', 'team': 'mTw', 'player_nick': 'steel', 'kills': '22', 'hs': '0', 'assists': '0', 'flash_assists': '0', 'deaths': '10', 'kdratio': '-', 'adr': '-', 'fkdiff': '+4', 'rating': '1.49'}, {'match_id': '13092', 'team': 'mTw', 'player_nick': 'osirisbash', 'kills': '15', 'hs': '0', 'assists': '0', 'flash_assists': '0', 'deaths': '11', 'kdratio': '-', 'adr': '-', 'fkdiff': '0', 'rating': '1.20'}, {'match_id': '13092', 'team': 'mTw', 'player_nick': 'cLy', 'kills': '19', 'hs': '0', 'assists': '0', 'flash_assists': '0', 'deaths': '14', 'kdratio': '-', 'adr': '-', 'fkdiff': '+1', 'rating': '1.19'}, {'match_id': '13092', 'team': 'mTw', 'player_nick': 'AaroN', 'kills': '16', 'hs': '0', 'assists': '0', 'flash_assists': '0', 'deaths': '14', 'kdratio': '-', 'adr': '-', 'fkdiff': '+1', 'rating': '1.05'}, {'match_id': '13092', 'team': 'gamed!de', 'player_nick': 'yannick', 'kills': '14', 'hs': '0', 'assists': '0', 'flash_assists': '0', 'deaths': '18', 'kdratio': '-', 'adr': '-', 'fkdiff': '-1', 'rating': '0.86'}, {'match_id': '13092', 'team': 'gamed!de', 'player_nick': 'syrsoN', 'kills': '13', 'hs': '0', 'assists': '0', 'flash_assists': '0', 'deaths': '19', 'kdratio': '-', 'adr': '-', 'fkdiff': '-2', 'rating': '0.69'}, {'match_id': '13092', 'team': 'gamed!de', 'player_nick': 'dynrmight', 'kills': '13', 'hs': '0', 'assists': '0', 'flash_assists': '0', 'deaths': '19', 'kdratio': '-', 'adr': '-', 'fkdiff': '0', 'rating': '0.69'}, {'match_id': '13092', 'team': 'gamed!de', 'player_nick': 'enkay J', 'kills': '12', 'hs': '0', 'assists': '0', 'flash_assists': '0', 'deaths': '19', 'kdratio': '-', 'adr': '-', 'fkdiff': '+1', 'rating': '0.65'}, {'match_id': '13092', 'team': 'gamed!de', 'player_nick': 'r0b', 'kills': '9', 'hs': '0', 'assists': '0', 'flash_assists': '0', 'deaths': '20', 'kdratio': '-', 'adr': '-', 'fkdiff': '-5', 'rating': '0.51'}]}
[2021-05-13 19:38:40,044] {bash.py:173} INFO - 2021-05-13 19:38:40 [scrapy.core.engine] DEBUG: Crawled (200) <GET https://www.hltv.org/stats/matches/mapstatsid/13208/mousesports-vs-teamcrg> (referer: https://www.hltv.org/stats/matches?offset=93500)
[2021-05-13 19:38:40,058] {bash.py:173} INFO - 2021-05-13 19:38:40 [quotes] DEBUG: Estou aqui https://www.hltv.org/stats/matches/mapstatsid/13210/fmesports-vs-aliquo
[2021-05-13 19:38:40,065] {bash.py:173} INFO - 2021-05-13 19:38:40 [scrapy.core.scraper] DEBUG: Scraped from <200 https://www.hltv.org/stats/matches/mapstatsid/13210/fmesports-vs-aliquo>
[2021-05-13 19:38:40,065] {bash.py:173} INFO - {'match_id': '13210', 'match_link': '/stats/matches/mapstatsid/13210/fmesports-vs-aliquo', 'team_1_link': '/stats/teams/4445/fmesports', 'team_1_name': 'FMESPORTS', 'team_2_link': '/stats/teams/4528/aliquo', 'team_2_name': 'aliquo', 'team_1_score': '16', 'team_2_score': '13', 'event_name': 'ESWC 2012 UK Qualifier', 'map': 'Mirage_ce', 'data_unix': '1349812800000', 'offset': '93500', 'payers': [{'match_id': '13210', 'team': 'FMESPORTS', 'player_nick': 'ZED', 'kills': '27', 'hs': '0', 'assists': '0', 'flash_assists': '0', 'deaths': '16', 'kdratio': '-', 'adr': '-', 'fkdiff': '+4', 'rating': '1.52'}, {'match_id': '13210', 'team': 'FMESPORTS', 'player_nick': 'weber', 'kills': '23', 'hs': '0', 'assists': '0', 'flash_assists': '0', 'deaths': '19', 'kdratio': '-', 'adr': '-', 'fkdiff': '+1', 'rating': '1.07'}, {'match_id': '13210', 'team': 'FMESPORTS', 'player_nick': 'TORNADOTONI', 'kills': '21', 'hs': '0', 'assists': '0', 'flash_assists': '0', 'deaths': '19', 'kdratio': '-', 'adr': '-', 'fkdiff': '+2', 'rating': '1.05'}, {'match_id': '13210', 'team': 'FMESPORTS', 'player_nick': 'Whindanski', 'kills': '20', 'hs': '0', 'assists': '0', 'flash_assists': '0', 'deaths': '22', 'kdratio': '-', 'adr': '-', 'fkdiff': '-1', 'rating': '0.91'}, {'match_id': '13210', 'team': 'FMESPORTS', 'player_nick': 'nEiLZiNHo', 'kills': '17', 'hs': '0', 'assists': '0', 'flash_assists': '0', 'deaths': '20', 'kdratio': '-', 'adr': '-', 'fkdiff': '-5', 'rating': '0.86'}, {'match_id': '13210', 'team': 'aliquo', 'player_nick': 'spk', 'kills': '29', 'hs': '0', 'assists': '0', 'flash_assists': '0', 'deaths': '23', 'kdratio': '-', 'adr': '-', 'fkdiff': '0', 'rating': '1.30'}, {'match_id': '13210', 'team': 'aliquo', 'player_nick': 'KYESAR', 'kills': '25', 'hs': '0', 'assists': '0', 'flash_assists': '0', 'deaths': '20', 'kdratio': '-', 'adr': '-', 'fkdiff': '-1', 'rating': '1.19'}, {'match_id': '13210', 'team': 'aliquo', 'player_nick': 'Murdy', 'kills': '17', 'hs': '0', 'assists': '0', 'flash_assists': '0', 'deaths': '22', 'kdratio': '-', 'adr': '-', 'fkdiff': '+1', 'rating': '0.75'}, {'match_id': '13210', 'team': 'aliquo', 'player_nick': 'Blacky', 'kills': '15', 'hs': '0', 'assists': '0', 'flash_assists': '0', 'deaths': '24', 'kdratio': '-', 'adr': '-', 'fkdiff': '-3', 'rating': '0.67'}, {'match_id': '13210', 'team': 'aliquo', 'player_nick': 'RAMPAGE', 'kills': '10', 'hs': '0', 'assists': '0', 'flash_assists': '0', 'deaths': '19', 'kdratio': '-', 'adr': '-', 'fkdiff': '+2', 'rating': '0.59'}]}
[2021-05-13 19:38:42,079] {bash.py:173} INFO - 2021-05-13 19:38:42 [scrapy.core.engine] DEBUG: Crawled (200) <GET https://www.hltv.org/stats/matches/mapstatsid/13205/teamcrg-vs-mousesports> (referer: https://www.hltv.org/stats/matches?offset=93500)
[2021-05-13 19:38:42,085] {bash.py:173} INFO - 2021-05-13 19:38:42 [scrapy.core.engine] DEBUG: Crawled (200) <GET https://www.hltv.org/stats/matches/mapstatsid/13091/gamedde-vs-mtw> (referer: https://www.hltv.org/stats/matches?offset=93500)
[2021-05-13 19:38:42,085] {bash.py:173} INFO - 2021-05-13 19:38:42 [quotes] DEBUG: Estou aqui https://www.hltv.org/stats/matches/mapstatsid/13208/mousesports-vs-teamcrg
[2021-05-13 19:38:42,093] {bash.py:173} INFO - 2021-05-13 19:38:42 [scrapy.core.scraper] DEBUG: Scraped from <200 https://www.hltv.org/stats/matches/mapstatsid/13208/mousesports-vs-teamcrg>
[2021-05-13 19:38:42,094] {bash.py:173} INFO - {'match_id': '13208', 'match_link': '/stats/matches/mapstatsid/13208/mousesports-vs-teamcrg', 'team_1_link': '/stats/teams/4465/mousesports', 'team_1_name': 'mousesports', 'team_2_link': '/stats/teams/4526/teamcrg', 'team_2_name': 'TeamCRG', 'team_1_score': '16', 'team_2_score': '12', 'event_name': 'ESWC 2012 UK Qualifier', 'map': 'Nuke_se', 'data_unix': '1349812800000', 'offset': '93500', 'payers': [{'match_id': '13208', 'team': 'mousesports', 'player_nick': 'Hughsy', 'kills': '21', 'hs': '7', 'assists': '0', 'flash_assists': '7', 'deaths': '16', 'kdratio': '-', 'adr': '-', 'fkdiff': '-1', 'rating': '1.25'}, {'match_id': '13208', 'team': 'mousesports', 'player_nick': 'RattlesnK', 'kills': '23', 'hs': '13', 'assists': '0', 'flash_assists': '13', 'deaths': '20', 'kdratio': '-', 'adr': '-', 'fkdiff': '+7', 'rating': '1.21'}, {'match_id': '13208', 'team': 'mousesports', 'player_nick': 'ritch', 'kills': '22', 'hs': '9', 'assists': '0', 'flash_assists': '9', 'deaths': '18', 'kdratio': '-', 'adr': '-', 'fkdiff': '0', 'rating': '1.20'}, {'match_id': '13208', 'team': 'mousesports', 'player_nick': 'RE1EASE', 'kills': '25', 'hs': '18', 'assists': '0', 'flash_assists': '18', 'deaths': '19', 'kdratio': '-', 'adr': '-', 'fkdiff': '-2', 'rating': '1.15'}, {'match_id': '13208', 'team': 'mousesports', 'player_nick': 'Mx', 'kills': '17', 'hs': '6', 'assists': '0', 'flash_assists': '6', 'deaths': '21', 'kdratio': '-', 'adr': '-', 'fkdiff': '+2', 'rating': '0.86'}, {'match_id': '13208', 'team': 'TeamCRG', 'player_nick': 'mole', 'kills': '22', 'hs': '10', 'assists': '0', 'flash_assists': '10', 'deaths': '20', 'kdratio': '-', 'adr': '-', 'fkdiff': '0', 'rating': '1.12'}, {'match_id': '13208', 'team': 'TeamCRG', 'player_nick': 'redSNK', 'kills': '20', 'hs': '7', 'assists': '0', 'flash_assists': '7', 'deaths': '23', 'kdratio': '-', 'adr': '-', 'fkdiff': '-2', 'rating': '0.97'}, {'match_id': '13208', 'team': 'TeamCRG', 'player_nick': 'batham', 'kills': '18', 'hs': '8', 'assists': '0', 'flash_assists': '8', 'deaths': '21', 'kdratio': '-', 'adr': '-', 'fkdiff': '-2', 'rating': '0.87'}, {'match_id': '13208', 'team': 'TeamCRG', 'player_nick': 'som', 'kills': '16', 'hs': '11', 'assists': '0', 'flash_assists': '11', 'deaths': '22', 'kdratio': '-', 'adr': '-', 'fkdiff': '0', 'rating': '0.76'}, {'match_id': '13208', 'team': 'TeamCRG', 'player_nick': 'pt', 'kills': '17', 'hs': '7', 'assists': '0', 'flash_assists': '7', 'deaths': '22', 'kdratio': '-', 'adr': '-', 'fkdiff': '-2', 'rating': '0.74'}]}
[2021-05-13 19:38:43,099] {bash.py:173} INFO - 2021-05-13 19:38:43 [scrapy.downloadermiddlewares.retry] DEBUG: Retrying <GET https://www.hltv.org/stats/matches/mapstatsid/13209/aliquo-vs-fmesports> (failed 1 times): 429 Unknown Status
[2021-05-13 19:38:44,109] {bash.py:173} INFO - 2021-05-13 19:38:44 [scrapy.downloadermiddlewares.retry] DEBUG: Retrying <GET https://www.hltv.org/stats/matches/mapstatsid/13297/nfaculty-vs-syb> (failed 1 times): 429 Unknown Status
[2021-05-13 19:38:44,110] {bash.py:173} INFO - 2021-05-13 19:38:44 [quotes] DEBUG: Estou aqui https://www.hltv.org/stats/matches/mapstatsid/13205/teamcrg-vs-mousesports
[2021-05-13 19:38:44,118] {bash.py:173} INFO - 2021-05-13 19:38:44 [scrapy.core.scraper] DEBUG: Scraped from <200 https://www.hltv.org/stats/matches/mapstatsid/13205/teamcrg-vs-mousesports>
[2021-05-13 19:38:44,118] {bash.py:173} INFO - {'match_id': '13205', 'match_link': '/stats/matches/mapstatsid/13205/teamcrg-vs-mousesports', 'team_1_link': '/stats/teams/4526/teamcrg', 'team_1_name': 'TeamCRG', 'team_2_link': '/stats/teams/4465/mousesports', 'team_2_name': 'mousesports', 'team_1_score': '10', 'team_2_score': '16', 'event_name': 'ESWC 2012 UK Qualifier', 'map': 'Dust2_se', 'data_unix': '1349812800000', 'offset': '93500', 'payers': [{'match_id': '13205', 'team': 'mousesports', 'player_nick': 'ritch', 'kills': '20', 'hs': '7', 'assists': '0', 'flash_assists': '7', 'deaths': '13', 'kdratio': '-', 'adr': '-', 'fkdiff': '0', 'rating': '1.30'}, {'match_id': '13205', 'team': 'mousesports', 'player_nick': 'RattlesnK', 'kills': '20', 'hs': '6', 'assists': '0', 'flash_assists': '6', 'deaths': '15', 'kdratio': '-', 'adr': '-', 'fkdiff': '0', 'rating': '1.23'}, {'match_id': '13205', 'team': 'mousesports', 'player_nick': 'Mx', 'kills': '20', 'hs': '12', 'assists': '0', 'flash_assists': '12', 'deaths': '14', 'kdratio': '-', 'adr': '-', 'fkdiff': '0', 'rating': '1.22'}, {'match_id': '13205', 'team': 'mousesports', 'player_nick': 'RE1EASE', 'kills': '17', 'hs': '12', 'assists': '0', 'flash_assists': '12', 'deaths': '12', 'kdratio': '-', 'adr': '-', 'fkdiff': '-3', 'rating': '1.21'}, {'match_id': '13205', 'team': 'mousesports', 'player_nick': 'Hughsy', 'kills': '19', 'hs': '9', 'assists': '0', 'flash_assists': '9', 'deaths': '15', 'kdratio': '-', 'adr': '-', 'fkdiff': '+2', 'rating': '1.06'}, {'match_id': '13205', 'team': 'TeamCRG', 'player_nick': 'redSNK', 'kills': '22', 'hs': '5', 'assists': '0', 'flash_assists': '5', 'deaths': '17', 'kdratio': '-', 'adr': '-', 'fkdiff': '+1', 'rating': '1.30'}, {'match_id': '13205', 'team': 'TeamCRG', 'player_nick': 'som', 'kills': '18', 'hs': '9', 'assists': '0', 'flash_assists': '9', 'deaths': '19', 'kdratio': '-', 'adr': '-', 'fkdiff': '0', 'rating': '1.00'}, {'match_id': '13205', 'team': 'TeamCRG', 'player_nick': 'mole', 'kills': '16', 'hs': '2', 'assists': '0', 'flash_assists': '2', 'deaths': '20', 'kdratio': '-', 'adr': '-', 'fkdiff': '+3', 'rating': '0.79'}, {'match_id': '13205', 'team': 'TeamCRG', 'player_nick': 'Kryptix', 'kills': '7', 'hs': '4', 'assists': '0', 'flash_assists': '4', 'deaths': '20', 'kdratio': '-', 'adr': '-', 'fkdiff': '0', 'rating': '0.46'}, {'match_id': '13205', 'team': 'TeamCRG', 'player_nick': 'batham', 'kills': '6', 'hs': '1', 'assists': '0', 'flash_assists': '1', 'deaths': '20', 'kdratio': '-', 'adr': '-', 'fkdiff': '-3', 'rating': '0.40'}]}
[2021-05-13 19:38:44,120] {bash.py:173} INFO - 2021-05-13 19:38:44 [quotes] DEBUG: Estou aqui https://www.hltv.org/stats/matches/mapstatsid/13091/gamedde-vs-mtw
[2021-05-13 19:38:44,126] {bash.py:173} INFO - 2021-05-13 19:38:44 [scrapy.core.scraper] DEBUG: Scraped from <200 https://www.hltv.org/stats/matches/mapstatsid/13091/gamedde-vs-mtw>
[2021-05-13 19:38:44,127] {bash.py:173} INFO - {'match_id': '13091', 'match_link': '/stats/matches/mapstatsid/13091/gamedde-vs-mtw', 'team_1_link': '/stats/teams/4492/gamedde', 'team_1_name': 'gamed!de', 'team_2_link': '/stats/teams/4497/mtw', 'team_2_name': 'mTw', 'team_1_score': '16', 'team_2_score': '13', 'event_name': 'ESWC 2012 German Qualifier', 'map': 'Dust2_se', 'data_unix': '1349892000000', 'offset': '93500', 'payers': [{'match_id': '13091', 'team': 'mTw', 'player_nick': 'steel', 'kills': '27', 'hs': '0', 'assists': '0', 'flash_assists': '0', 'deaths': '20', 'kdratio': '-', 'adr': '-', 'fkdiff': '-1', 'rating': '1.37'}, {'match_id': '13091', 'team': 'mTw', 'player_nick': 'hudzG', 'kills': '19', 'hs': '0', 'assists': '0', 'flash_assists': '0', 'deaths': '23', 'kdratio': '-', 'adr': '-', 'fkdiff': '-2', 'rating': '0.92'}, {'match_id': '13091', 'team': 'mTw', 'player_nick': 'osirisbash', 'kills': '15', 'hs': '0', 'assists': '0', 'flash_assists': '0', 'deaths': '20', 'kdratio': '-', 'adr': '-', 'fkdiff': '0', 'rating': '0.81'}, {'match_id': '13091', 'team': 'mTw', 'player_nick': 'cLy', 'kills': '18', 'hs': '0', 'assists': '0', 'flash_assists': '0', 'deaths': '22', 'kdratio': '-', 'adr': '-', 'fkdiff': '-2', 'rating': '0.76'}, {'match_id': '13091', 'team': 'mTw', 'player_nick': 'AaroN', 'kills': '13', 'hs': '0', 'assists': '0', 'flash_assists': '0', 'deaths': '19', 'kdratio': '-', 'adr': '-', 'fkdiff': '-4', 'rating': '0.70'}, {'match_id': '13091', 'team': 'gamed!de', 'player_nick': 'r0b', 'kills': '23', 'hs': '0', 'assists': '0', 'flash_assists': '0', 'deaths': '19', 'kdratio': '-', 'adr': '-', 'fkdiff': '+3', 'rating': '1.14'}, {'match_id': '13091', 'team': 'gamed!de', 'player_nick': 'yannick', 'kills': '22', 'hs': '0', 'assists': '0', 'flash_assists': '0', 'deaths': '17', 'kdratio': '-', 'adr': '-', 'fkdiff': '+1', 'rating': '1.13'}, {'match_id': '13091', 'team': 'gamed!de', 'player_nick': 'enkay J', 'kills': '21', 'hs': '0', 'assists': '0', 'flash_assists': '0', 'deaths': '16', 'kdratio': '-', 'adr': '-', 'fkdiff': '+1', 'rating': '1.07'}, {'match_id': '13091', 'team': 'gamed!de', 'player_nick': 'syrsoN', 'kills': '19', 'hs': '0', 'assists': '0', 'flash_assists': '0', 'deaths': '17', 'kdratio': '-', 'adr': '-', 'fkdiff': '+2', 'rating': '0.99'}, {'match_id': '13091', 'team': 'gamed!de', 'player_nick': 'dynrmight', 'kills': '17', 'hs': '0', 'assists': '0', 'flash_assists': '0', 'deaths': '23', 'kdratio': '-', 'adr': '-', 'fkdiff': '+2', 'rating': '0.80'}]}
[2021-05-13 19:38:45,135] {bash.py:173} INFO - 2021-05-13 19:38:45 [scrapy.downloadermiddlewares.retry] DEBUG: Retrying <GET https://www.hltv.org/stats/matches/mapstatsid/13207/mousesports-vs-teamcrg> (failed 1 times): 429 Unknown Status
[2021-05-13 19:38:45,137] {bash.py:173} INFO - 2021-05-13 19:38:45 [scrapy.downloadermiddlewares.retry] DEBUG: Retrying <GET https://www.hltv.org/stats/matches/mapstatsid/13296/nfaculty-vs-syb> (failed 1 times): 429 Unknown Status
[2021-05-13 19:38:47,155] {bash.py:173} INFO - 2021-05-13 19:38:47 [scrapy.downloadermiddlewares.retry] DEBUG: Retrying <GET https://www.hltv.org/stats/matches/mapstatsid/13059/gamedde-vs-dotpixels> (failed 1 times): 429 Unknown Status
[2021-05-13 19:38:49,172] {bash.py:173} INFO - 2021-05-13 19:38:49 [scrapy.downloadermiddlewares.retry] DEBUG: Retrying <GET https://www.hltv.org/stats/matches/mapstatsid/13209/aliquo-vs-fmesports> (failed 2 times): 429 Unknown Status
[2021-05-13 19:38:50,181] {bash.py:173} INFO - 2021-05-13 19:38:50 [scrapy.downloadermiddlewares.retry] DEBUG: Retrying <GET https://www.hltv.org/stats/matches/mapstatsid/13295/syb-vs-nfaculty> (failed 1 times): 429 Unknown Status
[2021-05-13 19:38:50,185] {bash.py:173} INFO - 2021-05-13 19:38:50 [scrapy.downloadermiddlewares.retry] DEBUG: Retrying <GET https://www.hltv.org/stats/matches/mapstatsid/13297/nfaculty-vs-syb> (failed 2 times): 429 Unknown Status
[2021-05-13 19:38:51,193] {bash.py:173} INFO - 2021-05-13 19:38:51 [scrapy.downloadermiddlewares.retry] DEBUG: Retrying <GET https://www.hltv.org/stats/matches/mapstatsid/13207/mousesports-vs-teamcrg> (failed 2 times): 429 Unknown Status
[2021-05-13 19:38:51,195] {bash.py:173} INFO - 2021-05-13 19:38:51 [scrapy.downloadermiddlewares.retry] DEBUG: Retrying <GET https://www.hltv.org/stats/matches/mapstatsid/13287/asperagamers-vs-esc> (failed 1 times): 429 Unknown Status
[2021-05-13 19:38:51,198] {bash.py:173} INFO - 2021-05-13 19:38:51 [scrapy.downloadermiddlewares.retry] DEBUG: Retrying <GET https://www.hltv.org/stats/matches/mapstatsid/13296/nfaculty-vs-syb> (failed 2 times): 429 Unknown Status
[2021-05-13 19:38:52,209] {bash.py:173} INFO - 2021-05-13 19:38:52 [scrapy.downloadermiddlewares.retry] DEBUG: Retrying <GET https://www.hltv.org/stats/matches/mapstatsid/13058/mousesports-vs-cplay> (failed 1 times): 429 Unknown Status
[2021-05-13 19:38:53,217] {bash.py:173} INFO - 2021-05-13 19:38:53 [scrapy.downloadermiddlewares.retry] DEBUG: Retrying <GET https://www.hltv.org/stats/matches/mapstatsid/13056/dotpixels-vs-iplay> (failed 1 times): 429 Unknown Status
[2021-05-13 19:38:55,233] {bash.py:173} INFO - 2021-05-13 19:38:55 [scrapy.downloadermiddlewares.retry] DEBUG: Retrying <GET https://www.hltv.org/stats/matches/mapstatsid/13059/gamedde-vs-dotpixels> (failed 2 times): 429 Unknown Status
[2021-05-13 19:38:56,245] {bash.py:173} INFO - 2021-05-13 19:38:56 [scrapy.downloadermiddlewares.retry] DEBUG: Retrying <GET https://www.hltv.org/stats/matches/mapstatsid/13055/nip-vs-publiclirse> (failed 1 times): 429 Unknown Status
[2021-05-13 19:38:56,249] {bash.py:173} INFO - 2021-05-13 19:38:56 [scrapy.downloadermiddlewares.retry] DEBUG: Retrying <GET https://www.hltv.org/stats/matches/mapstatsid/13057/tt-dragons-vs-red-dead> (failed 1 times): 429 Unknown Status
[2021-05-13 19:38:57,256] {bash.py:173} INFO - 2021-05-13 19:38:57 [scrapy.downloadermiddlewares.retry] ERROR: Gave up retrying <GET https://www.hltv.org/stats/matches/mapstatsid/13209/aliquo-vs-fmesports> (failed 3 times): 429 Unknown Status
[2021-05-13 19:38:57,256] {bash.py:173} INFO - 2021-05-13 19:38:57 [scrapy.core.engine] DEBUG: Crawled (429) <GET https://www.hltv.org/stats/matches/mapstatsid/13209/aliquo-vs-fmesports> (referer: https://www.hltv.org/stats/matches?offset=93500)
[2021-05-13 19:38:57,259] {bash.py:173} INFO - 2021-05-13 19:38:57 [scrapy.downloadermiddlewares.retry] DEBUG: Retrying <GET https://www.hltv.org/stats/matches/mapstatsid/13295/syb-vs-nfaculty> (failed 2 times): 429 Unknown Status
[2021-05-13 19:38:57,262] {bash.py:173} INFO - 2021-05-13 19:38:57 [scrapy.downloadermiddlewares.retry] DEBUG: Retrying <GET https://www.hltv.org/stats/matches/mapstatsid/13054/nip-vs-publiclirse> (failed 1 times): 429 Unknown Status
[2021-05-13 19:38:58,271] {bash.py:173} INFO - 2021-05-13 19:38:58 [scrapy.downloadermiddlewares.retry] ERROR: Gave up retrying <GET https://www.hltv.org/stats/matches/mapstatsid/13297/nfaculty-vs-syb> (failed 3 times): 429 Unknown Status
[2021-05-13 19:38:58,272] {bash.py:173} INFO - 2021-05-13 19:38:58 [scrapy.core.engine] DEBUG: Crawled (429) <GET https://www.hltv.org/stats/matches/mapstatsid/13297/nfaculty-vs-syb> (referer: https://www.hltv.org/stats/matches?offset=93500)
[2021-05-13 19:38:58,275] {bash.py:173} INFO - 2021-05-13 19:38:58 [scrapy.spidermiddlewares.httperror] INFO: Ignoring response <429 https://www.hltv.org/stats/matches/mapstatsid/13209/aliquo-vs-fmesports>: HTTP status code is not handled or not allowed
[2021-05-13 19:38:59,281] {bash.py:173} INFO - 2021-05-13 19:38:59 [scrapy.downloadermiddlewares.retry] DEBUG: Retrying <GET https://www.hltv.org/stats/matches/mapstatsid/13053/hastalavista-vs-gosu> (failed 1 times): 429 Unknown Status
[2021-05-13 19:38:59,287] {bash.py:173} INFO - 2021-05-13 19:38:59 [scrapy.spidermiddlewares.httperror] INFO: Ignoring response <429 https://www.hltv.org/stats/matches/mapstatsid/13297/nfaculty-vs-syb>: HTTP status code is not handled or not allowed
[2021-05-13 19:39:01,300] {bash.py:173} INFO - 2021-05-13 19:39:01 [scrapy.downloadermiddlewares.retry] DEBUG: Retrying <GET https://www.hltv.org/stats/matches/mapstatsid/13287/asperagamers-vs-esc> (failed 2 times): 429 Unknown Status
[2021-05-13 19:39:02,308] {bash.py:173} INFO - 2021-05-13 19:39:02 [scrapy.downloadermiddlewares.retry] ERROR: Gave up retrying <GET https://www.hltv.org/stats/matches/mapstatsid/13207/mousesports-vs-teamcrg> (failed 3 times): 429 Unknown Status
[2021-05-13 19:39:02,309] {bash.py:173} INFO - 2021-05-13 19:39:02 [scrapy.core.engine] DEBUG: Crawled (429) <GET https://www.hltv.org/stats/matches/mapstatsid/13207/mousesports-vs-teamcrg> (referer: https://www.hltv.org/stats/matches?offset=93500)
[2021-05-13 19:39:02,311] {bash.py:173} INFO - 2021-05-13 19:39:02 [scrapy.downloadermiddlewares.retry] ERROR: Gave up retrying <GET https://www.hltv.org/stats/matches/mapstatsid/13296/nfaculty-vs-syb> (failed 3 times): 429 Unknown Status
[2021-05-13 19:39:02,312] {bash.py:173} INFO - 2021-05-13 19:39:02 [scrapy.core.engine] DEBUG: Crawled (429) <GET https://www.hltv.org/stats/matches/mapstatsid/13296/nfaculty-vs-syb> (referer: https://www.hltv.org/stats/matches?offset=93500)
[2021-05-13 19:39:03,321] {bash.py:173} INFO - 2021-05-13 19:39:03 [scrapy.downloadermiddlewares.retry] DEBUG: Retrying <GET https://www.hltv.org/stats/matches/mapstatsid/13058/mousesports-vs-cplay> (failed 2 times): 429 Unknown Status
[2021-05-13 19:39:03,324] {bash.py:173} INFO - 2021-05-13 19:39:03 [scrapy.downloadermiddlewares.retry] DEBUG: Retrying <GET https://www.hltv.org/stats/matches/mapstatsid/13052/hastalavista-vs-gosu> (failed 1 times): 429 Unknown Status
[2021-05-13 19:39:03,327] {bash.py:173} INFO - 2021-05-13 19:39:03 [scrapy.downloadermiddlewares.retry] DEBUG: Retrying <GET https://www.hltv.org/stats/matches/mapstatsid/13090/alternate-attax-vs-mousesports> (failed 1 times): 429 Unknown Status
[2021-05-13 19:39:03,334] {bash.py:173} INFO - 2021-05-13 19:39:03 [scrapy.spidermiddlewares.httperror] INFO: Ignoring response <429 https://www.hltv.org/stats/matches/mapstatsid/13207/mousesports-vs-teamcrg>: HTTP status code is not handled or not allowed
[2021-05-13 19:39:03,335] {bash.py:173} INFO - 2021-05-13 19:39:03 [scrapy.spidermiddlewares.httperror] INFO: Ignoring response <429 https://www.hltv.org/stats/matches/mapstatsid/13296/nfaculty-vs-syb>: HTTP status code is not handled or not allowed
[2021-05-13 19:39:04,366] {bash.py:173} INFO - 2021-05-13 19:39:04 [scrapy.downloadermiddlewares.retry] DEBUG: Retrying <GET https://www.hltv.org/stats/matches/mapstatsid/13056/dotpixels-vs-iplay> (failed 2 times): 429 Unknown Status
[2021-05-13 19:39:05,377] {bash.py:173} INFO - 2021-05-13 19:39:05 [scrapy.downloadermiddlewares.retry] DEBUG: Retrying <GET https://www.hltv.org/stats/matches/mapstatsid/13089/alternate-attax-vs-mousesports> (failed 1 times): 429 Unknown Status
[2021-05-13 19:39:07,389] {bash.py:173} INFO - 2021-05-13 19:39:07 [scrapy.downloadermiddlewares.retry] DEBUG: Retrying <GET https://www.hltv.org/stats/matches/mapstatsid/13088/tt-dragons-vs-nfaculty> (failed 1 times): 429 Unknown Status
[2021-05-13 19:39:08,397] {bash.py:173} INFO - 2021-05-13 19:39:08 [scrapy.downloadermiddlewares.retry] DEBUG: Retrying <GET https://www.hltv.org/stats/matches/mapstatsid/13057/tt-dragons-vs-red-dead> (failed 2 times): 429 Unknown Status
[2021-05-13 19:39:08,401] {bash.py:173} INFO - 2021-05-13 19:39:08 [scrapy.downloadermiddlewares.retry] DEBUG: Retrying <GET https://www.hltv.org/stats/matches/mapstatsid/13087/tt-dragons-vs-nfaculty> (failed 1 times): 429 Unknown Status
[2021-05-13 19:39:09,408] {bash.py:173} INFO - 2021-05-13 19:39:09 [scrapy.downloadermiddlewares.retry] DEBUG: Retrying <GET https://www.hltv.org/stats/matches/mapstatsid/13086/tt-dragons-vs-nfaculty> (failed 1 times): 429 Unknown Status
[2021-05-13 19:39:09,411] {bash.py:173} INFO - 2021-05-13 19:39:09 [scrapy.downloadermiddlewares.retry] DEBUG: Retrying <GET https://www.hltv.org/stats/matches/mapstatsid/13055/nip-vs-publiclirse> (failed 2 times): 429 Unknown Status
[2021-05-13 19:39:10,419] {bash.py:173} INFO - 2021-05-13 19:39:10 [scrapy.downloadermiddlewares.retry] DEBUG: Retrying <GET https://www.hltv.org/stats/matches/mapstatsid/13085/gamedde-vs-zuom> (failed 1 times): 429 Unknown Status
[2021-05-13 19:39:11,426] {bash.py:173} INFO - 2021-05-13 19:39:11 [scrapy.downloadermiddlewares.retry] DEBUG: Retrying <GET https://www.hltv.org/stats/matches/mapstatsid/13084/zuom-vs-gamedde> (failed 1 times): 429 Unknown Status
[2021-05-13 19:39:13,442] {bash.py:173} INFO - 2021-05-13 19:39:13 [scrapy.downloadermiddlewares.retry] DEBUG: Retrying <GET https://www.hltv.org/stats/matches/mapstatsid/13082/mtw-vs-nod> (failed 1 times): 429 Unknown Status
[2021-05-13 19:39:14,453] {bash.py:173} INFO - 2021-05-13 19:39:14 [scrapy.downloadermiddlewares.retry] DEBUG: Retrying <GET https://www.hltv.org/stats/matches/mapstatsid/13083/nod-vs-mtw> (failed 1 times): 429 Unknown Status
[2021-05-13 19:39:14,456] {bash.py:173} INFO - 2021-05-13 19:39:14 [scrapy.downloadermiddlewares.retry] DEBUG: Retrying <GET https://www.hltv.org/stats/matches/mapstatsid/13285/boomslave-vs-clan-poland> (failed 1 times): 429 Unknown Status
[2021-05-13 19:39:14,459] {bash.py:173} INFO - 2021-05-13 19:39:14 [scrapy.downloadermiddlewares.retry] DEBUG: Retrying <GET https://www.hltv.org/stats/matches/mapstatsid/13054/nip-vs-publiclirse> (failed 2 times): 429 Unknown Status
[2021-05-13 19:39:15,468] {bash.py:173} INFO - 2021-05-13 19:39:15 [scrapy.downloadermiddlewares.retry] DEBUG: Retrying <GET https://www.hltv.org/stats/matches/mapstatsid/13090/alternate-attax-vs-mousesports> (failed 2 times): 429 Unknown Status
[2021-05-13 19:39:15,470] {bash.py:173} INFO - 2021-05-13 19:39:15 [scrapy.downloadermiddlewares.retry] DEBUG: Retrying <GET https://www.hltv.org/stats/matches/mapstatsid/13284/alsen-vs-inet-koxxx> (failed 1 times): 429 Unknown Status
[2021-05-13 19:39:16,479] {bash.py:173} INFO - 2021-05-13 19:39:16 [scrapy.downloadermiddlewares.retry] DEBUG: Retrying <GET https://www.hltv.org/stats/matches/mapstatsid/13052/hastalavista-vs-gosu> (failed 2 times): 429 Unknown Status
[2021-05-13 19:39:17,486] {bash.py:173} INFO - 2021-05-13 19:39:17 [scrapy.downloadermiddlewares.retry] DEBUG: Retrying <GET https://www.hltv.org/stats/matches/mapstatsid/13044/4kings-vs-aliquo> (failed 1 times): 429 Unknown Status
[2021-05-13 19:39:19,500] {bash.py:173} INFO - 2021-05-13 19:39:19 [scrapy.downloadermiddlewares.retry] DEBUG: Retrying <GET https://www.hltv.org/stats/matches/mapstatsid/13043/4kings-vs-aliquo> (failed 1 times): 429 Unknown Status
[2021-05-13 19:39:20,508] {bash.py:173} INFO - 2021-05-13 19:39:20 [scrapy.downloadermiddlewares.retry] DEBUG: Retrying <GET https://www.hltv.org/stats/matches/mapstatsid/13037/mousesports-vs-786> (failed 1 times): 429 Unknown Status
[2021-05-13 19:39:20,510] {bash.py:173} INFO - 2021-05-13 19:39:20 [scrapy.downloadermiddlewares.retry] DEBUG: Retrying <GET https://www.hltv.org/stats/matches/mapstatsid/13036/mousesports-vs-786> (failed 1 times): 429 Unknown Status
[2021-05-13 19:39:20,513] {bash.py:173} INFO - 2021-05-13 19:39:20 [scrapy.downloadermiddlewares.retry] DEBUG: Retrying <GET https://www.hltv.org/stats/matches/mapstatsid/13042/4kings-vs-aliquo> (failed 1 times): 429 Unknown Status
[2021-05-13 19:39:21,521] {bash.py:173} INFO - 2021-05-13 19:39:21 [scrapy.downloadermiddlewares.retry] DEBUG: Retrying <GET https://www.hltv.org/stats/matches/mapstatsid/13086/tt-dragons-vs-nfaculty> (failed 2 times): 429 Unknown Status
[2021-05-13 19:39:21,524] {bash.py:173} INFO - 2021-05-13 19:39:21 [scrapy.downloadermiddlewares.retry] DEBUG: Retrying <GET https://www.hltv.org/stats/matches/mapstatsid/13286/give-it-all-vs-maxfloplay> (failed 1 times): 429 Unknown Status
[2021-05-13 19:39:22,532] {bash.py:173} INFO - 2021-05-13 19:39:22 [scrapy.downloadermiddlewares.retry] DEBUG: Retrying <GET https://www.hltv.org/stats/matches/mapstatsid/13046/teamcrg-vs-vye> (failed 1 times): 429 Unknown Status
[2021-05-13 19:39:23,540] {bash.py:173} INFO - 2021-05-13 19:39:23 [scrapy.downloadermiddlewares.retry] DEBUG: Retrying <GET https://www.hltv.org/stats/matches/mapstatsid/13045/teamcrg-vs-vye> (failed 1 times): 429 Unknown Status
[2021-05-13 19:39:24,546] {bash.py:173} INFO - 2021-05-13 19:39:24 [quotes] DEBUG: Proxima pagina: https://www.hltv.org/stats/matches?offset=93550
[2021-05-13 19:39:24,588] {bash.py:173} INFO - 2021-05-13 19:39:24 [scrapy.downloadermiddlewares.retry] DEBUG: Retrying <GET https://www.hltv.org/stats/matches/mapstatsid/12992/fmesports-vs-enigma> (failed 1 times): 429 Unknown Status
[2021-05-13 19:39:24,609] {bash.py:173} INFO - 2021-05-13 19:39:24 [scrapy.downloadermiddlewares.retry] DEBUG: Retrying <GET https://www.hltv.org/stats/matches/mapstatsid/13285/boomslave-vs-clan-poland> (failed 2 times): 429 Unknown Status
[2021-05-13 19:39:24,612] {bash.py:173} INFO - 2021-05-13 19:39:24 [scrapy.downloadermiddlewares.retry] DEBUG: Retrying <GET https://www.hltv.org/stats/matches/mapstatsid/13040/gosu-vs-lions> (failed 1 times): 429 Unknown Status
[2021-05-13 19:39:24,615] {bash.py:173} INFO - 2021-05-13 19:39:24 [scrapy.downloadermiddlewares.retry] DEBUG: Retrying <GET https://www.hltv.org/stats/matches/mapstatsid/13284/alsen-vs-inet-koxxx> (failed 2 times): 429 Unknown Status
[2021-05-13 19:39:24,642] {bash.py:173} INFO - 2021-05-13 19:39:24 [scrapy.downloadermiddlewares.retry] DEBUG: Retrying <GET https://www.hltv.org/stats/matches/mapstatsid/12990/mtw-vs-gamedde> (failed 1 times): 429 Unknown Status
[2021-05-13 19:39:24,658] {bash.py:173} INFO - 2021-05-13 19:39:24 [scrapy.downloadermiddlewares.retry] DEBUG: Retrying <GET https://www.hltv.org/stats/matches/mapstatsid/13041/gosu-vs-lions> (failed 1 times): 429 Unknown Status
[2021-05-13 19:39:24,706] {bash.py:173} INFO - 2021-05-13 19:39:24 [scrapy.downloadermiddlewares.retry] DEBUG: Retrying <GET https://www.hltv.org/stats/matches/mapstatsid/13042/4kings-vs-aliquo> (failed 2 times): 429 Unknown Status
[2021-05-13 19:39:24,723] {bash.py:173} INFO - 2021-05-13 19:39:24 [scrapy.downloadermiddlewares.retry] DEBUG: Retrying <GET https://www.hltv.org/stats/matches/mapstatsid/12981/winfakt-vs-hastalavista> (failed 1 times): 429 Unknown Status
[2021-05-13 19:39:24,741] {bash.py:173} INFO - 2021-05-13 19:39:24 [scrapy.downloadermiddlewares.retry] DEBUG: Retrying <GET https://www.hltv.org/stats/matches/mapstatsid/12980/winfakt-vs-hastalavista> (failed 1 times): 429 Unknown Status
[2021-05-13 19:39:24,782] {bash.py:173} INFO - 2021-05-13 19:39:24 [scrapy.downloadermiddlewares.retry] DEBUG: Retrying <GET https://www.hltv.org/stats/matches/mapstatsid/12991/fmesports-vs-enigma> (failed 1 times): 429 Unknown Status
[2021-05-13 19:39:24,790] {bash.py:173} INFO - 2021-05-13 19:39:24 [scrapy.downloadermiddlewares.retry] DEBUG: Retrying <GET https://www.hltv.org/stats/matches/mapstatsid/13286/give-it-all-vs-maxfloplay> (failed 2 times): 429 Unknown Status
[2021-05-13 19:39:24,830] {bash.py:173} INFO - 2021-05-13 19:39:24 [scrapy.downloadermiddlewares.retry] DEBUG: Retrying <GET https://www.hltv.org/stats/matches/mapstatsid/12988/give-it-all-vs-publiclirse> (failed 1 times): 429 Unknown Status
[2021-05-13 19:39:24,866] {bash.py:173} INFO - 2021-05-13 19:39:24 [scrapy.downloadermiddlewares.retry] DEBUG: Retrying <GET https://www.hltv.org/stats/matches/mapstatsid/12987/red-dead-vs-nfaculty> (failed 1 times): 429 Unknown Status
[2021-05-13 19:39:24,898] {bash.py:173} INFO - 2021-05-13 19:39:24 [scrapy.downloadermiddlewares.retry] DEBUG: Retrying <GET https://www.hltv.org/stats/matches/mapstatsid/12992/fmesports-vs-enigma> (failed 2 times): 429 Unknown Status
[2021-05-13 19:39:24,907] {bash.py:173} INFO - 2021-05-13 19:39:24 [scrapy.downloadermiddlewares.retry] DEBUG: Retrying <GET https://www.hltv.org/stats/matches/mapstatsid/12985/tt-dragons-vs-logix> (failed 1 times): 429 Unknown Status
[2021-05-13 19:39:24,971] {bash.py:173} INFO - 2021-05-13 19:39:24 [scrapy.downloadermiddlewares.retry] DEBUG: Retrying <GET https://www.hltv.org/stats/matches/mapstatsid/13045/teamcrg-vs-vye> (failed 2 times): 429 Unknown Status
[2021-05-13 19:39:24,991] {bash.py:173} INFO - 2021-05-13 19:39:24 [scrapy.downloadermiddlewares.retry] DEBUG: Retrying <GET https://www.hltv.org/stats/matches/mapstatsid/13041/gosu-vs-lions> (failed 2 times): 429 Unknown Status
[2021-05-13 19:39:25,036] {bash.py:173} INFO - 2021-05-13 19:39:25 [scrapy.downloadermiddlewares.retry] DEBUG: Retrying <GET https://www.hltv.org/stats/matches/mapstatsid/13040/gosu-vs-lions> (failed 2 times): 429 Unknown Status
[2021-05-13 19:39:25,056] {bash.py:173} INFO - 2021-05-13 19:39:25 [scrapy.downloadermiddlewares.retry] DEBUG: Retrying <GET https://www.hltv.org/stats/matches/mapstatsid/12989/publiclirse-vs-give-it-all> (failed 1 times): 429 Unknown Status
[2021-05-13 19:39:25,114] {bash.py:173} INFO - 2021-05-13 19:39:25 [scrapy.downloadermiddlewares.retry] DEBUG: Retrying <GET https://www.hltv.org/stats/matches?offset=93550> (failed 1 times): 429 Unknown Status
[2021-05-13 19:39:25,181] {bash.py:173} INFO - 2021-05-13 19:39:25 [scrapy.downloadermiddlewares.retry] DEBUG: Retrying <GET https://www.hltv.org/stats/matches/mapstatsid/12986/cplay-vs-iplay> (failed 1 times): 429 Unknown Status
[2021-05-13 19:39:25,188] {bash.py:173} INFO - 2021-05-13 19:39:25 [scrapy.downloadermiddlewares.retry] DEBUG: Retrying <GET https://www.hltv.org/stats/matches/mapstatsid/12980/winfakt-vs-hastalavista> (failed 2 times): 429 Unknown Status
[2021-05-13 19:39:25,261] {bash.py:173} INFO - 2021-05-13 19:39:25 [scrapy.downloadermiddlewares.retry] DEBUG: Retrying <GET https://www.hltv.org/stats/matches/mapstatsid/12987/red-dead-vs-nfaculty> (failed 2 times): 429 Unknown Status
[2021-05-13 19:39:25,277] {bash.py:173} INFO - 2021-05-13 19:39:25 [scrapy.downloadermiddlewares.retry] DEBUG: Retrying <GET https://www.hltv.org/stats/matches/mapstatsid/12988/give-it-all-vs-publiclirse> (failed 2 times): 429 Unknown Status
[2021-05-13 19:39:25,283] {bash.py:173} INFO - 2021-05-13 19:39:25 [scrapy.downloadermiddlewares.retry] DEBUG: Retrying <GET https://www.hltv.org/stats/matches/mapstatsid/13046/teamcrg-vs-vye> (failed 2 times): 429 Unknown Status
[2021-05-13 19:39:25,305] {bash.py:173} INFO - 2021-05-13 19:39:25 [scrapy.downloadermiddlewares.retry] DEBUG: Retrying <GET https://www.hltv.org/stats/matches/mapstatsid/13037/mousesports-vs-786> (failed 2 times): 429 Unknown Status
[2021-05-13 19:39:25,353] {bash.py:173} INFO - 2021-05-13 19:39:25 [scrapy.downloadermiddlewares.retry] DEBUG: Retrying <GET https://www.hltv.org/stats/matches/mapstatsid/12985/tt-dragons-vs-logix> (failed 2 times): 429 Unknown Status
[2021-05-13 19:39:25,361] {bash.py:173} INFO - 2021-05-13 19:39:25 [scrapy.downloadermiddlewares.retry] DEBUG: Retrying <GET https://www.hltv.org/stats/matches/mapstatsid/12990/mtw-vs-gamedde> (failed 2 times): 429 Unknown Status
[2021-05-13 19:39:25,374] {bash.py:173} INFO - 2021-05-13 19:39:25 [scrapy.downloadermiddlewares.retry] DEBUG: Retrying <GET https://www.hltv.org/stats/matches/mapstatsid/12981/winfakt-vs-hastalavista> (failed 2 times): 429 Unknown Status
[2021-05-13 19:39:25,386] {bash.py:173} INFO - 2021-05-13 19:39:25 [scrapy.downloadermiddlewares.retry] DEBUG: Retrying <GET https://www.hltv.org/stats/matches/mapstatsid/12991/fmesports-vs-enigma> (failed 2 times): 429 Unknown Status
[2021-05-13 19:39:25,392] {bash.py:173} INFO - 2021-05-13 19:39:25 [scrapy.downloadermiddlewares.retry] DEBUG: Retrying <GET https://www.hltv.org/stats/matches/mapstatsid/13044/4kings-vs-aliquo> (failed 2 times): 429 Unknown Status
[2021-05-13 19:39:25,395] {bash.py:173} INFO - 2021-05-13 19:39:25 [scrapy.downloadermiddlewares.retry] DEBUG: Retrying <GET https://www.hltv.org/stats/matches/mapstatsid/13036/mousesports-vs-786> (failed 2 times): 429 Unknown Status
[2021-05-13 19:39:25,402] {bash.py:173} INFO - 2021-05-13 19:39:25 [scrapy.downloadermiddlewares.retry] DEBUG: Retrying <GET https://www.hltv.org/stats/matches/mapstatsid/13083/nod-vs-mtw> (failed 2 times): 429 Unknown Status
[2021-05-13 19:39:25,487] {bash.py:173} INFO - 2021-05-13 19:39:25 [scrapy.downloadermiddlewares.retry] DEBUG: Retrying <GET https://www.hltv.org/stats/matches?offset=93550> (failed 2 times): 429 Unknown Status
[2021-05-13 19:39:25,499] {bash.py:173} INFO - 2021-05-13 19:39:25 [scrapy.downloadermiddlewares.retry] DEBUG: Retrying <GET https://www.hltv.org/stats/matches/mapstatsid/12989/publiclirse-vs-give-it-all> (failed 2 times): 429 Unknown Status
[2021-05-13 19:39:25,528] {bash.py:173} INFO - 2021-05-13 19:39:25 [scrapy.downloadermiddlewares.retry] DEBUG: Retrying <GET https://www.hltv.org/stats/matches/mapstatsid/13087/tt-dragons-vs-nfaculty> (failed 2 times): 429 Unknown Status
[2021-05-13 19:39:25,545] {bash.py:173} INFO - 2021-05-13 19:39:25 [scrapy.downloadermiddlewares.retry] DEBUG: Retrying <GET https://www.hltv.org/stats/matches/mapstatsid/13082/mtw-vs-nod> (failed 2 times): 429 Unknown Status
[2021-05-13 19:39:25,567] {bash.py:173} INFO - 2021-05-13 19:39:25 [scrapy.downloadermiddlewares.retry] DEBUG: Retrying <GET https://www.hltv.org/stats/matches/mapstatsid/13084/zuom-vs-gamedde> (failed 2 times): 429 Unknown Status
[2021-05-13 19:39:25,609] {bash.py:173} INFO - 2021-05-13 19:39:25 [scrapy.downloadermiddlewares.retry] DEBUG: Retrying <GET https://www.hltv.org/stats/matches/mapstatsid/13089/alternate-attax-vs-mousesports> (failed 2 times): 429 Unknown Status
[2021-05-13 19:39:25,619] {bash.py:173} INFO - 2021-05-13 19:39:25 [scrapy.downloadermiddlewares.retry] DEBUG: Retrying <GET https://www.hltv.org/stats/matches/mapstatsid/13088/tt-dragons-vs-nfaculty> (failed 2 times): 429 Unknown Status
[2021-05-13 19:39:25,650] {bash.py:173} INFO - 2021-05-13 19:39:25 [scrapy.downloadermiddlewares.retry] DEBUG: Retrying <GET https://www.hltv.org/stats/matches/mapstatsid/13053/hastalavista-vs-gosu> (failed 2 times): 429 Unknown Status
[2021-05-13 19:39:25,654] {bash.py:173} INFO - 2021-05-13 19:39:25 [scrapy.downloadermiddlewares.retry] DEBUG: Retrying <GET https://www.hltv.org/stats/matches/mapstatsid/13043/4kings-vs-aliquo> (failed 2 times): 429 Unknown Status
[2021-05-13 19:39:25,668] {bash.py:173} INFO - 2021-05-13 19:39:25 [scrapy.downloadermiddlewares.retry] ERROR: Gave up retrying <GET https://www.hltv.org/stats/matches/mapstatsid/12981/winfakt-vs-hastalavista> (failed 3 times): 429 Unknown Status
[2021-05-13 19:39:25,669] {bash.py:173} INFO - 2021-05-13 19:39:25 [scrapy.core.engine] DEBUG: Crawled (429) <GET https://www.hltv.org/stats/matches/mapstatsid/12981/winfakt-vs-hastalavista> (referer: https://www.hltv.org/stats/matches?offset=93500)
[2021-05-13 19:39:25,698] {bash.py:173} INFO - 2021-05-13 19:39:25 [scrapy.downloadermiddlewares.retry] ERROR: Gave up retrying <GET https://www.hltv.org/stats/matches/mapstatsid/13036/mousesports-vs-786> (failed 3 times): 429 Unknown Status
[2021-05-13 19:39:25,698] {bash.py:173} INFO - 2021-05-13 19:39:25 [scrapy.core.engine] DEBUG: Crawled (429) <GET https://www.hltv.org/stats/matches/mapstatsid/13036/mousesports-vs-786> (referer: https://www.hltv.org/stats/matches?offset=93500)
[2021-05-13 19:39:25,702] {bash.py:173} INFO - 2021-05-13 19:39:25 [scrapy.downloadermiddlewares.retry] DEBUG: Retrying <GET https://www.hltv.org/stats/matches/mapstatsid/12986/cplay-vs-iplay> (failed 2 times): 429 Unknown Status
[2021-05-13 19:39:25,711] {bash.py:173} INFO - 2021-05-13 19:39:25 [scrapy.downloadermiddlewares.retry] ERROR: Gave up retrying <GET https://www.hltv.org/stats/matches/mapstatsid/13044/4kings-vs-aliquo> (failed 3 times): 429 Unknown Status
[2021-05-13 19:39:25,712] {bash.py:173} INFO - 2021-05-13 19:39:25 [scrapy.core.engine] DEBUG: Crawled (429) <GET https://www.hltv.org/stats/matches/mapstatsid/13044/4kings-vs-aliquo> (referer: https://www.hltv.org/stats/matches?offset=93500)
[2021-05-13 19:39:25,725] {bash.py:173} INFO - 2021-05-13 19:39:25 [scrapy.downloadermiddlewares.retry] ERROR: Gave up retrying <GET https://www.hltv.org/stats/matches/mapstatsid/12991/fmesports-vs-enigma> (failed 3 times): 429 Unknown Status
[2021-05-13 19:39:25,726] {bash.py:173} INFO - 2021-05-13 19:39:25 [scrapy.core.engine] DEBUG: Crawled (429) <GET https://www.hltv.org/stats/matches/mapstatsid/12991/fmesports-vs-enigma> (referer: https://www.hltv.org/stats/matches?offset=93500)
[2021-05-13 19:39:25,741] {bash.py:173} INFO - 2021-05-13 19:39:25 [scrapy.downloadermiddlewares.retry] ERROR: Gave up retrying <GET https://www.hltv.org/stats/matches?offset=93550> (failed 3 times): 429 Unknown Status
[2021-05-13 19:39:25,742] {bash.py:173} INFO - 2021-05-13 19:39:25 [scrapy.core.engine] DEBUG: Crawled (429) <GET https://www.hltv.org/stats/matches?offset=93550> (referer: https://www.hltv.org/stats/matches?offset=93500)
[2021-05-13 19:39:25,752] {bash.py:173} INFO - 2021-05-13 19:39:25 [scrapy.downloadermiddlewares.retry] ERROR: Gave up retrying <GET https://www.hltv.org/stats/matches/mapstatsid/13083/nod-vs-mtw> (failed 3 times): 429 Unknown Status
[2021-05-13 19:39:25,752] {bash.py:173} INFO - 2021-05-13 19:39:25 [scrapy.core.engine] DEBUG: Crawled (429) <GET https://www.hltv.org/stats/matches/mapstatsid/13083/nod-vs-mtw> (referer: https://www.hltv.org/stats/matches?offset=93500)
[2021-05-13 19:39:25,756] {bash.py:173} INFO - 2021-05-13 19:39:25 [scrapy.downloadermiddlewares.retry] DEBUG: Retrying <GET https://www.hltv.org/stats/matches/mapstatsid/13085/gamedde-vs-zuom> (failed 2 times): 429 Unknown Status
[2021-05-13 19:39:25,770] {bash.py:173} INFO - 2021-05-13 19:39:25 [scrapy.spidermiddlewares.httperror] INFO: Ignoring response <429 https://www.hltv.org/stats/matches/mapstatsid/12981/winfakt-vs-hastalavista>: HTTP status code is not handled or not allowed
[2021-05-13 19:39:25,779] {bash.py:173} INFO - 2021-05-13 19:39:25 [scrapy.downloadermiddlewares.retry] ERROR: Gave up retrying <GET https://www.hltv.org/stats/matches/mapstatsid/12989/publiclirse-vs-give-it-all> (failed 3 times): 429 Unknown Status
[2021-05-13 19:39:25,779] {bash.py:173} INFO - 2021-05-13 19:39:25 [scrapy.core.engine] DEBUG: Crawled (429) <GET https://www.hltv.org/stats/matches/mapstatsid/12989/publiclirse-vs-give-it-all> (referer: https://www.hltv.org/stats/matches?offset=93500)
[2021-05-13 19:39:25,799] {bash.py:173} INFO - 2021-05-13 19:39:25 [scrapy.spidermiddlewares.httperror] INFO: Ignoring response <429 https://www.hltv.org/stats/matches/mapstatsid/13036/mousesports-vs-786>: HTTP status code is not handled or not allowed
[2021-05-13 19:39:25,812] {bash.py:173} INFO - 2021-05-13 19:39:25 [scrapy.spidermiddlewares.httperror] INFO: Ignoring response <429 https://www.hltv.org/stats/matches/mapstatsid/13044/4kings-vs-aliquo>: HTTP status code is not handled or not allowed
[2021-05-13 19:39:25,824] {bash.py:173} INFO - 2021-05-13 19:39:25 [scrapy.downloadermiddlewares.retry] ERROR: Gave up retrying <GET https://www.hltv.org/stats/matches/mapstatsid/13089/alternate-attax-vs-mousesports> (failed 3 times): 429 Unknown Status
[2021-05-13 19:39:25,825] {bash.py:173} INFO - 2021-05-13 19:39:25 [scrapy.core.engine] DEBUG: Crawled (429) <GET https://www.hltv.org/stats/matches/mapstatsid/13089/alternate-attax-vs-mousesports> (referer: https://www.hltv.org/stats/matches?offset=93500)
[2021-05-13 19:39:25,827] {bash.py:173} INFO - 2021-05-13 19:39:25 [scrapy.spidermiddlewares.httperror] INFO: Ignoring response <429 https://www.hltv.org/stats/matches/mapstatsid/12991/fmesports-vs-enigma>: HTTP status code is not handled or not allowed
[2021-05-13 19:39:25,842] {bash.py:173} INFO - 2021-05-13 19:39:25 [scrapy.spidermiddlewares.httperror] INFO: Ignoring response <429 https://www.hltv.org/stats/matches?offset=93550>: HTTP status code is not handled or not allowed
[2021-05-13 19:39:25,853] {bash.py:173} INFO - 2021-05-13 19:39:25 [scrapy.spidermiddlewares.httperror] INFO: Ignoring response <429 https://www.hltv.org/stats/matches/mapstatsid/13083/nod-vs-mtw>: HTTP status code is not handled or not allowed
[2021-05-13 19:39:25,878] {bash.py:173} INFO - 2021-05-13 19:39:25 [scrapy.downloadermiddlewares.retry] ERROR: Gave up retrying <GET https://www.hltv.org/stats/matches/mapstatsid/12990/mtw-vs-gamedde> (failed 3 times): 429 Unknown Status
[2021-05-13 19:39:25,879] {bash.py:173} INFO - 2021-05-13 19:39:25 [scrapy.core.engine] DEBUG: Crawled (429) <GET https://www.hltv.org/stats/matches/mapstatsid/12990/mtw-vs-gamedde> (referer: https://www.hltv.org/stats/matches?offset=93500)
[2021-05-13 19:39:25,880] {bash.py:173} INFO - 2021-05-13 19:39:25 [scrapy.spidermiddlewares.httperror] INFO: Ignoring response <429 https://www.hltv.org/stats/matches/mapstatsid/12989/publiclirse-vs-give-it-all>: HTTP status code is not handled or not allowed
[2021-05-13 19:39:25,889] {bash.py:173} INFO - 2021-05-13 19:39:25 [scrapy.downloadermiddlewares.retry] ERROR: Gave up retrying <GET https://www.hltv.org/stats/matches/mapstatsid/13088/tt-dragons-vs-nfaculty> (failed 3 times): 429 Unknown Status
[2021-05-13 19:39:25,890] {bash.py:173} INFO - 2021-05-13 19:39:25 [scrapy.core.engine] DEBUG: Crawled (429) <GET https://www.hltv.org/stats/matches/mapstatsid/13088/tt-dragons-vs-nfaculty> (referer: https://www.hltv.org/stats/matches?offset=93500)
[2021-05-13 19:39:25,893] {bash.py:173} INFO - 2021-05-13 19:39:25 [scrapy.downloadermiddlewares.retry] ERROR: Gave up retrying <GET https://www.hltv.org/stats/matches/mapstatsid/13053/hastalavista-vs-gosu> (failed 3 times): 429 Unknown Status
[2021-05-13 19:39:25,893] {bash.py:173} INFO - 2021-05-13 19:39:25 [scrapy.core.engine] DEBUG: Crawled (429) <GET https://www.hltv.org/stats/matches/mapstatsid/13053/hastalavista-vs-gosu> (referer: https://www.hltv.org/stats/matches?offset=93500)
[2021-05-13 19:39:25,911] {bash.py:173} INFO - 2021-05-13 19:39:25 [scrapy.downloadermiddlewares.retry] ERROR: Gave up retrying <GET https://www.hltv.org/stats/matches/mapstatsid/13082/mtw-vs-nod> (failed 3 times): 429 Unknown Status
[2021-05-13 19:39:25,911] {bash.py:173} INFO - 2021-05-13 19:39:25 [scrapy.core.engine] DEBUG: Crawled (429) <GET https://www.hltv.org/stats/matches/mapstatsid/13082/mtw-vs-nod> (referer: https://www.hltv.org/stats/matches?offset=93500)
[2021-05-13 19:39:25,925] {bash.py:173} INFO - 2021-05-13 19:39:25 [scrapy.spidermiddlewares.httperror] INFO: Ignoring response <429 https://www.hltv.org/stats/matches/mapstatsid/13089/alternate-attax-vs-mousesports>: HTTP status code is not handled or not allowed
[2021-05-13 19:39:25,980] {bash.py:173} INFO - 2021-05-13 19:39:25 [scrapy.spidermiddlewares.httperror] INFO: Ignoring response <429 https://www.hltv.org/stats/matches/mapstatsid/12990/mtw-vs-gamedde>: HTTP status code is not handled or not allowed
[2021-05-13 19:39:25,991] {bash.py:173} INFO - 2021-05-13 19:39:25 [scrapy.downloadermiddlewares.retry] ERROR: Gave up retrying <GET https://www.hltv.org/stats/matches/mapstatsid/13046/teamcrg-vs-vye> (failed 3 times): 429 Unknown Status
[2021-05-13 19:39:25,995] {bash.py:173} INFO - 2021-05-13 19:39:25 [scrapy.core.engine] DEBUG: Crawled (429) <GET https://www.hltv.org/stats/matches/mapstatsid/13046/teamcrg-vs-vye> (referer: https://www.hltv.org/stats/matches?offset=93500)
[2021-05-13 19:39:25,995] {bash.py:173} INFO - 2021-05-13 19:39:25 [scrapy.spidermiddlewares.httperror] INFO: Ignoring response <429 https://www.hltv.org/stats/matches/mapstatsid/13088/tt-dragons-vs-nfaculty>: HTTP status code is not handled or not allowed
[2021-05-13 19:39:25,998] {bash.py:173} INFO - 2021-05-13 19:39:25 [scrapy.spidermiddlewares.httperror] INFO: Ignoring response <429 https://www.hltv.org/stats/matches/mapstatsid/13053/hastalavista-vs-gosu>: HTTP status code is not handled or not allowed
[2021-05-13 19:39:26,008] {bash.py:173} INFO - 2021-05-13 19:39:26 [scrapy.downloadermiddlewares.retry] ERROR: Gave up retrying <GET https://www.hltv.org/stats/matches/mapstatsid/12986/cplay-vs-iplay> (failed 3 times): 429 Unknown Status
[2021-05-13 19:39:26,011] {bash.py:173} INFO - 2021-05-13 19:39:26 [scrapy.core.engine] DEBUG: Crawled (429) <GET https://www.hltv.org/stats/matches/mapstatsid/12986/cplay-vs-iplay> (referer: https://www.hltv.org/stats/matches?offset=93500)
[2021-05-13 19:39:26,012] {bash.py:173} INFO - 2021-05-13 19:39:26 [scrapy.spidermiddlewares.httperror] INFO: Ignoring response <429 https://www.hltv.org/stats/matches/mapstatsid/13082/mtw-vs-nod>: HTTP status code is not handled or not allowed
[2021-05-13 19:39:26,033] {bash.py:173} INFO - 2021-05-13 19:39:26 [scrapy.downloadermiddlewares.retry] ERROR: Gave up retrying <GET https://www.hltv.org/stats/matches/mapstatsid/13037/mousesports-vs-786> (failed 3 times): 429 Unknown Status
[2021-05-13 19:39:26,033] {bash.py:173} INFO - 2021-05-13 19:39:26 [scrapy.core.engine] DEBUG: Crawled (429) <GET https://www.hltv.org/stats/matches/mapstatsid/13037/mousesports-vs-786> (referer: https://www.hltv.org/stats/matches?offset=93500)
[2021-05-13 19:39:26,071] {bash.py:173} INFO - 2021-05-13 19:39:26 [scrapy.downloadermiddlewares.retry] ERROR: Gave up retrying <GET https://www.hltv.org/stats/matches/mapstatsid/13087/tt-dragons-vs-nfaculty> (failed 3 times): 429 Unknown Status
[2021-05-13 19:39:26,072] {bash.py:173} INFO - 2021-05-13 19:39:26 [scrapy.core.engine] DEBUG: Crawled (429) <GET https://www.hltv.org/stats/matches/mapstatsid/13087/tt-dragons-vs-nfaculty> (referer: https://www.hltv.org/stats/matches?offset=93500)
[2021-05-13 19:39:26,078] {bash.py:173} INFO - 2021-05-13 19:39:26 [scrapy.downloadermiddlewares.retry] ERROR: Gave up retrying <GET https://www.hltv.org/stats/matches/mapstatsid/13084/zuom-vs-gamedde> (failed 3 times): 429 Unknown Status
[2021-05-13 19:39:26,079] {bash.py:173} INFO - 2021-05-13 19:39:26 [scrapy.core.engine] DEBUG: Crawled (429) <GET https://www.hltv.org/stats/matches/mapstatsid/13084/zuom-vs-gamedde> (referer: https://www.hltv.org/stats/matches?offset=93500)
[2021-05-13 19:39:26,085] {bash.py:173} INFO - 2021-05-13 19:39:26 [scrapy.downloadermiddlewares.retry] ERROR: Gave up retrying <GET https://www.hltv.org/stats/matches/mapstatsid/12987/red-dead-vs-nfaculty> (failed 3 times): 429 Unknown Status
[2021-05-13 19:39:26,085] {bash.py:173} INFO - 2021-05-13 19:39:26 [scrapy.core.engine] DEBUG: Crawled (429) <GET https://www.hltv.org/stats/matches/mapstatsid/12987/red-dead-vs-nfaculty> (referer: https://www.hltv.org/stats/matches?offset=93500)
[2021-05-13 19:39:26,091] {bash.py:173} INFO - 2021-05-13 19:39:26 [scrapy.spidermiddlewares.httperror] INFO: Ignoring response <429 https://www.hltv.org/stats/matches/mapstatsid/13046/teamcrg-vs-vye>: HTTP status code is not handled or not allowed
[2021-05-13 19:39:26,103] {bash.py:173} INFO - 2021-05-13 19:39:26 [scrapy.downloadermiddlewares.retry] ERROR: Gave up retrying <GET https://www.hltv.org/stats/matches/mapstatsid/12988/give-it-all-vs-publiclirse> (failed 3 times): 429 Unknown Status
[2021-05-13 19:39:26,104] {bash.py:173} INFO - 2021-05-13 19:39:26 [scrapy.core.engine] DEBUG: Crawled (429) <GET https://www.hltv.org/stats/matches/mapstatsid/12988/give-it-all-vs-publiclirse> (referer: https://www.hltv.org/stats/matches?offset=93500)
[2021-05-13 19:39:26,109] {bash.py:173} INFO - 2021-05-13 19:39:26 [scrapy.spidermiddlewares.httperror] INFO: Ignoring response <429 https://www.hltv.org/stats/matches/mapstatsid/12986/cplay-vs-iplay>: HTTP status code is not handled or not allowed
[2021-05-13 19:39:26,115] {bash.py:173} INFO - 2021-05-13 19:39:26 [scrapy.downloadermiddlewares.retry] ERROR: Gave up retrying <GET https://www.hltv.org/stats/matches/mapstatsid/13043/4kings-vs-aliquo> (failed 3 times): 429 Unknown Status
[2021-05-13 19:39:26,116] {bash.py:173} INFO - 2021-05-13 19:39:26 [scrapy.core.engine] DEBUG: Crawled (429) <GET https://www.hltv.org/stats/matches/mapstatsid/13043/4kings-vs-aliquo> (referer: https://www.hltv.org/stats/matches?offset=93500)
[2021-05-13 19:39:26,134] {bash.py:173} INFO - 2021-05-13 19:39:26 [scrapy.spidermiddlewares.httperror] INFO: Ignoring response <429 https://www.hltv.org/stats/matches/mapstatsid/13037/mousesports-vs-786>: HTTP status code is not handled or not allowed
[2021-05-13 19:39:26,175] {bash.py:173} INFO - 2021-05-13 19:39:26 [scrapy.spidermiddlewares.httperror] INFO: Ignoring response <429 https://www.hltv.org/stats/matches/mapstatsid/13087/tt-dragons-vs-nfaculty>: HTTP status code is not handled or not allowed
[2021-05-13 19:39:26,179] {bash.py:173} INFO - 2021-05-13 19:39:26 [scrapy.spidermiddlewares.httperror] INFO: Ignoring response <429 https://www.hltv.org/stats/matches/mapstatsid/13084/zuom-vs-gamedde>: HTTP status code is not handled or not allowed
[2021-05-13 19:39:26,187] {bash.py:173} INFO - 2021-05-13 19:39:26 [scrapy.spidermiddlewares.httperror] INFO: Ignoring response <429 https://www.hltv.org/stats/matches/mapstatsid/12987/red-dead-vs-nfaculty>: HTTP status code is not handled or not allowed
[2021-05-13 19:39:26,199] {bash.py:173} INFO - 2021-05-13 19:39:26 [scrapy.downloadermiddlewares.retry] ERROR: Gave up retrying <GET https://www.hltv.org/stats/matches/mapstatsid/12992/fmesports-vs-enigma> (failed 3 times): 429 Unknown Status
[2021-05-13 19:39:26,200] {bash.py:173} INFO - 2021-05-13 19:39:26 [scrapy.core.engine] DEBUG: Crawled (429) <GET https://www.hltv.org/stats/matches/mapstatsid/12992/fmesports-vs-enigma> (referer: https://www.hltv.org/stats/matches?offset=93500)
[2021-05-13 19:39:26,205] {bash.py:173} INFO - 2021-05-13 19:39:26 [scrapy.spidermiddlewares.httperror] INFO: Ignoring response <429 https://www.hltv.org/stats/matches/mapstatsid/12988/give-it-all-vs-publiclirse>: HTTP status code is not handled or not allowed
[2021-05-13 19:39:26,211] {bash.py:173} INFO - 2021-05-13 19:39:26 [scrapy.downloadermiddlewares.retry] ERROR: Gave up retrying <GET https://www.hltv.org/stats/matches/mapstatsid/13040/gosu-vs-lions> (failed 3 times): 429 Unknown Status
[2021-05-13 19:39:26,211] {bash.py:173} INFO - 2021-05-13 19:39:26 [scrapy.core.engine] DEBUG: Crawled (429) <GET https://www.hltv.org/stats/matches/mapstatsid/13040/gosu-vs-lions> (referer: https://www.hltv.org/stats/matches?offset=93500)
[2021-05-13 19:39:26,217] {bash.py:173} INFO - 2021-05-13 19:39:26 [scrapy.spidermiddlewares.httperror] INFO: Ignoring response <429 https://www.hltv.org/stats/matches/mapstatsid/13043/4kings-vs-aliquo>: HTTP status code is not handled or not allowed
[2021-05-13 19:39:26,227] {bash.py:173} INFO - 2021-05-13 19:39:26 [scrapy.downloadermiddlewares.retry] ERROR: Gave up retrying <GET https://www.hltv.org/stats/matches/mapstatsid/13286/give-it-all-vs-maxfloplay> (failed 3 times): 429 Unknown Status
[2021-05-13 19:39:26,228] {bash.py:173} INFO - 2021-05-13 19:39:26 [scrapy.core.engine] DEBUG: Crawled (429) <GET https://www.hltv.org/stats/matches/mapstatsid/13286/give-it-all-vs-maxfloplay> (referer: https://www.hltv.org/stats/matches?offset=93500)
[2021-05-13 19:39:26,260] {bash.py:173} INFO - 2021-05-13 19:39:26 [scrapy.downloadermiddlewares.retry] ERROR: Gave up retrying <GET https://www.hltv.org/stats/matches/mapstatsid/13045/teamcrg-vs-vye> (failed 3 times): 429 Unknown Status
[2021-05-13 19:39:26,260] {bash.py:173} INFO - 2021-05-13 19:39:26 [scrapy.core.engine] DEBUG: Crawled (429) <GET https://www.hltv.org/stats/matches/mapstatsid/13045/teamcrg-vs-vye> (referer: https://www.hltv.org/stats/matches?offset=93500)
[2021-05-13 19:39:26,292] {bash.py:173} INFO - 2021-05-13 19:39:26 [scrapy.downloadermiddlewares.retry] ERROR: Gave up retrying <GET https://www.hltv.org/stats/matches/mapstatsid/12980/winfakt-vs-hastalavista> (failed 3 times): 429 Unknown Status
[2021-05-13 19:39:26,293] {bash.py:173} INFO - 2021-05-13 19:39:26 [scrapy.core.engine] DEBUG: Crawled (429) <GET https://www.hltv.org/stats/matches/mapstatsid/12980/winfakt-vs-hastalavista> (referer: https://www.hltv.org/stats/matches?offset=93500)
[2021-05-13 19:39:26,300] {bash.py:173} INFO - 2021-05-13 19:39:26 [scrapy.spidermiddlewares.httperror] INFO: Ignoring response <429 https://www.hltv.org/stats/matches/mapstatsid/12992/fmesports-vs-enigma>: HTTP status code is not handled or not allowed
[2021-05-13 19:39:26,312] {bash.py:173} INFO - 2021-05-13 19:39:26 [scrapy.spidermiddlewares.httperror] INFO: Ignoring response <429 https://www.hltv.org/stats/matches/mapstatsid/13040/gosu-vs-lions>: HTTP status code is not handled or not allowed
[2021-05-13 19:39:26,328] {bash.py:173} INFO - 2021-05-13 19:39:26 [scrapy.spidermiddlewares.httperror] INFO: Ignoring response <429 https://www.hltv.org/stats/matches/mapstatsid/13286/give-it-all-vs-maxfloplay>: HTTP status code is not handled or not allowed
[2021-05-13 19:39:26,345] {bash.py:173} INFO - 2021-05-13 19:39:26 [scrapy.downloadermiddlewares.retry] ERROR: Gave up retrying <GET https://www.hltv.org/stats/matches/mapstatsid/13086/tt-dragons-vs-nfaculty> (failed 3 times): 429 Unknown Status
[2021-05-13 19:39:26,345] {bash.py:173} INFO - 2021-05-13 19:39:26 [scrapy.core.engine] DEBUG: Crawled (429) <GET https://www.hltv.org/stats/matches/mapstatsid/13086/tt-dragons-vs-nfaculty> (referer: https://www.hltv.org/stats/matches?offset=93500)
[2021-05-13 19:39:26,356] {bash.py:173} INFO - 2021-05-13 19:39:26 [scrapy.downloadermiddlewares.retry] ERROR: Gave up retrying <GET https://www.hltv.org/stats/matches/mapstatsid/13285/boomslave-vs-clan-poland> (failed 3 times): 429 Unknown Status
[2021-05-13 19:39:26,356] {bash.py:173} INFO - 2021-05-13 19:39:26 [scrapy.core.engine] DEBUG: Crawled (429) <GET https://www.hltv.org/stats/matches/mapstatsid/13285/boomslave-vs-clan-poland> (referer: https://www.hltv.org/stats/matches?offset=93500)
[2021-05-13 19:39:26,361] {bash.py:173} INFO - 2021-05-13 19:39:26 [scrapy.downloadermiddlewares.retry] ERROR: Gave up retrying <GET https://www.hltv.org/stats/matches/mapstatsid/13041/gosu-vs-lions> (failed 3 times): 429 Unknown Status
[2021-05-13 19:39:26,362] {bash.py:173} INFO - 2021-05-13 19:39:26 [scrapy.core.engine] DEBUG: Crawled (429) <GET https://www.hltv.org/stats/matches/mapstatsid/13041/gosu-vs-lions> (referer: https://www.hltv.org/stats/matches?offset=93500)
[2021-05-13 19:39:26,362] {bash.py:173} INFO - 2021-05-13 19:39:26 [scrapy.spidermiddlewares.httperror] INFO: Ignoring response <429 https://www.hltv.org/stats/matches/mapstatsid/13045/teamcrg-vs-vye>: HTTP status code is not handled or not allowed
[2021-05-13 19:39:26,386] {bash.py:173} INFO - 2021-05-13 19:39:26 [scrapy.downloadermiddlewares.retry] ERROR: Gave up retrying <GET https://www.hltv.org/stats/matches/mapstatsid/13085/gamedde-vs-zuom> (failed 3 times): 429 Unknown Status
[2021-05-13 19:39:26,386] {bash.py:173} INFO - 2021-05-13 19:39:26 [scrapy.core.engine] DEBUG: Crawled (429) <GET https://www.hltv.org/stats/matches/mapstatsid/13085/gamedde-vs-zuom> (referer: https://www.hltv.org/stats/matches?offset=93500)
[2021-05-13 19:39:26,396] {bash.py:173} INFO - 2021-05-13 19:39:26 [scrapy.downloadermiddlewares.retry] ERROR: Gave up retrying <GET https://www.hltv.org/stats/matches/mapstatsid/13052/hastalavista-vs-gosu> (failed 3 times): 429 Unknown Status
[2021-05-13 19:39:26,396] {bash.py:173} INFO - 2021-05-13 19:39:26 [scrapy.core.engine] DEBUG: Crawled (429) <GET https://www.hltv.org/stats/matches/mapstatsid/13052/hastalavista-vs-gosu> (referer: https://www.hltv.org/stats/matches?offset=93500)
[2021-05-13 19:39:26,396] {bash.py:173} INFO - 2021-05-13 19:39:26 [scrapy.spidermiddlewares.httperror] INFO: Ignoring response <429 https://www.hltv.org/stats/matches/mapstatsid/12980/winfakt-vs-hastalavista>: HTTP status code is not handled or not allowed
[2021-05-13 19:39:26,433] {bash.py:173} INFO - 2021-05-13 19:39:26 [scrapy.downloadermiddlewares.retry] ERROR: Gave up retrying <GET https://www.hltv.org/stats/matches/mapstatsid/13042/4kings-vs-aliquo> (failed 3 times): 429 Unknown Status
[2021-05-13 19:39:26,434] {bash.py:173} INFO - 2021-05-13 19:39:26 [scrapy.core.engine] DEBUG: Crawled (429) <GET https://www.hltv.org/stats/matches/mapstatsid/13042/4kings-vs-aliquo> (referer: https://www.hltv.org/stats/matches?offset=93500)
[2021-05-13 19:39:26,445] {bash.py:173} INFO - 2021-05-13 19:39:26 [scrapy.spidermiddlewares.httperror] INFO: Ignoring response <429 https://www.hltv.org/stats/matches/mapstatsid/13086/tt-dragons-vs-nfaculty>: HTTP status code is not handled or not allowed
[2021-05-13 19:39:26,456] {bash.py:173} INFO - 2021-05-13 19:39:26 [scrapy.spidermiddlewares.httperror] INFO: Ignoring response <429 https://www.hltv.org/stats/matches/mapstatsid/13285/boomslave-vs-clan-poland>: HTTP status code is not handled or not allowed
[2021-05-13 19:39:26,464] {bash.py:173} INFO - 2021-05-13 19:39:26 [scrapy.downloadermiddlewares.retry] ERROR: Gave up retrying <GET https://www.hltv.org/stats/matches/mapstatsid/13054/nip-vs-publiclirse> (failed 3 times): 429 Unknown Status
[2021-05-13 19:39:26,465] {bash.py:173} INFO - 2021-05-13 19:39:26 [scrapy.core.engine] DEBUG: Crawled (429) <GET https://www.hltv.org/stats/matches/mapstatsid/13054/nip-vs-publiclirse> (referer: https://www.hltv.org/stats/matches?offset=93500)
[2021-05-13 19:39:26,465] {bash.py:173} INFO - 2021-05-13 19:39:26 [scrapy.spidermiddlewares.httperror] INFO: Ignoring response <429 https://www.hltv.org/stats/matches/mapstatsid/13041/gosu-vs-lions>: HTTP status code is not handled or not allowed
[2021-05-13 19:39:26,486] {bash.py:173} INFO - 2021-05-13 19:39:26 [scrapy.spidermiddlewares.httperror] INFO: Ignoring response <429 https://www.hltv.org/stats/matches/mapstatsid/13085/gamedde-vs-zuom>: HTTP status code is not handled or not allowed
[2021-05-13 19:39:26,497] {bash.py:173} INFO - 2021-05-13 19:39:26 [scrapy.spidermiddlewares.httperror] INFO: Ignoring response <429 https://www.hltv.org/stats/matches/mapstatsid/13052/hastalavista-vs-gosu>: HTTP status code is not handled or not allowed
[2021-05-13 19:39:26,508] {bash.py:173} INFO - 2021-05-13 19:39:26 [scrapy.downloadermiddlewares.retry] ERROR: Gave up retrying <GET https://www.hltv.org/stats/matches/mapstatsid/13057/tt-dragons-vs-red-dead> (failed 3 times): 429 Unknown Status
[2021-05-13 19:39:26,508] {bash.py:173} INFO - 2021-05-13 19:39:26 [scrapy.core.engine] DEBUG: Crawled (429) <GET https://www.hltv.org/stats/matches/mapstatsid/13057/tt-dragons-vs-red-dead> (referer: https://www.hltv.org/stats/matches?offset=93500)
[2021-05-13 19:39:26,520] {bash.py:173} INFO - 2021-05-13 19:39:26 [scrapy.downloadermiddlewares.retry] ERROR: Gave up retrying <GET https://www.hltv.org/stats/matches/mapstatsid/13058/mousesports-vs-cplay> (failed 3 times): 429 Unknown Status
[2021-05-13 19:39:26,520] {bash.py:173} INFO - 2021-05-13 19:39:26 [scrapy.core.engine] DEBUG: Crawled (429) <GET https://www.hltv.org/stats/matches/mapstatsid/13058/mousesports-vs-cplay> (referer: https://www.hltv.org/stats/matches?offset=93500)
[2021-05-13 19:39:26,535] {bash.py:173} INFO - 2021-05-13 19:39:26 [scrapy.spidermiddlewares.httperror] INFO: Ignoring response <429 https://www.hltv.org/stats/matches/mapstatsid/13042/4kings-vs-aliquo>: HTTP status code is not handled or not allowed
[2021-05-13 19:39:26,565] {bash.py:173} INFO - 2021-05-13 19:39:26 [scrapy.spidermiddlewares.httperror] INFO: Ignoring response <429 https://www.hltv.org/stats/matches/mapstatsid/13054/nip-vs-publiclirse>: HTTP status code is not handled or not allowed
[2021-05-13 19:39:26,587] {bash.py:173} INFO - 2021-05-13 19:39:26 [scrapy.downloadermiddlewares.retry] ERROR: Gave up retrying <GET https://www.hltv.org/stats/matches/mapstatsid/13284/alsen-vs-inet-koxxx> (failed 3 times): 429 Unknown Status
[2021-05-13 19:39:26,587] {bash.py:173} INFO - 2021-05-13 19:39:26 [scrapy.core.engine] DEBUG: Crawled (429) <GET https://www.hltv.org/stats/matches/mapstatsid/13284/alsen-vs-inet-koxxx> (referer: https://www.hltv.org/stats/matches?offset=93500)
[2021-05-13 19:39:26,600] {bash.py:173} INFO - 2021-05-13 19:39:26 [scrapy.downloadermiddlewares.retry] ERROR: Gave up retrying <GET https://www.hltv.org/stats/matches/mapstatsid/13090/alternate-attax-vs-mousesports> (failed 3 times): 429 Unknown Status
[2021-05-13 19:39:26,600] {bash.py:173} INFO - 2021-05-13 19:39:26 [scrapy.core.engine] DEBUG: Crawled (429) <GET https://www.hltv.org/stats/matches/mapstatsid/13090/alternate-attax-vs-mousesports> (referer: https://www.hltv.org/stats/matches?offset=93500)
[2021-05-13 19:39:26,609] {bash.py:173} INFO - 2021-05-13 19:39:26 [scrapy.spidermiddlewares.httperror] INFO: Ignoring response <429 https://www.hltv.org/stats/matches/mapstatsid/13057/tt-dragons-vs-red-dead>: HTTP status code is not handled or not allowed
[2021-05-13 19:39:26,614] {bash.py:173} INFO - 2021-05-13 19:39:26 [scrapy.downloadermiddlewares.retry] ERROR: Gave up retrying <GET https://www.hltv.org/stats/matches/mapstatsid/13287/asperagamers-vs-esc> (failed 3 times): 429 Unknown Status
[2021-05-13 19:39:26,614] {bash.py:173} INFO - 2021-05-13 19:39:26 [scrapy.core.engine] DEBUG: Crawled (429) <GET https://www.hltv.org/stats/matches/mapstatsid/13287/asperagamers-vs-esc> (referer: https://www.hltv.org/stats/matches?offset=93500)
[2021-05-13 19:39:26,617] {bash.py:173} INFO - 2021-05-13 19:39:26 [scrapy.downloadermiddlewares.retry] ERROR: Gave up retrying <GET https://www.hltv.org/stats/matches/mapstatsid/13059/gamedde-vs-dotpixels> (failed 3 times): 429 Unknown Status
[2021-05-13 19:39:26,617] {bash.py:173} INFO - 2021-05-13 19:39:26 [scrapy.core.engine] DEBUG: Crawled (429) <GET https://www.hltv.org/stats/matches/mapstatsid/13059/gamedde-vs-dotpixels> (referer: https://www.hltv.org/stats/matches?offset=93500)
[2021-05-13 19:39:26,621] {bash.py:173} INFO - 2021-05-13 19:39:26 [scrapy.spidermiddlewares.httperror] INFO: Ignoring response <429 https://www.hltv.org/stats/matches/mapstatsid/13058/mousesports-vs-cplay>: HTTP status code is not handled or not allowed
[2021-05-13 19:39:26,659] {bash.py:173} INFO - 2021-05-13 19:39:26 [scrapy.downloadermiddlewares.retry] ERROR: Gave up retrying <GET https://www.hltv.org/stats/matches/mapstatsid/13056/dotpixels-vs-iplay> (failed 3 times): 429 Unknown Status
[2021-05-13 19:39:26,660] {bash.py:173} INFO - 2021-05-13 19:39:26 [scrapy.core.engine] DEBUG: Crawled (429) <GET https://www.hltv.org/stats/matches/mapstatsid/13056/dotpixels-vs-iplay> (referer: https://www.hltv.org/stats/matches?offset=93500)
[2021-05-13 19:39:26,688] {bash.py:173} INFO - 2021-05-13 19:39:26 [scrapy.spidermiddlewares.httperror] INFO: Ignoring response <429 https://www.hltv.org/stats/matches/mapstatsid/13284/alsen-vs-inet-koxxx>: HTTP status code is not handled or not allowed
[2021-05-13 19:39:26,701] {bash.py:173} INFO - 2021-05-13 19:39:26 [scrapy.spidermiddlewares.httperror] INFO: Ignoring response <429 https://www.hltv.org/stats/matches/mapstatsid/13090/alternate-attax-vs-mousesports>: HTTP status code is not handled or not allowed
[2021-05-13 19:39:26,715] {bash.py:173} INFO - 2021-05-13 19:39:26 [scrapy.spidermiddlewares.httperror] INFO: Ignoring response <429 https://www.hltv.org/stats/matches/mapstatsid/13287/asperagamers-vs-esc>: HTTP status code is not handled or not allowed
[2021-05-13 19:39:26,718] {bash.py:173} INFO - 2021-05-13 19:39:26 [scrapy.spidermiddlewares.httperror] INFO: Ignoring response <429 https://www.hltv.org/stats/matches/mapstatsid/13059/gamedde-vs-dotpixels>: HTTP status code is not handled or not allowed
[2021-05-13 19:39:26,761] {bash.py:173} INFO - 2021-05-13 19:39:26 [scrapy.spidermiddlewares.httperror] INFO: Ignoring response <429 https://www.hltv.org/stats/matches/mapstatsid/13056/dotpixels-vs-iplay>: HTTP status code is not handled or not allowed
[2021-05-13 19:39:26,787] {bash.py:173} INFO - 2021-05-13 19:39:26 [scrapy.downloadermiddlewares.retry] ERROR: Gave up retrying <GET https://www.hltv.org/stats/matches/mapstatsid/13295/syb-vs-nfaculty> (failed 3 times): 429 Unknown Status
[2021-05-13 19:39:26,787] {bash.py:173} INFO - 2021-05-13 19:39:26 [scrapy.core.engine] DEBUG: Crawled (429) <GET https://www.hltv.org/stats/matches/mapstatsid/13295/syb-vs-nfaculty> (referer: https://www.hltv.org/stats/matches?offset=93500)
[2021-05-13 19:39:26,888] {bash.py:173} INFO - 2021-05-13 19:39:26 [scrapy.spidermiddlewares.httperror] INFO: Ignoring response <429 https://www.hltv.org/stats/matches/mapstatsid/13295/syb-vs-nfaculty>: HTTP status code is not handled or not allowed
[2021-05-13 19:39:27,141] {bash.py:173} INFO - 2021-05-13 19:39:27 [scrapy.downloadermiddlewares.retry] ERROR: Gave up retrying <GET https://www.hltv.org/stats/matches/mapstatsid/13055/nip-vs-publiclirse> (failed 3 times): 429 Unknown Status
[2021-05-13 19:39:27,141] {bash.py:173} INFO - 2021-05-13 19:39:27 [scrapy.core.engine] DEBUG: Crawled (429) <GET https://www.hltv.org/stats/matches/mapstatsid/13055/nip-vs-publiclirse> (referer: https://www.hltv.org/stats/matches?offset=93500)
[2021-05-13 19:39:27,242] {bash.py:173} INFO - 2021-05-13 19:39:27 [scrapy.spidermiddlewares.httperror] INFO: Ignoring response <429 https://www.hltv.org/stats/matches/mapstatsid/13055/nip-vs-publiclirse>: HTTP status code is not handled or not allowed
[2021-05-13 19:39:27,269] {bash.py:173} INFO - 2021-05-13 19:39:27 [scrapy.downloadermiddlewares.retry] ERROR: Gave up retrying <GET https://www.hltv.org/stats/matches/mapstatsid/12985/tt-dragons-vs-logix> (failed 3 times): 429 Unknown Status
[2021-05-13 19:39:27,270] {bash.py:173} INFO - 2021-05-13 19:39:27 [scrapy.core.engine] DEBUG: Crawled (429) <GET https://www.hltv.org/stats/matches/mapstatsid/12985/tt-dragons-vs-logix> (referer: https://www.hltv.org/stats/matches?offset=93500)
[2021-05-13 19:39:27,371] {bash.py:173} INFO - 2021-05-13 19:39:27 [scrapy.spidermiddlewares.httperror] INFO: Ignoring response <429 https://www.hltv.org/stats/matches/mapstatsid/12985/tt-dragons-vs-logix>: HTTP status code is not handled or not allowed
[2021-05-13 19:39:27,373] {bash.py:173} INFO - 2021-05-13 19:39:27 [scrapy.core.engine] INFO: Closing spider (finished)
[2021-05-13 19:39:27,374] {bash.py:173} INFO - 2021-05-13 19:39:27 [scrapy.extensions.feedexport] INFO: Stored json feed (5 items) in: teste.json
[2021-05-13 19:39:27,375] {bash.py:173} INFO - 2021-05-13 19:39:27 [scrapy.statscollectors] INFO: Dumping Scrapy stats:
[2021-05-13 19:39:27,375] {bash.py:173} INFO - {'downloader/request_bytes': 45895,
[2021-05-13 19:39:27,375] {bash.py:173} INFO -  'downloader/request_count': 144,
[2021-05-13 19:39:27,376] {bash.py:173} INFO -  'downloader/request_method_count/GET': 144,
[2021-05-13 19:39:27,376] {bash.py:173} INFO -  'downloader/response_bytes': 648518,
[2021-05-13 19:39:27,376] {bash.py:173} INFO -  'downloader/response_count': 144,
[2021-05-13 19:39:27,377] {bash.py:173} INFO -  'downloader/response_status_count/200': 6,
[2021-05-13 19:39:27,377] {bash.py:173} INFO -  'downloader/response_status_count/429': 138,
[2021-05-13 19:39:27,377] {bash.py:173} INFO -  'elapsed_time_seconds': 54.83983,
[2021-05-13 19:39:27,378] {bash.py:173} INFO -  'feedexport/success_count/FileFeedStorage': 1,
[2021-05-13 19:39:27,378] {bash.py:173} INFO -  'finish_reason': 'finished',
[2021-05-13 19:39:27,378] {bash.py:173} INFO -  'finish_time': datetime.datetime(2021, 5, 13, 19, 39, 27, 373234),
[2021-05-13 19:39:27,378] {bash.py:173} INFO -  'httpcompression/response_bytes': 776574,
[2021-05-13 19:39:27,379] {bash.py:173} INFO -  'httpcompression/response_count': 6,
[2021-05-13 19:39:27,379] {bash.py:173} INFO -  'httperror/response_ignored_count': 46,
[2021-05-13 19:39:27,379] {bash.py:173} INFO -  'httperror/response_ignored_status_count/429': 46,
[2021-05-13 19:39:27,380] {bash.py:173} INFO -  'item_scraped_count': 5,
[2021-05-13 19:39:27,380] {bash.py:173} INFO -  'log_count/DEBUG': 156,
[2021-05-13 19:39:27,380] {bash.py:173} INFO -  'log_count/ERROR': 46,
[2021-05-13 19:39:27,381] {bash.py:173} INFO -  'log_count/INFO': 57,
[2021-05-13 19:39:27,381] {bash.py:173} INFO -  'memusage/max': 116912128,
[2021-05-13 19:39:27,381] {bash.py:173} INFO -  'memusage/startup': 116912128,
[2021-05-13 19:39:27,382] {bash.py:173} INFO -  'request_depth_max': 1,
[2021-05-13 19:39:27,382] {bash.py:173} INFO -  'response_received_count': 52,
[2021-05-13 19:39:27,382] {bash.py:173} INFO -  'retry/count': 92,
[2021-05-13 19:39:27,382] {bash.py:173} INFO -  'retry/max_reached': 46,
[2021-05-13 19:39:27,382] {bash.py:173} INFO -  'retry/reason_count/429 Unknown Status': 92,
[2021-05-13 19:39:27,383] {bash.py:173} INFO -  'scheduler/dequeued': 144,
[2021-05-13 19:39:27,383] {bash.py:173} INFO -  'scheduler/dequeued/memory': 144,
[2021-05-13 19:39:27,383] {bash.py:173} INFO -  'scheduler/enqueued': 144,
[2021-05-13 19:39:27,383] {bash.py:173} INFO -  'scheduler/enqueued/memory': 144,
[2021-05-13 19:39:27,383] {bash.py:173} INFO -  'start_time': datetime.datetime(2021, 5, 13, 19, 38, 32, 533404)}
[2021-05-13 19:39:27,384] {bash.py:173} INFO - 2021-05-13 19:39:27 [scrapy.core.engine] INFO: Spider closed (finished)
[2021-05-13 19:39:27,461] {bash.py:177} INFO - Command exited with return code 0
[2021-05-13 19:39:27,526] {taskinstance.py:1192} INFO - Marking task as SUCCESS. dag_id=CS_GO_Pipeline, task_id=Matches_Crawler, execution_date=20210513T193830, start_date=20210513T193831, end_date=20210513T193927
[2021-05-13 19:39:27,550] {taskinstance.py:1246} INFO - 0 downstream tasks scheduled from follow-on schedule check
[2021-05-13 19:39:27,569] {local_task_job.py:146} INFO - Task exited with return code 0
