[2021-05-13 16:48:11,329] {taskinstance.py:877} INFO - Dependencies all met for <TaskInstance: CS_GO_Pipeline.Matches_Crawler 2021-05-13T16:48:09.458813+00:00 [queued]>
[2021-05-13 16:48:11,344] {taskinstance.py:877} INFO - Dependencies all met for <TaskInstance: CS_GO_Pipeline.Matches_Crawler 2021-05-13T16:48:09.458813+00:00 [queued]>
[2021-05-13 16:48:11,345] {taskinstance.py:1068} INFO - 
--------------------------------------------------------------------------------
[2021-05-13 16:48:11,345] {taskinstance.py:1069} INFO - Starting attempt 1 of 4
[2021-05-13 16:48:11,346] {taskinstance.py:1070} INFO - 
--------------------------------------------------------------------------------
[2021-05-13 16:48:11,355] {taskinstance.py:1089} INFO - Executing <Task(BashOperator): Matches_Crawler> on 2021-05-13T16:48:09.458813+00:00
[2021-05-13 16:48:11,358] {standard_task_runner.py:52} INFO - Started process 63 to run task
[2021-05-13 16:48:11,362] {standard_task_runner.py:76} INFO - Running: ['airflow', 'tasks', 'run', 'CS_GO_Pipeline', 'Matches_Crawler', '2021-05-13T16:48:09.458813+00:00', '--job-id', '31', '--pool', 'default_pool', '--raw', '--subdir', 'DAGS_FOLDER/csgo_pipeline.py', '--cfg-path', '/tmp/tmpkowit2r0', '--error-file', '/tmp/tmpenw7uey_']
[2021-05-13 16:48:11,362] {standard_task_runner.py:77} INFO - Job 31: Subtask Matches_Crawler
[2021-05-13 16:48:11,399] {logging_mixin.py:104} INFO - Running <TaskInstance: CS_GO_Pipeline.Matches_Crawler 2021-05-13T16:48:09.458813+00:00 [running]> on host e79e7b153944
[2021-05-13 16:48:11,432] {taskinstance.py:1283} INFO - Exporting the following env vars:
AIRFLOW_CTX_DAG_OWNER=Filipe
AIRFLOW_CTX_DAG_ID=CS_GO_Pipeline
AIRFLOW_CTX_TASK_ID=Matches_Crawler
AIRFLOW_CTX_EXECUTION_DATE=2021-05-13T16:48:09.458813+00:00
AIRFLOW_CTX_DAG_RUN_ID=manual__2021-05-13T16:48:09.458813+00:00
[2021-05-13 16:48:11,432] {bash.py:135} INFO - Tmp dir root location: 
 /tmp
[2021-05-13 16:48:11,433] {bash.py:158} INFO - Running command: pip install scrapy
[2021-05-13 16:48:11,439] {bash.py:169} INFO - Output:
[2021-05-13 16:48:11,899] {bash.py:173} INFO - WARNING: The directory '/home/airflow/.cache/pip' or its parent directory is not owned or is not writable by the current user. The cache has been disabled. Check the permissions and owner of that directory. If executing pip with sudo, you may want sudo's -H flag.
[2021-05-13 16:48:12,307] {bash.py:173} INFO - Collecting scrapy
[2021-05-13 16:48:12,726] {bash.py:173} INFO -   Downloading Scrapy-2.5.0-py2.py3-none-any.whl (254 kB)
[2021-05-13 16:48:12,957] {bash.py:173} INFO - Collecting cssselect>=0.9.1
[2021-05-13 16:48:12,985] {bash.py:173} INFO -   Downloading cssselect-1.1.0-py2.py3-none-any.whl (16 kB)
[2021-05-13 16:48:13,293] {bash.py:173} INFO - Collecting Twisted[http2]>=17.9.0
[2021-05-13 16:48:13,325] {bash.py:173} INFO -   Downloading Twisted-21.2.0-py3-none-any.whl (3.1 MB)
[2021-05-13 16:48:13,865] {bash.py:173} INFO - Collecting parsel>=1.5.0
[2021-05-13 16:48:13,891] {bash.py:173} INFO -   Downloading parsel-1.6.0-py2.py3-none-any.whl (13 kB)
[2021-05-13 16:48:14,025] {bash.py:173} INFO - Collecting w3lib>=1.17.0
[2021-05-13 16:48:14,052] {bash.py:173} INFO -   Downloading w3lib-1.22.0-py2.py3-none-any.whl (20 kB)
[2021-05-13 16:48:14,098] {bash.py:173} INFO - Requirement already satisfied: zope.interface>=4.1.3 in /home/airflow/.local/lib/python3.6/site-packages (from scrapy) (5.3.0)
[2021-05-13 16:48:14,110] {bash.py:173} INFO - Requirement already satisfied: pyOpenSSL>=16.2.0 in /home/airflow/.local/lib/python3.6/site-packages (from scrapy) (19.1.0)
[2021-05-13 16:48:14,310] {bash.py:173} INFO - Collecting PyDispatcher>=2.0.5; platform_python_implementation == "CPython"
[2021-05-13 16:48:14,339] {bash.py:173} INFO -   Downloading PyDispatcher-2.0.5.tar.gz (34 kB)
[2021-05-13 16:48:14,949] {bash.py:173} INFO - Requirement already satisfied: cryptography>=2.0 in /home/airflow/.local/lib/python3.6/site-packages (from scrapy) (3.4.7)
[2021-05-13 16:48:15,067] {bash.py:173} INFO - Collecting service-identity>=16.0.0
[2021-05-13 16:48:15,094] {bash.py:173} INFO -   Downloading service_identity-21.1.0-py2.py3-none-any.whl (12 kB)
[2021-05-13 16:48:15,349] {bash.py:173} INFO - Collecting itemadapter>=0.1.0
[2021-05-13 16:48:15,376] {bash.py:173} INFO -   Downloading itemadapter-0.2.0-py3-none-any.whl (9.3 kB)
[2021-05-13 16:48:15,616] {bash.py:173} INFO - Collecting protego>=0.1.15
[2021-05-13 16:48:15,703] {bash.py:173} INFO -   Downloading Protego-0.1.16.tar.gz (3.2 MB)
[2021-05-13 16:48:17,959] {bash.py:173} INFO - Collecting queuelib>=1.4.2
[2021-05-13 16:48:17,987] {bash.py:173} INFO -   Downloading queuelib-1.6.1-py2.py3-none-any.whl (12 kB)
[2021-05-13 16:48:18,223] {bash.py:173} INFO - Collecting itemloaders>=1.0.1
[2021-05-13 16:48:18,250] {bash.py:173} INFO -   Downloading itemloaders-1.0.4-py3-none-any.whl (11 kB)
[2021-05-13 16:48:18,512] {bash.py:173} INFO - Collecting h2<4.0,>=3.0
[2021-05-13 16:48:18,538] {bash.py:173} INFO -   Downloading h2-3.2.0-py2.py3-none-any.whl (65 kB)
[2021-05-13 16:48:19,104] {bash.py:173} INFO - Collecting lxml>=3.5.0; platform_python_implementation == "CPython"
[2021-05-13 16:48:19,135] {bash.py:173} INFO -   Downloading lxml-4.6.3-cp36-cp36m-manylinux2014_x86_64.whl (6.3 MB)
[2021-05-13 16:48:19,630] {bash.py:173} INFO - Collecting hyperlink>=17.1.1
[2021-05-13 16:48:19,656] {bash.py:173} INFO -   Downloading hyperlink-21.0.0-py2.py3-none-any.whl (74 kB)
[2021-05-13 16:48:19,782] {bash.py:173} INFO - Collecting Automat>=0.8.0
[2021-05-13 16:48:19,810] {bash.py:173} INFO -   Downloading Automat-20.2.0-py2.py3-none-any.whl (31 kB)
[2021-05-13 16:48:19,865] {bash.py:173} INFO - Requirement already satisfied: attrs>=19.2.0 in /home/airflow/.local/lib/python3.6/site-packages (from Twisted[http2]>=17.9.0->scrapy) (20.3.0)
[2021-05-13 16:48:20,087] {bash.py:173} INFO - Collecting incremental>=16.10.1
[2021-05-13 16:48:20,114] {bash.py:173} INFO -   Downloading incremental-21.3.0-py2.py3-none-any.whl (15 kB)
[2021-05-13 16:48:20,346] {bash.py:173} INFO - Collecting constantly>=15.1
[2021-05-13 16:48:20,384] {bash.py:173} INFO -   Downloading constantly-15.1.0-py2.py3-none-any.whl (7.9 kB)
[2021-05-13 16:48:20,619] {bash.py:173} INFO - Collecting priority<2.0,>=1.1.0; extra == "http2"
[2021-05-13 16:48:20,647] {bash.py:173} INFO -   Downloading priority-1.3.0-py2.py3-none-any.whl (11 kB)
[2021-05-13 16:48:20,691] {bash.py:173} INFO - Requirement already satisfied: six>=1.6.0 in /home/airflow/.local/lib/python3.6/site-packages (from parsel>=1.5.0->scrapy) (1.15.0)
[2021-05-13 16:48:20,694] {bash.py:173} INFO - Requirement already satisfied: setuptools in /usr/local/lib/python3.6/site-packages (from zope.interface>=4.1.3->scrapy) (54.2.0)
[2021-05-13 16:48:20,722] {bash.py:173} INFO - Requirement already satisfied: cffi>=1.12 in /home/airflow/.local/lib/python3.6/site-packages (from cryptography>=2.0->scrapy) (1.14.5)
[2021-05-13 16:48:20,725] {bash.py:173} INFO - Requirement already satisfied: pyasn1-modules in /home/airflow/.local/lib/python3.6/site-packages (from service-identity>=16.0.0->scrapy) (0.2.8)
[2021-05-13 16:48:20,728] {bash.py:173} INFO - Requirement already satisfied: pyasn1 in /home/airflow/.local/lib/python3.6/site-packages (from service-identity>=16.0.0->scrapy) (0.4.8)
[2021-05-13 16:48:20,730] {bash.py:173} INFO - Requirement already satisfied: jmespath>=0.9.5 in /home/airflow/.local/lib/python3.6/site-packages (from itemloaders>=1.0.1->scrapy) (0.10.0)
[2021-05-13 16:48:20,924] {bash.py:173} INFO - Collecting hpack<4,>=3.0
[2021-05-13 16:48:20,951] {bash.py:173} INFO -   Downloading hpack-3.0.0-py2.py3-none-any.whl (38 kB)
[2021-05-13 16:48:21,207] {bash.py:173} INFO - Collecting hyperframe<6,>=5.2.0
[2021-05-13 16:48:21,233] {bash.py:173} INFO -   Downloading hyperframe-5.2.0-py2.py3-none-any.whl (12 kB)
[2021-05-13 16:48:21,278] {bash.py:173} INFO - Requirement already satisfied: idna>=2.5 in /home/airflow/.local/lib/python3.6/site-packages (from hyperlink>=17.1.1->Twisted[http2]>=17.9.0->scrapy) (2.10)
[2021-05-13 16:48:21,280] {bash.py:173} INFO - Requirement already satisfied: pycparser in /home/airflow/.local/lib/python3.6/site-packages (from cffi>=1.12->cryptography>=2.0->scrapy) (2.20)
[2021-05-13 16:48:21,282] {bash.py:173} INFO - Building wheels for collected packages: PyDispatcher, protego
[2021-05-13 16:48:21,282] {bash.py:173} INFO -   Building wheel for PyDispatcher (setup.py): started
[2021-05-13 16:48:21,824] {bash.py:173} INFO -   Building wheel for PyDispatcher (setup.py): finished with status 'done'
[2021-05-13 16:48:21,825] {bash.py:173} INFO -   Created wheel for PyDispatcher: filename=PyDispatcher-2.0.5-py3-none-any.whl size=11515 sha256=7bdfaf85a0e0417f3a8ac3caae5c33c04e34914e0354bec881f3f93265d097bf
[2021-05-13 16:48:21,825] {bash.py:173} INFO -   Stored in directory: /tmp/pip-ephem-wheel-cache-k12x7k7t/wheels/28/db/61/691c759da06ba9b86da079bdd17cb3e01828d49d5c152cb3af
[2021-05-13 16:48:21,826] {bash.py:173} INFO -   Building wheel for protego (setup.py): started
[2021-05-13 16:48:22,674] {bash.py:173} INFO -   Building wheel for protego (setup.py): finished with status 'done'
[2021-05-13 16:48:22,675] {bash.py:173} INFO -   Created wheel for protego: filename=Protego-0.1.16-py3-none-any.whl size=7764 sha256=bb685a483bb6d045d8e72dcc23c7d4252cd86bda7fc23ad31486c02534489d91
[2021-05-13 16:48:22,675] {bash.py:173} INFO -   Stored in directory: /tmp/pip-ephem-wheel-cache-k12x7k7t/wheels/b2/74/25/517a0ec6186297704db56664268e72686f5cfa8ab398582f33
[2021-05-13 16:48:22,675] {bash.py:173} INFO - Successfully built PyDispatcher protego
[2021-05-13 16:48:27,109] {bash.py:173} INFO - Installing collected packages: cssselect, hyperlink, Automat, incremental, constantly, hpack, hyperframe, h2, priority, Twisted, w3lib, lxml, parsel, PyDispatcher, service-identity, itemadapter, protego, queuelib, itemloaders, scrapy
[2021-05-13 16:48:30,149] {bash.py:173} INFO - Successfully installed Automat-20.2.0 PyDispatcher-2.0.5 Twisted-21.2.0 constantly-15.1.0 cssselect-1.1.0 h2-3.2.0 hpack-3.0.0 hyperframe-5.2.0 hyperlink-21.0.0 incremental-21.3.0 itemadapter-0.2.0 itemloaders-1.0.4 lxml-4.6.3 parsel-1.6.0 priority-1.3.0 protego-0.1.16 queuelib-1.6.1 scrapy-2.5.0 service-identity-21.1.0 w3lib-1.22.0
[2021-05-13 16:48:30,396] {bash.py:173} INFO - WARNING: You are using pip version 20.2.4; however, version 21.1.1 is available.
[2021-05-13 16:48:30,396] {bash.py:173} INFO - You should consider upgrading via the '/usr/local/bin/python -m pip install --upgrade pip' command.
[2021-05-13 16:48:30,620] {bash.py:177} INFO - Command exited with return code 0
[2021-05-13 16:48:30,707] {taskinstance.py:1192} INFO - Marking task as SUCCESS. dag_id=CS_GO_Pipeline, task_id=Matches_Crawler, execution_date=20210513T164809, start_date=20210513T164811, end_date=20210513T164830
[2021-05-13 16:48:30,732] {taskinstance.py:1246} INFO - 0 downstream tasks scheduled from follow-on schedule check
[2021-05-13 16:48:30,763] {local_task_job.py:146} INFO - Task exited with return code 0
