[2021-05-13 16:41:33,402] {taskinstance.py:877} INFO - Dependencies all met for <TaskInstance: CS_GO_Pipeline.Matches_Crawler 2021-05-13T16:41:31.415434+00:00 [queued]>
[2021-05-13 16:41:33,433] {taskinstance.py:877} INFO - Dependencies all met for <TaskInstance: CS_GO_Pipeline.Matches_Crawler 2021-05-13T16:41:31.415434+00:00 [queued]>
[2021-05-13 16:41:33,433] {taskinstance.py:1068} INFO - 
--------------------------------------------------------------------------------
[2021-05-13 16:41:33,433] {taskinstance.py:1069} INFO - Starting attempt 1 of 4
[2021-05-13 16:41:33,434] {taskinstance.py:1070} INFO - 
--------------------------------------------------------------------------------
[2021-05-13 16:41:33,453] {taskinstance.py:1089} INFO - Executing <Task(BashOperator): Matches_Crawler> on 2021-05-13T16:41:31.415434+00:00
[2021-05-13 16:41:33,456] {standard_task_runner.py:52} INFO - Started process 48 to run task
[2021-05-13 16:41:33,460] {standard_task_runner.py:76} INFO - Running: ['airflow', 'tasks', 'run', 'CS_GO_Pipeline', 'Matches_Crawler', '2021-05-13T16:41:31.415434+00:00', '--job-id', '26', '--pool', 'default_pool', '--raw', '--subdir', 'DAGS_FOLDER/csgo_pipeline.py', '--cfg-path', '/tmp/tmpg8rom5aq', '--error-file', '/tmp/tmpb9eua1jl']
[2021-05-13 16:41:33,460] {standard_task_runner.py:77} INFO - Job 26: Subtask Matches_Crawler
[2021-05-13 16:41:33,529] {logging_mixin.py:104} INFO - Running <TaskInstance: CS_GO_Pipeline.Matches_Crawler 2021-05-13T16:41:31.415434+00:00 [running]> on host e79e7b153944
[2021-05-13 16:41:33,653] {taskinstance.py:1283} INFO - Exporting the following env vars:
AIRFLOW_CTX_DAG_OWNER=Filipe
AIRFLOW_CTX_DAG_ID=CS_GO_Pipeline
AIRFLOW_CTX_TASK_ID=Matches_Crawler
AIRFLOW_CTX_EXECUTION_DATE=2021-05-13T16:41:31.415434+00:00
AIRFLOW_CTX_DAG_RUN_ID=manual__2021-05-13T16:41:31.415434+00:00
[2021-05-13 16:41:33,654] {bash.py:135} INFO - Tmp dir root location: 
 /tmp
[2021-05-13 16:41:33,655] {bash.py:158} INFO - Running command: cd /opt/airflow/scrapers && ls
[2021-05-13 16:41:33,662] {bash.py:169} INFO - Output:
[2021-05-13 16:41:33,666] {bash.py:173} INFO - __pycache__
[2021-05-13 16:41:33,667] {bash.py:177} INFO - Command exited with return code 0
[2021-05-13 16:41:33,731] {taskinstance.py:1192} INFO - Marking task as SUCCESS. dag_id=CS_GO_Pipeline, task_id=Matches_Crawler, execution_date=20210513T164131, start_date=20210513T164133, end_date=20210513T164133
[2021-05-13 16:41:33,783] {taskinstance.py:1246} INFO - 0 downstream tasks scheduled from follow-on schedule check
[2021-05-13 16:41:33,797] {local_task_job.py:146} INFO - Task exited with return code 0
