[2021-05-13 14:57:42,146] {taskinstance.py:877} INFO - Dependencies all met for <TaskInstance: CS_GO_Pipeline.Matches_Crawler 2021-05-13T14:57:41.003393+00:00 [queued]>
[2021-05-13 14:57:42,161] {taskinstance.py:877} INFO - Dependencies all met for <TaskInstance: CS_GO_Pipeline.Matches_Crawler 2021-05-13T14:57:41.003393+00:00 [queued]>
[2021-05-13 14:57:42,161] {taskinstance.py:1068} INFO - 
--------------------------------------------------------------------------------
[2021-05-13 14:57:42,161] {taskinstance.py:1069} INFO - Starting attempt 1 of 4
[2021-05-13 14:57:42,162] {taskinstance.py:1070} INFO - 
--------------------------------------------------------------------------------
[2021-05-13 14:57:42,172] {taskinstance.py:1089} INFO - Executing <Task(BashOperator): Matches_Crawler> on 2021-05-13T14:57:41.003393+00:00
[2021-05-13 14:57:42,175] {standard_task_runner.py:52} INFO - Started process 92 to run task
[2021-05-13 14:57:42,180] {standard_task_runner.py:76} INFO - Running: ['airflow', 'tasks', 'run', 'CS_GO_Pipeline', 'Matches_Crawler', '2021-05-13T14:57:41.003393+00:00', '--job-id', '10', '--pool', 'default_pool', '--raw', '--subdir', 'DAGS_FOLDER/csgo_pipeline.py', '--cfg-path', '/tmp/tmpu88vhryi', '--error-file', '/tmp/tmp0iko39on']
[2021-05-13 14:57:42,180] {standard_task_runner.py:77} INFO - Job 10: Subtask Matches_Crawler
[2021-05-13 14:57:42,219] {logging_mixin.py:104} INFO - Running <TaskInstance: CS_GO_Pipeline.Matches_Crawler 2021-05-13T14:57:41.003393+00:00 [running]> on host 834203160f1c
[2021-05-13 14:57:42,257] {taskinstance.py:1283} INFO - Exporting the following env vars:
AIRFLOW_CTX_DAG_OWNER=Filipe
AIRFLOW_CTX_DAG_ID=CS_GO_Pipeline
AIRFLOW_CTX_TASK_ID=Matches_Crawler
AIRFLOW_CTX_EXECUTION_DATE=2021-05-13T14:57:41.003393+00:00
AIRFLOW_CTX_DAG_RUN_ID=manual__2021-05-13T14:57:41.003393+00:00
[2021-05-13 14:57:42,258] {bash.py:135} INFO - Tmp dir root location: 
 /tmp
[2021-05-13 14:57:42,259] {bash.py:158} INFO - Running command: cd /opt/airflow/logs/CS_GO_Pipeline && ls
[2021-05-13 14:57:42,266] {bash.py:169} INFO - Output:
[2021-05-13 14:57:42,270] {bash.py:173} INFO - Matches_Crawler
[2021-05-13 14:57:42,270] {bash.py:177} INFO - Command exited with return code 0
[2021-05-13 14:57:42,300] {taskinstance.py:1192} INFO - Marking task as SUCCESS. dag_id=CS_GO_Pipeline, task_id=Matches_Crawler, execution_date=20210513T145741, start_date=20210513T145742, end_date=20210513T145742
[2021-05-13 14:57:42,326] {taskinstance.py:1246} INFO - 0 downstream tasks scheduled from follow-on schedule check
[2021-05-13 14:57:42,352] {local_task_job.py:146} INFO - Task exited with return code 0
