[2021-05-14 01:09:30,467] {taskinstance.py:877} INFO - Dependencies all met for <TaskInstance: CS_GO_Pipeline.Matches_Results_Scraping 2021-05-14T01:09:27.910473+00:00 [queued]>
[2021-05-14 01:09:30,487] {taskinstance.py:877} INFO - Dependencies all met for <TaskInstance: CS_GO_Pipeline.Matches_Results_Scraping 2021-05-14T01:09:27.910473+00:00 [queued]>
[2021-05-14 01:09:30,487] {taskinstance.py:1068} INFO - 
--------------------------------------------------------------------------------
[2021-05-14 01:09:30,487] {taskinstance.py:1069} INFO - Starting attempt 1 of 4
[2021-05-14 01:09:30,488] {taskinstance.py:1070} INFO - 
--------------------------------------------------------------------------------
[2021-05-14 01:09:30,498] {taskinstance.py:1089} INFO - Executing <Task(BashOperator): Matches_Results_Scraping> on 2021-05-14T01:09:27.910473+00:00
[2021-05-14 01:09:30,501] {standard_task_runner.py:52} INFO - Started process 98 to run task
[2021-05-14 01:09:30,504] {standard_task_runner.py:76} INFO - Running: ['airflow', 'tasks', 'run', 'CS_GO_Pipeline', 'Matches_Results_Scraping', '2021-05-14T01:09:27.910473+00:00', '--job-id', '46', '--pool', 'default_pool', '--raw', '--subdir', 'DAGS_FOLDER/csgo_pipeline.py', '--cfg-path', '/tmp/tmp8ouo7f3c', '--error-file', '/tmp/tmptsqtf6qc']
[2021-05-14 01:09:30,505] {standard_task_runner.py:77} INFO - Job 46: Subtask Matches_Results_Scraping
[2021-05-14 01:09:30,547] {logging_mixin.py:104} INFO - Running <TaskInstance: CS_GO_Pipeline.Matches_Results_Scraping 2021-05-14T01:09:27.910473+00:00 [running]> on host b7f6ee627e07
[2021-05-14 01:09:30,585] {taskinstance.py:1283} INFO - Exporting the following env vars:
AIRFLOW_CTX_DAG_OWNER=Filipe
AIRFLOW_CTX_DAG_ID=CS_GO_Pipeline
AIRFLOW_CTX_TASK_ID=Matches_Results_Scraping
AIRFLOW_CTX_EXECUTION_DATE=2021-05-14T01:09:27.910473+00:00
AIRFLOW_CTX_DAG_RUN_ID=manual__2021-05-14T01:09:27.910473+00:00
[2021-05-14 01:09:30,586] {bash.py:135} INFO - Tmp dir root location: 
 /tmp
[2021-05-14 01:09:30,587] {bash.py:158} INFO - Running command: cd /opt/airflow/scrapers && scrapy runspider match_results.py -o match_results.json
[2021-05-14 01:09:30,594] {bash.py:169} INFO - Output:
[2021-05-14 01:09:31,459] {bash.py:173} INFO - 2021-05-14 01:09:31 [scrapy.utils.log] INFO: Scrapy 2.5.0 started (bot: scrapybot)
[2021-05-14 01:09:31,464] {bash.py:173} INFO - 2021-05-14 01:09:31 [scrapy.utils.log] INFO: Versions: lxml 4.6.3.0, libxml2 2.9.10, cssselect 1.1.0, parsel 1.6.0, w3lib 1.22.0, Twisted 21.2.0, Python 3.6.13 (default, Mar 27 2021, 03:29:33) - [GCC 8.3.0], pyOpenSSL 19.1.0 (OpenSSL 1.1.1k  25 Mar 2021), cryptography 3.4.7, Platform Linux-5.4.72-microsoft-standard-WSL2-x86_64-with-debian-10.8
[2021-05-14 01:09:31,464] {bash.py:173} INFO - 2021-05-14 01:09:31 [scrapy.utils.log] DEBUG: Using reactor: twisted.internet.epollreactor.EPollReactor
[2021-05-14 01:09:31,485] {bash.py:173} INFO - 2021-05-14 01:09:31 [scrapy.crawler] INFO: Overridden settings:
[2021-05-14 01:09:31,486] {bash.py:173} INFO - {'SPIDER_LOADER_WARN_ONLY': True}
[2021-05-14 01:09:31,498] {bash.py:173} INFO - 2021-05-14 01:09:31 [scrapy.extensions.telnet] INFO: Telnet Password: d592bbaf1e874a28
[2021-05-14 01:09:31,535] {bash.py:173} INFO - 2021-05-14 01:09:31 [scrapy.middleware] INFO: Enabled extensions:
[2021-05-14 01:09:31,536] {bash.py:173} INFO - ['scrapy.extensions.corestats.CoreStats',
[2021-05-14 01:09:31,536] {bash.py:173} INFO -  'scrapy.extensions.telnet.TelnetConsole',
[2021-05-14 01:09:31,537] {bash.py:173} INFO -  'scrapy.extensions.memusage.MemoryUsage',
[2021-05-14 01:09:31,537] {bash.py:173} INFO -  'scrapy.extensions.feedexport.FeedExporter',
[2021-05-14 01:09:31,537] {bash.py:173} INFO -  'scrapy.extensions.logstats.LogStats']
[2021-05-14 01:09:31,584] {bash.py:173} INFO - 2021-05-14 01:09:31 [scrapy.middleware] INFO: Enabled downloader middlewares:
[2021-05-14 01:09:31,585] {bash.py:173} INFO - ['scrapy.downloadermiddlewares.httpauth.HttpAuthMiddleware',
[2021-05-14 01:09:31,588] {bash.py:173} INFO -  'scrapy.downloadermiddlewares.downloadtimeout.DownloadTimeoutMiddleware',
[2021-05-14 01:09:31,590] {bash.py:173} INFO -  'scrapy.downloadermiddlewares.defaultheaders.DefaultHeadersMiddleware',
[2021-05-14 01:09:31,590] {bash.py:173} INFO -  'scrapy.downloadermiddlewares.useragent.UserAgentMiddleware',
[2021-05-14 01:09:31,591] {bash.py:173} INFO -  'scrapy.downloadermiddlewares.retry.RetryMiddleware',
[2021-05-14 01:09:31,591] {bash.py:173} INFO -  'scrapy.downloadermiddlewares.redirect.MetaRefreshMiddleware',
[2021-05-14 01:09:31,592] {bash.py:173} INFO -  'scrapy.downloadermiddlewares.httpcompression.HttpCompressionMiddleware',
[2021-05-14 01:09:31,593] {bash.py:173} INFO -  'scrapy.downloadermiddlewares.redirect.RedirectMiddleware',
[2021-05-14 01:09:31,599] {bash.py:173} INFO -  'scrapy.downloadermiddlewares.cookies.CookiesMiddleware',
[2021-05-14 01:09:31,600] {bash.py:173} INFO -  'scrapy.downloadermiddlewares.httpproxy.HttpProxyMiddleware',
[2021-05-14 01:09:31,601] {bash.py:173} INFO -  'scrapy.downloadermiddlewares.stats.DownloaderStats']
[2021-05-14 01:09:31,605] {bash.py:173} INFO - 2021-05-14 01:09:31 [scrapy.middleware] INFO: Enabled spider middlewares:
[2021-05-14 01:09:31,605] {bash.py:173} INFO - ['scrapy.spidermiddlewares.httperror.HttpErrorMiddleware',
[2021-05-14 01:09:31,607] {bash.py:173} INFO -  'scrapy.spidermiddlewares.offsite.OffsiteMiddleware',
[2021-05-14 01:09:31,622] {bash.py:173} INFO -  'scrapy.spidermiddlewares.referer.RefererMiddleware',
[2021-05-14 01:09:31,624] {bash.py:173} INFO -  'scrapy.spidermiddlewares.urllength.UrlLengthMiddleware',
[2021-05-14 01:09:31,624] {bash.py:173} INFO -  'scrapy.spidermiddlewares.depth.DepthMiddleware']
[2021-05-14 01:09:31,625] {bash.py:173} INFO - 2021-05-14 01:09:31 [scrapy.middleware] INFO: Enabled item pipelines:
[2021-05-14 01:09:31,625] {bash.py:173} INFO - []
[2021-05-14 01:09:31,626] {bash.py:173} INFO - 2021-05-14 01:09:31 [scrapy.core.engine] INFO: Spider opened
[2021-05-14 01:09:31,626] {bash.py:173} INFO - 2021-05-14 01:09:31 [scrapy.extensions.logstats] INFO: Crawled 0 pages (at 0 pages/min), scraped 0 items (at 0 items/min)
[2021-05-14 01:09:31,626] {bash.py:173} INFO - 2021-05-14 01:09:31 [scrapy.extensions.telnet] INFO: Telnet console listening on 127.0.0.1:6023
[2021-05-14 01:09:32,328] {bash.py:173} INFO - 2021-05-14 01:09:32 [scrapy.core.engine] DEBUG: Crawled (200) <GET https://www.hltv.org/stats/matches?offset=93500> (referer: None)
[2021-05-14 01:09:32,442] {bash.py:173} INFO - 2021-05-14 01:09:32 [quotes] DEBUG: Estou aqui https://www.hltv.org/stats/matches?offset=93500
[2021-05-14 01:09:32,455] {bash.py:173} INFO - 2021-05-14 01:09:32 [scrapy.core.scraper] DEBUG: Scraped from <200 https://www.hltv.org/stats/matches?offset=93500>
[2021-05-14 01:09:32,456] {bash.py:173} INFO - {'match_id': '13185', 'match_link': '/stats/matches/mapstatsid/13185/gamedde-vs-alternate-attax', 'team_1_link': '/stats/teams/4492/gamedde', 'team_1_name': 'gamed!de', 'team_2_link': '/stats/teams/4501/alternate-attax', 'team_2_name': 'ALTERNATE aTTaX', 'team_1_score': '16', 'team_2_score': '14', 'event_name': 'ESL Pro Series Germany Winter Season 2012', 'map': 'Inferno_se', 'data_unix': '1349982000000', 'offset': '93500'}
[2021-05-14 01:09:32,456] {bash.py:173} INFO - 2021-05-14 01:09:32 [scrapy.core.scraper] DEBUG: Scraped from <200 https://www.hltv.org/stats/matches?offset=93500>
[2021-05-14 01:09:32,456] {bash.py:173} INFO - {'match_id': '13111', 'match_link': '/stats/matches/mapstatsid/13111/nip-vs-hastalavista', 'team_1_link': '/stats/teams/4411/nip', 'team_1_name': 'NIP', 'team_2_link': '/stats/teams/4502/hastalavista', 'team_2_name': 'HastaLaVista', 'team_1_score': '16', 'team_2_score': '3', 'event_name': 'ESWC 2012 Nordic Qualifier', 'map': 'Train_se', 'data_unix': '1349978889000', 'offset': '93500'}
[2021-05-14 01:09:32,457] {bash.py:173} INFO - 2021-05-14 01:09:32 [scrapy.core.scraper] DEBUG: Scraped from <200 https://www.hltv.org/stats/matches?offset=93500>
[2021-05-14 01:09:32,457] {bash.py:173} INFO - {'match_id': '13112', 'match_link': '/stats/matches/mapstatsid/13112/nip-vs-hastalavista', 'team_1_link': '/stats/teams/4411/nip', 'team_1_name': 'NIP', 'team_2_link': '/stats/teams/4502/hastalavista', 'team_2_name': 'HastaLaVista', 'team_1_score': '16', 'team_2_score': '8', 'event_name': 'ESWC 2012 Nordic Qualifier', 'map': 'Inferno_se', 'data_unix': '1349978400000', 'offset': '93500'}
[2021-05-14 01:09:32,458] {bash.py:173} INFO - 2021-05-14 01:09:32 [scrapy.core.scraper] DEBUG: Scraped from <200 https://www.hltv.org/stats/matches?offset=93500>
[2021-05-14 01:09:32,458] {bash.py:173} INFO - {'match_id': '13184', 'match_link': '/stats/matches/mapstatsid/13184/red-dead-vs-mousesports', 'team_1_link': '/stats/teams/4498/red-dead', 'team_1_name': 'Red Dead', 'team_2_link': '/stats/teams/4494/mousesports', 'team_2_name': 'mousesports', 'team_1_score': '2', 'team_2_score': '16', 'event_name': 'ESL Pro Series Germany Winter Season 2012', 'map': 'Inferno_se', 'data_unix': '1349978400000', 'offset': '93500'}
[2021-05-14 01:09:32,459] {bash.py:173} INFO - 2021-05-14 01:09:32 [scrapy.core.scraper] DEBUG: Scraped from <200 https://www.hltv.org/stats/matches?offset=93500>
[2021-05-14 01:09:32,459] {bash.py:173} INFO - {'match_id': '13096', 'match_link': '/stats/matches/mapstatsid/13096/mousesports-vs-tt-dragons', 'team_1_link': '/stats/teams/4494/mousesports', 'team_1_name': 'mousesports', 'team_2_link': '/stats/teams/4495/tt-dragons', 'team_2_name': 'Tt Dragons', 'team_1_score': '16', 'team_2_score': '8', 'event_name': 'ESWC 2012 German Qualifier', 'map': 'Mirage_ce', 'data_unix': '1349895600000', 'offset': '93500'}
[2021-05-14 01:09:32,459] {bash.py:173} INFO - 2021-05-14 01:09:32 [scrapy.core.scraper] DEBUG: Scraped from <200 https://www.hltv.org/stats/matches?offset=93500>
[2021-05-14 01:09:32,459] {bash.py:173} INFO - {'match_id': '13095', 'match_link': '/stats/matches/mapstatsid/13095/tt-dragons-vs-mousesports', 'team_1_link': '/stats/teams/4495/tt-dragons', 'team_1_name': 'Tt Dragons', 'team_2_link': '/stats/teams/4494/mousesports', 'team_2_name': 'mousesports', 'team_1_score': '7', 'team_2_score': '16', 'event_name': 'ESWC 2012 German Qualifier', 'map': 'Dust2_se', 'data_unix': '1349895600000', 'offset': '93500'}
[2021-05-14 01:09:32,460] {bash.py:173} INFO - 2021-05-14 01:09:32 [scrapy.core.scraper] DEBUG: Scraped from <200 https://www.hltv.org/stats/matches?offset=93500>
[2021-05-14 01:09:32,460] {bash.py:173} INFO - {'match_id': '13189', 'match_link': '/stats/matches/mapstatsid/13189/mousesports-vs-alternate-attax', 'team_1_link': '/stats/teams/4494/mousesports', 'team_1_name': 'mousesports', 'team_2_link': '/stats/teams/4501/alternate-attax', 'team_2_name': 'ALTERNATE aTTaX', 'team_1_score': '16', 'team_2_score': '7', 'event_name': 'ESL Pro Series Germany Winter Season 2012', 'map': 'Dust2_se', 'data_unix': '1349892000000', 'offset': '93500'}
[2021-05-14 01:09:32,460] {bash.py:173} INFO - 2021-05-14 01:09:32 [scrapy.core.scraper] DEBUG: Scraped from <200 https://www.hltv.org/stats/matches?offset=93500>
[2021-05-14 01:09:32,460] {bash.py:173} INFO - {'match_id': '13093', 'match_link': '/stats/matches/mapstatsid/13093/mtw-vs-gamedde', 'team_1_link': '/stats/teams/4497/mtw', 'team_1_name': 'mTw', 'team_2_link': '/stats/teams/4492/gamedde', 'team_2_name': 'gamed!de', 'team_1_score': '16', 'team_2_score': '14', 'event_name': 'ESWC 2012 German Qualifier', 'map': 'Nuke_se', 'data_unix': '1349892000000', 'offset': '93500'}
[2021-05-14 01:09:32,461] {bash.py:173} INFO - 2021-05-14 01:09:32 [scrapy.core.scraper] DEBUG: Scraped from <200 https://www.hltv.org/stats/matches?offset=93500>
[2021-05-14 01:09:32,461] {bash.py:173} INFO - {'match_id': '13092', 'match_link': '/stats/matches/mapstatsid/13092/gamedde-vs-mtw', 'team_1_link': '/stats/teams/4492/gamedde', 'team_1_name': 'gamed!de', 'team_2_link': '/stats/teams/4497/mtw', 'team_2_name': 'mTw', 'team_1_score': '7', 'team_2_score': '16', 'event_name': 'ESWC 2012 German Qualifier', 'map': 'Mirage_ce', 'data_unix': '1349892000000', 'offset': '93500'}
[2021-05-14 01:09:32,461] {bash.py:173} INFO - 2021-05-14 01:09:32 [scrapy.core.scraper] DEBUG: Scraped from <200 https://www.hltv.org/stats/matches?offset=93500>
[2021-05-14 01:09:32,461] {bash.py:173} INFO - {'match_id': '13091', 'match_link': '/stats/matches/mapstatsid/13091/gamedde-vs-mtw', 'team_1_link': '/stats/teams/4492/gamedde', 'team_1_name': 'gamed!de', 'team_2_link': '/stats/teams/4497/mtw', 'team_2_name': 'mTw', 'team_1_score': '16', 'team_2_score': '13', 'event_name': 'ESWC 2012 German Qualifier', 'map': 'Dust2_se', 'data_unix': '1349892000000', 'offset': '93500'}
[2021-05-14 01:09:32,462] {bash.py:173} INFO - 2021-05-14 01:09:32 [scrapy.core.scraper] DEBUG: Scraped from <200 https://www.hltv.org/stats/matches?offset=93500>
[2021-05-14 01:09:32,462] {bash.py:173} INFO - {'match_id': '13210', 'match_link': '/stats/matches/mapstatsid/13210/fmesports-vs-aliquo', 'team_1_link': '/stats/teams/4445/fmesports', 'team_1_name': 'FMESPORTS', 'team_2_link': '/stats/teams/4528/aliquo', 'team_2_name': 'aliquo', 'team_1_score': '16', 'team_2_score': '13', 'event_name': 'ESWC 2012 UK Qualifier', 'map': 'Mirage_ce', 'data_unix': '1349812800000', 'offset': '93500'}
[2021-05-14 01:09:32,462] {bash.py:173} INFO - 2021-05-14 01:09:32 [scrapy.core.scraper] DEBUG: Scraped from <200 https://www.hltv.org/stats/matches?offset=93500>
[2021-05-14 01:09:32,462] {bash.py:173} INFO - {'match_id': '13209', 'match_link': '/stats/matches/mapstatsid/13209/aliquo-vs-fmesports', 'team_1_link': '/stats/teams/4528/aliquo', 'team_1_name': 'aliquo', 'team_2_link': '/stats/teams/4445/fmesports', 'team_2_name': 'FMESPORTS', 'team_1_score': '14', 'team_2_score': '16', 'event_name': 'ESWC 2012 UK Qualifier', 'map': 'Dust2_se', 'data_unix': '1349812800000', 'offset': '93500'}
[2021-05-14 01:09:32,462] {bash.py:173} INFO - 2021-05-14 01:09:32 [scrapy.core.scraper] DEBUG: Scraped from <200 https://www.hltv.org/stats/matches?offset=93500>
[2021-05-14 01:09:32,463] {bash.py:173} INFO - {'match_id': '13208', 'match_link': '/stats/matches/mapstatsid/13208/mousesports-vs-teamcrg', 'team_1_link': '/stats/teams/4465/mousesports', 'team_1_name': 'mousesports', 'team_2_link': '/stats/teams/4526/teamcrg', 'team_2_name': 'TeamCRG', 'team_1_score': '16', 'team_2_score': '12', 'event_name': 'ESWC 2012 UK Qualifier', 'map': 'Nuke_se', 'data_unix': '1349812800000', 'offset': '93500'}
[2021-05-14 01:09:32,463] {bash.py:173} INFO - 2021-05-14 01:09:32 [scrapy.core.scraper] DEBUG: Scraped from <200 https://www.hltv.org/stats/matches?offset=93500>
[2021-05-14 01:09:32,463] {bash.py:173} INFO - {'match_id': '13207', 'match_link': '/stats/matches/mapstatsid/13207/mousesports-vs-teamcrg', 'team_1_link': '/stats/teams/4465/mousesports', 'team_1_name': 'mousesports', 'team_2_link': '/stats/teams/4526/teamcrg', 'team_2_name': 'TeamCRG', 'team_1_score': '13', 'team_2_score': '16', 'event_name': 'ESWC 2012 UK Qualifier', 'map': 'Mirage_ce', 'data_unix': '1349812800000', 'offset': '93500'}
[2021-05-14 01:09:32,463] {bash.py:173} INFO - 2021-05-14 01:09:32 [scrapy.core.scraper] DEBUG: Scraped from <200 https://www.hltv.org/stats/matches?offset=93500>
[2021-05-14 01:09:32,464] {bash.py:173} INFO - {'match_id': '13205', 'match_link': '/stats/matches/mapstatsid/13205/teamcrg-vs-mousesports', 'team_1_link': '/stats/teams/4526/teamcrg', 'team_1_name': 'TeamCRG', 'team_2_link': '/stats/teams/4465/mousesports', 'team_2_name': 'mousesports', 'team_1_score': '10', 'team_2_score': '16', 'event_name': 'ESWC 2012 UK Qualifier', 'map': 'Dust2_se', 'data_unix': '1349812800000', 'offset': '93500'}
[2021-05-14 01:09:32,464] {bash.py:173} INFO - 2021-05-14 01:09:32 [scrapy.core.scraper] DEBUG: Scraped from <200 https://www.hltv.org/stats/matches?offset=93500>
[2021-05-14 01:09:32,464] {bash.py:173} INFO - {'match_id': '13059', 'match_link': '/stats/matches/mapstatsid/13059/gamedde-vs-dotpixels', 'team_1_link': '/stats/teams/4492/gamedde', 'team_1_name': 'gamed!de', 'team_2_link': '/stats/teams/4496/dotpixels', 'team_2_name': 'dotpiXels', 'team_1_score': '15', 'team_2_score': '15', 'event_name': 'ESL Pro Series Germany Winter Season 2012', 'map': 'Dust2_se', 'data_unix': '1349812800000', 'offset': '93500'}
[2021-05-14 01:09:32,464] {bash.py:173} INFO - 2021-05-14 01:09:32 [scrapy.core.scraper] DEBUG: Scraped from <200 https://www.hltv.org/stats/matches?offset=93500>
[2021-05-14 01:09:32,464] {bash.py:173} INFO - {'match_id': '13297', 'match_link': '/stats/matches/mapstatsid/13297/nfaculty-vs-syb', 'team_1_link': '/stats/teams/4490/nfaculty', 'team_1_name': 'n!faculty', 'team_2_link': '/stats/teams/4542/syb', 'team_2_name': 'SY&b', 'team_1_score': '4', 'team_2_score': '16', 'event_name': 'Go4CS:GO Cup #14', 'map': 'Mirage_ce', 'data_unix': '1349809200000', 'offset': '93500'}
[2021-05-14 01:09:32,465] {bash.py:173} INFO - 2021-05-14 01:09:32 [scrapy.core.scraper] DEBUG: Scraped from <200 https://www.hltv.org/stats/matches?offset=93500>
[2021-05-14 01:09:32,465] {bash.py:173} INFO - {'match_id': '13296', 'match_link': '/stats/matches/mapstatsid/13296/nfaculty-vs-syb', 'team_1_link': '/stats/teams/4490/nfaculty', 'team_1_name': 'n!faculty', 'team_2_link': '/stats/teams/4542/syb', 'team_2_name': 'SY&b', 'team_1_score': '16', 'team_2_score': '9', 'event_name': 'Go4CS:GO Cup #14', 'map': 'Inferno_se', 'data_unix': '1349809200000', 'offset': '93500'}
[2021-05-14 01:09:32,465] {bash.py:173} INFO - 2021-05-14 01:09:32 [scrapy.core.scraper] DEBUG: Scraped from <200 https://www.hltv.org/stats/matches?offset=93500>
[2021-05-14 01:09:32,465] {bash.py:173} INFO - {'match_id': '13295', 'match_link': '/stats/matches/mapstatsid/13295/syb-vs-nfaculty', 'team_1_link': '/stats/teams/4542/syb', 'team_1_name': 'SY&b', 'team_2_link': '/stats/teams/4490/nfaculty', 'team_2_name': 'n!faculty', 'team_1_score': '16', 'team_2_score': '6', 'event_name': 'Go4CS:GO Cup #14', 'map': 'Train_se', 'data_unix': '1349809200000', 'offset': '93500'}
[2021-05-14 01:09:32,466] {bash.py:173} INFO - 2021-05-14 01:09:32 [scrapy.core.scraper] DEBUG: Scraped from <200 https://www.hltv.org/stats/matches?offset=93500>
[2021-05-14 01:09:32,466] {bash.py:173} INFO - {'match_id': '13287', 'match_link': '/stats/matches/mapstatsid/13287/asperagamers-vs-esc', 'team_1_link': '/stats/teams/4541/asperagamers', 'team_1_name': 'aSperaGamers', 'team_2_link': '/stats/teams/4532/esc', 'team_2_name': 'ESC', 'team_1_score': '11', 'team_2_score': '16', 'event_name': 'ESL Pro Series Poland Season 5', 'map': 'Nuke_se', 'data_unix': '1349809200000', 'offset': '93500'}
[2021-05-14 01:09:32,466] {bash.py:173} INFO - 2021-05-14 01:09:32 [scrapy.core.scraper] DEBUG: Scraped from <200 https://www.hltv.org/stats/matches?offset=93500>
[2021-05-14 01:09:32,466] {bash.py:173} INFO - {'match_id': '13058', 'match_link': '/stats/matches/mapstatsid/13058/mousesports-vs-cplay', 'team_1_link': '/stats/teams/4494/mousesports', 'team_1_name': 'mousesports', 'team_2_link': '/stats/teams/4499/cplay', 'team_2_name': 'CPLAY', 'team_1_score': '16', 'team_2_score': '3', 'event_name': 'ESL Pro Series Germany Winter Season 2012', 'map': 'Mirage_ce', 'data_unix': '1349809200000', 'offset': '93500'}
[2021-05-14 01:09:32,467] {bash.py:173} INFO - 2021-05-14 01:09:32 [scrapy.core.scraper] DEBUG: Scraped from <200 https://www.hltv.org/stats/matches?offset=93500>
[2021-05-14 01:09:32,467] {bash.py:173} INFO - {'match_id': '13056', 'match_link': '/stats/matches/mapstatsid/13056/dotpixels-vs-iplay', 'team_1_link': '/stats/teams/4496/dotpixels', 'team_1_name': 'dotpiXels', 'team_2_link': '/stats/teams/4491/iplay', 'team_2_name': 'iPLAY', 'team_1_score': '16', 'team_2_score': '11', 'event_name': 'ESL Pro Series Germany Winter Season 2012', 'map': 'Mirage_ce', 'data_unix': '1349809200000', 'offset': '93500'}
[2021-05-14 01:09:32,467] {bash.py:173} INFO - 2021-05-14 01:09:32 [scrapy.core.scraper] DEBUG: Scraped from <200 https://www.hltv.org/stats/matches?offset=93500>
[2021-05-14 01:09:32,467] {bash.py:173} INFO - {'match_id': '13057', 'match_link': '/stats/matches/mapstatsid/13057/tt-dragons-vs-red-dead', 'team_1_link': '/stats/teams/4495/tt-dragons', 'team_1_name': 'Tt Dragons', 'team_2_link': '/stats/teams/4498/red-dead', 'team_2_name': 'Red Dead', 'team_1_score': '16', 'team_2_score': '14', 'event_name': 'ESL Pro Series Germany Winter Season 2012', 'map': 'Mirage_ce', 'data_unix': '1349805600000', 'offset': '93500'}
[2021-05-14 01:09:32,468] {bash.py:173} INFO - 2021-05-14 01:09:32 [scrapy.core.scraper] DEBUG: Scraped from <200 https://www.hltv.org/stats/matches?offset=93500>
[2021-05-14 01:09:32,468] {bash.py:173} INFO - {'match_id': '13055', 'match_link': '/stats/matches/mapstatsid/13055/nip-vs-publiclirse', 'team_1_link': '/stats/teams/4411/nip', 'team_1_name': 'NIP', 'team_2_link': '/stats/teams/4477/publiclirse', 'team_2_name': 'Publiclir.se', 'team_1_score': '16', 'team_2_score': '1', 'event_name': 'ESWC 2012 Nordic Qualifier', 'map': 'Mirage_ce', 'data_unix': '1349805600000', 'offset': '93500'}
[2021-05-14 01:09:32,468] {bash.py:173} INFO - 2021-05-14 01:09:32 [scrapy.core.scraper] DEBUG: Scraped from <200 https://www.hltv.org/stats/matches?offset=93500>
[2021-05-14 01:09:32,468] {bash.py:173} INFO - {'match_id': '13054', 'match_link': '/stats/matches/mapstatsid/13054/nip-vs-publiclirse', 'team_1_link': '/stats/teams/4411/nip', 'team_1_name': 'NIP', 'team_2_link': '/stats/teams/4477/publiclirse', 'team_2_name': 'Publiclir.se', 'team_1_score': '16', 'team_2_score': '12', 'event_name': 'ESWC 2012 Nordic Qualifier', 'map': 'Dust2_se', 'data_unix': '1349805600000', 'offset': '93500'}
[2021-05-14 01:09:32,469] {bash.py:173} INFO - 2021-05-14 01:09:32 [scrapy.core.scraper] DEBUG: Scraped from <200 https://www.hltv.org/stats/matches?offset=93500>
[2021-05-14 01:09:32,469] {bash.py:173} INFO - {'match_id': '13053', 'match_link': '/stats/matches/mapstatsid/13053/hastalavista-vs-gosu', 'team_1_link': '/stats/teams/4502/hastalavista', 'team_1_name': 'HastaLaVista', 'team_2_link': '/stats/teams/4486/gosu', 'team_2_name': 'gosu ', 'team_1_score': '16', 'team_2_score': '4', 'event_name': 'ESWC 2012 Nordic Qualifier', 'map': 'Mirage_ce', 'data_unix': '1349805600000', 'offset': '93500'}
[2021-05-14 01:09:32,469] {bash.py:173} INFO - 2021-05-14 01:09:32 [scrapy.core.scraper] DEBUG: Scraped from <200 https://www.hltv.org/stats/matches?offset=93500>
[2021-05-14 01:09:32,469] {bash.py:173} INFO - {'match_id': '13052', 'match_link': '/stats/matches/mapstatsid/13052/hastalavista-vs-gosu', 'team_1_link': '/stats/teams/4502/hastalavista', 'team_1_name': 'HastaLaVista', 'team_2_link': '/stats/teams/4486/gosu', 'team_2_name': 'gosu ', 'team_1_score': '16', 'team_2_score': '14', 'event_name': 'ESWC 2012 Nordic Qualifier', 'map': 'Dust2_se', 'data_unix': '1349805600000', 'offset': '93500'}
[2021-05-14 01:09:32,470] {bash.py:173} INFO - 2021-05-14 01:09:32 [scrapy.core.scraper] DEBUG: Scraped from <200 https://www.hltv.org/stats/matches?offset=93500>
[2021-05-14 01:09:32,470] {bash.py:173} INFO - {'match_id': '13090', 'match_link': '/stats/matches/mapstatsid/13090/alternate-attax-vs-mousesports', 'team_1_link': '/stats/teams/4501/alternate-attax', 'team_1_name': 'ALTERNATE aTTaX', 'team_2_link': '/stats/teams/4494/mousesports', 'team_2_name': 'mousesports', 'team_1_score': '9', 'team_2_score': '16', 'event_name': 'ESWC 2012 German Qualifier', 'map': 'Nuke_se', 'data_unix': '1349719200000', 'offset': '93500'}
[2021-05-14 01:09:32,470] {bash.py:173} INFO - 2021-05-14 01:09:32 [scrapy.core.scraper] DEBUG: Scraped from <200 https://www.hltv.org/stats/matches?offset=93500>
[2021-05-14 01:09:32,470] {bash.py:173} INFO - {'match_id': '13089', 'match_link': '/stats/matches/mapstatsid/13089/alternate-attax-vs-mousesports', 'team_1_link': '/stats/teams/4501/alternate-attax', 'team_1_name': 'ALTERNATE aTTaX', 'team_2_link': '/stats/teams/4494/mousesports', 'team_2_name': 'mousesports', 'team_1_score': '3', 'team_2_score': '16', 'event_name': 'ESWC 2012 German Qualifier', 'map': 'Inferno_se', 'data_unix': '1349719200000', 'offset': '93500'}
[2021-05-14 01:09:32,471] {bash.py:173} INFO - 2021-05-14 01:09:32 [scrapy.core.scraper] DEBUG: Scraped from <200 https://www.hltv.org/stats/matches?offset=93500>
[2021-05-14 01:09:32,471] {bash.py:173} INFO - {'match_id': '13088', 'match_link': '/stats/matches/mapstatsid/13088/tt-dragons-vs-nfaculty', 'team_1_link': '/stats/teams/4495/tt-dragons', 'team_1_name': 'Tt Dragons', 'team_2_link': '/stats/teams/4490/nfaculty', 'team_2_name': 'n!faculty', 'team_1_score': '16', 'team_2_score': '7', 'event_name': 'ESWC 2012 German Qualifier', 'map': 'Train_se', 'data_unix': '1349719200000', 'offset': '93500'}
[2021-05-14 01:09:32,471] {bash.py:173} INFO - 2021-05-14 01:09:32 [scrapy.core.scraper] DEBUG: Scraped from <200 https://www.hltv.org/stats/matches?offset=93500>
[2021-05-14 01:09:32,471] {bash.py:173} INFO - {'match_id': '13087', 'match_link': '/stats/matches/mapstatsid/13087/tt-dragons-vs-nfaculty', 'team_1_link': '/stats/teams/4495/tt-dragons', 'team_1_name': 'Tt Dragons', 'team_2_link': '/stats/teams/4490/nfaculty', 'team_2_name': 'n!faculty', 'team_1_score': '16', 'team_2_score': '8', 'event_name': 'ESWC 2012 German Qualifier', 'map': 'Nuke_se', 'data_unix': '1349719200000', 'offset': '93500'}
[2021-05-14 01:09:32,471] {bash.py:173} INFO - 2021-05-14 01:09:32 [scrapy.core.scraper] DEBUG: Scraped from <200 https://www.hltv.org/stats/matches?offset=93500>
[2021-05-14 01:09:32,472] {bash.py:173} INFO - {'match_id': '13086', 'match_link': '/stats/matches/mapstatsid/13086/tt-dragons-vs-nfaculty', 'team_1_link': '/stats/teams/4495/tt-dragons', 'team_1_name': 'Tt Dragons', 'team_2_link': '/stats/teams/4490/nfaculty', 'team_2_name': 'n!faculty', 'team_1_score': '12', 'team_2_score': '16', 'event_name': 'ESWC 2012 German Qualifier', 'map': 'Inferno_se', 'data_unix': '1349719200000', 'offset': '93500'}
[2021-05-14 01:09:32,472] {bash.py:173} INFO - 2021-05-14 01:09:32 [scrapy.core.scraper] DEBUG: Scraped from <200 https://www.hltv.org/stats/matches?offset=93500>
[2021-05-14 01:09:32,472] {bash.py:173} INFO - {'match_id': '13085', 'match_link': '/stats/matches/mapstatsid/13085/gamedde-vs-zuom', 'team_1_link': '/stats/teams/4492/gamedde', 'team_1_name': 'gamed!de', 'team_2_link': '/stats/teams/4518/zuom', 'team_2_name': 'zuom', 'team_1_score': '16', 'team_2_score': '3', 'event_name': 'ESWC 2012 German Qualifier', 'map': 'Nuke_se', 'data_unix': '1349719200000', 'offset': '93500'}
[2021-05-14 01:09:32,472] {bash.py:173} INFO - 2021-05-14 01:09:32 [scrapy.core.scraper] DEBUG: Scraped from <200 https://www.hltv.org/stats/matches?offset=93500>
[2021-05-14 01:09:32,473] {bash.py:173} INFO - {'match_id': '13084', 'match_link': '/stats/matches/mapstatsid/13084/zuom-vs-gamedde', 'team_1_link': '/stats/teams/4518/zuom', 'team_1_name': 'zuom', 'team_2_link': '/stats/teams/4492/gamedde', 'team_2_name': 'gamed!de', 'team_1_score': '9', 'team_2_score': '16', 'event_name': 'ESWC 2012 German Qualifier', 'map': 'Inferno_se', 'data_unix': '1349719200000', 'offset': '93500'}
[2021-05-14 01:09:32,473] {bash.py:173} INFO - 2021-05-14 01:09:32 [scrapy.core.scraper] DEBUG: Scraped from <200 https://www.hltv.org/stats/matches?offset=93500>
[2021-05-14 01:09:32,473] {bash.py:173} INFO - {'match_id': '13083', 'match_link': '/stats/matches/mapstatsid/13083/nod-vs-mtw', 'team_1_link': '/stats/teams/4519/nod', 'team_1_name': 'NOD', 'team_2_link': '/stats/teams/4497/mtw', 'team_2_name': 'mTw', 'team_1_score': '5', 'team_2_score': '16', 'event_name': 'ESWC 2012 German Qualifier', 'map': 'Nuke_se', 'data_unix': '1349719200000', 'offset': '93500'}
[2021-05-14 01:09:32,473] {bash.py:173} INFO - 2021-05-14 01:09:32 [scrapy.core.scraper] DEBUG: Scraped from <200 https://www.hltv.org/stats/matches?offset=93500>
[2021-05-14 01:09:32,474] {bash.py:173} INFO - {'match_id': '13082', 'match_link': '/stats/matches/mapstatsid/13082/mtw-vs-nod', 'team_1_link': '/stats/teams/4497/mtw', 'team_1_name': 'mTw', 'team_2_link': '/stats/teams/4519/nod', 'team_2_name': 'NOD', 'team_1_score': '16', 'team_2_score': '4', 'event_name': 'ESWC 2012 German Qualifier', 'map': 'Inferno_se', 'data_unix': '1349719200000', 'offset': '93500'}
[2021-05-14 01:09:32,474] {bash.py:173} INFO - 2021-05-14 01:09:32 [scrapy.core.scraper] DEBUG: Scraped from <200 https://www.hltv.org/stats/matches?offset=93500>
[2021-05-14 01:09:32,474] {bash.py:173} INFO - {'match_id': '13285', 'match_link': '/stats/matches/mapstatsid/13285/boomslave-vs-clan-poland', 'team_1_link': '/stats/teams/4536/boomslave', 'team_1_name': 'BoomSlave', 'team_2_link': '/stats/teams/4540/clan-poland', 'team_2_name': 'Clan Poland', 'team_1_score': '13', 'team_2_score': '16', 'event_name': 'ESL Pro Series Poland Season 5', 'map': 'Nuke_se', 'data_unix': '1349643600000', 'offset': '93500'}
[2021-05-14 01:09:32,474] {bash.py:173} INFO - 2021-05-14 01:09:32 [scrapy.core.scraper] DEBUG: Scraped from <200 https://www.hltv.org/stats/matches?offset=93500>
[2021-05-14 01:09:32,475] {bash.py:173} INFO - {'match_id': '13284', 'match_link': '/stats/matches/mapstatsid/13284/alsen-vs-inet-koxxx', 'team_1_link': '/stats/teams/4534/alsen', 'team_1_name': 'ALSEN', 'team_2_link': '/stats/teams/4537/inet-koxxx', 'team_2_name': 'iNET koxXx', 'team_1_score': '16', 'team_2_score': '11', 'event_name': 'ESL Pro Series Poland Season 5', 'map': 'Nuke_se', 'data_unix': '1349640000000', 'offset': '93500'}
[2021-05-14 01:09:32,475] {bash.py:173} INFO - 2021-05-14 01:09:32 [scrapy.core.scraper] DEBUG: Scraped from <200 https://www.hltv.org/stats/matches?offset=93500>
[2021-05-14 01:09:32,475] {bash.py:173} INFO - {'match_id': '13044', 'match_link': '/stats/matches/mapstatsid/13044/4kings-vs-aliquo', 'team_1_link': '/stats/teams/4516/4kings', 'team_1_name': '4Kings', 'team_2_link': '/stats/teams/4528/aliquo', 'team_2_name': 'aliquo', 'team_1_score': '11', 'team_2_score': '16', 'event_name': 'ESWC 2012 UK Qualifier', 'map': 'Train_se', 'data_unix': '1349640000000', 'offset': '93500'}
[2021-05-14 01:09:32,475] {bash.py:173} INFO - 2021-05-14 01:09:32 [scrapy.core.scraper] DEBUG: Scraped from <200 https://www.hltv.org/stats/matches?offset=93500>
[2021-05-14 01:09:32,475] {bash.py:173} INFO - {'match_id': '13043', 'match_link': '/stats/matches/mapstatsid/13043/4kings-vs-aliquo', 'team_1_link': '/stats/teams/4516/4kings', 'team_1_name': '4Kings', 'team_2_link': '/stats/teams/4528/aliquo', 'team_2_name': 'aliquo', 'team_1_score': '9', 'team_2_score': '16', 'event_name': 'ESWC 2012 UK Qualifier', 'map': 'Nuke_se', 'data_unix': '1349640000000', 'offset': '93500'}
[2021-05-14 01:09:32,476] {bash.py:173} INFO - 2021-05-14 01:09:32 [scrapy.core.scraper] DEBUG: Scraped from <200 https://www.hltv.org/stats/matches?offset=93500>
[2021-05-14 01:09:32,476] {bash.py:173} INFO - {'match_id': '13042', 'match_link': '/stats/matches/mapstatsid/13042/4kings-vs-aliquo', 'team_1_link': '/stats/teams/4516/4kings', 'team_1_name': '4Kings', 'team_2_link': '/stats/teams/4528/aliquo', 'team_2_name': 'aliquo', 'team_1_score': '16', 'team_2_score': '3', 'event_name': 'ESWC 2012 UK Qualifier', 'map': 'Inferno_se', 'data_unix': '1349640000000', 'offset': '93500'}
[2021-05-14 01:09:32,476] {bash.py:173} INFO - 2021-05-14 01:09:32 [scrapy.core.scraper] DEBUG: Scraped from <200 https://www.hltv.org/stats/matches?offset=93500>
[2021-05-14 01:09:32,477] {bash.py:173} INFO - {'match_id': '13037', 'match_link': '/stats/matches/mapstatsid/13037/mousesports-vs-786', 'team_1_link': '/stats/teams/4465/mousesports', 'team_1_name': 'mousesports', 'team_2_link': '/stats/teams/4530/786', 'team_2_name': '786', 'team_1_score': '19', 'team_2_score': '16', 'event_name': 'ESWC 2012 UK Qualifier', 'map': 'Nuke_se', 'data_unix': '1349640000000', 'offset': '93500'}
[2021-05-14 01:09:32,477] {bash.py:173} INFO - 2021-05-14 01:09:32 [scrapy.core.scraper] DEBUG: Scraped from <200 https://www.hltv.org/stats/matches?offset=93500>
[2021-05-14 01:09:32,477] {bash.py:173} INFO - {'match_id': '13036', 'match_link': '/stats/matches/mapstatsid/13036/mousesports-vs-786', 'team_1_link': '/stats/teams/4465/mousesports', 'team_1_name': 'mousesports', 'team_2_link': '/stats/teams/4530/786', 'team_2_name': '786', 'team_1_score': '16', 'team_2_score': '3', 'event_name': 'ESWC 2012 UK Qualifier', 'map': 'Inferno_se', 'data_unix': '1349640000000', 'offset': '93500'}
[2021-05-14 01:09:32,477] {bash.py:173} INFO - 2021-05-14 01:09:32 [scrapy.core.scraper] DEBUG: Scraped from <200 https://www.hltv.org/stats/matches?offset=93500>
[2021-05-14 01:09:32,478] {bash.py:173} INFO - {'match_id': '13286', 'match_link': '/stats/matches/mapstatsid/13286/give-it-all-vs-maxfloplay', 'team_1_link': '/stats/teams/4539/give-it-all', 'team_1_name': 'GIVE IT ALL', 'team_2_link': '/stats/teams/4535/maxfloplay', 'team_2_name': 'MaxFloPlay', 'team_1_score': '7', 'team_2_score': '16', 'event_name': 'ESL Pro Series Poland Season 5', 'map': 'Nuke_se', 'data_unix': '1349638200000', 'offset': '93500'}
[2021-05-14 01:09:32,478] {bash.py:173} INFO - 2021-05-14 01:09:32 [scrapy.core.scraper] DEBUG: Scraped from <200 https://www.hltv.org/stats/matches?offset=93500>
[2021-05-14 01:09:32,478] {bash.py:173} INFO - {'match_id': '13046', 'match_link': '/stats/matches/mapstatsid/13046/teamcrg-vs-vye', 'team_1_link': '/stats/teams/4526/teamcrg', 'team_1_name': 'TeamCRG', 'team_2_link': '/stats/teams/4523/vye', 'team_2_name': 'VYE', 'team_1_score': '16', 'team_2_score': '2', 'event_name': 'ESWC 2012 UK Qualifier', 'map': 'Nuke_se', 'data_unix': '1349636400000', 'offset': '93500'}
[2021-05-14 01:09:32,478] {bash.py:173} INFO - 2021-05-14 01:09:32 [scrapy.core.scraper] DEBUG: Scraped from <200 https://www.hltv.org/stats/matches?offset=93500>
[2021-05-14 01:09:32,478] {bash.py:173} INFO - {'match_id': '13045', 'match_link': '/stats/matches/mapstatsid/13045/teamcrg-vs-vye', 'team_1_link': '/stats/teams/4526/teamcrg', 'team_1_name': 'TeamCRG', 'team_2_link': '/stats/teams/4523/vye', 'team_2_name': 'VYE', 'team_1_score': '16', 'team_2_score': '7', 'event_name': 'ESWC 2012 UK Qualifier', 'map': 'Inferno_se', 'data_unix': '1349636400000', 'offset': '93500'}
[2021-05-14 01:09:32,479] {bash.py:173} INFO - 2021-05-14 01:09:32 [scrapy.core.scraper] DEBUG: Scraped from <200 https://www.hltv.org/stats/matches?offset=93500>
[2021-05-14 01:09:32,479] {bash.py:173} INFO - {'match_id': '13041', 'match_link': '/stats/matches/mapstatsid/13041/gosu-vs-lions', 'team_1_link': '/stats/teams/4486/gosu', 'team_1_name': 'gosu ', 'team_2_link': '/stats/teams/4489/lions', 'team_2_name': 'Lions', 'team_1_score': '16', 'team_2_score': '8', 'event_name': 'ESWC 2012 Nordic Qualifier', 'map': 'Nuke_se', 'data_unix': '1349627400000', 'offset': '93500'}
[2021-05-14 01:09:32,479] {bash.py:173} INFO - 2021-05-14 01:09:32 [scrapy.core.scraper] DEBUG: Scraped from <200 https://www.hltv.org/stats/matches?offset=93500>
[2021-05-14 01:09:32,479] {bash.py:173} INFO - {'match_id': '13040', 'match_link': '/stats/matches/mapstatsid/13040/gosu-vs-lions', 'team_1_link': '/stats/teams/4486/gosu', 'team_1_name': 'gosu ', 'team_2_link': '/stats/teams/4489/lions', 'team_2_name': 'Lions', 'team_1_score': '16', 'team_2_score': '6', 'event_name': 'ESWC 2012 Nordic Qualifier', 'map': 'Inferno_se', 'data_unix': '1349627400000', 'offset': '93500'}
[2021-05-14 01:09:32,480] {bash.py:173} INFO - 2021-05-14 01:09:32 [scrapy.core.scraper] DEBUG: Scraped from <200 https://www.hltv.org/stats/matches?offset=93500>
[2021-05-14 01:09:32,480] {bash.py:173} INFO - {'match_id': '12992', 'match_link': '/stats/matches/mapstatsid/12992/fmesports-vs-enigma', 'team_1_link': '/stats/teams/4445/fmesports', 'team_1_name': 'FMESPORTS', 'team_2_link': '/stats/teams/4521/enigma', 'team_2_name': 'eNigma', 'team_1_score': '16', 'team_2_score': '2', 'event_name': 'ESWC 2012 UK Qualifier', 'map': 'Nuke_se', 'data_unix': '1349380800000', 'offset': '93500'}
[2021-05-14 01:09:32,480] {bash.py:173} INFO - 2021-05-14 01:09:32 [scrapy.core.scraper] DEBUG: Scraped from <200 https://www.hltv.org/stats/matches?offset=93500>
[2021-05-14 01:09:32,480] {bash.py:173} INFO - {'match_id': '12991', 'match_link': '/stats/matches/mapstatsid/12991/fmesports-vs-enigma', 'team_1_link': '/stats/teams/4445/fmesports', 'team_1_name': 'FMESPORTS', 'team_2_link': '/stats/teams/4521/enigma', 'team_2_name': 'eNigma', 'team_1_score': '16', 'team_2_score': '9', 'event_name': 'ESWC 2012 UK Qualifier', 'map': 'Inferno_se', 'data_unix': '1349380800000', 'offset': '93500'}
[2021-05-14 01:09:32,482] {bash.py:173} INFO - 2021-05-14 01:09:32 [quotes] DEBUG: Proxima pagina: https://www.hltv.org/stats/matches?offset=93550
[2021-05-14 01:09:33,002] {bash.py:173} INFO - 2021-05-14 01:09:33 [scrapy.core.engine] DEBUG: Crawled (200) <GET https://www.hltv.org/stats/matches?offset=93550> (referer: https://www.hltv.org/stats/matches?offset=93500)
[2021-05-14 01:09:33,104] {bash.py:173} INFO - 2021-05-14 01:09:33 [quotes] DEBUG: Estou aqui https://www.hltv.org/stats/matches?offset=93550
[2021-05-14 01:09:33,118] {bash.py:173} INFO - 2021-05-14 01:09:33 [scrapy.core.scraper] DEBUG: Scraped from <200 https://www.hltv.org/stats/matches?offset=93550>
[2021-05-14 01:09:33,118] {bash.py:173} INFO - {'match_id': '12990', 'match_link': '/stats/matches/mapstatsid/12990/mtw-vs-gamedde', 'team_1_link': '/stats/teams/4497/mtw', 'team_1_name': 'mTw', 'team_2_link': '/stats/teams/4492/gamedde', 'team_2_name': 'gamed!de', 'team_1_score': '12', 'team_2_score': '16', 'event_name': 'ESL Pro Series Germany Winter Season 2012', 'map': 'Nuke_se', 'data_unix': '1349380800000', 'offset': '93550'}
[2021-05-14 01:09:33,119] {bash.py:173} INFO - 2021-05-14 01:09:33 [scrapy.core.scraper] DEBUG: Scraped from <200 https://www.hltv.org/stats/matches?offset=93550>
[2021-05-14 01:09:33,119] {bash.py:173} INFO - {'match_id': '12987', 'match_link': '/stats/matches/mapstatsid/12987/red-dead-vs-nfaculty', 'team_1_link': '/stats/teams/4498/red-dead', 'team_1_name': 'Red Dead', 'team_2_link': '/stats/teams/4490/nfaculty', 'team_2_name': 'n!faculty', 'team_1_score': '16', 'team_2_score': '14', 'event_name': 'ESL Pro Series Germany Winter Season 2012', 'map': 'Dust2_se', 'data_unix': '1349377200000', 'offset': '93550'}
[2021-05-14 01:09:33,119] {bash.py:173} INFO - 2021-05-14 01:09:33 [scrapy.core.scraper] DEBUG: Scraped from <200 https://www.hltv.org/stats/matches?offset=93550>
[2021-05-14 01:09:33,120] {bash.py:173} INFO - {'match_id': '12986', 'match_link': '/stats/matches/mapstatsid/12986/cplay-vs-iplay', 'team_1_link': '/stats/teams/4499/cplay', 'team_1_name': 'CPLAY', 'team_2_link': '/stats/teams/4491/iplay', 'team_2_name': 'iPLAY', 'team_1_score': '8', 'team_2_score': '16', 'event_name': 'ESL Pro Series Germany Winter Season 2012', 'map': 'Dust2_se', 'data_unix': '1349377200000', 'offset': '93550'}
[2021-05-14 01:09:33,120] {bash.py:173} INFO - 2021-05-14 01:09:33 [scrapy.core.scraper] DEBUG: Scraped from <200 https://www.hltv.org/stats/matches?offset=93550>
[2021-05-14 01:09:33,120] {bash.py:173} INFO - {'match_id': '12985', 'match_link': '/stats/matches/mapstatsid/12985/tt-dragons-vs-logix', 'team_1_link': '/stats/teams/4495/tt-dragons', 'team_1_name': 'Tt Dragons', 'team_2_link': '/stats/teams/4500/logix', 'team_2_name': 'logiX', 'team_1_score': '6', 'team_2_score': '16', 'event_name': 'ESL Pro Series Germany Winter Season 2012', 'map': 'Dust2_se', 'data_unix': '1349377200000', 'offset': '93550'}
[2021-05-14 01:09:33,121] {bash.py:173} INFO - 2021-05-14 01:09:33 [scrapy.core.scraper] DEBUG: Scraped from <200 https://www.hltv.org/stats/matches?offset=93550>
[2021-05-14 01:09:33,121] {bash.py:173} INFO - {'match_id': '12981', 'match_link': '/stats/matches/mapstatsid/12981/winfakt-vs-hastalavista', 'team_1_link': '/stats/teams/4466/winfakt', 'team_1_name': 'WinFakt', 'team_2_link': '/stats/teams/4502/hastalavista', 'team_2_name': 'HastaLaVista', 'team_1_score': '14', 'team_2_score': '16', 'event_name': 'ESWC 2012 Nordic Qualifier', 'map': 'Nuke_se', 'data_unix': '1349377200000', 'offset': '93550'}
[2021-05-14 01:09:33,121] {bash.py:173} INFO - 2021-05-14 01:09:33 [scrapy.core.scraper] DEBUG: Scraped from <200 https://www.hltv.org/stats/matches?offset=93550>
[2021-05-14 01:09:33,121] {bash.py:173} INFO - {'match_id': '12980', 'match_link': '/stats/matches/mapstatsid/12980/winfakt-vs-hastalavista', 'team_1_link': '/stats/teams/4466/winfakt', 'team_1_name': 'WinFakt', 'team_2_link': '/stats/teams/4502/hastalavista', 'team_2_name': 'HastaLaVista', 'team_1_score': '8', 'team_2_score': '16', 'event_name': 'ESWC 2012 Nordic Qualifier', 'map': 'Inferno_se', 'data_unix': '1349377200000', 'offset': '93550'}
[2021-05-14 01:09:33,122] {bash.py:173} INFO - 2021-05-14 01:09:33 [scrapy.core.scraper] DEBUG: Scraped from <200 https://www.hltv.org/stats/matches?offset=93550>
[2021-05-14 01:09:33,122] {bash.py:173} INFO - {'match_id': '12989', 'match_link': '/stats/matches/mapstatsid/12989/publiclirse-vs-give-it-all', 'team_1_link': '/stats/teams/4477/publiclirse', 'team_1_name': 'Publiclir.se', 'team_2_link': '/stats/teams/4487/give-it-all', 'team_2_name': 'GIVE IT ALL ', 'team_1_score': '16', 'team_2_score': '4', 'event_name': 'ESWC 2012 Nordic Qualifier', 'map': 'Nuke_se', 'data_unix': '1349373600000', 'offset': '93550'}
[2021-05-14 01:09:33,123] {bash.py:173} INFO - 2021-05-14 01:09:33 [scrapy.core.scraper] DEBUG: Scraped from <200 https://www.hltv.org/stats/matches?offset=93550>
[2021-05-14 01:09:33,123] {bash.py:173} INFO - {'match_id': '12988', 'match_link': '/stats/matches/mapstatsid/12988/give-it-all-vs-publiclirse', 'team_1_link': '/stats/teams/4487/give-it-all', 'team_1_name': 'GIVE IT ALL ', 'team_2_link': '/stats/teams/4477/publiclirse', 'team_2_name': 'Publiclir.se', 'team_1_score': '10', 'team_2_score': '16', 'event_name': 'ESWC 2012 Nordic Qualifier', 'map': 'Inferno_se', 'data_unix': '1349373600000', 'offset': '93550'}
[2021-05-14 01:09:33,123] {bash.py:173} INFO - 2021-05-14 01:09:33 [scrapy.core.scraper] DEBUG: Scraped from <200 https://www.hltv.org/stats/matches?offset=93550>
[2021-05-14 01:09:33,124] {bash.py:173} INFO - {'match_id': '12979', 'match_link': '/stats/matches/mapstatsid/12979/mtw-vs-sfto', 'team_1_link': '/stats/teams/4497/mtw', 'team_1_name': 'mTw', 'team_2_link': '/stats/teams/4493/sfto', 'team_2_name': 'SFTO', 'team_1_score': '16', 'team_2_score': '11', 'event_name': 'ESL Pro Series Germany Winter Season 2012', 'map': 'Dust2_se', 'data_unix': '1349373600000', 'offset': '93550'}
[2021-05-14 01:09:33,124] {bash.py:173} INFO - 2021-05-14 01:09:33 [scrapy.core.scraper] DEBUG: Scraped from <200 https://www.hltv.org/stats/matches?offset=93550>
[2021-05-14 01:09:33,124] {bash.py:173} INFO - {'match_id': '12978', 'match_link': '/stats/matches/mapstatsid/12978/publiclirse-vs-immune', 'team_1_link': '/stats/teams/4477/publiclirse', 'team_1_name': 'Publiclir.se', 'team_2_link': '/stats/teams/4485/immune', 'team_2_name': 'ImmuNe ', 'team_1_score': '16', 'team_2_score': '10', 'event_name': 'ESWC 2012 Nordic Qualifier', 'map': 'Mirage_ce', 'data_unix': '1349294400000', 'offset': '93550'}
[2021-05-14 01:09:33,124] {bash.py:173} INFO - 2021-05-14 01:09:33 [scrapy.core.scraper] DEBUG: Scraped from <200 https://www.hltv.org/stats/matches?offset=93550>
[2021-05-14 01:09:33,125] {bash.py:173} INFO - {'match_id': '12977', 'match_link': '/stats/matches/mapstatsid/12977/publiclirse-vs-immune', 'team_1_link': '/stats/teams/4477/publiclirse', 'team_1_name': 'Publiclir.se', 'team_2_link': '/stats/teams/4485/immune', 'team_2_name': 'ImmuNe ', 'team_1_score': '10', 'team_2_score': '16', 'event_name': 'ESWC 2012 Nordic Qualifier', 'map': 'Nuke_se', 'data_unix': '1349294400000', 'offset': '93550'}
[2021-05-14 01:09:33,125] {bash.py:173} INFO - 2021-05-14 01:09:33 [scrapy.core.scraper] DEBUG: Scraped from <200 https://www.hltv.org/stats/matches?offset=93550>
[2021-05-14 01:09:33,125] {bash.py:173} INFO - {'match_id': '12972', 'match_link': '/stats/matches/mapstatsid/12972/nip-vs-highrollers', 'team_1_link': '/stats/teams/4411/nip', 'team_1_name': 'NIP', 'team_2_link': '/stats/teams/4476/highrollers', 'team_2_name': 'hiGhrollers ', 'team_1_score': '16', 'team_2_score': '6', 'event_name': 'ESWC 2012 Nordic Qualifier', 'map': 'Nuke_se', 'data_unix': '1349291700000', 'offset': '93550'}
[2021-05-14 01:09:33,126] {bash.py:173} INFO - 2021-05-14 01:09:33 [scrapy.core.scraper] DEBUG: Scraped from <200 https://www.hltv.org/stats/matches?offset=93550>
[2021-05-14 01:09:33,126] {bash.py:173} INFO - {'match_id': '12971', 'match_link': '/stats/matches/mapstatsid/12971/nip-vs-highrollers', 'team_1_link': '/stats/teams/4411/nip', 'team_1_name': 'NIP', 'team_2_link': '/stats/teams/4476/highrollers', 'team_2_name': 'hiGhrollers ', 'team_1_score': '16', 'team_2_score': '2', 'event_name': 'ESWC 2012 Nordic Qualifier', 'map': 'Inferno_se', 'data_unix': '1349291700000', 'offset': '93550'}
[2021-05-14 01:09:33,126] {bash.py:173} INFO - 2021-05-14 01:09:33 [scrapy.core.scraper] DEBUG: Scraped from <200 https://www.hltv.org/stats/matches?offset=93550>
[2021-05-14 01:09:33,126] {bash.py:173} INFO - {'match_id': '12997', 'match_link': '/stats/matches/mapstatsid/12997/roccat-vs-lions', 'team_1_link': '/stats/teams/4475/roccat', 'team_1_name': 'ROCCAT', 'team_2_link': '/stats/teams/4489/lions', 'team_2_name': 'Lions', 'team_1_score': '12', 'team_2_score': '16', 'event_name': 'ESWC 2012 Nordic Qualifier', 'map': 'Mirage_ce', 'data_unix': '1349287260000', 'offset': '93550'}
[2021-05-14 01:09:33,127] {bash.py:173} INFO - 2021-05-14 01:09:33 [scrapy.core.scraper] DEBUG: Scraped from <200 https://www.hltv.org/stats/matches?offset=93550>
[2021-05-14 01:09:33,127] {bash.py:173} INFO - {'match_id': '12995', 'match_link': '/stats/matches/mapstatsid/12995/roccat-vs-lions', 'team_1_link': '/stats/teams/4475/roccat', 'team_1_name': 'ROCCAT', 'team_2_link': '/stats/teams/4489/lions', 'team_2_name': 'Lions', 'team_1_score': '16', 'team_2_score': '19', 'event_name': 'ESWC 2012 Nordic Qualifier', 'map': 'Nuke_se', 'data_unix': '1349287260000', 'offset': '93550'}
[2021-05-14 01:09:33,127] {bash.py:173} INFO - 2021-05-14 01:09:33 [scrapy.core.scraper] DEBUG: Scraped from <200 https://www.hltv.org/stats/matches?offset=93550>
[2021-05-14 01:09:33,127] {bash.py:173} INFO - {'match_id': '12975', 'match_link': '/stats/matches/mapstatsid/12975/roccat-vs-lions', 'team_1_link': '/stats/teams/4475/roccat', 'team_1_name': 'ROCCAT', 'team_2_link': '/stats/teams/4489/lions', 'team_2_name': 'Lions', 'team_1_score': '22', 'team_2_score': '20', 'event_name': 'ESWC 2012 Nordic Qualifier', 'map': 'Dust2_se', 'data_unix': '1349287260000', 'offset': '93550'}
[2021-05-14 01:09:33,128] {bash.py:173} INFO - 2021-05-14 01:09:33 [scrapy.core.scraper] DEBUG: Scraped from <200 https://www.hltv.org/stats/matches?offset=93550>
[2021-05-14 01:09:33,128] {bash.py:173} INFO - {'match_id': '12984', 'match_link': '/stats/matches/mapstatsid/12984/mousesports-vs-logix', 'team_1_link': '/stats/teams/4494/mousesports', 'team_1_name': 'mousesports', 'team_2_link': '/stats/teams/4500/logix', 'team_2_name': 'logiX', 'team_1_score': '16', 'team_2_score': '10', 'event_name': 'ESWC 2012 German Qualifier', 'map': 'Nuke_se', 'data_unix': '1349287200000', 'offset': '93550'}
[2021-05-14 01:09:33,128] {bash.py:173} INFO - 2021-05-14 01:09:33 [scrapy.core.scraper] DEBUG: Scraped from <200 https://www.hltv.org/stats/matches?offset=93550>
[2021-05-14 01:09:33,128] {bash.py:173} INFO - {'match_id': '12983', 'match_link': '/stats/matches/mapstatsid/12983/logix-vs-mousesports', 'team_1_link': '/stats/teams/4500/logix', 'team_1_name': 'logiX', 'team_2_link': '/stats/teams/4494/mousesports', 'team_2_name': 'mousesports', 'team_1_score': '0', 'team_2_score': '16', 'event_name': 'ESWC 2012 German Qualifier', 'map': 'Dust2_se', 'data_unix': '1349287200000', 'offset': '93550'}
[2021-05-14 01:09:33,128] {bash.py:173} INFO - 2021-05-14 01:09:33 [scrapy.core.scraper] DEBUG: Scraped from <200 https://www.hltv.org/stats/matches?offset=93550>
[2021-05-14 01:09:33,129] {bash.py:173} INFO - {'match_id': '12976', 'match_link': '/stats/matches/mapstatsid/12976/highrollers-vs-paranoia', 'team_1_link': '/stats/teams/4476/highrollers', 'team_1_name': 'hiGhrollers ', 'team_2_link': '/stats/teams/4484/paranoia', 'team_2_name': 'Paranoia', 'team_1_score': '16', 'team_2_score': '8', 'event_name': 'ESWC 2012 Nordic Qualifier', 'map': 'Nuke_se', 'data_unix': '1349287200000', 'offset': '93550'}
[2021-05-14 01:09:33,129] {bash.py:173} INFO - 2021-05-14 01:09:33 [scrapy.core.scraper] DEBUG: Scraped from <200 https://www.hltv.org/stats/matches?offset=93550>
[2021-05-14 01:09:33,129] {bash.py:173} INFO - {'match_id': '12974', 'match_link': '/stats/matches/mapstatsid/12974/hastalavista-vs-afterlife-gaming', 'team_1_link': '/stats/teams/4502/hastalavista', 'team_1_name': 'HastaLaVista', 'team_2_link': '/stats/teams/4482/afterlife-gaming', 'team_2_name': 'Afterlife Gaming ', 'team_1_score': '16', 'team_2_score': '4', 'event_name': 'ESWC 2012 Nordic Qualifier', 'map': 'Nuke_se', 'data_unix': '1349287200000', 'offset': '93550'}
[2021-05-14 01:09:33,129] {bash.py:173} INFO - 2021-05-14 01:09:33 [scrapy.core.scraper] DEBUG: Scraped from <200 https://www.hltv.org/stats/matches?offset=93550>
[2021-05-14 01:09:33,130] {bash.py:173} INFO - {'match_id': '12973', 'match_link': '/stats/matches/mapstatsid/12973/hastalavista-vs-afterlife-gaming', 'team_1_link': '/stats/teams/4502/hastalavista', 'team_1_name': 'HastaLaVista', 'team_2_link': '/stats/teams/4482/afterlife-gaming', 'team_2_name': 'Afterlife Gaming ', 'team_1_score': '16', 'team_2_score': '14', 'event_name': 'ESWC 2012 Nordic Qualifier', 'map': 'Dust2_se', 'data_unix': '1349287200000', 'offset': '93550'}
[2021-05-14 01:09:33,130] {bash.py:173} INFO - 2021-05-14 01:09:33 [scrapy.core.scraper] DEBUG: Scraped from <200 https://www.hltv.org/stats/matches?offset=93550>
[2021-05-14 01:09:33,130] {bash.py:173} INFO - {'match_id': '12967', 'match_link': '/stats/matches/mapstatsid/12967/iplay-vs-red-dead', 'team_1_link': '/stats/teams/4491/iplay', 'team_1_name': 'iPLAY', 'team_2_link': '/stats/teams/4498/red-dead', 'team_2_name': 'Red Dead', 'team_1_score': '11', 'team_2_score': '16', 'event_name': 'ESL Pro Series Germany Winter Season 2012', 'map': 'Nuke_se', 'data_unix': '1349204400000', 'offset': '93550'}
[2021-05-14 01:09:33,130] {bash.py:173} INFO - 2021-05-14 01:09:33 [scrapy.core.scraper] DEBUG: Scraped from <200 https://www.hltv.org/stats/matches?offset=93550>
[2021-05-14 01:09:33,130] {bash.py:173} INFO - {'match_id': '12966', 'match_link': '/stats/matches/mapstatsid/12966/alternate-attax-vs-tt-dragons', 'team_1_link': '/stats/teams/4501/alternate-attax', 'team_1_name': 'ALTERNATE aTTaX', 'team_2_link': '/stats/teams/4495/tt-dragons', 'team_2_name': 'Tt Dragons', 'team_1_score': '16', 'team_2_score': '7', 'event_name': 'ESL Pro Series Germany Winter Season 2012', 'map': 'Nuke_se', 'data_unix': '1349204400000', 'offset': '93550'}
[2021-05-14 01:09:33,131] {bash.py:173} INFO - 2021-05-14 01:09:33 [scrapy.core.scraper] DEBUG: Scraped from <200 https://www.hltv.org/stats/matches?offset=93550>
[2021-05-14 01:09:33,131] {bash.py:173} INFO - {'match_id': '12965', 'match_link': '/stats/matches/mapstatsid/12965/logix-vs-mousesports', 'team_1_link': '/stats/teams/4500/logix', 'team_1_name': 'logiX', 'team_2_link': '/stats/teams/4494/mousesports', 'team_2_name': 'mousesports', 'team_1_score': '11', 'team_2_score': '16', 'event_name': 'ESL Pro Series Germany Winter Season 2012', 'map': 'Nuke_se', 'data_unix': '1349204400000', 'offset': '93550'}
[2021-05-14 01:09:33,131] {bash.py:173} INFO - 2021-05-14 01:09:33 [scrapy.core.scraper] DEBUG: Scraped from <200 https://www.hltv.org/stats/matches?offset=93550>
[2021-05-14 01:09:33,131] {bash.py:173} INFO - {'match_id': '12969', 'match_link': '/stats/matches/mapstatsid/12969/hastalavista-vs-roccat', 'team_1_link': '/stats/teams/4502/hastalavista', 'team_1_name': 'HastaLaVista', 'team_2_link': '/stats/teams/4475/roccat', 'team_2_name': 'ROCCAT', 'team_1_score': '16', 'team_2_score': '9', 'event_name': 'CyberGamer Showmatch', 'map': 'Train_se', 'data_unix': '1349204100000', 'offset': '93550'}
[2021-05-14 01:09:33,132] {bash.py:173} INFO - 2021-05-14 01:09:33 [scrapy.core.scraper] DEBUG: Scraped from <200 https://www.hltv.org/stats/matches?offset=93550>
[2021-05-14 01:09:33,132] {bash.py:173} INFO - {'match_id': '12968', 'match_link': '/stats/matches/mapstatsid/12968/roccat-vs-hastalavista', 'team_1_link': '/stats/teams/4475/roccat', 'team_1_name': 'ROCCAT', 'team_2_link': '/stats/teams/4502/hastalavista', 'team_2_name': 'HastaLaVista', 'team_1_score': '13', 'team_2_score': '16', 'event_name': 'CyberGamer Showmatch', 'map': 'Inferno_se', 'data_unix': '1349204100000', 'offset': '93550'}
[2021-05-14 01:09:33,132] {bash.py:173} INFO - 2021-05-14 01:09:33 [scrapy.core.scraper] DEBUG: Scraped from <200 https://www.hltv.org/stats/matches?offset=93550>
[2021-05-14 01:09:33,132] {bash.py:173} INFO - {'match_id': '12964', 'match_link': '/stats/matches/mapstatsid/12964/nfaculty-vs-cplay', 'team_1_link': '/stats/teams/4490/nfaculty', 'team_1_name': 'n!faculty', 'team_2_link': '/stats/teams/4499/cplay', 'team_2_name': 'CPLAY', 'team_1_score': '16', 'team_2_score': '4', 'event_name': 'ESL Pro Series Germany Winter Season 2012', 'map': 'Nuke_se', 'data_unix': '1349200800000', 'offset': '93550'}
[2021-05-14 01:09:33,133] {bash.py:173} INFO - 2021-05-14 01:09:33 [scrapy.core.scraper] DEBUG: Scraped from <200 https://www.hltv.org/stats/matches?offset=93550>
[2021-05-14 01:09:33,133] {bash.py:173} INFO - {'match_id': '12963', 'match_link': '/stats/matches/mapstatsid/12963/sfto-vs-dotpixels', 'team_1_link': '/stats/teams/4493/sfto', 'team_1_name': 'SFTO', 'team_2_link': '/stats/teams/4496/dotpixels', 'team_2_name': 'dotpiXels', 'team_1_score': '12', 'team_2_score': '16', 'event_name': 'ESL Pro Series Germany Winter Season 2012', 'map': 'Nuke_se', 'data_unix': '1349200800000', 'offset': '93550'}
[2021-05-14 01:09:33,133] {bash.py:173} INFO - 2021-05-14 01:09:33 [scrapy.core.scraper] DEBUG: Scraped from <200 https://www.hltv.org/stats/matches?offset=93550>
[2021-05-14 01:09:33,133] {bash.py:173} INFO - {'match_id': '12970', 'match_link': '/stats/matches/mapstatsid/12970/blight-vs-immune', 'team_1_link': '/stats/teams/4444/blight', 'team_1_name': 'Blight', 'team_2_link': '/stats/teams/4485/immune', 'team_2_name': 'ImmuNe ', 'team_1_score': '16', 'team_2_score': '6', 'event_name': 'GDK SteelSeries GO #2', 'map': 'Inferno_se', 'data_unix': '1348426800000', 'offset': '93550'}
[2021-05-14 01:09:33,133] {bash.py:173} INFO - 2021-05-14 01:09:33 [scrapy.core.scraper] DEBUG: Scraped from <200 https://www.hltv.org/stats/matches?offset=93550>
[2021-05-14 01:09:33,134] {bash.py:173} INFO - {'match_id': '12849', 'match_link': '/stats/matches/mapstatsid/12849/verygames-vs-nip', 'team_1_link': '/stats/teams/4467/verygames', 'team_1_name': 'VeryGames', 'team_2_link': '/stats/teams/4411/nip', 'team_2_name': 'NIP', 'team_1_score': '12', 'team_2_score': '16', 'event_name': 'DreamHack Valencia 2012', 'map': 'Train_se', 'data_unix': '1348401601000', 'offset': '93550'}
[2021-05-14 01:09:33,134] {bash.py:173} INFO - 2021-05-14 01:09:33 [scrapy.core.scraper] DEBUG: Scraped from <200 https://www.hltv.org/stats/matches?offset=93550>
[2021-05-14 01:09:33,134] {bash.py:173} INFO - {'match_id': '12848', 'match_link': '/stats/matches/mapstatsid/12848/nip-vs-verygames', 'team_1_link': '/stats/teams/4411/nip', 'team_1_name': 'NIP', 'team_2_link': '/stats/teams/4467/verygames', 'team_2_name': 'VeryGames', 'team_1_score': '16', 'team_2_score': '10', 'event_name': 'DreamHack Valencia 2012', 'map': 'Nuke_se', 'data_unix': '1348401600000', 'offset': '93550'}
[2021-05-14 01:09:33,134] {bash.py:173} INFO - 2021-05-14 01:09:33 [scrapy.core.scraper] DEBUG: Scraped from <200 https://www.hltv.org/stats/matches?offset=93550>
[2021-05-14 01:09:33,135] {bash.py:173} INFO - {'match_id': '12866', 'match_link': '/stats/matches/mapstatsid/12866/k1ck-vs-nip', 'team_1_link': '/stats/teams/4469/k1ck', 'team_1_name': 'k1ck', 'team_2_link': '/stats/teams/4411/nip', 'team_2_name': 'NIP', 'team_1_score': '4', 'team_2_score': '16', 'event_name': 'DreamHack Valencia 2012', 'map': 'Nuke_se', 'data_unix': '1348387200000', 'offset': '93550'}
[2021-05-14 01:09:33,135] {bash.py:173} INFO - 2021-05-14 01:09:33 [scrapy.core.scraper] DEBUG: Scraped from <200 https://www.hltv.org/stats/matches?offset=93550>
[2021-05-14 01:09:33,135] {bash.py:173} INFO - {'match_id': '12865', 'match_link': '/stats/matches/mapstatsid/12865/nip-vs-k1ck', 'team_1_link': '/stats/teams/4411/nip', 'team_1_name': 'NIP', 'team_2_link': '/stats/teams/4469/k1ck', 'team_2_name': 'k1ck', 'team_1_score': '16', 'team_2_score': '9', 'event_name': 'DreamHack Valencia 2012', 'map': 'Inferno_se', 'data_unix': '1348387200000', 'offset': '93550'}
[2021-05-14 01:09:33,135] {bash.py:173} INFO - 2021-05-14 01:09:33 [scrapy.core.scraper] DEBUG: Scraped from <200 https://www.hltv.org/stats/matches?offset=93550>
[2021-05-14 01:09:33,135] {bash.py:173} INFO - {'match_id': '12864', 'match_link': '/stats/matches/mapstatsid/12864/x6tence-vs-verygames', 'team_1_link': '/stats/teams/4468/x6tence', 'team_1_name': 'x6tence', 'team_2_link': '/stats/teams/4467/verygames', 'team_2_name': 'VeryGames', 'team_1_score': '2', 'team_2_score': '16', 'event_name': 'DreamHack Valencia 2012', 'map': 'Inferno_se', 'data_unix': '1348350600000', 'offset': '93550'}
[2021-05-14 01:09:33,136] {bash.py:173} INFO - 2021-05-14 01:09:33 [scrapy.core.scraper] DEBUG: Scraped from <200 https://www.hltv.org/stats/matches?offset=93550>
[2021-05-14 01:09:33,136] {bash.py:173} INFO - {'match_id': '12863', 'match_link': '/stats/matches/mapstatsid/12863/x6tence-vs-verygames', 'team_1_link': '/stats/teams/4468/x6tence', 'team_1_name': 'x6tence', 'team_2_link': '/stats/teams/4467/verygames', 'team_2_name': 'VeryGames', 'team_1_score': '4', 'team_2_score': '16', 'event_name': 'DreamHack Valencia 2012', 'map': 'Nuke_se', 'data_unix': '1348350600000', 'offset': '93550'}
[2021-05-14 01:09:33,136] {bash.py:173} INFO - 2021-05-14 01:09:33 [scrapy.core.scraper] DEBUG: Scraped from <200 https://www.hltv.org/stats/matches?offset=93550>
[2021-05-14 01:09:33,136] {bash.py:173} INFO - {'match_id': '12862', 'match_link': '/stats/matches/mapstatsid/12862/bemyfrag-vs-34united', 'team_1_link': '/stats/teams/4471/bemyfrag', 'team_1_name': 'bemyfRAG', 'team_2_link': '/stats/teams/4470/34united', 'team_2_name': '34united', 'team_1_score': '7', 'team_2_score': '16', 'event_name': 'DreamHack Valencia 2012', 'map': 'Nuke_se', 'data_unix': '1348344600000', 'offset': '93550'}
[2021-05-14 01:09:33,137] {bash.py:173} INFO - 2021-05-14 01:09:33 [scrapy.core.scraper] DEBUG: Scraped from <200 https://www.hltv.org/stats/matches?offset=93550>
[2021-05-14 01:09:33,137] {bash.py:173} INFO - {'match_id': '12861', 'match_link': '/stats/matches/mapstatsid/12861/nip-vs-x6tence', 'team_1_link': '/stats/teams/4411/nip', 'team_1_name': 'NIP', 'team_2_link': '/stats/teams/4468/x6tence', 'team_2_name': 'x6tence', 'team_1_score': '16', 'team_2_score': '7', 'event_name': 'DreamHack Valencia 2012', 'map': 'Nuke_se', 'data_unix': '1348341300000', 'offset': '93550'}
[2021-05-14 01:09:33,137] {bash.py:173} INFO - 2021-05-14 01:09:33 [scrapy.core.scraper] DEBUG: Scraped from <200 https://www.hltv.org/stats/matches?offset=93550>
[2021-05-14 01:09:33,137] {bash.py:173} INFO - {'match_id': '12860', 'match_link': '/stats/matches/mapstatsid/12860/nip-vs-bemyfrag', 'team_1_link': '/stats/teams/4411/nip', 'team_1_name': 'NIP', 'team_2_link': '/stats/teams/4471/bemyfrag', 'team_2_name': 'bemyfRAG', 'team_1_score': '16', 'team_2_score': '1', 'event_name': 'DreamHack Valencia 2012', 'map': 'Mirage_ce', 'data_unix': '1348335900000', 'offset': '93550'}
[2021-05-14 01:09:33,138] {bash.py:173} INFO - 2021-05-14 01:09:33 [scrapy.core.scraper] DEBUG: Scraped from <200 https://www.hltv.org/stats/matches?offset=93550>
[2021-05-14 01:09:33,138] {bash.py:173} INFO - {'match_id': '12859', 'match_link': '/stats/matches/mapstatsid/12859/34united-vs-x6tence', 'team_1_link': '/stats/teams/4470/34united', 'team_1_name': '34united', 'team_2_link': '/stats/teams/4468/x6tence', 'team_2_name': 'x6tence', 'team_1_score': '9', 'team_2_score': '16', 'event_name': 'DreamHack Valencia 2012', 'map': 'Mirage_ce', 'data_unix': '1348332300000', 'offset': '93550'}
[2021-05-14 01:09:33,138] {bash.py:173} INFO - 2021-05-14 01:09:33 [scrapy.core.scraper] DEBUG: Scraped from <200 https://www.hltv.org/stats/matches?offset=93550>
[2021-05-14 01:09:33,139] {bash.py:173} INFO - {'match_id': '12858', 'match_link': '/stats/matches/mapstatsid/12858/verygames-vs-ases', 'team_1_link': '/stats/teams/4467/verygames', 'team_1_name': 'VeryGames', 'team_2_link': '/stats/teams/4472/ases', 'team_2_name': 'ASES', 'team_1_score': '15', 'team_2_score': '15', 'event_name': 'DreamHack Valencia 2012', 'map': 'Nuke_se', 'data_unix': '1348326000000', 'offset': '93550'}
[2021-05-14 01:09:33,139] {bash.py:173} INFO - 2021-05-14 01:09:33 [scrapy.core.scraper] DEBUG: Scraped from <200 https://www.hltv.org/stats/matches?offset=93550>
[2021-05-14 01:09:33,139] {bash.py:173} INFO - {'match_id': '12857', 'match_link': '/stats/matches/mapstatsid/12857/k1ck-vs-dn-gaming', 'team_1_link': '/stats/teams/4469/k1ck', 'team_1_name': 'k1ck', 'team_2_link': '/stats/teams/4473/dn-gaming', 'team_2_name': 'DN-Gaming', 'team_1_score': '16', 'team_2_score': '1', 'event_name': 'DreamHack Valencia 2012', 'map': 'Nuke_se', 'data_unix': '1348323000000', 'offset': '93550'}
[2021-05-14 01:09:33,139] {bash.py:173} INFO - 2021-05-14 01:09:33 [scrapy.core.scraper] DEBUG: Scraped from <200 https://www.hltv.org/stats/matches?offset=93550>
[2021-05-14 01:09:33,140] {bash.py:173} INFO - {'match_id': '12856', 'match_link': '/stats/matches/mapstatsid/12856/verygames-vs-k1ck', 'team_1_link': '/stats/teams/4467/verygames', 'team_1_name': 'VeryGames', 'team_2_link': '/stats/teams/4469/k1ck', 'team_2_name': 'k1ck', 'team_1_score': '16', 'team_2_score': '3', 'event_name': 'DreamHack Valencia 2012', 'map': 'Mirage_ce', 'data_unix': '1348317000000', 'offset': '93550'}
[2021-05-14 01:09:33,140] {bash.py:173} INFO - 2021-05-14 01:09:33 [scrapy.core.scraper] DEBUG: Scraped from <200 https://www.hltv.org/stats/matches?offset=93550>
[2021-05-14 01:09:33,140] {bash.py:173} INFO - {'match_id': '12855', 'match_link': '/stats/matches/mapstatsid/12855/ases-vs-dn-gaming', 'team_1_link': '/stats/teams/4472/ases', 'team_1_name': 'ASES', 'team_2_link': '/stats/teams/4473/dn-gaming', 'team_2_name': 'DN-Gaming', 'team_1_score': '16', 'team_2_score': '13', 'event_name': 'DreamHack Valencia 2012', 'map': 'Mirage_ce', 'data_unix': '1348313400000', 'offset': '93550'}
[2021-05-14 01:09:33,140] {bash.py:173} INFO - 2021-05-14 01:09:33 [scrapy.core.scraper] DEBUG: Scraped from <200 https://www.hltv.org/stats/matches?offset=93550>
[2021-05-14 01:09:33,141] {bash.py:173} INFO - {'match_id': '12854', 'match_link': '/stats/matches/mapstatsid/12854/ases-vs-k1ck', 'team_1_link': '/stats/teams/4472/ases', 'team_1_name': 'ASES', 'team_2_link': '/stats/teams/4469/k1ck', 'team_2_name': 'k1ck', 'team_1_score': '9', 'team_2_score': '16', 'event_name': 'DreamHack Valencia 2012', 'map': 'Dust2_se', 'data_unix': '1348308000000', 'offset': '93550'}
[2021-05-14 01:09:33,141] {bash.py:173} INFO - 2021-05-14 01:09:33 [scrapy.core.scraper] DEBUG: Scraped from <200 https://www.hltv.org/stats/matches?offset=93550>
[2021-05-14 01:09:33,141] {bash.py:173} INFO - {'match_id': '12853', 'match_link': '/stats/matches/mapstatsid/12853/verygames-vs-dn-gaming', 'team_1_link': '/stats/teams/4467/verygames', 'team_1_name': 'VeryGames', 'team_2_link': '/stats/teams/4473/dn-gaming', 'team_2_name': 'DN-Gaming', 'team_1_score': '16', 'team_2_score': '0', 'event_name': 'DreamHack Valencia 2012', 'map': 'Dust2_se', 'data_unix': '1348303800000', 'offset': '93550'}
[2021-05-14 01:09:33,141] {bash.py:173} INFO - 2021-05-14 01:09:33 [scrapy.core.scraper] DEBUG: Scraped from <200 https://www.hltv.org/stats/matches?offset=93550>
[2021-05-14 01:09:33,141] {bash.py:173} INFO - {'match_id': '12867', 'match_link': '/stats/matches/mapstatsid/12867/bemyfrag-vs-x6tence', 'team_1_link': '/stats/teams/4471/bemyfrag', 'team_1_name': 'bemyfRAG', 'team_2_link': '/stats/teams/4468/x6tence', 'team_2_name': 'x6tence', 'team_1_score': '5', 'team_2_score': '16', 'event_name': 'DreamHack Valencia 2012', 'map': 'Dust2_se', 'data_unix': '1348262400000', 'offset': '93550'}
[2021-05-14 01:09:33,142] {bash.py:173} INFO - 2021-05-14 01:09:33 [scrapy.core.scraper] DEBUG: Scraped from <200 https://www.hltv.org/stats/matches?offset=93550>
[2021-05-14 01:09:33,142] {bash.py:173} INFO - {'match_id': '12868', 'match_link': '/stats/matches/mapstatsid/12868/nip-vs-34united', 'team_1_link': '/stats/teams/4411/nip', 'team_1_name': 'NIP', 'team_2_link': '/stats/teams/4470/34united', 'team_2_name': '34united', 'team_1_score': '16', 'team_2_score': '2', 'event_name': 'DreamHack Valencia 2012', 'map': 'Dust2_se', 'data_unix': '1348254000000', 'offset': '93550'}
[2021-05-14 01:09:33,142] {bash.py:173} INFO - 2021-05-14 01:09:33 [scrapy.core.scraper] DEBUG: Scraped from <200 https://www.hltv.org/stats/matches?offset=93550>
[2021-05-14 01:09:33,142] {bash.py:173} INFO - {'match_id': '12841', 'match_link': '/stats/matches/mapstatsid/12841/fmesports-vs-blight', 'team_1_link': '/stats/teams/4445/fmesports', 'team_1_name': 'FMESPORTS', 'team_2_link': '/stats/teams/4444/blight', 'team_2_name': 'Blight', 'team_1_score': '7', 'team_2_score': '16', 'event_name': 'CyberGamer Qualifier Cup #1 by Tt eSPORTS', 'map': 'Dust2_se', 'data_unix': '1347562912000', 'offset': '93550'}
[2021-05-14 01:09:33,143] {bash.py:173} INFO - 2021-05-14 01:09:33 [scrapy.core.scraper] DEBUG: Scraped from <200 https://www.hltv.org/stats/matches?offset=93550>
[2021-05-14 01:09:33,143] {bash.py:173} INFO - {'match_id': '12840', 'match_link': '/stats/matches/mapstatsid/12840/blight-vs-fmesports', 'team_1_link': '/stats/teams/4444/blight', 'team_1_name': 'Blight', 'team_2_link': '/stats/teams/4445/fmesports', 'team_2_name': 'FMESPORTS', 'team_1_score': '16', 'team_2_score': '2', 'event_name': 'CyberGamer Qualifier Cup #1 by Tt eSPORTS', 'map': 'Inferno_se', 'data_unix': '1347562800000', 'offset': '93550'}
[2021-05-14 01:09:33,143] {bash.py:173} INFO - 2021-05-14 01:09:33 [scrapy.core.scraper] DEBUG: Scraped from <200 https://www.hltv.org/stats/matches?offset=93550>
[2021-05-14 01:09:33,143] {bash.py:173} INFO - {'match_id': '12839', 'match_link': '/stats/matches/mapstatsid/12839/nip-vs-prime', 'team_1_link': '/stats/teams/4411/nip', 'team_1_name': 'NIP', 'team_2_link': '/stats/teams/4443/prime', 'team_2_name': 'PRiME', 'team_1_score': '16', 'team_2_score': '1', 'event_name': 'Go4CS:GO Cup #6', 'map': 'Mirage_ce', 'data_unix': '1347562800000', 'offset': '93550'}
[2021-05-14 01:09:33,144] {bash.py:173} INFO - 2021-05-14 01:09:33 [quotes] DEBUG: Proxima pagina: https://www.hltv.org/stats/matches?offset=93600
[2021-05-14 01:09:34,133] {bash.py:173} INFO - 2021-05-14 01:09:34 [scrapy.core.engine] DEBUG: Crawled (200) <GET https://www.hltv.org/stats/matches?offset=93600> (referer: https://www.hltv.org/stats/matches?offset=93550)
[2021-05-14 01:09:34,235] {bash.py:173} INFO - 2021-05-14 01:09:34 [quotes] DEBUG: Estou aqui https://www.hltv.org/stats/matches?offset=93600
[2021-05-14 01:09:34,240] {bash.py:173} INFO - 2021-05-14 01:09:34 [scrapy.core.scraper] DEBUG: Scraped from <200 https://www.hltv.org/stats/matches?offset=93600>
[2021-05-14 01:09:34,240] {bash.py:173} INFO - {'match_id': '12838', 'match_link': '/stats/matches/mapstatsid/12838/nip-vs-prime', 'team_1_link': '/stats/teams/4411/nip', 'team_1_name': 'NIP', 'team_2_link': '/stats/teams/4443/prime', 'team_2_name': 'PRiME', 'team_1_score': '16', 'team_2_score': '3', 'event_name': 'Go4CS:GO Cup #6', 'map': 'Inferno_se', 'data_unix': '1347562800000', 'offset': '93600'}
[2021-05-14 01:09:34,242] {bash.py:173} INFO - 2021-05-14 01:09:34 [scrapy.core.engine] INFO: Closing spider (finished)
[2021-05-14 01:09:34,243] {bash.py:173} INFO - 2021-05-14 01:09:34 [scrapy.extensions.feedexport] INFO: Stored json feed (101 items) in: match_results.json
[2021-05-14 01:09:34,243] {bash.py:173} INFO - 2021-05-14 01:09:34 [scrapy.statscollectors] INFO: Dumping Scrapy stats:
[2021-05-14 01:09:34,244] {bash.py:173} INFO - {'downloader/request_bytes': 830,
[2021-05-14 01:09:34,244] {bash.py:173} INFO -  'downloader/request_count': 3,
[2021-05-14 01:09:34,244] {bash.py:173} INFO -  'downloader/request_method_count/GET': 3,
[2021-05-14 01:09:34,245] {bash.py:173} INFO -  'downloader/response_bytes': 67267,
[2021-05-14 01:09:34,245] {bash.py:173} INFO -  'downloader/response_count': 3,
[2021-05-14 01:09:34,245] {bash.py:173} INFO -  'downloader/response_status_count/200': 3,
[2021-05-14 01:09:34,245] {bash.py:173} INFO -  'elapsed_time_seconds': 2.648049,
[2021-05-14 01:09:34,246] {bash.py:173} INFO -  'feedexport/success_count/FileFeedStorage': 1,
[2021-05-14 01:09:34,246] {bash.py:173} INFO -  'finish_reason': 'finished',
[2021-05-14 01:09:34,246] {bash.py:173} INFO -  'finish_time': datetime.datetime(2021, 5, 14, 1, 9, 34, 242505),
[2021-05-14 01:09:34,246] {bash.py:173} INFO -  'httpcompression/response_bytes': 506387,
[2021-05-14 01:09:34,247] {bash.py:173} INFO -  'httpcompression/response_count': 3,
[2021-05-14 01:09:34,247] {bash.py:173} INFO -  'item_scraped_count': 101,
[2021-05-14 01:09:34,247] {bash.py:173} INFO -  'log_count/DEBUG': 109,
[2021-05-14 01:09:34,247] {bash.py:173} INFO -  'log_count/INFO': 11,
[2021-05-14 01:09:34,248] {bash.py:173} INFO -  'memusage/max': 116944896,
[2021-05-14 01:09:34,248] {bash.py:173} INFO -  'memusage/startup': 116944896,
[2021-05-14 01:09:34,248] {bash.py:173} INFO -  'request_depth_max': 2,
[2021-05-14 01:09:34,248] {bash.py:173} INFO -  'response_received_count': 3,
[2021-05-14 01:09:34,248] {bash.py:173} INFO -  'scheduler/dequeued': 3,
[2021-05-14 01:09:34,249] {bash.py:173} INFO -  'scheduler/dequeued/memory': 3,
[2021-05-14 01:09:34,249] {bash.py:173} INFO -  'scheduler/enqueued': 3,
[2021-05-14 01:09:34,249] {bash.py:173} INFO -  'scheduler/enqueued/memory': 3,
[2021-05-14 01:09:34,249] {bash.py:173} INFO -  'start_time': datetime.datetime(2021, 5, 14, 1, 9, 31, 594456)}
[2021-05-14 01:09:34,250] {bash.py:173} INFO - 2021-05-14 01:09:34 [scrapy.core.engine] INFO: Spider closed (finished)
[2021-05-14 01:09:34,511] {bash.py:177} INFO - Command exited with return code 0
[2021-05-14 01:09:34,574] {taskinstance.py:1192} INFO - Marking task as SUCCESS. dag_id=CS_GO_Pipeline, task_id=Matches_Results_Scraping, execution_date=20210514T010927, start_date=20210514T010930, end_date=20210514T010934
[2021-05-14 01:09:34,601] {taskinstance.py:1246} INFO - 0 downstream tasks scheduled from follow-on schedule check
[2021-05-14 01:09:34,617] {local_task_job.py:146} INFO - Task exited with return code 0
