[2021-05-13 16:19:46,692] {taskinstance.py:877} INFO - Dependencies all met for <TaskInstance: CS_GO_Pipeline.Matches_Crawler 2021-05-13T16:19:44.497519+00:00 [queued]>
[2021-05-13 16:19:46,708] {taskinstance.py:877} INFO - Dependencies all met for <TaskInstance: CS_GO_Pipeline.Matches_Crawler 2021-05-13T16:19:44.497519+00:00 [queued]>
[2021-05-13 16:19:46,709] {taskinstance.py:1068} INFO - 
--------------------------------------------------------------------------------
[2021-05-13 16:19:46,709] {taskinstance.py:1069} INFO - Starting attempt 1 of 4
[2021-05-13 16:19:46,710] {taskinstance.py:1070} INFO - 
--------------------------------------------------------------------------------
[2021-05-13 16:19:46,720] {taskinstance.py:1089} INFO - Executing <Task(BashOperator): Matches_Crawler> on 2021-05-13T16:19:44.497519+00:00
[2021-05-13 16:19:46,724] {standard_task_runner.py:52} INFO - Started process 110 to run task
[2021-05-13 16:19:46,727] {standard_task_runner.py:76} INFO - Running: ['airflow', 'tasks', 'run', 'CS_GO_Pipeline', 'Matches_Crawler', '2021-05-13T16:19:44.497519+00:00', '--job-id', '16', '--pool', 'default_pool', '--raw', '--subdir', 'DAGS_FOLDER/csgo_pipeline.py', '--cfg-path', '/tmp/tmp1t3zlhg6', '--error-file', '/tmp/tmpztlu8knd']
[2021-05-13 16:19:46,728] {standard_task_runner.py:77} INFO - Job 16: Subtask Matches_Crawler
[2021-05-13 16:19:46,766] {logging_mixin.py:104} INFO - Running <TaskInstance: CS_GO_Pipeline.Matches_Crawler 2021-05-13T16:19:44.497519+00:00 [running]> on host 834203160f1c
[2021-05-13 16:19:46,839] {taskinstance.py:1283} INFO - Exporting the following env vars:
AIRFLOW_CTX_DAG_OWNER=Filipe
AIRFLOW_CTX_DAG_ID=CS_GO_Pipeline
AIRFLOW_CTX_TASK_ID=Matches_Crawler
AIRFLOW_CTX_EXECUTION_DATE=2021-05-13T16:19:44.497519+00:00
AIRFLOW_CTX_DAG_RUN_ID=manual__2021-05-13T16:19:44.497519+00:00
[2021-05-13 16:19:46,840] {bash.py:135} INFO - Tmp dir root location: 
 /tmp
[2021-05-13 16:19:46,841] {bash.py:158} INFO - Running command: cd /opt && ls
[2021-05-13 16:19:46,848] {bash.py:169} INFO - Output:
[2021-05-13 16:19:46,850] {bash.py:173} INFO - airflow
[2021-05-13 16:19:46,851] {bash.py:177} INFO - Command exited with return code 0
[2021-05-13 16:19:46,878] {taskinstance.py:1192} INFO - Marking task as SUCCESS. dag_id=CS_GO_Pipeline, task_id=Matches_Crawler, execution_date=20210513T161944, start_date=20210513T161946, end_date=20210513T161946
[2021-05-13 16:19:46,903] {taskinstance.py:1246} INFO - 0 downstream tasks scheduled from follow-on schedule check
[2021-05-13 16:19:46,942] {local_task_job.py:146} INFO - Task exited with return code 0
