[2021-05-14 01:35:06,127] {scheduler_job.py:182} INFO - Started process (PID=19147) to work on /opt/airflow/dags/csgo_pipeline.py
[2021-05-14 01:35:06,130] {scheduler_job.py:629} INFO - Processing file /opt/airflow/dags/csgo_pipeline.py for tasks to queue
[2021-05-14 01:35:06,134] {logging_mixin.py:104} INFO - [2021-05-14 01:35:06,134] {dagbag.py:451} INFO - Filling up the DagBag from /opt/airflow/dags/csgo_pipeline.py
[2021-05-14 01:35:06,170] {scheduler_job.py:639} INFO - DAG(s) dict_keys(['CS_GO_Pipeline']) retrieved from /opt/airflow/dags/csgo_pipeline.py
[2021-05-14 01:35:06,204] {logging_mixin.py:104} INFO - [2021-05-14 01:35:06,204] {dag.py:1824} INFO - Sync 1 DAGs
[2021-05-14 01:35:06,223] {logging_mixin.py:104} INFO - [2021-05-14 01:35:06,223] {dag.py:2280} INFO - Setting next_dagrun for CS_GO_Pipeline to 2021-05-14 00:00:00+00:00
[2021-05-14 01:35:06,240] {scheduler_job.py:190} INFO - Processing /opt/airflow/dags/csgo_pipeline.py took 0.116 seconds
[2021-05-14 01:35:36,681] {scheduler_job.py:182} INFO - Started process (PID=19175) to work on /opt/airflow/dags/csgo_pipeline.py
[2021-05-14 01:35:36,682] {scheduler_job.py:629} INFO - Processing file /opt/airflow/dags/csgo_pipeline.py for tasks to queue
[2021-05-14 01:35:36,683] {logging_mixin.py:104} INFO - [2021-05-14 01:35:36,683] {dagbag.py:451} INFO - Filling up the DagBag from /opt/airflow/dags/csgo_pipeline.py
[2021-05-14 01:35:36,720] {scheduler_job.py:639} INFO - DAG(s) dict_keys(['CS_GO_Pipeline']) retrieved from /opt/airflow/dags/csgo_pipeline.py
[2021-05-14 01:35:36,756] {logging_mixin.py:104} INFO - [2021-05-14 01:35:36,756] {dag.py:1824} INFO - Sync 1 DAGs
[2021-05-14 01:35:36,783] {logging_mixin.py:104} INFO - [2021-05-14 01:35:36,782] {dag.py:2280} INFO - Setting next_dagrun for CS_GO_Pipeline to 2021-05-14 00:00:00+00:00
[2021-05-14 01:35:36,809] {scheduler_job.py:190} INFO - Processing /opt/airflow/dags/csgo_pipeline.py took 0.131 seconds
[2021-05-14 01:36:07,452] {scheduler_job.py:182} INFO - Started process (PID=19203) to work on /opt/airflow/dags/csgo_pipeline.py
[2021-05-14 01:36:07,454] {scheduler_job.py:629} INFO - Processing file /opt/airflow/dags/csgo_pipeline.py for tasks to queue
[2021-05-14 01:36:07,455] {logging_mixin.py:104} INFO - [2021-05-14 01:36:07,455] {dagbag.py:451} INFO - Filling up the DagBag from /opt/airflow/dags/csgo_pipeline.py
[2021-05-14 01:36:07,480] {scheduler_job.py:639} INFO - DAG(s) dict_keys(['CS_GO_Pipeline']) retrieved from /opt/airflow/dags/csgo_pipeline.py
[2021-05-14 01:36:07,503] {logging_mixin.py:104} INFO - [2021-05-14 01:36:07,503] {dag.py:1824} INFO - Sync 1 DAGs
[2021-05-14 01:36:07,526] {logging_mixin.py:104} INFO - [2021-05-14 01:36:07,525] {dag.py:2280} INFO - Setting next_dagrun for CS_GO_Pipeline to 2021-05-14 00:00:00+00:00
[2021-05-14 01:36:07,591] {scheduler_job.py:190} INFO - Processing /opt/airflow/dags/csgo_pipeline.py took 0.142 seconds
[2021-05-14 01:36:38,150] {scheduler_job.py:182} INFO - Started process (PID=19230) to work on /opt/airflow/dags/csgo_pipeline.py
[2021-05-14 01:36:38,152] {scheduler_job.py:629} INFO - Processing file /opt/airflow/dags/csgo_pipeline.py for tasks to queue
[2021-05-14 01:36:38,152] {logging_mixin.py:104} INFO - [2021-05-14 01:36:38,152] {dagbag.py:451} INFO - Filling up the DagBag from /opt/airflow/dags/csgo_pipeline.py
[2021-05-14 01:36:38,178] {scheduler_job.py:639} INFO - DAG(s) dict_keys(['CS_GO_Pipeline']) retrieved from /opt/airflow/dags/csgo_pipeline.py
[2021-05-14 01:36:38,196] {logging_mixin.py:104} INFO - [2021-05-14 01:36:38,195] {dag.py:1824} INFO - Sync 1 DAGs
[2021-05-14 01:36:38,211] {logging_mixin.py:104} INFO - [2021-05-14 01:36:38,210] {dag.py:2280} INFO - Setting next_dagrun for CS_GO_Pipeline to 2021-05-14 00:00:00+00:00
[2021-05-14 01:36:38,289] {scheduler_job.py:190} INFO - Processing /opt/airflow/dags/csgo_pipeline.py took 0.142 seconds
[2021-05-14 01:37:08,855] {scheduler_job.py:182} INFO - Started process (PID=19257) to work on /opt/airflow/dags/csgo_pipeline.py
[2021-05-14 01:37:08,856] {scheduler_job.py:629} INFO - Processing file /opt/airflow/dags/csgo_pipeline.py for tasks to queue
[2021-05-14 01:37:08,856] {logging_mixin.py:104} INFO - [2021-05-14 01:37:08,856] {dagbag.py:451} INFO - Filling up the DagBag from /opt/airflow/dags/csgo_pipeline.py
[2021-05-14 01:37:08,882] {scheduler_job.py:639} INFO - DAG(s) dict_keys(['CS_GO_Pipeline']) retrieved from /opt/airflow/dags/csgo_pipeline.py
[2021-05-14 01:37:08,900] {logging_mixin.py:104} INFO - [2021-05-14 01:37:08,900] {dag.py:1824} INFO - Sync 1 DAGs
[2021-05-14 01:37:08,915] {logging_mixin.py:104} INFO - [2021-05-14 01:37:08,915] {dag.py:2280} INFO - Setting next_dagrun for CS_GO_Pipeline to 2021-05-14 00:00:00+00:00
[2021-05-14 01:37:08,995] {scheduler_job.py:190} INFO - Processing /opt/airflow/dags/csgo_pipeline.py took 0.143 seconds
[2021-05-14 01:37:39,521] {scheduler_job.py:182} INFO - Started process (PID=19284) to work on /opt/airflow/dags/csgo_pipeline.py
[2021-05-14 01:37:39,523] {scheduler_job.py:629} INFO - Processing file /opt/airflow/dags/csgo_pipeline.py for tasks to queue
[2021-05-14 01:37:39,523] {logging_mixin.py:104} INFO - [2021-05-14 01:37:39,523] {dagbag.py:451} INFO - Filling up the DagBag from /opt/airflow/dags/csgo_pipeline.py
[2021-05-14 01:37:39,552] {scheduler_job.py:639} INFO - DAG(s) dict_keys(['CS_GO_Pipeline']) retrieved from /opt/airflow/dags/csgo_pipeline.py
[2021-05-14 01:37:39,570] {logging_mixin.py:104} INFO - [2021-05-14 01:37:39,570] {dag.py:1824} INFO - Sync 1 DAGs
[2021-05-14 01:37:39,585] {logging_mixin.py:104} INFO - [2021-05-14 01:37:39,585] {dag.py:2280} INFO - Setting next_dagrun for CS_GO_Pipeline to 2021-05-14 00:00:00+00:00
[2021-05-14 01:37:39,658] {scheduler_job.py:190} INFO - Processing /opt/airflow/dags/csgo_pipeline.py took 0.139 seconds
[2021-05-14 01:38:10,695] {scheduler_job.py:182} INFO - Started process (PID=19311) to work on /opt/airflow/dags/csgo_pipeline.py
[2021-05-14 01:38:10,697] {scheduler_job.py:629} INFO - Processing file /opt/airflow/dags/csgo_pipeline.py for tasks to queue
[2021-05-14 01:38:10,698] {logging_mixin.py:104} INFO - [2021-05-14 01:38:10,698] {dagbag.py:451} INFO - Filling up the DagBag from /opt/airflow/dags/csgo_pipeline.py
[2021-05-14 01:38:10,722] {scheduler_job.py:639} INFO - DAG(s) dict_keys(['CS_GO_Pipeline']) retrieved from /opt/airflow/dags/csgo_pipeline.py
[2021-05-14 01:38:10,740] {logging_mixin.py:104} INFO - [2021-05-14 01:38:10,740] {dag.py:1824} INFO - Sync 1 DAGs
[2021-05-14 01:38:10,756] {logging_mixin.py:104} INFO - [2021-05-14 01:38:10,756] {dag.py:2280} INFO - Setting next_dagrun for CS_GO_Pipeline to 2021-05-14 00:00:00+00:00
[2021-05-14 01:38:10,767] {scheduler_job.py:190} INFO - Processing /opt/airflow/dags/csgo_pipeline.py took 0.075 seconds
[2021-05-14 01:38:40,859] {scheduler_job.py:182} INFO - Started process (PID=19338) to work on /opt/airflow/dags/csgo_pipeline.py
[2021-05-14 01:38:40,860] {scheduler_job.py:629} INFO - Processing file /opt/airflow/dags/csgo_pipeline.py for tasks to queue
[2021-05-14 01:38:40,860] {logging_mixin.py:104} INFO - [2021-05-14 01:38:40,860] {dagbag.py:451} INFO - Filling up the DagBag from /opt/airflow/dags/csgo_pipeline.py
[2021-05-14 01:38:40,887] {scheduler_job.py:639} INFO - DAG(s) dict_keys(['CS_GO_Pipeline']) retrieved from /opt/airflow/dags/csgo_pipeline.py
[2021-05-14 01:38:40,905] {logging_mixin.py:104} INFO - [2021-05-14 01:38:40,905] {dag.py:1824} INFO - Sync 1 DAGs
[2021-05-14 01:38:40,921] {logging_mixin.py:104} INFO - [2021-05-14 01:38:40,921] {dag.py:2280} INFO - Setting next_dagrun for CS_GO_Pipeline to 2021-05-14 00:00:00+00:00
[2021-05-14 01:38:41,011] {scheduler_job.py:190} INFO - Processing /opt/airflow/dags/csgo_pipeline.py took 0.156 seconds
[2021-05-14 01:39:11,668] {scheduler_job.py:182} INFO - Started process (PID=19362) to work on /opt/airflow/dags/csgo_pipeline.py
[2021-05-14 01:39:11,669] {scheduler_job.py:629} INFO - Processing file /opt/airflow/dags/csgo_pipeline.py for tasks to queue
[2021-05-14 01:39:11,670] {logging_mixin.py:104} INFO - [2021-05-14 01:39:11,670] {dagbag.py:451} INFO - Filling up the DagBag from /opt/airflow/dags/csgo_pipeline.py
[2021-05-14 01:39:11,694] {scheduler_job.py:639} INFO - DAG(s) dict_keys(['CS_GO_Pipeline']) retrieved from /opt/airflow/dags/csgo_pipeline.py
[2021-05-14 01:39:11,713] {logging_mixin.py:104} INFO - [2021-05-14 01:39:11,712] {dag.py:1824} INFO - Sync 1 DAGs
[2021-05-14 01:39:11,728] {logging_mixin.py:104} INFO - [2021-05-14 01:39:11,728] {dag.py:2280} INFO - Setting next_dagrun for CS_GO_Pipeline to 2021-05-14 00:00:00+00:00
[2021-05-14 01:39:11,818] {scheduler_job.py:190} INFO - Processing /opt/airflow/dags/csgo_pipeline.py took 0.153 seconds
[2021-05-14 01:39:42,640] {scheduler_job.py:182} INFO - Started process (PID=19389) to work on /opt/airflow/dags/csgo_pipeline.py
[2021-05-14 01:39:42,641] {scheduler_job.py:629} INFO - Processing file /opt/airflow/dags/csgo_pipeline.py for tasks to queue
[2021-05-14 01:39:42,642] {logging_mixin.py:104} INFO - [2021-05-14 01:39:42,642] {dagbag.py:451} INFO - Filling up the DagBag from /opt/airflow/dags/csgo_pipeline.py
[2021-05-14 01:39:42,670] {scheduler_job.py:639} INFO - DAG(s) dict_keys(['CS_GO_Pipeline']) retrieved from /opt/airflow/dags/csgo_pipeline.py
[2021-05-14 01:39:42,689] {logging_mixin.py:104} INFO - [2021-05-14 01:39:42,688] {dag.py:1824} INFO - Sync 1 DAGs
[2021-05-14 01:39:42,706] {logging_mixin.py:104} INFO - [2021-05-14 01:39:42,706] {dag.py:2280} INFO - Setting next_dagrun for CS_GO_Pipeline to 2021-05-14 00:00:00+00:00
[2021-05-14 01:39:42,804] {scheduler_job.py:190} INFO - Processing /opt/airflow/dags/csgo_pipeline.py took 0.167 seconds
[2021-05-14 01:40:13,733] {scheduler_job.py:182} INFO - Started process (PID=19416) to work on /opt/airflow/dags/csgo_pipeline.py
[2021-05-14 01:40:13,734] {scheduler_job.py:629} INFO - Processing file /opt/airflow/dags/csgo_pipeline.py for tasks to queue
[2021-05-14 01:40:13,735] {logging_mixin.py:104} INFO - [2021-05-14 01:40:13,735] {dagbag.py:451} INFO - Filling up the DagBag from /opt/airflow/dags/csgo_pipeline.py
[2021-05-14 01:40:13,759] {scheduler_job.py:639} INFO - DAG(s) dict_keys(['CS_GO_Pipeline']) retrieved from /opt/airflow/dags/csgo_pipeline.py
[2021-05-14 01:40:13,777] {logging_mixin.py:104} INFO - [2021-05-14 01:40:13,777] {dag.py:1824} INFO - Sync 1 DAGs
[2021-05-14 01:40:13,793] {logging_mixin.py:104} INFO - [2021-05-14 01:40:13,792] {dag.py:2280} INFO - Setting next_dagrun for CS_GO_Pipeline to 2021-05-14 00:00:00+00:00
[2021-05-14 01:40:13,810] {scheduler_job.py:190} INFO - Processing /opt/airflow/dags/csgo_pipeline.py took 0.080 seconds
[2021-05-14 01:40:44,103] {scheduler_job.py:182} INFO - Started process (PID=19444) to work on /opt/airflow/dags/csgo_pipeline.py
[2021-05-14 01:40:44,104] {scheduler_job.py:629} INFO - Processing file /opt/airflow/dags/csgo_pipeline.py for tasks to queue
[2021-05-14 01:40:44,105] {logging_mixin.py:104} INFO - [2021-05-14 01:40:44,105] {dagbag.py:451} INFO - Filling up the DagBag from /opt/airflow/dags/csgo_pipeline.py
[2021-05-14 01:40:44,131] {scheduler_job.py:639} INFO - DAG(s) dict_keys(['CS_GO_Pipeline']) retrieved from /opt/airflow/dags/csgo_pipeline.py
[2021-05-14 01:40:44,150] {logging_mixin.py:104} INFO - [2021-05-14 01:40:44,150] {dag.py:1824} INFO - Sync 1 DAGs
[2021-05-14 01:40:44,173] {logging_mixin.py:104} INFO - [2021-05-14 01:40:44,173] {dag.py:2280} INFO - Setting next_dagrun for CS_GO_Pipeline to 2021-05-14 00:00:00+00:00
[2021-05-14 01:40:44,254] {scheduler_job.py:190} INFO - Processing /opt/airflow/dags/csgo_pipeline.py took 0.155 seconds
[2021-05-14 01:41:14,376] {scheduler_job.py:182} INFO - Started process (PID=19471) to work on /opt/airflow/dags/csgo_pipeline.py
[2021-05-14 01:41:14,377] {scheduler_job.py:629} INFO - Processing file /opt/airflow/dags/csgo_pipeline.py for tasks to queue
[2021-05-14 01:41:14,378] {logging_mixin.py:104} INFO - [2021-05-14 01:41:14,378] {dagbag.py:451} INFO - Filling up the DagBag from /opt/airflow/dags/csgo_pipeline.py
[2021-05-14 01:41:14,414] {scheduler_job.py:639} INFO - DAG(s) dict_keys(['CS_GO_Pipeline']) retrieved from /opt/airflow/dags/csgo_pipeline.py
[2021-05-14 01:41:14,432] {logging_mixin.py:104} INFO - [2021-05-14 01:41:14,432] {dag.py:1824} INFO - Sync 1 DAGs
[2021-05-14 01:41:14,448] {logging_mixin.py:104} INFO - [2021-05-14 01:41:14,447] {dag.py:2280} INFO - Setting next_dagrun for CS_GO_Pipeline to 2021-05-14 00:00:00+00:00
[2021-05-14 01:41:14,546] {scheduler_job.py:190} INFO - Processing /opt/airflow/dags/csgo_pipeline.py took 0.172 seconds
[2021-05-14 01:41:45,170] {scheduler_job.py:182} INFO - Started process (PID=19497) to work on /opt/airflow/dags/csgo_pipeline.py
[2021-05-14 01:41:45,171] {scheduler_job.py:629} INFO - Processing file /opt/airflow/dags/csgo_pipeline.py for tasks to queue
[2021-05-14 01:41:45,172] {logging_mixin.py:104} INFO - [2021-05-14 01:41:45,172] {dagbag.py:451} INFO - Filling up the DagBag from /opt/airflow/dags/csgo_pipeline.py
[2021-05-14 01:41:45,199] {scheduler_job.py:639} INFO - DAG(s) dict_keys(['CS_GO_Pipeline']) retrieved from /opt/airflow/dags/csgo_pipeline.py
[2021-05-14 01:41:45,218] {logging_mixin.py:104} INFO - [2021-05-14 01:41:45,218] {dag.py:1824} INFO - Sync 1 DAGs
[2021-05-14 01:41:45,233] {logging_mixin.py:104} INFO - [2021-05-14 01:41:45,233] {dag.py:2280} INFO - Setting next_dagrun for CS_GO_Pipeline to 2021-05-14 00:00:00+00:00
[2021-05-14 01:41:45,256] {scheduler_job.py:190} INFO - Processing /opt/airflow/dags/csgo_pipeline.py took 0.088 seconds
[2021-05-14 01:42:15,299] {scheduler_job.py:182} INFO - Started process (PID=19525) to work on /opt/airflow/dags/csgo_pipeline.py
[2021-05-14 01:42:15,300] {scheduler_job.py:629} INFO - Processing file /opt/airflow/dags/csgo_pipeline.py for tasks to queue
[2021-05-14 01:42:15,301] {logging_mixin.py:104} INFO - [2021-05-14 01:42:15,301] {dagbag.py:451} INFO - Filling up the DagBag from /opt/airflow/dags/csgo_pipeline.py
[2021-05-14 01:42:15,327] {scheduler_job.py:639} INFO - DAG(s) dict_keys(['CS_GO_Pipeline']) retrieved from /opt/airflow/dags/csgo_pipeline.py
[2021-05-14 01:42:15,345] {logging_mixin.py:104} INFO - [2021-05-14 01:42:15,345] {dag.py:1824} INFO - Sync 1 DAGs
[2021-05-14 01:42:15,361] {logging_mixin.py:104} INFO - [2021-05-14 01:42:15,361] {dag.py:2280} INFO - Setting next_dagrun for CS_GO_Pipeline to 2021-05-14 00:00:00+00:00
[2021-05-14 01:42:15,380] {scheduler_job.py:190} INFO - Processing /opt/airflow/dags/csgo_pipeline.py took 0.084 seconds
[2021-05-14 01:42:45,524] {scheduler_job.py:182} INFO - Started process (PID=19551) to work on /opt/airflow/dags/csgo_pipeline.py
[2021-05-14 01:42:45,525] {scheduler_job.py:629} INFO - Processing file /opt/airflow/dags/csgo_pipeline.py for tasks to queue
[2021-05-14 01:42:45,526] {logging_mixin.py:104} INFO - [2021-05-14 01:42:45,526] {dagbag.py:451} INFO - Filling up the DagBag from /opt/airflow/dags/csgo_pipeline.py
[2021-05-14 01:42:45,552] {scheduler_job.py:639} INFO - DAG(s) dict_keys(['CS_GO_Pipeline']) retrieved from /opt/airflow/dags/csgo_pipeline.py
[2021-05-14 01:42:45,570] {logging_mixin.py:104} INFO - [2021-05-14 01:42:45,570] {dag.py:1824} INFO - Sync 1 DAGs
[2021-05-14 01:42:45,585] {logging_mixin.py:104} INFO - [2021-05-14 01:42:45,585] {dag.py:2280} INFO - Setting next_dagrun for CS_GO_Pipeline to 2021-05-14 00:00:00+00:00
[2021-05-14 01:42:45,609] {scheduler_job.py:190} INFO - Processing /opt/airflow/dags/csgo_pipeline.py took 0.088 seconds
[2021-05-14 01:43:15,801] {scheduler_job.py:182} INFO - Started process (PID=19578) to work on /opt/airflow/dags/csgo_pipeline.py
[2021-05-14 01:43:15,802] {scheduler_job.py:629} INFO - Processing file /opt/airflow/dags/csgo_pipeline.py for tasks to queue
[2021-05-14 01:43:15,803] {logging_mixin.py:104} INFO - [2021-05-14 01:43:15,803] {dagbag.py:451} INFO - Filling up the DagBag from /opt/airflow/dags/csgo_pipeline.py
[2021-05-14 01:43:15,839] {scheduler_job.py:639} INFO - DAG(s) dict_keys(['CS_GO_Pipeline']) retrieved from /opt/airflow/dags/csgo_pipeline.py
[2021-05-14 01:43:15,858] {logging_mixin.py:104} INFO - [2021-05-14 01:43:15,858] {dag.py:1824} INFO - Sync 1 DAGs
[2021-05-14 01:43:15,874] {logging_mixin.py:104} INFO - [2021-05-14 01:43:15,874] {dag.py:2280} INFO - Setting next_dagrun for CS_GO_Pipeline to 2021-05-14 00:00:00+00:00
[2021-05-14 01:43:15,902] {scheduler_job.py:190} INFO - Processing /opt/airflow/dags/csgo_pipeline.py took 0.103 seconds
[2021-05-14 01:43:46,058] {scheduler_job.py:182} INFO - Started process (PID=19605) to work on /opt/airflow/dags/csgo_pipeline.py
[2021-05-14 01:43:46,059] {scheduler_job.py:629} INFO - Processing file /opt/airflow/dags/csgo_pipeline.py for tasks to queue
[2021-05-14 01:43:46,060] {logging_mixin.py:104} INFO - [2021-05-14 01:43:46,060] {dagbag.py:451} INFO - Filling up the DagBag from /opt/airflow/dags/csgo_pipeline.py
[2021-05-14 01:43:46,086] {scheduler_job.py:639} INFO - DAG(s) dict_keys(['CS_GO_Pipeline']) retrieved from /opt/airflow/dags/csgo_pipeline.py
[2021-05-14 01:43:46,103] {logging_mixin.py:104} INFO - [2021-05-14 01:43:46,103] {dag.py:1824} INFO - Sync 1 DAGs
[2021-05-14 01:43:46,118] {logging_mixin.py:104} INFO - [2021-05-14 01:43:46,118] {dag.py:2280} INFO - Setting next_dagrun for CS_GO_Pipeline to 2021-05-14 00:00:00+00:00
[2021-05-14 01:43:46,140] {scheduler_job.py:190} INFO - Processing /opt/airflow/dags/csgo_pipeline.py took 0.085 seconds
[2021-05-14 01:44:16,186] {scheduler_job.py:182} INFO - Started process (PID=19633) to work on /opt/airflow/dags/csgo_pipeline.py
[2021-05-14 01:44:16,187] {scheduler_job.py:629} INFO - Processing file /opt/airflow/dags/csgo_pipeline.py for tasks to queue
[2021-05-14 01:44:16,188] {logging_mixin.py:104} INFO - [2021-05-14 01:44:16,188] {dagbag.py:451} INFO - Filling up the DagBag from /opt/airflow/dags/csgo_pipeline.py
[2021-05-14 01:44:16,212] {scheduler_job.py:639} INFO - DAG(s) dict_keys(['CS_GO_Pipeline']) retrieved from /opt/airflow/dags/csgo_pipeline.py
[2021-05-14 01:44:16,232] {logging_mixin.py:104} INFO - [2021-05-14 01:44:16,232] {dag.py:1824} INFO - Sync 1 DAGs
[2021-05-14 01:44:16,247] {logging_mixin.py:104} INFO - [2021-05-14 01:44:16,247] {dag.py:2280} INFO - Setting next_dagrun for CS_GO_Pipeline to 2021-05-14 00:00:00+00:00
[2021-05-14 01:44:16,287] {scheduler_job.py:190} INFO - Processing /opt/airflow/dags/csgo_pipeline.py took 0.104 seconds
[2021-05-14 01:44:46,628] {scheduler_job.py:182} INFO - Started process (PID=19659) to work on /opt/airflow/dags/csgo_pipeline.py
[2021-05-14 01:44:46,629] {scheduler_job.py:629} INFO - Processing file /opt/airflow/dags/csgo_pipeline.py for tasks to queue
[2021-05-14 01:44:46,630] {logging_mixin.py:104} INFO - [2021-05-14 01:44:46,630] {dagbag.py:451} INFO - Filling up the DagBag from /opt/airflow/dags/csgo_pipeline.py
[2021-05-14 01:44:46,660] {scheduler_job.py:639} INFO - DAG(s) dict_keys(['CS_GO_Pipeline']) retrieved from /opt/airflow/dags/csgo_pipeline.py
[2021-05-14 01:44:46,682] {logging_mixin.py:104} INFO - [2021-05-14 01:44:46,682] {dag.py:1824} INFO - Sync 1 DAGs
[2021-05-14 01:44:46,700] {logging_mixin.py:104} INFO - [2021-05-14 01:44:46,700] {dag.py:2280} INFO - Setting next_dagrun for CS_GO_Pipeline to 2021-05-14 00:00:00+00:00
[2021-05-14 01:44:46,711] {scheduler_job.py:190} INFO - Processing /opt/airflow/dags/csgo_pipeline.py took 0.087 seconds
[2021-05-14 01:45:16,811] {scheduler_job.py:182} INFO - Started process (PID=19687) to work on /opt/airflow/dags/csgo_pipeline.py
[2021-05-14 01:45:16,813] {scheduler_job.py:629} INFO - Processing file /opt/airflow/dags/csgo_pipeline.py for tasks to queue
[2021-05-14 01:45:16,814] {logging_mixin.py:104} INFO - [2021-05-14 01:45:16,814] {dagbag.py:451} INFO - Filling up the DagBag from /opt/airflow/dags/csgo_pipeline.py
[2021-05-14 01:45:16,846] {scheduler_job.py:639} INFO - DAG(s) dict_keys(['CS_GO_Pipeline']) retrieved from /opt/airflow/dags/csgo_pipeline.py
[2021-05-14 01:45:16,868] {logging_mixin.py:104} INFO - [2021-05-14 01:45:16,868] {dag.py:1824} INFO - Sync 1 DAGs
[2021-05-14 01:45:16,885] {logging_mixin.py:104} INFO - [2021-05-14 01:45:16,885] {dag.py:2280} INFO - Setting next_dagrun for CS_GO_Pipeline to 2021-05-14 00:00:00+00:00
[2021-05-14 01:45:16,900] {scheduler_job.py:190} INFO - Processing /opt/airflow/dags/csgo_pipeline.py took 0.092 seconds
