[2021-05-13 16:37:29,733] {taskinstance.py:877} INFO - Dependencies all met for <TaskInstance: CS_GO_Pipeline.Matches_Crawler 2021-05-13T16:37:27.851672+00:00 [queued]>
[2021-05-13 16:37:29,745] {taskinstance.py:877} INFO - Dependencies all met for <TaskInstance: CS_GO_Pipeline.Matches_Crawler 2021-05-13T16:37:27.851672+00:00 [queued]>
[2021-05-13 16:37:29,745] {taskinstance.py:1068} INFO - 
--------------------------------------------------------------------------------
[2021-05-13 16:37:29,745] {taskinstance.py:1069} INFO - Starting attempt 1 of 4
[2021-05-13 16:37:29,745] {taskinstance.py:1070} INFO - 
--------------------------------------------------------------------------------
[2021-05-13 16:37:29,760] {taskinstance.py:1089} INFO - Executing <Task(BashOperator): Matches_Crawler> on 2021-05-13T16:37:27.851672+00:00
[2021-05-13 16:37:29,763] {standard_task_runner.py:52} INFO - Started process 47 to run task
[2021-05-13 16:37:29,768] {standard_task_runner.py:76} INFO - Running: ['airflow', 'tasks', 'run', 'CS_GO_Pipeline', 'Matches_Crawler', '2021-05-13T16:37:27.851672+00:00', '--job-id', '22', '--pool', 'default_pool', '--raw', '--subdir', 'DAGS_FOLDER/csgo_pipeline.py', '--cfg-path', '/tmp/tmpves634un', '--error-file', '/tmp/tmplk_7gjfc']
[2021-05-13 16:37:29,769] {standard_task_runner.py:77} INFO - Job 22: Subtask Matches_Crawler
[2021-05-13 16:37:29,813] {logging_mixin.py:104} INFO - Running <TaskInstance: CS_GO_Pipeline.Matches_Crawler 2021-05-13T16:37:27.851672+00:00 [running]> on host 50335de6f4cb
[2021-05-13 16:37:29,940] {taskinstance.py:1283} INFO - Exporting the following env vars:
AIRFLOW_CTX_DAG_OWNER=Filipe
AIRFLOW_CTX_DAG_ID=CS_GO_Pipeline
AIRFLOW_CTX_TASK_ID=Matches_Crawler
AIRFLOW_CTX_EXECUTION_DATE=2021-05-13T16:37:27.851672+00:00
AIRFLOW_CTX_DAG_RUN_ID=manual__2021-05-13T16:37:27.851672+00:00
[2021-05-13 16:37:29,941] {bash.py:135} INFO - Tmp dir root location: 
 /tmp
[2021-05-13 16:37:29,942] {bash.py:158} INFO - Running command: cd /opt/airflow && ls
[2021-05-13 16:37:29,950] {bash.py:169} INFO - Output:
[2021-05-13 16:37:29,952] {bash.py:173} INFO - airflow-worker.pid
[2021-05-13 16:37:29,952] {bash.py:173} INFO - airflow.cfg
[2021-05-13 16:37:29,953] {bash.py:173} INFO - dags
[2021-05-13 16:37:29,953] {bash.py:173} INFO - logs
[2021-05-13 16:37:29,953] {bash.py:173} INFO - plugins
[2021-05-13 16:37:29,953] {bash.py:173} INFO - scrapers
[2021-05-13 16:37:29,953] {bash.py:173} INFO - webserver_config.py
[2021-05-13 16:37:29,954] {bash.py:177} INFO - Command exited with return code 0
[2021-05-13 16:37:29,985] {taskinstance.py:1192} INFO - Marking task as SUCCESS. dag_id=CS_GO_Pipeline, task_id=Matches_Crawler, execution_date=20210513T163727, start_date=20210513T163729, end_date=20210513T163729
[2021-05-13 16:37:30,014] {taskinstance.py:1246} INFO - 0 downstream tasks scheduled from follow-on schedule check
[2021-05-13 16:37:30,023] {local_task_job.py:146} INFO - Task exited with return code 0
