[2021-05-13 19:38:29,995] {taskinstance.py:877} INFO - Dependencies all met for <TaskInstance: CS_GO_Pipeline.Matches_Crawler 2021-05-13T19:37:52.308683+00:00 [queued]>
[2021-05-13 19:38:30,011] {taskinstance.py:877} INFO - Dependencies all met for <TaskInstance: CS_GO_Pipeline.Matches_Crawler 2021-05-13T19:37:52.308683+00:00 [queued]>
[2021-05-13 19:38:30,012] {taskinstance.py:1068} INFO - 
--------------------------------------------------------------------------------
[2021-05-13 19:38:30,012] {taskinstance.py:1069} INFO - Starting attempt 1 of 4
[2021-05-13 19:38:30,012] {taskinstance.py:1070} INFO - 
--------------------------------------------------------------------------------
[2021-05-13 19:38:30,021] {taskinstance.py:1089} INFO - Executing <Task(BashOperator): Matches_Crawler> on 2021-05-13T19:37:52.308683+00:00
[2021-05-13 19:38:30,025] {standard_task_runner.py:52} INFO - Started process 48 to run task
[2021-05-13 19:38:30,028] {standard_task_runner.py:76} INFO - Running: ['airflow', 'tasks', 'run', 'CS_GO_Pipeline', 'Matches_Crawler', '2021-05-13T19:37:52.308683+00:00', '--job-id', '39', '--pool', 'default_pool', '--raw', '--subdir', 'DAGS_FOLDER/csgo_pipeline.py', '--cfg-path', '/tmp/tmp16dw3skv', '--error-file', '/tmp/tmphs6zkhik']
[2021-05-13 19:38:30,029] {standard_task_runner.py:77} INFO - Job 39: Subtask Matches_Crawler
[2021-05-13 19:38:30,071] {logging_mixin.py:104} INFO - Running <TaskInstance: CS_GO_Pipeline.Matches_Crawler 2021-05-13T19:37:52.308683+00:00 [running]> on host b7f6ee627e07
[2021-05-13 19:38:30,110] {taskinstance.py:1283} INFO - Exporting the following env vars:
AIRFLOW_CTX_DAG_OWNER=Filipe
AIRFLOW_CTX_DAG_ID=CS_GO_Pipeline
AIRFLOW_CTX_TASK_ID=Matches_Crawler
AIRFLOW_CTX_EXECUTION_DATE=2021-05-13T19:37:52.308683+00:00
AIRFLOW_CTX_DAG_RUN_ID=manual__2021-05-13T19:37:52.308683+00:00
[2021-05-13 19:38:30,110] {bash.py:135} INFO - Tmp dir root location: 
 /tmp
[2021-05-13 19:38:30,111] {bash.py:158} INFO - Running command: cd /opt/airflow/scrapers && scrapy runspider results_scrapy.py -o teste.json
[2021-05-13 19:38:30,118] {bash.py:169} INFO - Output:
[2021-05-13 19:38:31,067] {bash.py:173} INFO - 2021-05-13 19:38:31 [scrapy.utils.log] INFO: Scrapy 2.5.0 started (bot: scrapybot)
[2021-05-13 19:38:31,072] {bash.py:173} INFO - 2021-05-13 19:38:31 [scrapy.utils.log] INFO: Versions: lxml 4.6.3.0, libxml2 2.9.10, cssselect 1.1.0, parsel 1.6.0, w3lib 1.22.0, Twisted 21.2.0, Python 3.6.13 (default, Mar 27 2021, 03:29:33) - [GCC 8.3.0], pyOpenSSL 19.1.0 (OpenSSL 1.1.1k  25 Mar 2021), cryptography 3.4.7, Platform Linux-5.4.72-microsoft-standard-WSL2-x86_64-with-debian-10.8
[2021-05-13 19:38:31,072] {bash.py:173} INFO - 2021-05-13 19:38:31 [scrapy.utils.log] DEBUG: Using reactor: twisted.internet.epollreactor.EPollReactor
[2021-05-13 19:38:31,110] {bash.py:173} INFO - 2021-05-13 19:38:31 [scrapy.crawler] INFO: Overridden settings:
[2021-05-13 19:38:31,110] {bash.py:173} INFO - {'SPIDER_LOADER_WARN_ONLY': True}
[2021-05-13 19:38:31,124] {bash.py:173} INFO - 2021-05-13 19:38:31 [scrapy.extensions.telnet] INFO: Telnet Password: a1be1dafbed35d1e
[2021-05-13 19:38:31,161] {bash.py:173} INFO - 2021-05-13 19:38:31 [scrapy.middleware] INFO: Enabled extensions:
[2021-05-13 19:38:31,162] {bash.py:173} INFO - ['scrapy.extensions.corestats.CoreStats',
[2021-05-13 19:38:31,162] {bash.py:173} INFO -  'scrapy.extensions.telnet.TelnetConsole',
[2021-05-13 19:38:31,162] {bash.py:173} INFO -  'scrapy.extensions.memusage.MemoryUsage',
[2021-05-13 19:38:31,162] {bash.py:173} INFO -  'scrapy.extensions.feedexport.FeedExporter',
[2021-05-13 19:38:31,163] {bash.py:173} INFO -  'scrapy.extensions.logstats.LogStats']
[2021-05-13 19:38:31,197] {bash.py:173} INFO - 2021-05-13 19:38:31 [scrapy.middleware] INFO: Enabled downloader middlewares:
[2021-05-13 19:38:31,197] {bash.py:173} INFO - ['scrapy.downloadermiddlewares.httpauth.HttpAuthMiddleware',
[2021-05-13 19:38:31,198] {bash.py:173} INFO -  'scrapy.downloadermiddlewares.downloadtimeout.DownloadTimeoutMiddleware',
[2021-05-13 19:38:31,199] {bash.py:173} INFO -  'scrapy.downloadermiddlewares.defaultheaders.DefaultHeadersMiddleware',
[2021-05-13 19:38:31,199] {bash.py:173} INFO -  'scrapy.downloadermiddlewares.useragent.UserAgentMiddleware',
[2021-05-13 19:38:31,200] {bash.py:173} INFO -  'scrapy.downloadermiddlewares.retry.RetryMiddleware',
[2021-05-13 19:38:31,200] {bash.py:173} INFO -  'scrapy.downloadermiddlewares.redirect.MetaRefreshMiddleware',
[2021-05-13 19:38:31,200] {bash.py:173} INFO -  'scrapy.downloadermiddlewares.httpcompression.HttpCompressionMiddleware',
[2021-05-13 19:38:31,200] {bash.py:173} INFO -  'scrapy.downloadermiddlewares.redirect.RedirectMiddleware',
[2021-05-13 19:38:31,201] {bash.py:173} INFO -  'scrapy.downloadermiddlewares.cookies.CookiesMiddleware',
[2021-05-13 19:38:31,201] {bash.py:173} INFO -  'scrapy.downloadermiddlewares.httpproxy.HttpProxyMiddleware',
[2021-05-13 19:38:31,201] {bash.py:173} INFO -  'scrapy.downloadermiddlewares.stats.DownloaderStats']
[2021-05-13 19:38:31,202] {bash.py:173} INFO - 2021-05-13 19:38:31 [scrapy.middleware] INFO: Enabled spider middlewares:
[2021-05-13 19:38:31,202] {bash.py:173} INFO - ['scrapy.spidermiddlewares.httperror.HttpErrorMiddleware',
[2021-05-13 19:38:31,202] {bash.py:173} INFO -  'scrapy.spidermiddlewares.offsite.OffsiteMiddleware',
[2021-05-13 19:38:31,204] {bash.py:173} INFO -  'scrapy.spidermiddlewares.referer.RefererMiddleware',
[2021-05-13 19:38:31,204] {bash.py:173} INFO -  'scrapy.spidermiddlewares.urllength.UrlLengthMiddleware',
[2021-05-13 19:38:31,204] {bash.py:173} INFO -  'scrapy.spidermiddlewares.depth.DepthMiddleware']
[2021-05-13 19:38:31,204] {bash.py:173} INFO - 2021-05-13 19:38:31 [scrapy.middleware] INFO: Enabled item pipelines:
[2021-05-13 19:38:31,205] {bash.py:173} INFO - []
[2021-05-13 19:38:31,205] {bash.py:173} INFO - 2021-05-13 19:38:31 [scrapy.core.engine] INFO: Spider opened
[2021-05-13 19:38:31,210] {bash.py:173} INFO - 2021-05-13 19:38:31 [scrapy.extensions.logstats] INFO: Crawled 0 pages (at 0 pages/min), scraped 0 items (at 0 items/min)
[2021-05-13 19:38:31,211] {bash.py:173} INFO - 2021-05-13 19:38:31 [scrapy.extensions.telnet] INFO: Telnet console listening on 127.0.0.1:6023
[2021-05-13 19:38:32,732] {bash.py:173} INFO - 2021-05-13 19:38:32 [scrapy.core.engine] DEBUG: Crawled (200) <GET https://www.hltv.org/stats/matches?offset=93500> (referer: None)
[2021-05-13 19:38:32,874] {bash.py:173} INFO - 2021-05-13 19:38:32 [quotes] DEBUG: Estou aqui https://www.hltv.org/stats/matches?offset=93500
[2021-05-13 19:38:34,898] {bash.py:173} INFO - 2021-05-13 19:38:34 [scrapy.core.engine] DEBUG: Crawled (200) <GET https://www.hltv.org/stats/matches/mapstatsid/13092/gamedde-vs-mtw> (referer: https://www.hltv.org/stats/matches?offset=93500)
[2021-05-13 19:38:36,923] {bash.py:173} INFO - 2021-05-13 19:38:36 [scrapy.core.engine] DEBUG: Crawled (200) <GET https://www.hltv.org/stats/matches/mapstatsid/13210/fmesports-vs-aliquo> (referer: https://www.hltv.org/stats/matches?offset=93500)
[2021-05-13 19:38:36,923] {bash.py:173} INFO - 2021-05-13 19:38:36 [quotes] DEBUG: Estou aqui https://www.hltv.org/stats/matches/mapstatsid/13092/gamedde-vs-mtw
[2021-05-13 19:38:36,931] {bash.py:173} INFO - 2021-05-13 19:38:36 [scrapy.core.scraper] DEBUG: Scraped from <200 https://www.hltv.org/stats/matches/mapstatsid/13092/gamedde-vs-mtw>
[2021-05-13 19:38:36,931] {bash.py:173} INFO - {'match_id': '13092', 'match_link': '/stats/matches/mapstatsid/13092/gamedde-vs-mtw', 'team_1_link': '/stats/teams/4492/gamedde', 'team_1_name': 'gamed!de', 'team_2_link': '/stats/teams/4497/mtw', 'team_2_name': 'mTw', 'team_1_score': '7', 'team_2_score': '16', 'event_name': 'ESWC 2012 German Qualifier', 'map': 'Mirage_ce', 'data_unix': '1349892000000', 'offset': '93500', 'payers': [{'match_id': '13092', 'team': 'mTw', 'player_nick': 'hudzG', 'kills': '23', 'hs': '0', 'assists': '0', 'flash_assists': '0', 'deaths': '12', 'kdratio': '-', 'adr': '-', 'fkdiff': '+1', 'rating': '1.60'}, {'match_id': '13092', 'team': 'mTw', 'player_nick': 'steel', 'kills': '22', 'hs': '0', 'assists': '0', 'flash_assists': '0', 'deaths': '10', 'kdratio': '-', 'adr': '-', 'fkdiff': '+4', 'rating': '1.49'}, {'match_id': '13092', 'team': 'mTw', 'player_nick': 'osirisbash', 'kills': '15', 'hs': '0', 'assists': '0', 'flash_assists': '0', 'deaths': '11', 'kdratio': '-', 'adr': '-', 'fkdiff': '0', 'rating': '1.20'}, {'match_id': '13092', 'team': 'mTw', 'player_nick': 'cLy', 'kills': '19', 'hs': '0', 'assists': '0', 'flash_assists': '0', 'deaths': '14', 'kdratio': '-', 'adr': '-', 'fkdiff': '+1', 'rating': '1.19'}, {'match_id': '13092', 'team': 'mTw', 'player_nick': 'AaroN', 'kills': '16', 'hs': '0', 'assists': '0', 'flash_assists': '0', 'deaths': '14', 'kdratio': '-', 'adr': '-', 'fkdiff': '+1', 'rating': '1.05'}, {'match_id': '13092', 'team': 'gamed!de', 'player_nick': 'yannick', 'kills': '14', 'hs': '0', 'assists': '0', 'flash_assists': '0', 'deaths': '18', 'kdratio': '-', 'adr': '-', 'fkdiff': '-1', 'rating': '0.86'}, {'match_id': '13092', 'team': 'gamed!de', 'player_nick': 'syrsoN', 'kills': '13', 'hs': '0', 'assists': '0', 'flash_assists': '0', 'deaths': '19', 'kdratio': '-', 'adr': '-', 'fkdiff': '-2', 'rating': '0.69'}, {'match_id': '13092', 'team': 'gamed!de', 'player_nick': 'dynrmight', 'kills': '13', 'hs': '0', 'assists': '0', 'flash_assists': '0', 'deaths': '19', 'kdratio': '-', 'adr': '-', 'fkdiff': '0', 'rating': '0.69'}, {'match_id': '13092', 'team': 'gamed!de', 'player_nick': 'enkay J', 'kills': '12', 'hs': '0', 'assists': '0', 'flash_assists': '0', 'deaths': '19', 'kdratio': '-', 'adr': '-', 'fkdiff': '+1', 'rating': '0.65'}, {'match_id': '13092', 'team': 'gamed!de', 'player_nick': 'r0b', 'kills': '9', 'hs': '0', 'assists': '0', 'flash_assists': '0', 'deaths': '20', 'kdratio': '-', 'adr': '-', 'fkdiff': '-5', 'rating': '0.51'}]}
[2021-05-13 19:38:38,944] {bash.py:173} INFO - 2021-05-13 19:38:38 [quotes] DEBUG: Estou aqui https://www.hltv.org/stats/matches/mapstatsid/13210/fmesports-vs-aliquo
[2021-05-13 19:38:38,954] {bash.py:173} INFO - 2021-05-13 19:38:38 [scrapy.core.scraper] DEBUG: Scraped from <200 https://www.hltv.org/stats/matches/mapstatsid/13210/fmesports-vs-aliquo>
[2021-05-13 19:38:38,954] {bash.py:173} INFO - {'match_id': '13210', 'match_link': '/stats/matches/mapstatsid/13210/fmesports-vs-aliquo', 'team_1_link': '/stats/teams/4445/fmesports', 'team_1_name': 'FMESPORTS', 'team_2_link': '/stats/teams/4528/aliquo', 'team_2_name': 'aliquo', 'team_1_score': '16', 'team_2_score': '13', 'event_name': 'ESWC 2012 UK Qualifier', 'map': 'Mirage_ce', 'data_unix': '1349812800000', 'offset': '93500', 'payers': [{'match_id': '13210', 'team': 'FMESPORTS', 'player_nick': 'ZED', 'kills': '27', 'hs': '0', 'assists': '0', 'flash_assists': '0', 'deaths': '16', 'kdratio': '-', 'adr': '-', 'fkdiff': '+4', 'rating': '1.52'}, {'match_id': '13210', 'team': 'FMESPORTS', 'player_nick': 'weber', 'kills': '23', 'hs': '0', 'assists': '0', 'flash_assists': '0', 'deaths': '19', 'kdratio': '-', 'adr': '-', 'fkdiff': '+1', 'rating': '1.07'}, {'match_id': '13210', 'team': 'FMESPORTS', 'player_nick': 'TORNADOTONI', 'kills': '21', 'hs': '0', 'assists': '0', 'flash_assists': '0', 'deaths': '19', 'kdratio': '-', 'adr': '-', 'fkdiff': '+2', 'rating': '1.05'}, {'match_id': '13210', 'team': 'FMESPORTS', 'player_nick': 'Whindanski', 'kills': '20', 'hs': '0', 'assists': '0', 'flash_assists': '0', 'deaths': '22', 'kdratio': '-', 'adr': '-', 'fkdiff': '-1', 'rating': '0.91'}, {'match_id': '13210', 'team': 'FMESPORTS', 'player_nick': 'nEiLZiNHo', 'kills': '17', 'hs': '0', 'assists': '0', 'flash_assists': '0', 'deaths': '20', 'kdratio': '-', 'adr': '-', 'fkdiff': '-5', 'rating': '0.86'}, {'match_id': '13210', 'team': 'aliquo', 'player_nick': 'spk', 'kills': '29', 'hs': '0', 'assists': '0', 'flash_assists': '0', 'deaths': '23', 'kdratio': '-', 'adr': '-', 'fkdiff': '0', 'rating': '1.30'}, {'match_id': '13210', 'team': 'aliquo', 'player_nick': 'KYESAR', 'kills': '25', 'hs': '0', 'assists': '0', 'flash_assists': '0', 'deaths': '20', 'kdratio': '-', 'adr': '-', 'fkdiff': '-1', 'rating': '1.19'}, {'match_id': '13210', 'team': 'aliquo', 'player_nick': 'Murdy', 'kills': '17', 'hs': '0', 'assists': '0', 'flash_assists': '0', 'deaths': '22', 'kdratio': '-', 'adr': '-', 'fkdiff': '+1', 'rating': '0.75'}, {'match_id': '13210', 'team': 'aliquo', 'player_nick': 'Blacky', 'kills': '15', 'hs': '0', 'assists': '0', 'flash_assists': '0', 'deaths': '24', 'kdratio': '-', 'adr': '-', 'fkdiff': '-3', 'rating': '0.67'}, {'match_id': '13210', 'team': 'aliquo', 'player_nick': 'RAMPAGE', 'kills': '10', 'hs': '0', 'assists': '0', 'flash_assists': '0', 'deaths': '19', 'kdratio': '-', 'adr': '-', 'fkdiff': '+2', 'rating': '0.59'}]}
[2021-05-13 19:38:39,962] {bash.py:173} INFO - 2021-05-13 19:38:39 [scrapy.core.engine] DEBUG: Crawled (200) <GET https://www.hltv.org/stats/matches/mapstatsid/13091/gamedde-vs-mtw> (referer: https://www.hltv.org/stats/matches?offset=93500)
[2021-05-13 19:38:39,967] {bash.py:173} INFO - 2021-05-13 19:38:39 [scrapy.core.engine] DEBUG: Crawled (200) <GET https://www.hltv.org/stats/matches/mapstatsid/13208/mousesports-vs-teamcrg> (referer: https://www.hltv.org/stats/matches?offset=93500)
[2021-05-13 19:38:41,979] {bash.py:173} INFO - 2021-05-13 19:38:41 [scrapy.core.engine] DEBUG: Crawled (200) <GET https://www.hltv.org/stats/matches/mapstatsid/13209/aliquo-vs-fmesports> (referer: https://www.hltv.org/stats/matches?offset=93500)
[2021-05-13 19:38:41,983] {bash.py:173} INFO - 2021-05-13 19:38:41 [scrapy.core.engine] DEBUG: Crawled (200) <GET https://www.hltv.org/stats/matches/mapstatsid/13059/gamedde-vs-dotpixels> (referer: https://www.hltv.org/stats/matches?offset=93500)
[2021-05-13 19:38:41,984] {bash.py:173} INFO - 2021-05-13 19:38:41 [quotes] DEBUG: Estou aqui https://www.hltv.org/stats/matches/mapstatsid/13091/gamedde-vs-mtw
[2021-05-13 19:38:41,994] {bash.py:173} INFO - 2021-05-13 19:38:41 [scrapy.core.scraper] DEBUG: Scraped from <200 https://www.hltv.org/stats/matches/mapstatsid/13091/gamedde-vs-mtw>
[2021-05-13 19:38:41,995] {bash.py:173} INFO - {'match_id': '13091', 'match_link': '/stats/matches/mapstatsid/13091/gamedde-vs-mtw', 'team_1_link': '/stats/teams/4492/gamedde', 'team_1_name': 'gamed!de', 'team_2_link': '/stats/teams/4497/mtw', 'team_2_name': 'mTw', 'team_1_score': '16', 'team_2_score': '13', 'event_name': 'ESWC 2012 German Qualifier', 'map': 'Dust2_se', 'data_unix': '1349892000000', 'offset': '93500', 'payers': [{'match_id': '13091', 'team': 'mTw', 'player_nick': 'steel', 'kills': '27', 'hs': '0', 'assists': '0', 'flash_assists': '0', 'deaths': '20', 'kdratio': '-', 'adr': '-', 'fkdiff': '-1', 'rating': '1.37'}, {'match_id': '13091', 'team': 'mTw', 'player_nick': 'hudzG', 'kills': '19', 'hs': '0', 'assists': '0', 'flash_assists': '0', 'deaths': '23', 'kdratio': '-', 'adr': '-', 'fkdiff': '-2', 'rating': '0.92'}, {'match_id': '13091', 'team': 'mTw', 'player_nick': 'osirisbash', 'kills': '15', 'hs': '0', 'assists': '0', 'flash_assists': '0', 'deaths': '20', 'kdratio': '-', 'adr': '-', 'fkdiff': '0', 'rating': '0.81'}, {'match_id': '13091', 'team': 'mTw', 'player_nick': 'cLy', 'kills': '18', 'hs': '0', 'assists': '0', 'flash_assists': '0', 'deaths': '22', 'kdratio': '-', 'adr': '-', 'fkdiff': '-2', 'rating': '0.76'}, {'match_id': '13091', 'team': 'mTw', 'player_nick': 'AaroN', 'kills': '13', 'hs': '0', 'assists': '0', 'flash_assists': '0', 'deaths': '19', 'kdratio': '-', 'adr': '-', 'fkdiff': '-4', 'rating': '0.70'}, {'match_id': '13091', 'team': 'gamed!de', 'player_nick': 'r0b', 'kills': '23', 'hs': '0', 'assists': '0', 'flash_assists': '0', 'deaths': '19', 'kdratio': '-', 'adr': '-', 'fkdiff': '+3', 'rating': '1.14'}, {'match_id': '13091', 'team': 'gamed!de', 'player_nick': 'yannick', 'kills': '22', 'hs': '0', 'assists': '0', 'flash_assists': '0', 'deaths': '17', 'kdratio': '-', 'adr': '-', 'fkdiff': '+1', 'rating': '1.13'}, {'match_id': '13091', 'team': 'gamed!de', 'player_nick': 'enkay J', 'kills': '21', 'hs': '0', 'assists': '0', 'flash_assists': '0', 'deaths': '16', 'kdratio': '-', 'adr': '-', 'fkdiff': '+1', 'rating': '1.07'}, {'match_id': '13091', 'team': 'gamed!de', 'player_nick': 'syrsoN', 'kills': '19', 'hs': '0', 'assists': '0', 'flash_assists': '0', 'deaths': '17', 'kdratio': '-', 'adr': '-', 'fkdiff': '+2', 'rating': '0.99'}, {'match_id': '13091', 'team': 'gamed!de', 'player_nick': 'dynrmight', 'kills': '17', 'hs': '0', 'assists': '0', 'flash_assists': '0', 'deaths': '23', 'kdratio': '-', 'adr': '-', 'fkdiff': '+2', 'rating': '0.80'}]}
[2021-05-13 19:38:41,995] {bash.py:173} INFO - 2021-05-13 19:38:41 [quotes] DEBUG: Estou aqui https://www.hltv.org/stats/matches/mapstatsid/13208/mousesports-vs-teamcrg
[2021-05-13 19:38:42,003] {bash.py:173} INFO - 2021-05-13 19:38:42 [scrapy.core.scraper] DEBUG: Scraped from <200 https://www.hltv.org/stats/matches/mapstatsid/13208/mousesports-vs-teamcrg>
[2021-05-13 19:38:42,003] {bash.py:173} INFO - {'match_id': '13208', 'match_link': '/stats/matches/mapstatsid/13208/mousesports-vs-teamcrg', 'team_1_link': '/stats/teams/4465/mousesports', 'team_1_name': 'mousesports', 'team_2_link': '/stats/teams/4526/teamcrg', 'team_2_name': 'TeamCRG', 'team_1_score': '16', 'team_2_score': '12', 'event_name': 'ESWC 2012 UK Qualifier', 'map': 'Nuke_se', 'data_unix': '1349812800000', 'offset': '93500', 'payers': [{'match_id': '13208', 'team': 'mousesports', 'player_nick': 'Hughsy', 'kills': '21', 'hs': '7', 'assists': '0', 'flash_assists': '7', 'deaths': '16', 'kdratio': '-', 'adr': '-', 'fkdiff': '-1', 'rating': '1.25'}, {'match_id': '13208', 'team': 'mousesports', 'player_nick': 'RattlesnK', 'kills': '23', 'hs': '13', 'assists': '0', 'flash_assists': '13', 'deaths': '20', 'kdratio': '-', 'adr': '-', 'fkdiff': '+7', 'rating': '1.21'}, {'match_id': '13208', 'team': 'mousesports', 'player_nick': 'ritch', 'kills': '22', 'hs': '9', 'assists': '0', 'flash_assists': '9', 'deaths': '18', 'kdratio': '-', 'adr': '-', 'fkdiff': '0', 'rating': '1.20'}, {'match_id': '13208', 'team': 'mousesports', 'player_nick': 'RE1EASE', 'kills': '25', 'hs': '18', 'assists': '0', 'flash_assists': '18', 'deaths': '19', 'kdratio': '-', 'adr': '-', 'fkdiff': '-2', 'rating': '1.15'}, {'match_id': '13208', 'team': 'mousesports', 'player_nick': 'Mx', 'kills': '17', 'hs': '6', 'assists': '0', 'flash_assists': '6', 'deaths': '21', 'kdratio': '-', 'adr': '-', 'fkdiff': '+2', 'rating': '0.86'}, {'match_id': '13208', 'team': 'TeamCRG', 'player_nick': 'mole', 'kills': '22', 'hs': '10', 'assists': '0', 'flash_assists': '10', 'deaths': '20', 'kdratio': '-', 'adr': '-', 'fkdiff': '0', 'rating': '1.12'}, {'match_id': '13208', 'team': 'TeamCRG', 'player_nick': 'redSNK', 'kills': '20', 'hs': '7', 'assists': '0', 'flash_assists': '7', 'deaths': '23', 'kdratio': '-', 'adr': '-', 'fkdiff': '-2', 'rating': '0.97'}, {'match_id': '13208', 'team': 'TeamCRG', 'player_nick': 'batham', 'kills': '18', 'hs': '8', 'assists': '0', 'flash_assists': '8', 'deaths': '21', 'kdratio': '-', 'adr': '-', 'fkdiff': '-2', 'rating': '0.87'}, {'match_id': '13208', 'team': 'TeamCRG', 'player_nick': 'som', 'kills': '16', 'hs': '11', 'assists': '0', 'flash_assists': '11', 'deaths': '22', 'kdratio': '-', 'adr': '-', 'fkdiff': '0', 'rating': '0.76'}, {'match_id': '13208', 'team': 'TeamCRG', 'player_nick': 'pt', 'kills': '17', 'hs': '7', 'assists': '0', 'flash_assists': '7', 'deaths': '22', 'kdratio': '-', 'adr': '-', 'fkdiff': '-2', 'rating': '0.74'}]}
[2021-05-13 19:38:43,011] {bash.py:173} INFO - 2021-05-13 19:38:43 [scrapy.downloadermiddlewares.retry] DEBUG: Retrying <GET https://www.hltv.org/stats/matches/mapstatsid/13297/nfaculty-vs-syb> (failed 1 times): 429 Unknown Status
[2021-05-13 19:38:44,022] {bash.py:173} INFO - 2021-05-13 19:38:44 [scrapy.downloadermiddlewares.retry] DEBUG: Retrying <GET https://www.hltv.org/stats/matches/mapstatsid/13207/mousesports-vs-teamcrg> (failed 1 times): 429 Unknown Status
[2021-05-13 19:38:44,024] {bash.py:173} INFO - 2021-05-13 19:38:44 [scrapy.downloadermiddlewares.retry] DEBUG: Retrying <GET https://www.hltv.org/stats/matches/mapstatsid/13296/nfaculty-vs-syb> (failed 1 times): 429 Unknown Status
[2021-05-13 19:38:44,025] {bash.py:173} INFO - 2021-05-13 19:38:44 [quotes] DEBUG: Estou aqui https://www.hltv.org/stats/matches/mapstatsid/13209/aliquo-vs-fmesports
[2021-05-13 19:38:44,031] {bash.py:173} INFO - 2021-05-13 19:38:44 [scrapy.core.scraper] DEBUG: Scraped from <200 https://www.hltv.org/stats/matches/mapstatsid/13209/aliquo-vs-fmesports>
[2021-05-13 19:38:44,032] {bash.py:173} INFO - {'match_id': '13209', 'match_link': '/stats/matches/mapstatsid/13209/aliquo-vs-fmesports', 'team_1_link': '/stats/teams/4528/aliquo', 'team_1_name': 'aliquo', 'team_2_link': '/stats/teams/4445/fmesports', 'team_2_name': 'FMESPORTS', 'team_1_score': '14', 'team_2_score': '16', 'event_name': 'ESWC 2012 UK Qualifier', 'map': 'Dust2_se', 'data_unix': '1349812800000', 'offset': '93500', 'payers': [{'match_id': '13209', 'team': 'FMESPORTS', 'player_nick': 'Whindanski', 'kills': '24', 'hs': '0', 'assists': '0', 'flash_assists': '0', 'deaths': '18', 'kdratio': '-', 'adr': '-', 'fkdiff': '-3', 'rating': '1.30'}, {'match_id': '13209', 'team': 'FMESPORTS', 'player_nick': 'TORNADOTONI', 'kills': '27', 'hs': '0', 'assists': '0', 'flash_assists': '0', 'deaths': '20', 'kdratio': '-', 'adr': '-', 'fkdiff': '+1', 'rating': '1.20'}, {'match_id': '13209', 'team': 'FMESPORTS', 'player_nick': 'ZED', 'kills': '21', 'hs': '0', 'assists': '0', 'flash_assists': '0', 'deaths': '18', 'kdratio': '-', 'adr': '-', 'fkdiff': '+3', 'rating': '1.14'}, {'match_id': '13209', 'team': 'FMESPORTS', 'player_nick': 'nEiLZiNHo', 'kills': '16', 'hs': '0', 'assists': '0', 'flash_assists': '0', 'deaths': '20', 'kdratio': '-', 'adr': '-', 'fkdiff': '-4', 'rating': '0.85'}, {'match_id': '13209', 'team': 'FMESPORTS', 'player_nick': 'weber', 'kills': '18', 'hs': '0', 'assists': '0', 'flash_assists': '0', 'deaths': '20', 'kdratio': '-', 'adr': '-', 'fkdiff': '-1', 'rating': '0.85'}, {'match_id': '13209', 'team': 'aliquo', 'player_nick': 'KYESAR', 'kills': '28', 'hs': '0', 'assists': '0', 'flash_assists': '0', 'deaths': '22', 'kdratio': '-', 'adr': '-', 'fkdiff': '+5', 'rating': '1.19'}, {'match_id': '13209', 'team': 'aliquo', 'player_nick': 'spk', 'kills': '25', 'hs': '0', 'assists': '0', 'flash_assists': '0', 'deaths': '20', 'kdratio': '-', 'adr': '-', 'fkdiff': '-1', 'rating': '1.14'}, {'match_id': '13209', 'team': 'aliquo', 'player_nick': 'Murdy', 'kills': '17', 'hs': '0', 'assists': '0', 'flash_assists': '0', 'deaths': '19', 'kdratio': '-', 'adr': '-', 'fkdiff': '+1', 'rating': '0.91'}, {'match_id': '13209', 'team': 'aliquo', 'player_nick': 'RAMPAGE', 'kills': '14', 'hs': '0', 'assists': '0', 'flash_assists': '0', 'deaths': '23', 'kdratio': '-', 'adr': '-', 'fkdiff': '-2', 'rating': '0.64'}, {'match_id': '13209', 'team': 'aliquo', 'player_nick': 'Blacky', 'kills': '11', 'hs': '0', 'assists': '0', 'flash_assists': '0', 'deaths': '22', 'kdratio': '-', 'adr': '-', 'fkdiff': '+1', 'rating': '0.56'}]}
[2021-05-13 19:38:44,033] {bash.py:173} INFO - 2021-05-13 19:38:44 [quotes] DEBUG: Estou aqui https://www.hltv.org/stats/matches/mapstatsid/13059/gamedde-vs-dotpixels
[2021-05-13 19:38:44,040] {bash.py:173} INFO - 2021-05-13 19:38:44 [scrapy.core.scraper] DEBUG: Scraped from <200 https://www.hltv.org/stats/matches/mapstatsid/13059/gamedde-vs-dotpixels>
[2021-05-13 19:38:44,040] {bash.py:173} INFO - {'match_id': '13059', 'match_link': '/stats/matches/mapstatsid/13059/gamedde-vs-dotpixels', 'team_1_link': '/stats/teams/4492/gamedde', 'team_1_name': 'gamed!de', 'team_2_link': '/stats/teams/4496/dotpixels', 'team_2_name': 'dotpiXels', 'team_1_score': '15', 'team_2_score': '15', 'event_name': 'ESL Pro Series Germany Winter Season 2012', 'map': 'Dust2_se', 'data_unix': '1349812800000', 'offset': '93500', 'payers': [{'match_id': '13059', 'team': 'gamed!de', 'player_nick': 'syrsoN', 'kills': '22', 'hs': '0', 'assists': '0', 'flash_assists': '0', 'deaths': '19', 'kdratio': '-', 'adr': '-', 'fkdiff': '0', 'rating': '1.14'}, {'match_id': '13059', 'team': 'gamed!de', 'player_nick': 'r0b', 'kills': '26', 'hs': '0', 'assists': '0', 'flash_assists': '0', 'deaths': '21', 'kdratio': '-', 'adr': '-', 'fkdiff': '0', 'rating': '1.12'}, {'match_id': '13059', 'team': 'gamed!de', 'player_nick': 'dynrmight', 'kills': '18', 'hs': '0', 'assists': '0', 'flash_assists': '0', 'deaths': '20', 'kdratio': '-', 'adr': '-', 'fkdiff': '+1', 'rating': '0.87'}, {'match_id': '13059', 'team': 'gamed!de', 'player_nick': 'devn', 'kills': '17', 'hs': '0', 'assists': '0', 'flash_assists': '0', 'deaths': '22', 'kdratio': '-', 'adr': '-', 'fkdiff': '+1', 'rating': '0.83'}, {'match_id': '13059', 'team': 'gamed!de', 'player_nick': 'enkay J', 'kills': '12', 'hs': '0', 'assists': '0', 'flash_assists': '0', 'deaths': '21', 'kdratio': '-', 'adr': '-', 'fkdiff': '+2', 'rating': '0.64'}, {'match_id': '13059', 'team': 'dotpiXels', 'player_nick': 'tabseN', 'kills': '33', 'hs': '0', 'assists': '0', 'flash_assists': '0', 'deaths': '18', 'kdratio': '-', 'adr': '-', 'fkdiff': '+2', 'rating': '1.54'}, {'match_id': '13059', 'team': 'dotpiXels', 'player_nick': 'DavoN', 'kills': '22', 'hs': '0', 'assists': '0', 'flash_assists': '0', 'deaths': '21', 'kdratio': '-', 'adr': '-', 'fkdiff': '-2', 'rating': '1.13'}, {'match_id': '13059', 'team': 'dotpiXels', 'player_nick': 'mat', 'kills': '16', 'hs': '0', 'assists': '0', 'flash_assists': '0', 'deaths': '18', 'kdratio': '-', 'adr': '-', 'fkdiff': '-3', 'rating': '0.85'}, {'match_id': '13059', 'team': 'dotpiXels', 'player_nick': 'LEGIJA', 'kills': '15', 'hs': '0', 'assists': '0', 'flash_assists': '0', 'deaths': '18', 'kdratio': '-', 'adr': '-', 'fkdiff': '+1', 'rating': '0.80'}, {'match_id': '13059', 'team': 'dotpiXels', 'player_nick': 'avenue', 'kills': '16', 'hs': '0', 'assists': '0', 'flash_assists': '0', 'deaths': '21', 'kdratio': '-', 'adr': '-', 'fkdiff': '-2', 'rating': '0.72'}]}
[2021-05-13 19:38:45,049] {bash.py:173} INFO - 2021-05-13 19:38:45 [scrapy.downloadermiddlewares.retry] DEBUG: Retrying <GET https://www.hltv.org/stats/matches/mapstatsid/13205/teamcrg-vs-mousesports> (failed 1 times): 429 Unknown Status
[2021-05-13 19:38:45,050] {bash.py:173} INFO - 2021-05-13 19:38:45 [scrapy.downloadermiddlewares.retry] DEBUG: Retrying <GET https://www.hltv.org/stats/matches/mapstatsid/13295/syb-vs-nfaculty> (failed 1 times): 429 Unknown Status
[2021-05-13 19:38:49,086] {bash.py:173} INFO - 2021-05-13 19:38:49 [scrapy.downloadermiddlewares.retry] DEBUG: Retrying <GET https://www.hltv.org/stats/matches/mapstatsid/13297/nfaculty-vs-syb> (failed 2 times): 429 Unknown Status
[2021-05-13 19:38:50,096] {bash.py:173} INFO - 2021-05-13 19:38:50 [scrapy.downloadermiddlewares.retry] DEBUG: Retrying <GET https://www.hltv.org/stats/matches/mapstatsid/13296/nfaculty-vs-syb> (failed 2 times): 429 Unknown Status
[2021-05-13 19:38:50,099] {bash.py:173} INFO - 2021-05-13 19:38:50 [scrapy.downloadermiddlewares.retry] DEBUG: Retrying <GET https://www.hltv.org/stats/matches/mapstatsid/13207/mousesports-vs-teamcrg> (failed 2 times): 429 Unknown Status
[2021-05-13 19:38:50,102] {bash.py:173} INFO - 2021-05-13 19:38:50 [scrapy.downloadermiddlewares.retry] DEBUG: Retrying <GET https://www.hltv.org/stats/matches/mapstatsid/13287/asperagamers-vs-esc> (failed 1 times): 429 Unknown Status
[2021-05-13 19:38:51,111] {bash.py:173} INFO - 2021-05-13 19:38:51 [scrapy.downloadermiddlewares.retry] DEBUG: Retrying <GET https://www.hltv.org/stats/matches/mapstatsid/13295/syb-vs-nfaculty> (failed 2 times): 429 Unknown Status
[2021-05-13 19:38:51,114] {bash.py:173} INFO - 2021-05-13 19:38:51 [scrapy.downloadermiddlewares.retry] DEBUG: Retrying <GET https://www.hltv.org/stats/matches/mapstatsid/13205/teamcrg-vs-mousesports> (failed 2 times): 429 Unknown Status
[2021-05-13 19:38:51,118] {bash.py:173} INFO - 2021-05-13 19:38:51 [scrapy.downloadermiddlewares.retry] DEBUG: Retrying <GET https://www.hltv.org/stats/matches/mapstatsid/13058/mousesports-vs-cplay> (failed 1 times): 429 Unknown Status
[2021-05-13 19:38:52,129] {bash.py:173} INFO - 2021-05-13 19:38:52 [scrapy.downloadermiddlewares.retry] DEBUG: Retrying <GET https://www.hltv.org/stats/matches/mapstatsid/13056/dotpixels-vs-iplay> (failed 1 times): 429 Unknown Status
[2021-05-13 19:38:55,149] {bash.py:173} INFO - 2021-05-13 19:38:55 [scrapy.downloadermiddlewares.retry] DEBUG: Retrying <GET https://www.hltv.org/stats/matches/mapstatsid/13057/tt-dragons-vs-red-dead> (failed 1 times): 429 Unknown Status
[2021-05-13 19:38:56,159] {bash.py:173} INFO - 2021-05-13 19:38:56 [scrapy.downloadermiddlewares.retry] DEBUG: Retrying <GET https://www.hltv.org/stats/matches/mapstatsid/13055/nip-vs-publiclirse> (failed 1 times): 429 Unknown Status
[2021-05-13 19:38:56,162] {bash.py:173} INFO - 2021-05-13 19:38:56 [scrapy.downloadermiddlewares.retry] DEBUG: Retrying <GET https://www.hltv.org/stats/matches/mapstatsid/13054/nip-vs-publiclirse> (failed 1 times): 429 Unknown Status
[2021-05-13 19:38:56,165] {bash.py:173} INFO - 2021-05-13 19:38:56 [scrapy.downloadermiddlewares.retry] ERROR: Gave up retrying <GET https://www.hltv.org/stats/matches/mapstatsid/13297/nfaculty-vs-syb> (failed 3 times): 429 Unknown Status
[2021-05-13 19:38:56,166] {bash.py:173} INFO - 2021-05-13 19:38:56 [scrapy.core.engine] DEBUG: Crawled (429) <GET https://www.hltv.org/stats/matches/mapstatsid/13297/nfaculty-vs-syb> (referer: https://www.hltv.org/stats/matches?offset=93500)
[2021-05-13 19:38:57,177] {bash.py:173} INFO - 2021-05-13 19:38:57 [scrapy.downloadermiddlewares.retry] ERROR: Gave up retrying <GET https://www.hltv.org/stats/matches/mapstatsid/13207/mousesports-vs-teamcrg> (failed 3 times): 429 Unknown Status
[2021-05-13 19:38:57,177] {bash.py:173} INFO - 2021-05-13 19:38:57 [scrapy.core.engine] DEBUG: Crawled (429) <GET https://www.hltv.org/stats/matches/mapstatsid/13207/mousesports-vs-teamcrg> (referer: https://www.hltv.org/stats/matches?offset=93500)
[2021-05-13 19:38:57,180] {bash.py:173} INFO - 2021-05-13 19:38:57 [scrapy.downloadermiddlewares.retry] DEBUG: Retrying <GET https://www.hltv.org/stats/matches/mapstatsid/13053/hastalavista-vs-gosu> (failed 1 times): 429 Unknown Status
[2021-05-13 19:38:57,183] {bash.py:173} INFO - 2021-05-13 19:38:57 [scrapy.downloadermiddlewares.retry] DEBUG: Retrying <GET https://www.hltv.org/stats/matches/mapstatsid/13287/asperagamers-vs-esc> (failed 2 times): 429 Unknown Status
[2021-05-13 19:38:57,186] {bash.py:173} INFO - 2021-05-13 19:38:57 [scrapy.spidermiddlewares.httperror] INFO: Ignoring response <429 https://www.hltv.org/stats/matches/mapstatsid/13297/nfaculty-vs-syb>: HTTP status code is not handled or not allowed
[2021-05-13 19:38:58,192] {bash.py:173} INFO - 2021-05-13 19:38:58 [scrapy.downloadermiddlewares.retry] ERROR: Gave up retrying <GET https://www.hltv.org/stats/matches/mapstatsid/13296/nfaculty-vs-syb> (failed 3 times): 429 Unknown Status
[2021-05-13 19:38:58,193] {bash.py:173} INFO - 2021-05-13 19:38:58 [scrapy.core.engine] DEBUG: Crawled (429) <GET https://www.hltv.org/stats/matches/mapstatsid/13296/nfaculty-vs-syb> (referer: https://www.hltv.org/stats/matches?offset=93500)
[2021-05-13 19:38:58,198] {bash.py:173} INFO - 2021-05-13 19:38:58 [scrapy.spidermiddlewares.httperror] INFO: Ignoring response <429 https://www.hltv.org/stats/matches/mapstatsid/13207/mousesports-vs-teamcrg>: HTTP status code is not handled or not allowed
[2021-05-13 19:38:59,205] {bash.py:173} INFO - 2021-05-13 19:38:59 [scrapy.spidermiddlewares.httperror] INFO: Ignoring response <429 https://www.hltv.org/stats/matches/mapstatsid/13296/nfaculty-vs-syb>: HTTP status code is not handled or not allowed
[2021-05-13 19:39:01,219] {bash.py:173} INFO - 2021-05-13 19:39:01 [scrapy.downloadermiddlewares.retry] DEBUG: Retrying <GET https://www.hltv.org/stats/matches/mapstatsid/13052/hastalavista-vs-gosu> (failed 1 times): 429 Unknown Status
[2021-05-13 19:39:02,227] {bash.py:173} INFO - 2021-05-13 19:39:02 [scrapy.downloadermiddlewares.retry] ERROR: Gave up retrying <GET https://www.hltv.org/stats/matches/mapstatsid/13295/syb-vs-nfaculty> (failed 3 times): 429 Unknown Status
[2021-05-13 19:39:02,227] {bash.py:173} INFO - 2021-05-13 19:39:02 [scrapy.core.engine] DEBUG: Crawled (429) <GET https://www.hltv.org/stats/matches/mapstatsid/13295/syb-vs-nfaculty> (referer: https://www.hltv.org/stats/matches?offset=93500)
[2021-05-13 19:39:02,230] {bash.py:173} INFO - 2021-05-13 19:39:02 [scrapy.downloadermiddlewares.retry] DEBUG: Retrying <GET https://www.hltv.org/stats/matches/mapstatsid/13058/mousesports-vs-cplay> (failed 2 times): 429 Unknown Status
[2021-05-13 19:39:02,232] {bash.py:173} INFO - 2021-05-13 19:39:02 [scrapy.downloadermiddlewares.retry] ERROR: Gave up retrying <GET https://www.hltv.org/stats/matches/mapstatsid/13205/teamcrg-vs-mousesports> (failed 3 times): 429 Unknown Status
[2021-05-13 19:39:02,233] {bash.py:173} INFO - 2021-05-13 19:39:02 [scrapy.core.engine] DEBUG: Crawled (429) <GET https://www.hltv.org/stats/matches/mapstatsid/13205/teamcrg-vs-mousesports> (referer: https://www.hltv.org/stats/matches?offset=93500)
[2021-05-13 19:39:03,269] {bash.py:173} INFO - 2021-05-13 19:39:03 [scrapy.downloadermiddlewares.retry] DEBUG: Retrying <GET https://www.hltv.org/stats/matches/mapstatsid/13056/dotpixels-vs-iplay> (failed 2 times): 429 Unknown Status
[2021-05-13 19:39:03,272] {bash.py:173} INFO - 2021-05-13 19:39:03 [scrapy.downloadermiddlewares.retry] DEBUG: Retrying <GET https://www.hltv.org/stats/matches/mapstatsid/13089/alternate-attax-vs-mousesports> (failed 1 times): 429 Unknown Status
[2021-05-13 19:39:03,276] {bash.py:173} INFO - 2021-05-13 19:39:03 [scrapy.downloadermiddlewares.retry] DEBUG: Retrying <GET https://www.hltv.org/stats/matches/mapstatsid/13090/alternate-attax-vs-mousesports> (failed 1 times): 429 Unknown Status
[2021-05-13 19:39:03,281] {bash.py:173} INFO - 2021-05-13 19:39:03 [scrapy.spidermiddlewares.httperror] INFO: Ignoring response <429 https://www.hltv.org/stats/matches/mapstatsid/13295/syb-vs-nfaculty>: HTTP status code is not handled or not allowed
[2021-05-13 19:39:03,282] {bash.py:173} INFO - 2021-05-13 19:39:03 [scrapy.spidermiddlewares.httperror] INFO: Ignoring response <429 https://www.hltv.org/stats/matches/mapstatsid/13205/teamcrg-vs-mousesports>: HTTP status code is not handled or not allowed
[2021-05-13 19:39:04,287] {bash.py:173} INFO - 2021-05-13 19:39:04 [scrapy.downloadermiddlewares.retry] DEBUG: Retrying <GET https://www.hltv.org/stats/matches/mapstatsid/13088/tt-dragons-vs-nfaculty> (failed 1 times): 429 Unknown Status
[2021-05-13 19:39:07,307] {bash.py:173} INFO - 2021-05-13 19:39:07 [scrapy.downloadermiddlewares.retry] DEBUG: Retrying <GET https://www.hltv.org/stats/matches/mapstatsid/13087/tt-dragons-vs-nfaculty> (failed 1 times): 429 Unknown Status
[2021-05-13 19:39:08,315] {bash.py:173} INFO - 2021-05-13 19:39:08 [scrapy.downloadermiddlewares.retry] DEBUG: Retrying <GET https://www.hltv.org/stats/matches/mapstatsid/13054/nip-vs-publiclirse> (failed 2 times): 429 Unknown Status
[2021-05-13 19:39:08,318] {bash.py:173} INFO - 2021-05-13 19:39:08 [scrapy.downloadermiddlewares.retry] DEBUG: Retrying <GET https://www.hltv.org/stats/matches/mapstatsid/13055/nip-vs-publiclirse> (failed 2 times): 429 Unknown Status
[2021-05-13 19:39:08,321] {bash.py:173} INFO - 2021-05-13 19:39:08 [scrapy.downloadermiddlewares.retry] DEBUG: Retrying <GET https://www.hltv.org/stats/matches/mapstatsid/13086/tt-dragons-vs-nfaculty> (failed 1 times): 429 Unknown Status
[2021-05-13 19:39:09,331] {bash.py:173} INFO - 2021-05-13 19:39:09 [scrapy.downloadermiddlewares.retry] DEBUG: Retrying <GET https://www.hltv.org/stats/matches/mapstatsid/13053/hastalavista-vs-gosu> (failed 2 times): 429 Unknown Status
[2021-05-13 19:39:09,333] {bash.py:173} INFO - 2021-05-13 19:39:09 [scrapy.downloadermiddlewares.retry] DEBUG: Retrying <GET https://www.hltv.org/stats/matches/mapstatsid/13085/gamedde-vs-zuom> (failed 1 times): 429 Unknown Status
[2021-05-13 19:39:09,336] {bash.py:173} INFO - 2021-05-13 19:39:09 [scrapy.downloadermiddlewares.retry] DEBUG: Retrying <GET https://www.hltv.org/stats/matches/mapstatsid/13057/tt-dragons-vs-red-dead> (failed 2 times): 429 Unknown Status
[2021-05-13 19:39:10,344] {bash.py:173} INFO - 2021-05-13 19:39:10 [scrapy.downloadermiddlewares.retry] DEBUG: Retrying <GET https://www.hltv.org/stats/matches/mapstatsid/13084/zuom-vs-gamedde> (failed 1 times): 429 Unknown Status
[2021-05-13 19:39:13,362] {bash.py:173} INFO - 2021-05-13 19:39:13 [scrapy.downloadermiddlewares.retry] DEBUG: Retrying <GET https://www.hltv.org/stats/matches/mapstatsid/13285/boomslave-vs-clan-poland> (failed 1 times): 429 Unknown Status
[2021-05-13 19:39:14,371] {bash.py:173} INFO - 2021-05-13 19:39:14 [scrapy.downloadermiddlewares.retry] DEBUG: Retrying <GET https://www.hltv.org/stats/matches/mapstatsid/13082/mtw-vs-nod> (failed 1 times): 429 Unknown Status
[2021-05-13 19:39:14,374] {bash.py:173} INFO - 2021-05-13 19:39:14 [scrapy.downloadermiddlewares.retry] DEBUG: Retrying <GET https://www.hltv.org/stats/matches/mapstatsid/13083/nod-vs-mtw> (failed 1 times): 429 Unknown Status
[2021-05-13 19:39:15,381] {bash.py:173} INFO - 2021-05-13 19:39:15 [scrapy.downloadermiddlewares.retry] DEBUG: Retrying <GET https://www.hltv.org/stats/matches/mapstatsid/13090/alternate-attax-vs-mousesports> (failed 2 times): 429 Unknown Status
[2021-05-13 19:39:15,384] {bash.py:173} INFO - 2021-05-13 19:39:15 [scrapy.downloadermiddlewares.retry] DEBUG: Retrying <GET https://www.hltv.org/stats/matches/mapstatsid/13044/4kings-vs-aliquo> (failed 1 times): 429 Unknown Status
[2021-05-13 19:39:15,388] {bash.py:173} INFO - 2021-05-13 19:39:15 [scrapy.downloadermiddlewares.retry] DEBUG: Retrying <GET https://www.hltv.org/stats/matches/mapstatsid/13089/alternate-attax-vs-mousesports> (failed 2 times): 429 Unknown Status
[2021-05-13 19:39:15,391] {bash.py:173} INFO - 2021-05-13 19:39:15 [scrapy.downloadermiddlewares.retry] DEBUG: Retrying <GET https://www.hltv.org/stats/matches/mapstatsid/13284/alsen-vs-inet-koxxx> (failed 1 times): 429 Unknown Status
[2021-05-13 19:39:16,400] {bash.py:173} INFO - 2021-05-13 19:39:16 [scrapy.downloadermiddlewares.retry] DEBUG: Retrying <GET https://www.hltv.org/stats/matches/mapstatsid/13043/4kings-vs-aliquo> (failed 1 times): 429 Unknown Status
[2021-05-13 19:39:19,416] {bash.py:173} INFO - 2021-05-13 19:39:19 [scrapy.downloadermiddlewares.retry] DEBUG: Retrying <GET https://www.hltv.org/stats/matches/mapstatsid/13036/mousesports-vs-786> (failed 1 times): 429 Unknown Status
[2021-05-13 19:39:20,427] {bash.py:173} INFO - 2021-05-13 19:39:20 [scrapy.downloadermiddlewares.retry] DEBUG: Retrying <GET https://www.hltv.org/stats/matches/mapstatsid/13286/give-it-all-vs-maxfloplay> (failed 1 times): 429 Unknown Status
[2021-05-13 19:39:20,430] {bash.py:173} INFO - 2021-05-13 19:39:20 [scrapy.downloadermiddlewares.retry] DEBUG: Retrying <GET https://www.hltv.org/stats/matches/mapstatsid/13037/mousesports-vs-786> (failed 1 times): 429 Unknown Status
[2021-05-13 19:39:21,437] {bash.py:173} INFO - 2021-05-13 19:39:21 [scrapy.downloadermiddlewares.retry] DEBUG: Retrying <GET https://www.hltv.org/stats/matches/mapstatsid/13046/teamcrg-vs-vye> (failed 1 times): 429 Unknown Status
[2021-05-13 19:39:21,440] {bash.py:173} INFO - 2021-05-13 19:39:21 [scrapy.downloadermiddlewares.retry] DEBUG: Retrying <GET https://www.hltv.org/stats/matches/mapstatsid/13042/4kings-vs-aliquo> (failed 1 times): 429 Unknown Status
[2021-05-13 19:39:21,443] {bash.py:173} INFO - 2021-05-13 19:39:21 [scrapy.downloadermiddlewares.retry] DEBUG: Retrying <GET https://www.hltv.org/stats/matches/mapstatsid/13085/gamedde-vs-zuom> (failed 2 times): 429 Unknown Status
[2021-05-13 19:39:21,446] {bash.py:173} INFO - 2021-05-13 19:39:21 [scrapy.downloadermiddlewares.retry] DEBUG: Retrying <GET https://www.hltv.org/stats/matches/mapstatsid/13086/tt-dragons-vs-nfaculty> (failed 2 times): 429 Unknown Status
[2021-05-13 19:39:22,455] {bash.py:173} INFO - 2021-05-13 19:39:22 [scrapy.downloadermiddlewares.retry] DEBUG: Retrying <GET https://www.hltv.org/stats/matches/mapstatsid/13045/teamcrg-vs-vye> (failed 1 times): 429 Unknown Status
[2021-05-13 19:39:23,459] {bash.py:173} INFO - 2021-05-13 19:39:23 [quotes] DEBUG: Proxima pagina: https://www.hltv.org/stats/matches?offset=93550
[2021-05-13 19:39:23,547] {bash.py:173} INFO - 2021-05-13 19:39:23 [scrapy.downloadermiddlewares.retry] DEBUG: Retrying <GET https://www.hltv.org/stats/matches/mapstatsid/12990/mtw-vs-gamedde> (failed 1 times): 429 Unknown Status
[2021-05-13 19:39:23,551] {bash.py:173} INFO - 2021-05-13 19:39:23 [scrapy.downloadermiddlewares.retry] DEBUG: Retrying <GET https://www.hltv.org/stats/matches/mapstatsid/12987/red-dead-vs-nfaculty> (failed 1 times): 429 Unknown Status
[2021-05-13 19:39:23,559] {bash.py:173} INFO - 2021-05-13 19:39:23 [scrapy.downloadermiddlewares.retry] DEBUG: Retrying <GET https://www.hltv.org/stats/matches/mapstatsid/12991/fmesports-vs-enigma> (failed 1 times): 429 Unknown Status
[2021-05-13 19:39:23,581] {bash.py:173} INFO - 2021-05-13 19:39:23 [scrapy.downloadermiddlewares.retry] DEBUG: Retrying <GET https://www.hltv.org/stats/matches/mapstatsid/13040/gosu-vs-lions> (failed 1 times): 429 Unknown Status
[2021-05-13 19:39:23,598] {bash.py:173} INFO - 2021-05-13 19:39:23 [scrapy.downloadermiddlewares.retry] DEBUG: Retrying <GET https://www.hltv.org/stats/matches/mapstatsid/12992/fmesports-vs-enigma> (failed 1 times): 429 Unknown Status
[2021-05-13 19:39:23,674] {bash.py:173} INFO - 2021-05-13 19:39:23 [scrapy.downloadermiddlewares.retry] DEBUG: Retrying <GET https://www.hltv.org/stats/matches/mapstatsid/13041/gosu-vs-lions> (failed 1 times): 429 Unknown Status
[2021-05-13 19:39:23,679] {bash.py:173} INFO - 2021-05-13 19:39:23 [scrapy.downloadermiddlewares.retry] DEBUG: Retrying <GET https://www.hltv.org/stats/matches/mapstatsid/12980/winfakt-vs-hastalavista> (failed 1 times): 429 Unknown Status
[2021-05-13 19:39:23,706] {bash.py:173} INFO - 2021-05-13 19:39:23 [scrapy.downloadermiddlewares.retry] DEBUG: Retrying <GET https://www.hltv.org/stats/matches/mapstatsid/12981/winfakt-vs-hastalavista> (failed 1 times): 429 Unknown Status
[2021-05-13 19:39:23,717] {bash.py:173} INFO - 2021-05-13 19:39:23 [scrapy.downloadermiddlewares.retry] DEBUG: Retrying <GET https://www.hltv.org/stats/matches/mapstatsid/12985/tt-dragons-vs-logix> (failed 1 times): 429 Unknown Status
[2021-05-13 19:39:23,721] {bash.py:173} INFO - 2021-05-13 19:39:23 [scrapy.downloadermiddlewares.retry] DEBUG: Retrying <GET https://www.hltv.org/stats/matches/mapstatsid/13044/4kings-vs-aliquo> (failed 2 times): 429 Unknown Status
[2021-05-13 19:39:23,760] {bash.py:173} INFO - 2021-05-13 19:39:23 [scrapy.downloadermiddlewares.retry] DEBUG: Retrying <GET https://www.hltv.org/stats/matches/mapstatsid/12989/publiclirse-vs-give-it-all> (failed 1 times): 429 Unknown Status
[2021-05-13 19:39:23,789] {bash.py:173} INFO - 2021-05-13 19:39:23 [scrapy.downloadermiddlewares.retry] DEBUG: Retrying <GET https://www.hltv.org/stats/matches/mapstatsid/13046/teamcrg-vs-vye> (failed 2 times): 429 Unknown Status
[2021-05-13 19:39:23,796] {bash.py:173} INFO - 2021-05-13 19:39:23 [scrapy.downloadermiddlewares.retry] DEBUG: Retrying <GET https://www.hltv.org/stats/matches/mapstatsid/13284/alsen-vs-inet-koxxx> (failed 2 times): 429 Unknown Status
[2021-05-13 19:39:23,807] {bash.py:173} INFO - 2021-05-13 19:39:23 [scrapy.downloadermiddlewares.retry] DEBUG: Retrying <GET https://www.hltv.org/stats/matches/mapstatsid/12987/red-dead-vs-nfaculty> (failed 2 times): 429 Unknown Status
[2021-05-13 19:39:23,831] {bash.py:173} INFO - 2021-05-13 19:39:23 [scrapy.downloadermiddlewares.retry] DEBUG: Retrying <GET https://www.hltv.org/stats/matches?offset=93550> (failed 1 times): 429 Unknown Status
[2021-05-13 19:39:23,842] {bash.py:173} INFO - 2021-05-13 19:39:23 [scrapy.downloadermiddlewares.retry] DEBUG: Retrying <GET https://www.hltv.org/stats/matches/mapstatsid/12988/give-it-all-vs-publiclirse> (failed 1 times): 429 Unknown Status
[2021-05-13 19:39:23,859] {bash.py:173} INFO - 2021-05-13 19:39:23 [scrapy.downloadermiddlewares.retry] DEBUG: Retrying <GET https://www.hltv.org/stats/matches/mapstatsid/12991/fmesports-vs-enigma> (failed 2 times): 429 Unknown Status
[2021-05-13 19:39:23,901] {bash.py:173} INFO - 2021-05-13 19:39:23 [scrapy.downloadermiddlewares.retry] DEBUG: Retrying <GET https://www.hltv.org/stats/matches/mapstatsid/13040/gosu-vs-lions> (failed 2 times): 429 Unknown Status
[2021-05-13 19:39:23,919] {bash.py:173} INFO - 2021-05-13 19:39:23 [scrapy.downloadermiddlewares.retry] DEBUG: Retrying <GET https://www.hltv.org/stats/matches/mapstatsid/12986/cplay-vs-iplay> (failed 1 times): 429 Unknown Status
[2021-05-13 19:39:23,927] {bash.py:173} INFO - 2021-05-13 19:39:23 [scrapy.downloadermiddlewares.retry] DEBUG: Retrying <GET https://www.hltv.org/stats/matches/mapstatsid/12980/winfakt-vs-hastalavista> (failed 2 times): 429 Unknown Status
[2021-05-13 19:39:23,942] {bash.py:173} INFO - 2021-05-13 19:39:23 [scrapy.downloadermiddlewares.retry] DEBUG: Retrying <GET https://www.hltv.org/stats/matches/mapstatsid/13041/gosu-vs-lions> (failed 2 times): 429 Unknown Status
[2021-05-13 19:39:23,982] {bash.py:173} INFO - 2021-05-13 19:39:23 [scrapy.downloadermiddlewares.retry] DEBUG: Retrying <GET https://www.hltv.org/stats/matches/mapstatsid/12981/winfakt-vs-hastalavista> (failed 2 times): 429 Unknown Status
[2021-05-13 19:39:24,016] {bash.py:173} INFO - 2021-05-13 19:39:24 [scrapy.downloadermiddlewares.retry] DEBUG: Retrying <GET https://www.hltv.org/stats/matches/mapstatsid/12989/publiclirse-vs-give-it-all> (failed 2 times): 429 Unknown Status
[2021-05-13 19:39:24,019] {bash.py:173} INFO - 2021-05-13 19:39:24 [scrapy.downloadermiddlewares.retry] DEBUG: Retrying <GET https://www.hltv.org/stats/matches/mapstatsid/12985/tt-dragons-vs-logix> (failed 2 times): 429 Unknown Status
[2021-05-13 19:39:24,083] {bash.py:173} INFO - 2021-05-13 19:39:24 [scrapy.downloadermiddlewares.retry] DEBUG: Retrying <GET https://www.hltv.org/stats/matches/mapstatsid/12990/mtw-vs-gamedde> (failed 2 times): 429 Unknown Status
[2021-05-13 19:39:24,106] {bash.py:173} INFO - 2021-05-13 19:39:24 [scrapy.downloadermiddlewares.retry] DEBUG: Retrying <GET https://www.hltv.org/stats/matches/mapstatsid/13037/mousesports-vs-786> (failed 2 times): 429 Unknown Status
[2021-05-13 19:39:24,114] {bash.py:173} INFO - 2021-05-13 19:39:24 [scrapy.downloadermiddlewares.retry] DEBUG: Retrying <GET https://www.hltv.org/stats/matches/mapstatsid/12992/fmesports-vs-enigma> (failed 2 times): 429 Unknown Status
[2021-05-13 19:39:24,150] {bash.py:173} INFO - 2021-05-13 19:39:24 [scrapy.downloadermiddlewares.retry] DEBUG: Retrying <GET https://www.hltv.org/stats/matches/mapstatsid/12988/give-it-all-vs-publiclirse> (failed 2 times): 429 Unknown Status
[2021-05-13 19:39:24,196] {bash.py:173} INFO - 2021-05-13 19:39:24 [scrapy.downloadermiddlewares.retry] DEBUG: Retrying <GET https://www.hltv.org/stats/matches/mapstatsid/13043/4kings-vs-aliquo> (failed 2 times): 429 Unknown Status
[2021-05-13 19:39:24,322] {bash.py:173} INFO - 2021-05-13 19:39:24 [scrapy.downloadermiddlewares.retry] DEBUG: Retrying <GET https://www.hltv.org/stats/matches/mapstatsid/13045/teamcrg-vs-vye> (failed 2 times): 429 Unknown Status
[2021-05-13 19:39:24,350] {bash.py:173} INFO - 2021-05-13 19:39:24 [scrapy.downloadermiddlewares.retry] DEBUG: Retrying <GET https://www.hltv.org/stats/matches?offset=93550> (failed 2 times): 429 Unknown Status
[2021-05-13 19:39:24,397] {bash.py:173} INFO - 2021-05-13 19:39:24 [scrapy.downloadermiddlewares.retry] DEBUG: Retrying <GET https://www.hltv.org/stats/matches/mapstatsid/13036/mousesports-vs-786> (failed 2 times): 429 Unknown Status
[2021-05-13 19:39:24,432] {bash.py:173} INFO - 2021-05-13 19:39:24 [scrapy.downloadermiddlewares.retry] DEBUG: Retrying <GET https://www.hltv.org/stats/matches/mapstatsid/13083/nod-vs-mtw> (failed 2 times): 429 Unknown Status
[2021-05-13 19:39:24,441] {bash.py:173} INFO - 2021-05-13 19:39:24 [scrapy.downloadermiddlewares.retry] DEBUG: Retrying <GET https://www.hltv.org/stats/matches/mapstatsid/12986/cplay-vs-iplay> (failed 2 times): 429 Unknown Status
[2021-05-13 19:39:24,541] {bash.py:173} INFO - 2021-05-13 19:39:24 [scrapy.downloadermiddlewares.retry] DEBUG: Retrying <GET https://www.hltv.org/stats/matches/mapstatsid/13082/mtw-vs-nod> (failed 2 times): 429 Unknown Status
[2021-05-13 19:39:24,549] {bash.py:173} INFO - 2021-05-13 19:39:24 [scrapy.downloadermiddlewares.retry] DEBUG: Retrying <GET https://www.hltv.org/stats/matches/mapstatsid/13088/tt-dragons-vs-nfaculty> (failed 2 times): 429 Unknown Status
[2021-05-13 19:39:24,608] {bash.py:173} INFO - 2021-05-13 19:39:24 [scrapy.downloadermiddlewares.retry] DEBUG: Retrying <GET https://www.hltv.org/stats/matches/mapstatsid/13052/hastalavista-vs-gosu> (failed 2 times): 429 Unknown Status
[2021-05-13 19:39:24,632] {bash.py:173} INFO - 2021-05-13 19:39:24 [scrapy.downloadermiddlewares.retry] ERROR: Gave up retrying <GET https://www.hltv.org/stats/matches/mapstatsid/12992/fmesports-vs-enigma> (failed 3 times): 429 Unknown Status
[2021-05-13 19:39:24,633] {bash.py:173} INFO - 2021-05-13 19:39:24 [scrapy.core.engine] DEBUG: Crawled (429) <GET https://www.hltv.org/stats/matches/mapstatsid/12992/fmesports-vs-enigma> (referer: https://www.hltv.org/stats/matches?offset=93500)
[2021-05-13 19:39:24,650] {bash.py:173} INFO - 2021-05-13 19:39:24 [scrapy.downloadermiddlewares.retry] DEBUG: Retrying <GET https://www.hltv.org/stats/matches/mapstatsid/13285/boomslave-vs-clan-poland> (failed 2 times): 429 Unknown Status
[2021-05-13 19:39:24,654] {bash.py:173} INFO - 2021-05-13 19:39:24 [scrapy.downloadermiddlewares.retry] DEBUG: Retrying <GET https://www.hltv.org/stats/matches/mapstatsid/13084/zuom-vs-gamedde> (failed 2 times): 429 Unknown Status
[2021-05-13 19:39:24,705] {bash.py:173} INFO - 2021-05-13 19:39:24 [scrapy.downloadermiddlewares.retry] ERROR: Gave up retrying <GET https://www.hltv.org/stats/matches/mapstatsid/13043/4kings-vs-aliquo> (failed 3 times): 429 Unknown Status
[2021-05-13 19:39:24,706] {bash.py:173} INFO - 2021-05-13 19:39:24 [scrapy.core.engine] DEBUG: Crawled (429) <GET https://www.hltv.org/stats/matches/mapstatsid/13043/4kings-vs-aliquo> (referer: https://www.hltv.org/stats/matches?offset=93500)
[2021-05-13 19:39:24,726] {bash.py:173} INFO - 2021-05-13 19:39:24 [scrapy.downloadermiddlewares.retry] DEBUG: Retrying <GET https://www.hltv.org/stats/matches/mapstatsid/13087/tt-dragons-vs-nfaculty> (failed 2 times): 429 Unknown Status
[2021-05-13 19:39:24,733] {bash.py:173} INFO - 2021-05-13 19:39:24 [scrapy.spidermiddlewares.httperror] INFO: Ignoring response <429 https://www.hltv.org/stats/matches/mapstatsid/12992/fmesports-vs-enigma>: HTTP status code is not handled or not allowed
[2021-05-13 19:39:24,807] {bash.py:173} INFO - 2021-05-13 19:39:24 [scrapy.spidermiddlewares.httperror] INFO: Ignoring response <429 https://www.hltv.org/stats/matches/mapstatsid/13043/4kings-vs-aliquo>: HTTP status code is not handled or not allowed
[2021-05-13 19:39:24,818] {bash.py:173} INFO - 2021-05-13 19:39:24 [scrapy.downloadermiddlewares.retry] ERROR: Gave up retrying <GET https://www.hltv.org/stats/matches?offset=93550> (failed 3 times): 429 Unknown Status
[2021-05-13 19:39:24,818] {bash.py:173} INFO - 2021-05-13 19:39:24 [scrapy.core.engine] DEBUG: Crawled (429) <GET https://www.hltv.org/stats/matches?offset=93550> (referer: https://www.hltv.org/stats/matches?offset=93500)
[2021-05-13 19:39:24,822] {bash.py:173} INFO - 2021-05-13 19:39:24 [scrapy.downloadermiddlewares.retry] DEBUG: Retrying <GET https://www.hltv.org/stats/matches/mapstatsid/13042/4kings-vs-aliquo> (failed 2 times): 429 Unknown Status
[2021-05-13 19:39:24,906] {bash.py:173} INFO - 2021-05-13 19:39:24 [scrapy.downloadermiddlewares.retry] ERROR: Gave up retrying <GET https://www.hltv.org/stats/matches/mapstatsid/12988/give-it-all-vs-publiclirse> (failed 3 times): 429 Unknown Status
[2021-05-13 19:39:24,907] {bash.py:173} INFO - 2021-05-13 19:39:24 [scrapy.core.engine] DEBUG: Crawled (429) <GET https://www.hltv.org/stats/matches/mapstatsid/12988/give-it-all-vs-publiclirse> (referer: https://www.hltv.org/stats/matches?offset=93500)
[2021-05-13 19:39:24,918] {bash.py:173} INFO - 2021-05-13 19:39:24 [scrapy.spidermiddlewares.httperror] INFO: Ignoring response <429 https://www.hltv.org/stats/matches?offset=93550>: HTTP status code is not handled or not allowed
[2021-05-13 19:39:24,921] {bash.py:173} INFO - 2021-05-13 19:39:24 [scrapy.downloadermiddlewares.retry] ERROR: Gave up retrying <GET https://www.hltv.org/stats/matches/mapstatsid/13082/mtw-vs-nod> (failed 3 times): 429 Unknown Status
[2021-05-13 19:39:24,922] {bash.py:173} INFO - 2021-05-13 19:39:24 [scrapy.core.engine] DEBUG: Crawled (429) <GET https://www.hltv.org/stats/matches/mapstatsid/13082/mtw-vs-nod> (referer: https://www.hltv.org/stats/matches?offset=93500)
[2021-05-13 19:39:24,950] {bash.py:173} INFO - 2021-05-13 19:39:24 [scrapy.downloadermiddlewares.retry] ERROR: Gave up retrying <GET https://www.hltv.org/stats/matches/mapstatsid/13088/tt-dragons-vs-nfaculty> (failed 3 times): 429 Unknown Status
[2021-05-13 19:39:24,950] {bash.py:173} INFO - 2021-05-13 19:39:24 [scrapy.core.engine] DEBUG: Crawled (429) <GET https://www.hltv.org/stats/matches/mapstatsid/13088/tt-dragons-vs-nfaculty> (referer: https://www.hltv.org/stats/matches?offset=93500)
[2021-05-13 19:39:24,988] {bash.py:173} INFO - 2021-05-13 19:39:24 [scrapy.downloadermiddlewares.retry] ERROR: Gave up retrying <GET https://www.hltv.org/stats/matches/mapstatsid/13045/teamcrg-vs-vye> (failed 3 times): 429 Unknown Status
[2021-05-13 19:39:24,989] {bash.py:173} INFO - 2021-05-13 19:39:24 [scrapy.core.engine] DEBUG: Crawled (429) <GET https://www.hltv.org/stats/matches/mapstatsid/13045/teamcrg-vs-vye> (referer: https://www.hltv.org/stats/matches?offset=93500)
[2021-05-13 19:39:25,009] {bash.py:173} INFO - 2021-05-13 19:39:25 [scrapy.downloadermiddlewares.retry] ERROR: Gave up retrying <GET https://www.hltv.org/stats/matches/mapstatsid/13036/mousesports-vs-786> (failed 3 times): 429 Unknown Status
[2021-05-13 19:39:25,009] {bash.py:173} INFO - 2021-05-13 19:39:25 [scrapy.core.engine] DEBUG: Crawled (429) <GET https://www.hltv.org/stats/matches/mapstatsid/13036/mousesports-vs-786> (referer: https://www.hltv.org/stats/matches?offset=93500)
[2021-05-13 19:39:25,009] {bash.py:173} INFO - 2021-05-13 19:39:25 [scrapy.spidermiddlewares.httperror] INFO: Ignoring response <429 https://www.hltv.org/stats/matches/mapstatsid/12988/give-it-all-vs-publiclirse>: HTTP status code is not handled or not allowed
[2021-05-13 19:39:25,021] {bash.py:173} INFO - 2021-05-13 19:39:25 [scrapy.downloadermiddlewares.retry] ERROR: Gave up retrying <GET https://www.hltv.org/stats/matches/mapstatsid/13037/mousesports-vs-786> (failed 3 times): 429 Unknown Status
[2021-05-13 19:39:25,022] {bash.py:173} INFO - 2021-05-13 19:39:25 [scrapy.core.engine] DEBUG: Crawled (429) <GET https://www.hltv.org/stats/matches/mapstatsid/13037/mousesports-vs-786> (referer: https://www.hltv.org/stats/matches?offset=93500)
[2021-05-13 19:39:25,023] {bash.py:173} INFO - 2021-05-13 19:39:25 [scrapy.spidermiddlewares.httperror] INFO: Ignoring response <429 https://www.hltv.org/stats/matches/mapstatsid/13082/mtw-vs-nod>: HTTP status code is not handled or not allowed
[2021-05-13 19:39:25,041] {bash.py:173} INFO - 2021-05-13 19:39:25 [scrapy.downloadermiddlewares.retry] ERROR: Gave up retrying <GET https://www.hltv.org/stats/matches/mapstatsid/13083/nod-vs-mtw> (failed 3 times): 429 Unknown Status
[2021-05-13 19:39:25,042] {bash.py:173} INFO - 2021-05-13 19:39:25 [scrapy.core.engine] DEBUG: Crawled (429) <GET https://www.hltv.org/stats/matches/mapstatsid/13083/nod-vs-mtw> (referer: https://www.hltv.org/stats/matches?offset=93500)
[2021-05-13 19:39:25,048] {bash.py:173} INFO - 2021-05-13 19:39:25 [scrapy.downloadermiddlewares.retry] ERROR: Gave up retrying <GET https://www.hltv.org/stats/matches/mapstatsid/13285/boomslave-vs-clan-poland> (failed 3 times): 429 Unknown Status
[2021-05-13 19:39:25,049] {bash.py:173} INFO - 2021-05-13 19:39:25 [scrapy.core.engine] DEBUG: Crawled (429) <GET https://www.hltv.org/stats/matches/mapstatsid/13285/boomslave-vs-clan-poland> (referer: https://www.hltv.org/stats/matches?offset=93500)
[2021-05-13 19:39:25,054] {bash.py:173} INFO - 2021-05-13 19:39:25 [scrapy.downloadermiddlewares.retry] ERROR: Gave up retrying <GET https://www.hltv.org/stats/matches/mapstatsid/12986/cplay-vs-iplay> (failed 3 times): 429 Unknown Status
[2021-05-13 19:39:25,054] {bash.py:173} INFO - 2021-05-13 19:39:25 [scrapy.core.engine] DEBUG: Crawled (429) <GET https://www.hltv.org/stats/matches/mapstatsid/12986/cplay-vs-iplay> (referer: https://www.hltv.org/stats/matches?offset=93500)
[2021-05-13 19:39:25,055] {bash.py:173} INFO - 2021-05-13 19:39:25 [scrapy.spidermiddlewares.httperror] INFO: Ignoring response <429 https://www.hltv.org/stats/matches/mapstatsid/13088/tt-dragons-vs-nfaculty>: HTTP status code is not handled or not allowed
[2021-05-13 19:39:25,087] {bash.py:173} INFO - 2021-05-13 19:39:25 [scrapy.downloadermiddlewares.retry] ERROR: Gave up retrying <GET https://www.hltv.org/stats/matches/mapstatsid/13084/zuom-vs-gamedde> (failed 3 times): 429 Unknown Status
[2021-05-13 19:39:25,087] {bash.py:173} INFO - 2021-05-13 19:39:25 [scrapy.core.engine] DEBUG: Crawled (429) <GET https://www.hltv.org/stats/matches/mapstatsid/13084/zuom-vs-gamedde> (referer: https://www.hltv.org/stats/matches?offset=93500)
[2021-05-13 19:39:25,090] {bash.py:173} INFO - 2021-05-13 19:39:25 [scrapy.spidermiddlewares.httperror] INFO: Ignoring response <429 https://www.hltv.org/stats/matches/mapstatsid/13045/teamcrg-vs-vye>: HTTP status code is not handled or not allowed
[2021-05-13 19:39:25,110] {bash.py:173} INFO - 2021-05-13 19:39:25 [scrapy.spidermiddlewares.httperror] INFO: Ignoring response <429 https://www.hltv.org/stats/matches/mapstatsid/13036/mousesports-vs-786>: HTTP status code is not handled or not allowed
[2021-05-13 19:39:25,127] {bash.py:173} INFO - 2021-05-13 19:39:25 [scrapy.spidermiddlewares.httperror] INFO: Ignoring response <429 https://www.hltv.org/stats/matches/mapstatsid/13037/mousesports-vs-786>: HTTP status code is not handled or not allowed
[2021-05-13 19:39:25,143] {bash.py:173} INFO - 2021-05-13 19:39:25 [scrapy.spidermiddlewares.httperror] INFO: Ignoring response <429 https://www.hltv.org/stats/matches/mapstatsid/13083/nod-vs-mtw>: HTTP status code is not handled or not allowed
[2021-05-13 19:39:25,149] {bash.py:173} INFO - 2021-05-13 19:39:25 [scrapy.spidermiddlewares.httperror] INFO: Ignoring response <429 https://www.hltv.org/stats/matches/mapstatsid/13285/boomslave-vs-clan-poland>: HTTP status code is not handled or not allowed
[2021-05-13 19:39:25,155] {bash.py:173} INFO - 2021-05-13 19:39:25 [scrapy.spidermiddlewares.httperror] INFO: Ignoring response <429 https://www.hltv.org/stats/matches/mapstatsid/12986/cplay-vs-iplay>: HTTP status code is not handled or not allowed
[2021-05-13 19:39:25,158] {bash.py:173} INFO - 2021-05-13 19:39:25 [scrapy.downloadermiddlewares.retry] DEBUG: Retrying <GET https://www.hltv.org/stats/matches/mapstatsid/13286/give-it-all-vs-maxfloplay> (failed 2 times): 429 Unknown Status
[2021-05-13 19:39:25,174] {bash.py:173} INFO - 2021-05-13 19:39:25 [scrapy.downloadermiddlewares.retry] ERROR: Gave up retrying <GET https://www.hltv.org/stats/matches/mapstatsid/12990/mtw-vs-gamedde> (failed 3 times): 429 Unknown Status
[2021-05-13 19:39:25,174] {bash.py:173} INFO - 2021-05-13 19:39:25 [scrapy.core.engine] DEBUG: Crawled (429) <GET https://www.hltv.org/stats/matches/mapstatsid/12990/mtw-vs-gamedde> (referer: https://www.hltv.org/stats/matches?offset=93500)
[2021-05-13 19:39:25,188] {bash.py:173} INFO - 2021-05-13 19:39:25 [scrapy.spidermiddlewares.httperror] INFO: Ignoring response <429 https://www.hltv.org/stats/matches/mapstatsid/13084/zuom-vs-gamedde>: HTTP status code is not handled or not allowed
[2021-05-13 19:39:25,246] {bash.py:173} INFO - 2021-05-13 19:39:25 [scrapy.downloadermiddlewares.retry] ERROR: Gave up retrying <GET https://www.hltv.org/stats/matches/mapstatsid/13042/4kings-vs-aliquo> (failed 3 times): 429 Unknown Status
[2021-05-13 19:39:25,246] {bash.py:173} INFO - 2021-05-13 19:39:25 [scrapy.core.engine] DEBUG: Crawled (429) <GET https://www.hltv.org/stats/matches/mapstatsid/13042/4kings-vs-aliquo> (referer: https://www.hltv.org/stats/matches?offset=93500)
[2021-05-13 19:39:25,251] {bash.py:173} INFO - 2021-05-13 19:39:25 [scrapy.downloadermiddlewares.retry] ERROR: Gave up retrying <GET https://www.hltv.org/stats/matches/mapstatsid/13041/gosu-vs-lions> (failed 3 times): 429 Unknown Status
[2021-05-13 19:39:25,252] {bash.py:173} INFO - 2021-05-13 19:39:25 [scrapy.core.engine] DEBUG: Crawled (429) <GET https://www.hltv.org/stats/matches/mapstatsid/13041/gosu-vs-lions> (referer: https://www.hltv.org/stats/matches?offset=93500)
[2021-05-13 19:39:25,276] {bash.py:173} INFO - 2021-05-13 19:39:25 [scrapy.spidermiddlewares.httperror] INFO: Ignoring response <429 https://www.hltv.org/stats/matches/mapstatsid/12990/mtw-vs-gamedde>: HTTP status code is not handled or not allowed
[2021-05-13 19:39:25,283] {bash.py:173} INFO - 2021-05-13 19:39:25 [scrapy.downloadermiddlewares.retry] ERROR: Gave up retrying <GET https://www.hltv.org/stats/matches/mapstatsid/13052/hastalavista-vs-gosu> (failed 3 times): 429 Unknown Status
[2021-05-13 19:39:25,284] {bash.py:173} INFO - 2021-05-13 19:39:25 [scrapy.core.engine] DEBUG: Crawled (429) <GET https://www.hltv.org/stats/matches/mapstatsid/13052/hastalavista-vs-gosu> (referer: https://www.hltv.org/stats/matches?offset=93500)
[2021-05-13 19:39:25,288] {bash.py:173} INFO - 2021-05-13 19:39:25 [scrapy.downloadermiddlewares.retry] ERROR: Gave up retrying <GET https://www.hltv.org/stats/matches/mapstatsid/12981/winfakt-vs-hastalavista> (failed 3 times): 429 Unknown Status
[2021-05-13 19:39:25,288] {bash.py:173} INFO - 2021-05-13 19:39:25 [scrapy.core.engine] DEBUG: Crawled (429) <GET https://www.hltv.org/stats/matches/mapstatsid/12981/winfakt-vs-hastalavista> (referer: https://www.hltv.org/stats/matches?offset=93500)
[2021-05-13 19:39:25,294] {bash.py:173} INFO - 2021-05-13 19:39:25 [scrapy.downloadermiddlewares.retry] ERROR: Gave up retrying <GET https://www.hltv.org/stats/matches/mapstatsid/13087/tt-dragons-vs-nfaculty> (failed 3 times): 429 Unknown Status
[2021-05-13 19:39:25,294] {bash.py:173} INFO - 2021-05-13 19:39:25 [scrapy.core.engine] DEBUG: Crawled (429) <GET https://www.hltv.org/stats/matches/mapstatsid/13087/tt-dragons-vs-nfaculty> (referer: https://www.hltv.org/stats/matches?offset=93500)
[2021-05-13 19:39:25,309] {bash.py:173} INFO - 2021-05-13 19:39:25 [scrapy.downloadermiddlewares.retry] ERROR: Gave up retrying <GET https://www.hltv.org/stats/matches/mapstatsid/12980/winfakt-vs-hastalavista> (failed 3 times): 429 Unknown Status
[2021-05-13 19:39:25,310] {bash.py:173} INFO - 2021-05-13 19:39:25 [scrapy.core.engine] DEBUG: Crawled (429) <GET https://www.hltv.org/stats/matches/mapstatsid/12980/winfakt-vs-hastalavista> (referer: https://www.hltv.org/stats/matches?offset=93500)
[2021-05-13 19:39:25,344] {bash.py:173} INFO - 2021-05-13 19:39:25 [scrapy.downloadermiddlewares.retry] ERROR: Gave up retrying <GET https://www.hltv.org/stats/matches/mapstatsid/13040/gosu-vs-lions> (failed 3 times): 429 Unknown Status
[2021-05-13 19:39:25,344] {bash.py:173} INFO - 2021-05-13 19:39:25 [scrapy.core.engine] DEBUG: Crawled (429) <GET https://www.hltv.org/stats/matches/mapstatsid/13040/gosu-vs-lions> (referer: https://www.hltv.org/stats/matches?offset=93500)
[2021-05-13 19:39:25,346] {bash.py:173} INFO - 2021-05-13 19:39:25 [scrapy.spidermiddlewares.httperror] INFO: Ignoring response <429 https://www.hltv.org/stats/matches/mapstatsid/13042/4kings-vs-aliquo>: HTTP status code is not handled or not allowed
[2021-05-13 19:39:25,353] {bash.py:173} INFO - 2021-05-13 19:39:25 [scrapy.spidermiddlewares.httperror] INFO: Ignoring response <429 https://www.hltv.org/stats/matches/mapstatsid/13041/gosu-vs-lions>: HTTP status code is not handled or not allowed
[2021-05-13 19:39:25,379] {bash.py:173} INFO - 2021-05-13 19:39:25 [scrapy.downloadermiddlewares.retry] ERROR: Gave up retrying <GET https://www.hltv.org/stats/matches/mapstatsid/13284/alsen-vs-inet-koxxx> (failed 3 times): 429 Unknown Status
[2021-05-13 19:39:25,379] {bash.py:173} INFO - 2021-05-13 19:39:25 [scrapy.core.engine] DEBUG: Crawled (429) <GET https://www.hltv.org/stats/matches/mapstatsid/13284/alsen-vs-inet-koxxx> (referer: https://www.hltv.org/stats/matches?offset=93500)
[2021-05-13 19:39:25,382] {bash.py:173} INFO - 2021-05-13 19:39:25 [scrapy.downloadermiddlewares.retry] ERROR: Gave up retrying <GET https://www.hltv.org/stats/matches/mapstatsid/12991/fmesports-vs-enigma> (failed 3 times): 429 Unknown Status
[2021-05-13 19:39:25,383] {bash.py:173} INFO - 2021-05-13 19:39:25 [scrapy.core.engine] DEBUG: Crawled (429) <GET https://www.hltv.org/stats/matches/mapstatsid/12991/fmesports-vs-enigma> (referer: https://www.hltv.org/stats/matches?offset=93500)
[2021-05-13 19:39:25,388] {bash.py:173} INFO - 2021-05-13 19:39:25 [scrapy.spidermiddlewares.httperror] INFO: Ignoring response <429 https://www.hltv.org/stats/matches/mapstatsid/13052/hastalavista-vs-gosu>: HTTP status code is not handled or not allowed
[2021-05-13 19:39:25,392] {bash.py:173} INFO - 2021-05-13 19:39:25 [scrapy.spidermiddlewares.httperror] INFO: Ignoring response <429 https://www.hltv.org/stats/matches/mapstatsid/12981/winfakt-vs-hastalavista>: HTTP status code is not handled or not allowed
[2021-05-13 19:39:25,395] {bash.py:173} INFO - 2021-05-13 19:39:25 [scrapy.spidermiddlewares.httperror] INFO: Ignoring response <429 https://www.hltv.org/stats/matches/mapstatsid/13087/tt-dragons-vs-nfaculty>: HTTP status code is not handled or not allowed
[2021-05-13 19:39:25,400] {bash.py:173} INFO - 2021-05-13 19:39:25 [scrapy.downloadermiddlewares.retry] ERROR: Gave up retrying <GET https://www.hltv.org/stats/matches/mapstatsid/12987/red-dead-vs-nfaculty> (failed 3 times): 429 Unknown Status
[2021-05-13 19:39:25,400] {bash.py:173} INFO - 2021-05-13 19:39:25 [scrapy.core.engine] DEBUG: Crawled (429) <GET https://www.hltv.org/stats/matches/mapstatsid/12987/red-dead-vs-nfaculty> (referer: https://www.hltv.org/stats/matches?offset=93500)
[2021-05-13 19:39:25,410] {bash.py:173} INFO - 2021-05-13 19:39:25 [scrapy.spidermiddlewares.httperror] INFO: Ignoring response <429 https://www.hltv.org/stats/matches/mapstatsid/12980/winfakt-vs-hastalavista>: HTTP status code is not handled or not allowed
[2021-05-13 19:39:25,427] {bash.py:173} INFO - 2021-05-13 19:39:25 [scrapy.downloadermiddlewares.retry] ERROR: Gave up retrying <GET https://www.hltv.org/stats/matches/mapstatsid/12985/tt-dragons-vs-logix> (failed 3 times): 429 Unknown Status
[2021-05-13 19:39:25,428] {bash.py:173} INFO - 2021-05-13 19:39:25 [scrapy.core.engine] DEBUG: Crawled (429) <GET https://www.hltv.org/stats/matches/mapstatsid/12985/tt-dragons-vs-logix> (referer: https://www.hltv.org/stats/matches?offset=93500)
[2021-05-13 19:39:25,445] {bash.py:173} INFO - 2021-05-13 19:39:25 [scrapy.spidermiddlewares.httperror] INFO: Ignoring response <429 https://www.hltv.org/stats/matches/mapstatsid/13040/gosu-vs-lions>: HTTP status code is not handled or not allowed
[2021-05-13 19:39:25,452] {bash.py:173} INFO - 2021-05-13 19:39:25 [scrapy.downloadermiddlewares.retry] ERROR: Gave up retrying <GET https://www.hltv.org/stats/matches/mapstatsid/12989/publiclirse-vs-give-it-all> (failed 3 times): 429 Unknown Status
[2021-05-13 19:39:25,452] {bash.py:173} INFO - 2021-05-13 19:39:25 [scrapy.core.engine] DEBUG: Crawled (429) <GET https://www.hltv.org/stats/matches/mapstatsid/12989/publiclirse-vs-give-it-all> (referer: https://www.hltv.org/stats/matches?offset=93500)
[2021-05-13 19:39:25,457] {bash.py:173} INFO - 2021-05-13 19:39:25 [scrapy.downloadermiddlewares.retry] ERROR: Gave up retrying <GET https://www.hltv.org/stats/matches/mapstatsid/13044/4kings-vs-aliquo> (failed 3 times): 429 Unknown Status
[2021-05-13 19:39:25,458] {bash.py:173} INFO - 2021-05-13 19:39:25 [scrapy.core.engine] DEBUG: Crawled (429) <GET https://www.hltv.org/stats/matches/mapstatsid/13044/4kings-vs-aliquo> (referer: https://www.hltv.org/stats/matches?offset=93500)
[2021-05-13 19:39:25,479] {bash.py:173} INFO - 2021-05-13 19:39:25 [scrapy.spidermiddlewares.httperror] INFO: Ignoring response <429 https://www.hltv.org/stats/matches/mapstatsid/13284/alsen-vs-inet-koxxx>: HTTP status code is not handled or not allowed
[2021-05-13 19:39:25,483] {bash.py:173} INFO - 2021-05-13 19:39:25 [scrapy.spidermiddlewares.httperror] INFO: Ignoring response <429 https://www.hltv.org/stats/matches/mapstatsid/12991/fmesports-vs-enigma>: HTTP status code is not handled or not allowed
[2021-05-13 19:39:25,487] {bash.py:173} INFO - 2021-05-13 19:39:25 [scrapy.downloadermiddlewares.retry] ERROR: Gave up retrying <GET https://www.hltv.org/stats/matches/mapstatsid/13286/give-it-all-vs-maxfloplay> (failed 3 times): 429 Unknown Status
[2021-05-13 19:39:25,487] {bash.py:173} INFO - 2021-05-13 19:39:25 [scrapy.core.engine] DEBUG: Crawled (429) <GET https://www.hltv.org/stats/matches/mapstatsid/13286/give-it-all-vs-maxfloplay> (referer: https://www.hltv.org/stats/matches?offset=93500)
[2021-05-13 19:39:25,495] {bash.py:173} INFO - 2021-05-13 19:39:25 [scrapy.downloadermiddlewares.retry] ERROR: Gave up retrying <GET https://www.hltv.org/stats/matches/mapstatsid/13085/gamedde-vs-zuom> (failed 3 times): 429 Unknown Status
[2021-05-13 19:39:25,495] {bash.py:173} INFO - 2021-05-13 19:39:25 [scrapy.core.engine] DEBUG: Crawled (429) <GET https://www.hltv.org/stats/matches/mapstatsid/13085/gamedde-vs-zuom> (referer: https://www.hltv.org/stats/matches?offset=93500)
[2021-05-13 19:39:25,499] {bash.py:173} INFO - 2021-05-13 19:39:25 [scrapy.downloadermiddlewares.retry] ERROR: Gave up retrying <GET https://www.hltv.org/stats/matches/mapstatsid/13086/tt-dragons-vs-nfaculty> (failed 3 times): 429 Unknown Status
[2021-05-13 19:39:25,499] {bash.py:173} INFO - 2021-05-13 19:39:25 [scrapy.core.engine] DEBUG: Crawled (429) <GET https://www.hltv.org/stats/matches/mapstatsid/13086/tt-dragons-vs-nfaculty> (referer: https://www.hltv.org/stats/matches?offset=93500)
[2021-05-13 19:39:25,501] {bash.py:173} INFO - 2021-05-13 19:39:25 [scrapy.spidermiddlewares.httperror] INFO: Ignoring response <429 https://www.hltv.org/stats/matches/mapstatsid/12987/red-dead-vs-nfaculty>: HTTP status code is not handled or not allowed
[2021-05-13 19:39:25,521] {bash.py:173} INFO - 2021-05-13 19:39:25 [scrapy.downloadermiddlewares.retry] ERROR: Gave up retrying <GET https://www.hltv.org/stats/matches/mapstatsid/13089/alternate-attax-vs-mousesports> (failed 3 times): 429 Unknown Status
[2021-05-13 19:39:25,522] {bash.py:173} INFO - 2021-05-13 19:39:25 [scrapy.core.engine] DEBUG: Crawled (429) <GET https://www.hltv.org/stats/matches/mapstatsid/13089/alternate-attax-vs-mousesports> (referer: https://www.hltv.org/stats/matches?offset=93500)
[2021-05-13 19:39:25,528] {bash.py:173} INFO - 2021-05-13 19:39:25 [scrapy.spidermiddlewares.httperror] INFO: Ignoring response <429 https://www.hltv.org/stats/matches/mapstatsid/12985/tt-dragons-vs-logix>: HTTP status code is not handled or not allowed
[2021-05-13 19:39:25,553] {bash.py:173} INFO - 2021-05-13 19:39:25 [scrapy.spidermiddlewares.httperror] INFO: Ignoring response <429 https://www.hltv.org/stats/matches/mapstatsid/12989/publiclirse-vs-give-it-all>: HTTP status code is not handled or not allowed
[2021-05-13 19:39:25,558] {bash.py:173} INFO - 2021-05-13 19:39:25 [scrapy.spidermiddlewares.httperror] INFO: Ignoring response <429 https://www.hltv.org/stats/matches/mapstatsid/13044/4kings-vs-aliquo>: HTTP status code is not handled or not allowed
[2021-05-13 19:39:25,577] {bash.py:173} INFO - 2021-05-13 19:39:25 [scrapy.downloadermiddlewares.retry] ERROR: Gave up retrying <GET https://www.hltv.org/stats/matches/mapstatsid/13053/hastalavista-vs-gosu> (failed 3 times): 429 Unknown Status
[2021-05-13 19:39:25,577] {bash.py:173} INFO - 2021-05-13 19:39:25 [scrapy.core.engine] DEBUG: Crawled (429) <GET https://www.hltv.org/stats/matches/mapstatsid/13053/hastalavista-vs-gosu> (referer: https://www.hltv.org/stats/matches?offset=93500)
[2021-05-13 19:39:25,583] {bash.py:173} INFO - 2021-05-13 19:39:25 [scrapy.downloadermiddlewares.retry] ERROR: Gave up retrying <GET https://www.hltv.org/stats/matches/mapstatsid/13055/nip-vs-publiclirse> (failed 3 times): 429 Unknown Status
[2021-05-13 19:39:25,583] {bash.py:173} INFO - 2021-05-13 19:39:25 [scrapy.core.engine] DEBUG: Crawled (429) <GET https://www.hltv.org/stats/matches/mapstatsid/13055/nip-vs-publiclirse> (referer: https://www.hltv.org/stats/matches?offset=93500)
[2021-05-13 19:39:25,588] {bash.py:173} INFO - 2021-05-13 19:39:25 [scrapy.spidermiddlewares.httperror] INFO: Ignoring response <429 https://www.hltv.org/stats/matches/mapstatsid/13286/give-it-all-vs-maxfloplay>: HTTP status code is not handled or not allowed
[2021-05-13 19:39:25,597] {bash.py:173} INFO - 2021-05-13 19:39:25 [scrapy.downloadermiddlewares.retry] ERROR: Gave up retrying <GET https://www.hltv.org/stats/matches/mapstatsid/13057/tt-dragons-vs-red-dead> (failed 3 times): 429 Unknown Status
[2021-05-13 19:39:25,597] {bash.py:173} INFO - 2021-05-13 19:39:25 [scrapy.core.engine] DEBUG: Crawled (429) <GET https://www.hltv.org/stats/matches/mapstatsid/13057/tt-dragons-vs-red-dead> (referer: https://www.hltv.org/stats/matches?offset=93500)
[2021-05-13 19:39:25,597] {bash.py:173} INFO - 2021-05-13 19:39:25 [scrapy.spidermiddlewares.httperror] INFO: Ignoring response <429 https://www.hltv.org/stats/matches/mapstatsid/13085/gamedde-vs-zuom>: HTTP status code is not handled or not allowed
[2021-05-13 19:39:25,600] {bash.py:173} INFO - 2021-05-13 19:39:25 [scrapy.spidermiddlewares.httperror] INFO: Ignoring response <429 https://www.hltv.org/stats/matches/mapstatsid/13086/tt-dragons-vs-nfaculty>: HTTP status code is not handled or not allowed
[2021-05-13 19:39:25,603] {bash.py:173} INFO - 2021-05-13 19:39:25 [scrapy.downloadermiddlewares.retry] ERROR: Gave up retrying <GET https://www.hltv.org/stats/matches/mapstatsid/13054/nip-vs-publiclirse> (failed 3 times): 429 Unknown Status
[2021-05-13 19:39:25,604] {bash.py:173} INFO - 2021-05-13 19:39:25 [scrapy.core.engine] DEBUG: Crawled (429) <GET https://www.hltv.org/stats/matches/mapstatsid/13054/nip-vs-publiclirse> (referer: https://www.hltv.org/stats/matches?offset=93500)
[2021-05-13 19:39:25,622] {bash.py:173} INFO - 2021-05-13 19:39:25 [scrapy.spidermiddlewares.httperror] INFO: Ignoring response <429 https://www.hltv.org/stats/matches/mapstatsid/13089/alternate-attax-vs-mousesports>: HTTP status code is not handled or not allowed
[2021-05-13 19:39:25,625] {bash.py:173} INFO - 2021-05-13 19:39:25 [scrapy.downloadermiddlewares.retry] ERROR: Gave up retrying <GET https://www.hltv.org/stats/matches/mapstatsid/13046/teamcrg-vs-vye> (failed 3 times): 429 Unknown Status
[2021-05-13 19:39:25,625] {bash.py:173} INFO - 2021-05-13 19:39:25 [scrapy.core.engine] DEBUG: Crawled (429) <GET https://www.hltv.org/stats/matches/mapstatsid/13046/teamcrg-vs-vye> (referer: https://www.hltv.org/stats/matches?offset=93500)
[2021-05-13 19:39:25,678] {bash.py:173} INFO - 2021-05-13 19:39:25 [scrapy.spidermiddlewares.httperror] INFO: Ignoring response <429 https://www.hltv.org/stats/matches/mapstatsid/13053/hastalavista-vs-gosu>: HTTP status code is not handled or not allowed
[2021-05-13 19:39:25,684] {bash.py:173} INFO - 2021-05-13 19:39:25 [scrapy.spidermiddlewares.httperror] INFO: Ignoring response <429 https://www.hltv.org/stats/matches/mapstatsid/13055/nip-vs-publiclirse>: HTTP status code is not handled or not allowed
[2021-05-13 19:39:25,689] {bash.py:173} INFO - 2021-05-13 19:39:25 [scrapy.downloadermiddlewares.retry] ERROR: Gave up retrying <GET https://www.hltv.org/stats/matches/mapstatsid/13287/asperagamers-vs-esc> (failed 3 times): 429 Unknown Status
[2021-05-13 19:39:25,690] {bash.py:173} INFO - 2021-05-13 19:39:25 [scrapy.core.engine] DEBUG: Crawled (429) <GET https://www.hltv.org/stats/matches/mapstatsid/13287/asperagamers-vs-esc> (referer: https://www.hltv.org/stats/matches?offset=93500)
[2021-05-13 19:39:25,698] {bash.py:173} INFO - 2021-05-13 19:39:25 [scrapy.spidermiddlewares.httperror] INFO: Ignoring response <429 https://www.hltv.org/stats/matches/mapstatsid/13057/tt-dragons-vs-red-dead>: HTTP status code is not handled or not allowed
[2021-05-13 19:39:25,705] {bash.py:173} INFO - 2021-05-13 19:39:25 [scrapy.spidermiddlewares.httperror] INFO: Ignoring response <429 https://www.hltv.org/stats/matches/mapstatsid/13054/nip-vs-publiclirse>: HTTP status code is not handled or not allowed
[2021-05-13 19:39:25,726] {bash.py:173} INFO - 2021-05-13 19:39:25 [scrapy.spidermiddlewares.httperror] INFO: Ignoring response <429 https://www.hltv.org/stats/matches/mapstatsid/13046/teamcrg-vs-vye>: HTTP status code is not handled or not allowed
[2021-05-13 19:39:25,790] {bash.py:173} INFO - 2021-05-13 19:39:25 [scrapy.spidermiddlewares.httperror] INFO: Ignoring response <429 https://www.hltv.org/stats/matches/mapstatsid/13287/asperagamers-vs-esc>: HTTP status code is not handled or not allowed
[2021-05-13 19:39:25,870] {bash.py:173} INFO - 2021-05-13 19:39:25 [scrapy.downloadermiddlewares.retry] ERROR: Gave up retrying <GET https://www.hltv.org/stats/matches/mapstatsid/13090/alternate-attax-vs-mousesports> (failed 3 times): 429 Unknown Status
[2021-05-13 19:39:25,871] {bash.py:173} INFO - 2021-05-13 19:39:25 [scrapy.core.engine] DEBUG: Crawled (429) <GET https://www.hltv.org/stats/matches/mapstatsid/13090/alternate-attax-vs-mousesports> (referer: https://www.hltv.org/stats/matches?offset=93500)
[2021-05-13 19:39:25,902] {bash.py:173} INFO - 2021-05-13 19:39:25 [scrapy.downloadermiddlewares.retry] ERROR: Gave up retrying <GET https://www.hltv.org/stats/matches/mapstatsid/13058/mousesports-vs-cplay> (failed 3 times): 429 Unknown Status
[2021-05-13 19:39:25,903] {bash.py:173} INFO - 2021-05-13 19:39:25 [scrapy.core.engine] DEBUG: Crawled (429) <GET https://www.hltv.org/stats/matches/mapstatsid/13058/mousesports-vs-cplay> (referer: https://www.hltv.org/stats/matches?offset=93500)
[2021-05-13 19:39:25,972] {bash.py:173} INFO - 2021-05-13 19:39:25 [scrapy.spidermiddlewares.httperror] INFO: Ignoring response <429 https://www.hltv.org/stats/matches/mapstatsid/13090/alternate-attax-vs-mousesports>: HTTP status code is not handled or not allowed
[2021-05-13 19:39:26,006] {bash.py:173} INFO - 2021-05-13 19:39:26 [scrapy.spidermiddlewares.httperror] INFO: Ignoring response <429 https://www.hltv.org/stats/matches/mapstatsid/13058/mousesports-vs-cplay>: HTTP status code is not handled or not allowed
[2021-05-13 19:39:26,433] {bash.py:173} INFO - 2021-05-13 19:39:26 [scrapy.downloadermiddlewares.retry] ERROR: Gave up retrying <GET https://www.hltv.org/stats/matches/mapstatsid/13056/dotpixels-vs-iplay> (failed 3 times): 429 Unknown Status
[2021-05-13 19:39:26,434] {bash.py:173} INFO - 2021-05-13 19:39:26 [scrapy.core.engine] DEBUG: Crawled (429) <GET https://www.hltv.org/stats/matches/mapstatsid/13056/dotpixels-vs-iplay> (referer: https://www.hltv.org/stats/matches?offset=93500)
[2021-05-13 19:39:26,534] {bash.py:173} INFO - 2021-05-13 19:39:26 [scrapy.spidermiddlewares.httperror] INFO: Ignoring response <429 https://www.hltv.org/stats/matches/mapstatsid/13056/dotpixels-vs-iplay>: HTTP status code is not handled or not allowed
[2021-05-13 19:39:26,536] {bash.py:173} INFO - 2021-05-13 19:39:26 [scrapy.core.engine] INFO: Closing spider (finished)
[2021-05-13 19:39:26,537] {bash.py:173} INFO - 2021-05-13 19:39:26 [scrapy.extensions.feedexport] INFO: Stored json feed (6 items) in: teste.json
[2021-05-13 19:39:26,538] {bash.py:173} INFO - 2021-05-13 19:39:26 [scrapy.statscollectors] INFO: Dumping Scrapy stats:
[2021-05-13 19:39:26,538] {bash.py:173} INFO - {'downloader/request_bytes': 45259,
[2021-05-13 19:39:26,539] {bash.py:173} INFO -  'downloader/request_count': 142,
[2021-05-13 19:39:26,539] {bash.py:173} INFO -  'downloader/request_method_count/GET': 142,
[2021-05-13 19:39:26,539] {bash.py:173} INFO -  'downloader/response_bytes': 650834,
[2021-05-13 19:39:26,539] {bash.py:173} INFO -  'downloader/response_count': 142,
[2021-05-13 19:39:26,540] {bash.py:173} INFO -  'downloader/response_status_count/200': 7,
[2021-05-13 19:39:26,540] {bash.py:173} INFO -  'downloader/response_status_count/429': 135,
[2021-05-13 19:39:26,540] {bash.py:173} INFO -  'elapsed_time_seconds': 55.328795,
[2021-05-13 19:39:26,540] {bash.py:173} INFO -  'feedexport/success_count/FileFeedStorage': 1,
[2021-05-13 19:39:26,541] {bash.py:173} INFO -  'finish_reason': 'finished',
[2021-05-13 19:39:26,541] {bash.py:173} INFO -  'finish_time': datetime.datetime(2021, 5, 13, 19, 39, 26, 537017),
[2021-05-13 19:39:26,541] {bash.py:173} INFO -  'httpcompression/response_bytes': 886360,
[2021-05-13 19:39:26,541] {bash.py:173} INFO -  'httpcompression/response_count': 7,
[2021-05-13 19:39:26,542] {bash.py:173} INFO -  'httperror/response_ignored_count': 45,
[2021-05-13 19:39:26,542] {bash.py:173} INFO -  'httperror/response_ignored_status_count/429': 45,
[2021-05-13 19:39:26,542] {bash.py:173} INFO -  'item_scraped_count': 6,
[2021-05-13 19:39:26,542] {bash.py:173} INFO -  'log_count/DEBUG': 156,
[2021-05-13 19:39:26,542] {bash.py:173} INFO -  'log_count/ERROR': 45,
[2021-05-13 19:39:26,543] {bash.py:173} INFO -  'log_count/INFO': 56,
[2021-05-13 19:39:26,543] {bash.py:173} INFO -  'memusage/max': 117239808,
[2021-05-13 19:39:26,543] {bash.py:173} INFO -  'memusage/startup': 117239808,
[2021-05-13 19:39:26,543] {bash.py:173} INFO -  'request_depth_max': 1,
[2021-05-13 19:39:26,543] {bash.py:173} INFO -  'response_received_count': 52,
[2021-05-13 19:39:26,544] {bash.py:173} INFO -  'retry/count': 90,
[2021-05-13 19:39:26,544] {bash.py:173} INFO -  'retry/max_reached': 45,
[2021-05-13 19:39:26,544] {bash.py:173} INFO -  'retry/reason_count/429 Unknown Status': 90,
[2021-05-13 19:39:26,544] {bash.py:173} INFO -  'scheduler/dequeued': 142,
[2021-05-13 19:39:26,544] {bash.py:173} INFO -  'scheduler/dequeued/memory': 142,
[2021-05-13 19:39:26,545] {bash.py:173} INFO -  'scheduler/enqueued': 142,
[2021-05-13 19:39:26,545] {bash.py:173} INFO -  'scheduler/enqueued/memory': 142,
[2021-05-13 19:39:26,545] {bash.py:173} INFO -  'start_time': datetime.datetime(2021, 5, 13, 19, 38, 31, 208222)}
[2021-05-13 19:39:26,545] {bash.py:173} INFO - 2021-05-13 19:39:26 [scrapy.core.engine] INFO: Spider closed (finished)
[2021-05-13 19:39:26,646] {bash.py:177} INFO - Command exited with return code 0
[2021-05-13 19:39:26,673] {taskinstance.py:1192} INFO - Marking task as SUCCESS. dag_id=CS_GO_Pipeline, task_id=Matches_Crawler, execution_date=20210513T193752, start_date=20210513T193829, end_date=20210513T193926
[2021-05-13 19:39:26,697] {taskinstance.py:1246} INFO - 0 downstream tasks scheduled from follow-on schedule check
[2021-05-13 19:39:26,721] {local_task_job.py:146} INFO - Task exited with return code 0
