[2021-05-13 14:50:44,022] {taskinstance.py:877} INFO - Dependencies all met for <TaskInstance: CS_GO_Pipeline.Matches_Crawler 2021-05-13T14:50:42.597173+00:00 [queued]>
[2021-05-13 14:50:44,038] {taskinstance.py:877} INFO - Dependencies all met for <TaskInstance: CS_GO_Pipeline.Matches_Crawler 2021-05-13T14:50:42.597173+00:00 [queued]>
[2021-05-13 14:50:44,038] {taskinstance.py:1068} INFO - 
--------------------------------------------------------------------------------
[2021-05-13 14:50:44,039] {taskinstance.py:1069} INFO - Starting attempt 1 of 4
[2021-05-13 14:50:44,039] {taskinstance.py:1070} INFO - 
--------------------------------------------------------------------------------
[2021-05-13 14:50:44,049] {taskinstance.py:1089} INFO - Executing <Task(BashOperator): Matches_Crawler> on 2021-05-13T14:50:42.597173+00:00
[2021-05-13 14:50:44,052] {standard_task_runner.py:52} INFO - Started process 53 to run task
[2021-05-13 14:50:44,056] {standard_task_runner.py:76} INFO - Running: ['airflow', 'tasks', 'run', 'CS_GO_Pipeline', 'Matches_Crawler', '2021-05-13T14:50:42.597173+00:00', '--job-id', '6', '--pool', 'default_pool', '--raw', '--subdir', 'DAGS_FOLDER/csgo_pipeline.py', '--cfg-path', '/tmp/tmpdg342h6f', '--error-file', '/tmp/tmpzwdfgsw3']
[2021-05-13 14:50:44,056] {standard_task_runner.py:77} INFO - Job 6: Subtask Matches_Crawler
[2021-05-13 14:50:44,093] {logging_mixin.py:104} INFO - Running <TaskInstance: CS_GO_Pipeline.Matches_Crawler 2021-05-13T14:50:42.597173+00:00 [running]> on host 834203160f1c
[2021-05-13 14:50:44,126] {taskinstance.py:1283} INFO - Exporting the following env vars:
AIRFLOW_CTX_DAG_OWNER=Filipe
AIRFLOW_CTX_DAG_ID=CS_GO_Pipeline
AIRFLOW_CTX_TASK_ID=Matches_Crawler
AIRFLOW_CTX_EXECUTION_DATE=2021-05-13T14:50:42.597173+00:00
AIRFLOW_CTX_DAG_RUN_ID=manual__2021-05-13T14:50:42.597173+00:00
[2021-05-13 14:50:44,127] {bash.py:135} INFO - Tmp dir root location: 
 /tmp
[2021-05-13 14:50:44,128] {bash.py:158} INFO - Running command: pip install scrapy
[2021-05-13 14:50:44,134] {bash.py:169} INFO - Output:
[2021-05-13 14:50:44,536] {bash.py:173} INFO - WARNING: The directory '/home/airflow/.cache/pip' or its parent directory is not owned or is not writable by the current user. The cache has been disabled. Check the permissions and owner of that directory. If executing pip with sudo, you may want sudo's -H flag.
[2021-05-13 14:50:44,825] {bash.py:173} INFO - Collecting scrapy
[2021-05-13 14:50:45,070] {bash.py:173} INFO -   Downloading Scrapy-2.5.0-py2.py3-none-any.whl (254 kB)
[2021-05-13 14:50:45,347] {bash.py:173} INFO - Collecting itemloaders>=1.0.1
[2021-05-13 14:50:45,375] {bash.py:173} INFO -   Downloading itemloaders-1.0.4-py3-none-any.whl (11 kB)
[2021-05-13 14:50:45,506] {bash.py:173} INFO - Collecting service-identity>=16.0.0
[2021-05-13 14:50:45,534] {bash.py:173} INFO -   Downloading service_identity-21.1.0-py2.py3-none-any.whl (12 kB)
[2021-05-13 14:50:45,673] {bash.py:173} INFO - Collecting itemadapter>=0.1.0
[2021-05-13 14:50:45,701] {bash.py:173} INFO -   Downloading itemadapter-0.2.0-py3-none-any.whl (9.3 kB)
[2021-05-13 14:50:46,207] {bash.py:173} INFO - Collecting lxml>=3.5.0; platform_python_implementation == "CPython"
[2021-05-13 14:50:46,236] {bash.py:173} INFO -   Downloading lxml-4.6.3-cp36-cp36m-manylinux2014_x86_64.whl (6.3 MB)
[2021-05-13 14:50:46,766] {bash.py:173} INFO - Collecting cssselect>=0.9.1
[2021-05-13 14:50:46,793] {bash.py:173} INFO -   Downloading cssselect-1.1.0-py2.py3-none-any.whl (16 kB)
[2021-05-13 14:50:46,838] {bash.py:173} INFO - Requirement already satisfied: cryptography>=2.0 in /home/airflow/.local/lib/python3.6/site-packages (from scrapy) (3.4.7)
[2021-05-13 14:50:46,996] {bash.py:173} INFO - Collecting Twisted[http2]>=17.9.0
[2021-05-13 14:50:47,036] {bash.py:173} INFO -   Downloading Twisted-21.2.0-py3-none-any.whl (3.1 MB)
[2021-05-13 14:50:47,368] {bash.py:173} INFO - Requirement already satisfied: pyOpenSSL>=16.2.0 in /home/airflow/.local/lib/python3.6/site-packages (from scrapy) (19.1.0)
[2021-05-13 14:50:47,467] {bash.py:173} INFO - Collecting protego>=0.1.15
[2021-05-13 14:50:47,501] {bash.py:173} INFO -   Downloading Protego-0.1.16.tar.gz (3.2 MB)
[2021-05-13 14:50:49,453] {bash.py:173} INFO - Collecting queuelib>=1.4.2
[2021-05-13 14:50:49,482] {bash.py:173} INFO -   Downloading queuelib-1.6.1-py2.py3-none-any.whl (12 kB)
[2021-05-13 14:50:49,547] {bash.py:173} INFO - Requirement already satisfied: zope.interface>=4.1.3 in /home/airflow/.local/lib/python3.6/site-packages (from scrapy) (5.3.0)
[2021-05-13 14:50:49,700] {bash.py:173} INFO - Collecting h2<4.0,>=3.0
[2021-05-13 14:50:49,728] {bash.py:173} INFO -   Downloading h2-3.2.0-py2.py3-none-any.whl (65 kB)
[2021-05-13 14:50:49,870] {bash.py:173} INFO - Collecting PyDispatcher>=2.0.5; platform_python_implementation == "CPython"
[2021-05-13 14:50:49,897] {bash.py:173} INFO -   Downloading PyDispatcher-2.0.5.tar.gz (34 kB)
[2021-05-13 14:50:50,565] {bash.py:173} INFO - Collecting w3lib>=1.17.0
[2021-05-13 14:50:50,593] {bash.py:173} INFO -   Downloading w3lib-1.22.0-py2.py3-none-any.whl (20 kB)
[2021-05-13 14:50:50,720] {bash.py:173} INFO - Collecting parsel>=1.5.0
[2021-05-13 14:50:50,747] {bash.py:173} INFO -   Downloading parsel-1.6.0-py2.py3-none-any.whl (13 kB)
[2021-05-13 14:50:50,796] {bash.py:173} INFO - Requirement already satisfied: jmespath>=0.9.5 in /home/airflow/.local/lib/python3.6/site-packages (from itemloaders>=1.0.1->scrapy) (0.10.0)
[2021-05-13 14:50:50,798] {bash.py:173} INFO - Requirement already satisfied: six in /home/airflow/.local/lib/python3.6/site-packages (from service-identity>=16.0.0->scrapy) (1.15.0)
[2021-05-13 14:50:50,800] {bash.py:173} INFO - Requirement already satisfied: attrs>=19.1.0 in /home/airflow/.local/lib/python3.6/site-packages (from service-identity>=16.0.0->scrapy) (20.3.0)
[2021-05-13 14:50:50,825] {bash.py:173} INFO - Requirement already satisfied: pyasn1-modules in /home/airflow/.local/lib/python3.6/site-packages (from service-identity>=16.0.0->scrapy) (0.2.8)
[2021-05-13 14:50:50,828] {bash.py:173} INFO - Requirement already satisfied: pyasn1 in /home/airflow/.local/lib/python3.6/site-packages (from service-identity>=16.0.0->scrapy) (0.4.8)
[2021-05-13 14:50:50,830] {bash.py:173} INFO - Requirement already satisfied: cffi>=1.12 in /home/airflow/.local/lib/python3.6/site-packages (from cryptography>=2.0->scrapy) (1.14.5)
[2021-05-13 14:50:50,923] {bash.py:173} INFO - Collecting constantly>=15.1
[2021-05-13 14:50:50,952] {bash.py:173} INFO -   Downloading constantly-15.1.0-py2.py3-none-any.whl (7.9 kB)
[2021-05-13 14:50:51,074] {bash.py:173} INFO - Collecting hyperlink>=17.1.1
[2021-05-13 14:50:51,100] {bash.py:173} INFO -   Downloading hyperlink-21.0.0-py2.py3-none-any.whl (74 kB)
[2021-05-13 14:50:51,224] {bash.py:173} INFO - Collecting Automat>=0.8.0
[2021-05-13 14:50:51,252] {bash.py:173} INFO -   Downloading Automat-20.2.0-py2.py3-none-any.whl (31 kB)
[2021-05-13 14:50:51,380] {bash.py:173} INFO - Collecting incremental>=16.10.1
[2021-05-13 14:50:51,408] {bash.py:173} INFO -   Downloading incremental-21.3.0-py2.py3-none-any.whl (15 kB)
[2021-05-13 14:50:51,535] {bash.py:173} INFO - Collecting priority<2.0,>=1.1.0; extra == "http2"
[2021-05-13 14:50:51,562] {bash.py:173} INFO -   Downloading priority-1.3.0-py2.py3-none-any.whl (11 kB)
[2021-05-13 14:50:51,610] {bash.py:173} INFO - Requirement already satisfied: setuptools in /usr/local/lib/python3.6/site-packages (from zope.interface>=4.1.3->scrapy) (54.2.0)
[2021-05-13 14:50:51,725] {bash.py:173} INFO - Collecting hpack<4,>=3.0
[2021-05-13 14:50:51,753] {bash.py:173} INFO -   Downloading hpack-3.0.0-py2.py3-none-any.whl (38 kB)
[2021-05-13 14:50:51,883] {bash.py:173} INFO - Collecting hyperframe<6,>=5.2.0
[2021-05-13 14:50:51,910] {bash.py:173} INFO -   Downloading hyperframe-5.2.0-py2.py3-none-any.whl (12 kB)
[2021-05-13 14:50:51,956] {bash.py:173} INFO - Requirement already satisfied: pycparser in /home/airflow/.local/lib/python3.6/site-packages (from cffi>=1.12->cryptography>=2.0->scrapy) (2.20)
[2021-05-13 14:50:51,958] {bash.py:173} INFO - Requirement already satisfied: idna>=2.5 in /home/airflow/.local/lib/python3.6/site-packages (from hyperlink>=17.1.1->Twisted[http2]>=17.9.0->scrapy) (2.10)
[2021-05-13 14:50:51,961] {bash.py:173} INFO - Building wheels for collected packages: protego, PyDispatcher
[2021-05-13 14:50:51,961] {bash.py:173} INFO -   Building wheel for protego (setup.py): started
[2021-05-13 14:50:52,786] {bash.py:173} INFO -   Building wheel for protego (setup.py): finished with status 'done'
[2021-05-13 14:50:52,789] {bash.py:173} INFO -   Created wheel for protego: filename=Protego-0.1.16-py3-none-any.whl size=7764 sha256=4f0b03e49e5aa337acb5ebff75a35d4492f9e1ee4f43d1e773b1b57a4ab25ca8
[2021-05-13 14:50:52,789] {bash.py:173} INFO -   Stored in directory: /tmp/pip-ephem-wheel-cache-6ljk468q/wheels/b2/74/25/517a0ec6186297704db56664268e72686f5cfa8ab398582f33
[2021-05-13 14:50:52,789] {bash.py:173} INFO -   Building wheel for PyDispatcher (setup.py): started
[2021-05-13 14:50:53,330] {bash.py:173} INFO -   Building wheel for PyDispatcher (setup.py): finished with status 'done'
[2021-05-13 14:50:53,331] {bash.py:173} INFO -   Created wheel for PyDispatcher: filename=PyDispatcher-2.0.5-py3-none-any.whl size=11515 sha256=43154527205e0479ec25fc8af4231e43cc2df309a9385990205240885888ce1e
[2021-05-13 14:50:53,331] {bash.py:173} INFO -   Stored in directory: /tmp/pip-ephem-wheel-cache-6ljk468q/wheels/28/db/61/691c759da06ba9b86da079bdd17cb3e01828d49d5c152cb3af
[2021-05-13 14:50:53,331] {bash.py:173} INFO - Successfully built protego PyDispatcher
[2021-05-13 14:50:57,588] {bash.py:173} INFO - Installing collected packages: itemadapter, lxml, cssselect, w3lib, parsel, itemloaders, service-identity, constantly, hyperlink, Automat, incremental, priority, hpack, hyperframe, h2, Twisted, protego, queuelib, PyDispatcher, scrapy
[2021-05-13 14:51:00,459] {bash.py:173} INFO - Successfully installed Automat-20.2.0 PyDispatcher-2.0.5 Twisted-21.2.0 constantly-15.1.0 cssselect-1.1.0 h2-3.2.0 hpack-3.0.0 hyperframe-5.2.0 hyperlink-21.0.0 incremental-21.3.0 itemadapter-0.2.0 itemloaders-1.0.4 lxml-4.6.3 parsel-1.6.0 priority-1.3.0 protego-0.1.16 queuelib-1.6.1 scrapy-2.5.0 service-identity-21.1.0 w3lib-1.22.0
[2021-05-13 14:51:00,740] {bash.py:173} INFO - WARNING: You are using pip version 20.2.4; however, version 21.1.1 is available.
[2021-05-13 14:51:00,742] {bash.py:173} INFO - You should consider upgrading via the '/usr/local/bin/python -m pip install --upgrade pip' command.
[2021-05-13 14:51:00,953] {bash.py:177} INFO - Command exited with return code 0
[2021-05-13 14:51:01,036] {taskinstance.py:1192} INFO - Marking task as SUCCESS. dag_id=CS_GO_Pipeline, task_id=Matches_Crawler, execution_date=20210513T145042, start_date=20210513T145044, end_date=20210513T145101
[2021-05-13 14:51:01,063] {taskinstance.py:1246} INFO - 0 downstream tasks scheduled from follow-on schedule check
[2021-05-13 14:51:01,096] {local_task_job.py:146} INFO - Task exited with return code 0
