[2021-05-13 16:17:01,391] {taskinstance.py:877} INFO - Dependencies all met for <TaskInstance: CS_GO_Pipeline.Matches_Crawler 2021-05-13T16:16:59.408701+00:00 [queued]>
[2021-05-13 16:17:01,405] {taskinstance.py:877} INFO - Dependencies all met for <TaskInstance: CS_GO_Pipeline.Matches_Crawler 2021-05-13T16:16:59.408701+00:00 [queued]>
[2021-05-13 16:17:01,406] {taskinstance.py:1068} INFO - 
--------------------------------------------------------------------------------
[2021-05-13 16:17:01,406] {taskinstance.py:1069} INFO - Starting attempt 1 of 4
[2021-05-13 16:17:01,406] {taskinstance.py:1070} INFO - 
--------------------------------------------------------------------------------
[2021-05-13 16:17:01,416] {taskinstance.py:1089} INFO - Executing <Task(BashOperator): Matches_Crawler> on 2021-05-13T16:16:59.408701+00:00
[2021-05-13 16:17:01,419] {standard_task_runner.py:52} INFO - Started process 107 to run task
[2021-05-13 16:17:01,423] {standard_task_runner.py:76} INFO - Running: ['airflow', 'tasks', 'run', 'CS_GO_Pipeline', 'Matches_Crawler', '2021-05-13T16:16:59.408701+00:00', '--job-id', '15', '--pool', 'default_pool', '--raw', '--subdir', 'DAGS_FOLDER/csgo_pipeline.py', '--cfg-path', '/tmp/tmpc3ngg33y', '--error-file', '/tmp/tmp17g4nlhg']
[2021-05-13 16:17:01,424] {standard_task_runner.py:77} INFO - Job 15: Subtask Matches_Crawler
[2021-05-13 16:17:01,474] {logging_mixin.py:104} INFO - Running <TaskInstance: CS_GO_Pipeline.Matches_Crawler 2021-05-13T16:16:59.408701+00:00 [running]> on host 834203160f1c
[2021-05-13 16:17:01,542] {taskinstance.py:1283} INFO - Exporting the following env vars:
AIRFLOW_CTX_DAG_OWNER=Filipe
AIRFLOW_CTX_DAG_ID=CS_GO_Pipeline
AIRFLOW_CTX_TASK_ID=Matches_Crawler
AIRFLOW_CTX_EXECUTION_DATE=2021-05-13T16:16:59.408701+00:00
AIRFLOW_CTX_DAG_RUN_ID=manual__2021-05-13T16:16:59.408701+00:00
[2021-05-13 16:17:01,543] {bash.py:135} INFO - Tmp dir root location: 
 /tmp
[2021-05-13 16:17:01,544] {bash.py:158} INFO - Running command: pwd
[2021-05-13 16:17:01,551] {bash.py:169} INFO - Output:
[2021-05-13 16:17:01,552] {bash.py:173} INFO - /tmp/airflowtmpdpo54bow
[2021-05-13 16:17:01,553] {bash.py:177} INFO - Command exited with return code 0
[2021-05-13 16:17:01,581] {taskinstance.py:1192} INFO - Marking task as SUCCESS. dag_id=CS_GO_Pipeline, task_id=Matches_Crawler, execution_date=20210513T161659, start_date=20210513T161701, end_date=20210513T161701
[2021-05-13 16:17:01,605] {taskinstance.py:1246} INFO - 0 downstream tasks scheduled from follow-on schedule check
[2021-05-13 16:17:01,637] {local_task_job.py:146} INFO - Task exited with return code 0
