[2021-05-14 01:35:27,996] {scheduler_job.py:182} INFO - Started process (PID=19161) to work on /home/airflow/.local/lib/python3.6/site-packages/airflow/example_dags/example_xcom.py
[2021-05-14 01:35:27,997] {scheduler_job.py:629} INFO - Processing file /home/airflow/.local/lib/python3.6/site-packages/airflow/example_dags/example_xcom.py for tasks to queue
[2021-05-14 01:35:27,998] {logging_mixin.py:104} INFO - [2021-05-14 01:35:27,998] {dagbag.py:451} INFO - Filling up the DagBag from /home/airflow/.local/lib/python3.6/site-packages/airflow/example_dags/example_xcom.py
[2021-05-14 01:35:28,068] {scheduler_job.py:639} INFO - DAG(s) dict_keys(['example_xcom']) retrieved from /home/airflow/.local/lib/python3.6/site-packages/airflow/example_dags/example_xcom.py
[2021-05-14 01:35:28,089] {logging_mixin.py:104} INFO - [2021-05-14 01:35:28,089] {dag.py:1824} INFO - Sync 1 DAGs
[2021-05-14 01:35:28,103] {logging_mixin.py:104} INFO - [2021-05-14 01:35:28,103] {dag.py:2280} INFO - Setting next_dagrun for example_xcom to 2021-05-12 00:00:00+00:00
[2021-05-14 01:35:28,127] {scheduler_job.py:190} INFO - Processing /home/airflow/.local/lib/python3.6/site-packages/airflow/example_dags/example_xcom.py took 0.133 seconds
[2021-05-14 01:35:58,586] {scheduler_job.py:182} INFO - Started process (PID=19188) to work on /home/airflow/.local/lib/python3.6/site-packages/airflow/example_dags/example_xcom.py
[2021-05-14 01:35:58,587] {scheduler_job.py:629} INFO - Processing file /home/airflow/.local/lib/python3.6/site-packages/airflow/example_dags/example_xcom.py for tasks to queue
[2021-05-14 01:35:58,588] {logging_mixin.py:104} INFO - [2021-05-14 01:35:58,588] {dagbag.py:451} INFO - Filling up the DagBag from /home/airflow/.local/lib/python3.6/site-packages/airflow/example_dags/example_xcom.py
[2021-05-14 01:35:58,598] {scheduler_job.py:639} INFO - DAG(s) dict_keys(['example_xcom']) retrieved from /home/airflow/.local/lib/python3.6/site-packages/airflow/example_dags/example_xcom.py
[2021-05-14 01:35:58,616] {logging_mixin.py:104} INFO - [2021-05-14 01:35:58,616] {dag.py:1824} INFO - Sync 1 DAGs
[2021-05-14 01:35:58,630] {logging_mixin.py:104} INFO - [2021-05-14 01:35:58,629] {dag.py:2280} INFO - Setting next_dagrun for example_xcom to 2021-05-12 00:00:00+00:00
[2021-05-14 01:35:58,703] {scheduler_job.py:190} INFO - Processing /home/airflow/.local/lib/python3.6/site-packages/airflow/example_dags/example_xcom.py took 0.120 seconds
[2021-05-14 01:36:29,188] {scheduler_job.py:182} INFO - Started process (PID=19215) to work on /home/airflow/.local/lib/python3.6/site-packages/airflow/example_dags/example_xcom.py
[2021-05-14 01:36:29,189] {scheduler_job.py:629} INFO - Processing file /home/airflow/.local/lib/python3.6/site-packages/airflow/example_dags/example_xcom.py for tasks to queue
[2021-05-14 01:36:29,190] {logging_mixin.py:104} INFO - [2021-05-14 01:36:29,190] {dagbag.py:451} INFO - Filling up the DagBag from /home/airflow/.local/lib/python3.6/site-packages/airflow/example_dags/example_xcom.py
[2021-05-14 01:36:29,200] {scheduler_job.py:639} INFO - DAG(s) dict_keys(['example_xcom']) retrieved from /home/airflow/.local/lib/python3.6/site-packages/airflow/example_dags/example_xcom.py
[2021-05-14 01:36:29,218] {logging_mixin.py:104} INFO - [2021-05-14 01:36:29,218] {dag.py:1824} INFO - Sync 1 DAGs
[2021-05-14 01:36:29,232] {logging_mixin.py:104} INFO - [2021-05-14 01:36:29,232] {dag.py:2280} INFO - Setting next_dagrun for example_xcom to 2021-05-12 00:00:00+00:00
[2021-05-14 01:36:29,309] {scheduler_job.py:190} INFO - Processing /home/airflow/.local/lib/python3.6/site-packages/airflow/example_dags/example_xcom.py took 0.124 seconds
[2021-05-14 01:36:59,990] {scheduler_job.py:182} INFO - Started process (PID=19242) to work on /home/airflow/.local/lib/python3.6/site-packages/airflow/example_dags/example_xcom.py
[2021-05-14 01:36:59,992] {scheduler_job.py:629} INFO - Processing file /home/airflow/.local/lib/python3.6/site-packages/airflow/example_dags/example_xcom.py for tasks to queue
[2021-05-14 01:36:59,993] {logging_mixin.py:104} INFO - [2021-05-14 01:36:59,992] {dagbag.py:451} INFO - Filling up the DagBag from /home/airflow/.local/lib/python3.6/site-packages/airflow/example_dags/example_xcom.py
[2021-05-14 01:37:00,004] {scheduler_job.py:639} INFO - DAG(s) dict_keys(['example_xcom']) retrieved from /home/airflow/.local/lib/python3.6/site-packages/airflow/example_dags/example_xcom.py
[2021-05-14 01:37:00,023] {logging_mixin.py:104} INFO - [2021-05-14 01:37:00,023] {dag.py:1824} INFO - Sync 1 DAGs
[2021-05-14 01:37:00,036] {logging_mixin.py:104} INFO - [2021-05-14 01:37:00,036] {dag.py:2280} INFO - Setting next_dagrun for example_xcom to 2021-05-12 00:00:00+00:00
[2021-05-14 01:37:00,115] {scheduler_job.py:190} INFO - Processing /home/airflow/.local/lib/python3.6/site-packages/airflow/example_dags/example_xcom.py took 0.127 seconds
[2021-05-14 01:37:30,641] {scheduler_job.py:182} INFO - Started process (PID=19269) to work on /home/airflow/.local/lib/python3.6/site-packages/airflow/example_dags/example_xcom.py
[2021-05-14 01:37:30,643] {scheduler_job.py:629} INFO - Processing file /home/airflow/.local/lib/python3.6/site-packages/airflow/example_dags/example_xcom.py for tasks to queue
[2021-05-14 01:37:30,644] {logging_mixin.py:104} INFO - [2021-05-14 01:37:30,644] {dagbag.py:451} INFO - Filling up the DagBag from /home/airflow/.local/lib/python3.6/site-packages/airflow/example_dags/example_xcom.py
[2021-05-14 01:37:30,653] {scheduler_job.py:639} INFO - DAG(s) dict_keys(['example_xcom']) retrieved from /home/airflow/.local/lib/python3.6/site-packages/airflow/example_dags/example_xcom.py
[2021-05-14 01:37:30,672] {logging_mixin.py:104} INFO - [2021-05-14 01:37:30,672] {dag.py:1824} INFO - Sync 1 DAGs
[2021-05-14 01:37:30,687] {logging_mixin.py:104} INFO - [2021-05-14 01:37:30,687] {dag.py:2280} INFO - Setting next_dagrun for example_xcom to 2021-05-12 00:00:00+00:00
[2021-05-14 01:37:30,783] {scheduler_job.py:190} INFO - Processing /home/airflow/.local/lib/python3.6/site-packages/airflow/example_dags/example_xcom.py took 0.145 seconds
[2021-05-14 01:38:01,507] {scheduler_job.py:182} INFO - Started process (PID=19296) to work on /home/airflow/.local/lib/python3.6/site-packages/airflow/example_dags/example_xcom.py
[2021-05-14 01:38:01,508] {scheduler_job.py:629} INFO - Processing file /home/airflow/.local/lib/python3.6/site-packages/airflow/example_dags/example_xcom.py for tasks to queue
[2021-05-14 01:38:01,509] {logging_mixin.py:104} INFO - [2021-05-14 01:38:01,509] {dagbag.py:451} INFO - Filling up the DagBag from /home/airflow/.local/lib/python3.6/site-packages/airflow/example_dags/example_xcom.py
[2021-05-14 01:38:01,520] {scheduler_job.py:639} INFO - DAG(s) dict_keys(['example_xcom']) retrieved from /home/airflow/.local/lib/python3.6/site-packages/airflow/example_dags/example_xcom.py
[2021-05-14 01:38:01,539] {logging_mixin.py:104} INFO - [2021-05-14 01:38:01,539] {dag.py:1824} INFO - Sync 1 DAGs
[2021-05-14 01:38:01,553] {logging_mixin.py:104} INFO - [2021-05-14 01:38:01,553] {dag.py:2280} INFO - Setting next_dagrun for example_xcom to 2021-05-12 00:00:00+00:00
[2021-05-14 01:38:01,636] {scheduler_job.py:190} INFO - Processing /home/airflow/.local/lib/python3.6/site-packages/airflow/example_dags/example_xcom.py took 0.132 seconds
[2021-05-14 01:38:32,607] {scheduler_job.py:182} INFO - Started process (PID=19323) to work on /home/airflow/.local/lib/python3.6/site-packages/airflow/example_dags/example_xcom.py
[2021-05-14 01:38:32,609] {scheduler_job.py:629} INFO - Processing file /home/airflow/.local/lib/python3.6/site-packages/airflow/example_dags/example_xcom.py for tasks to queue
[2021-05-14 01:38:32,609] {logging_mixin.py:104} INFO - [2021-05-14 01:38:32,609] {dagbag.py:451} INFO - Filling up the DagBag from /home/airflow/.local/lib/python3.6/site-packages/airflow/example_dags/example_xcom.py
[2021-05-14 01:38:32,619] {scheduler_job.py:639} INFO - DAG(s) dict_keys(['example_xcom']) retrieved from /home/airflow/.local/lib/python3.6/site-packages/airflow/example_dags/example_xcom.py
[2021-05-14 01:38:32,638] {logging_mixin.py:104} INFO - [2021-05-14 01:38:32,638] {dag.py:1824} INFO - Sync 1 DAGs
[2021-05-14 01:38:32,650] {logging_mixin.py:104} INFO - [2021-05-14 01:38:32,650] {dag.py:2280} INFO - Setting next_dagrun for example_xcom to 2021-05-12 00:00:00+00:00
[2021-05-14 01:38:32,734] {scheduler_job.py:190} INFO - Processing /home/airflow/.local/lib/python3.6/site-packages/airflow/example_dags/example_xcom.py took 0.130 seconds
[2021-05-14 01:39:02,818] {scheduler_job.py:182} INFO - Started process (PID=19350) to work on /home/airflow/.local/lib/python3.6/site-packages/airflow/example_dags/example_xcom.py
[2021-05-14 01:39:02,819] {scheduler_job.py:629} INFO - Processing file /home/airflow/.local/lib/python3.6/site-packages/airflow/example_dags/example_xcom.py for tasks to queue
[2021-05-14 01:39:02,820] {logging_mixin.py:104} INFO - [2021-05-14 01:39:02,820] {dagbag.py:451} INFO - Filling up the DagBag from /home/airflow/.local/lib/python3.6/site-packages/airflow/example_dags/example_xcom.py
[2021-05-14 01:39:02,831] {scheduler_job.py:639} INFO - DAG(s) dict_keys(['example_xcom']) retrieved from /home/airflow/.local/lib/python3.6/site-packages/airflow/example_dags/example_xcom.py
[2021-05-14 01:39:02,848] {logging_mixin.py:104} INFO - [2021-05-14 01:39:02,848] {dag.py:1824} INFO - Sync 1 DAGs
[2021-05-14 01:39:02,863] {logging_mixin.py:104} INFO - [2021-05-14 01:39:02,863] {dag.py:2280} INFO - Setting next_dagrun for example_xcom to 2021-05-12 00:00:00+00:00
[2021-05-14 01:39:02,950] {scheduler_job.py:190} INFO - Processing /home/airflow/.local/lib/python3.6/site-packages/airflow/example_dags/example_xcom.py took 0.135 seconds
[2021-05-14 01:39:33,849] {scheduler_job.py:182} INFO - Started process (PID=19377) to work on /home/airflow/.local/lib/python3.6/site-packages/airflow/example_dags/example_xcom.py
[2021-05-14 01:39:33,851] {scheduler_job.py:629} INFO - Processing file /home/airflow/.local/lib/python3.6/site-packages/airflow/example_dags/example_xcom.py for tasks to queue
[2021-05-14 01:39:33,851] {logging_mixin.py:104} INFO - [2021-05-14 01:39:33,851] {dagbag.py:451} INFO - Filling up the DagBag from /home/airflow/.local/lib/python3.6/site-packages/airflow/example_dags/example_xcom.py
[2021-05-14 01:39:33,862] {scheduler_job.py:639} INFO - DAG(s) dict_keys(['example_xcom']) retrieved from /home/airflow/.local/lib/python3.6/site-packages/airflow/example_dags/example_xcom.py
[2021-05-14 01:39:33,887] {logging_mixin.py:104} INFO - [2021-05-14 01:39:33,887] {dag.py:1824} INFO - Sync 1 DAGs
[2021-05-14 01:39:33,903] {logging_mixin.py:104} INFO - [2021-05-14 01:39:33,902] {dag.py:2280} INFO - Setting next_dagrun for example_xcom to 2021-05-12 00:00:00+00:00
[2021-05-14 01:39:33,914] {scheduler_job.py:190} INFO - Processing /home/airflow/.local/lib/python3.6/site-packages/airflow/example_dags/example_xcom.py took 0.067 seconds
[2021-05-14 01:40:04,912] {scheduler_job.py:182} INFO - Started process (PID=19404) to work on /home/airflow/.local/lib/python3.6/site-packages/airflow/example_dags/example_xcom.py
[2021-05-14 01:40:04,913] {scheduler_job.py:629} INFO - Processing file /home/airflow/.local/lib/python3.6/site-packages/airflow/example_dags/example_xcom.py for tasks to queue
[2021-05-14 01:40:04,914] {logging_mixin.py:104} INFO - [2021-05-14 01:40:04,914] {dagbag.py:451} INFO - Filling up the DagBag from /home/airflow/.local/lib/python3.6/site-packages/airflow/example_dags/example_xcom.py
[2021-05-14 01:40:04,925] {scheduler_job.py:639} INFO - DAG(s) dict_keys(['example_xcom']) retrieved from /home/airflow/.local/lib/python3.6/site-packages/airflow/example_dags/example_xcom.py
[2021-05-14 01:40:04,944] {logging_mixin.py:104} INFO - [2021-05-14 01:40:04,944] {dag.py:1824} INFO - Sync 1 DAGs
[2021-05-14 01:40:04,960] {logging_mixin.py:104} INFO - [2021-05-14 01:40:04,960] {dag.py:2280} INFO - Setting next_dagrun for example_xcom to 2021-05-12 00:00:00+00:00
[2021-05-14 01:40:05,051] {scheduler_job.py:190} INFO - Processing /home/airflow/.local/lib/python3.6/site-packages/airflow/example_dags/example_xcom.py took 0.141 seconds
