[2021-05-14 01:35:05,959] {scheduler_job.py:182} INFO - Started process (PID=19144) to work on /home/airflow/.local/lib/python3.6/site-packages/airflow/example_dags/example_kubernetes_executor.py
[2021-05-14 01:35:05,960] {scheduler_job.py:629} INFO - Processing file /home/airflow/.local/lib/python3.6/site-packages/airflow/example_dags/example_kubernetes_executor.py for tasks to queue
[2021-05-14 01:35:05,961] {logging_mixin.py:104} INFO - [2021-05-14 01:35:05,961] {dagbag.py:451} INFO - Filling up the DagBag from /home/airflow/.local/lib/python3.6/site-packages/airflow/example_dags/example_kubernetes_executor.py
[2021-05-14 01:35:05,976] {scheduler_job.py:639} INFO - DAG(s) dict_keys(['example_kubernetes_executor']) retrieved from /home/airflow/.local/lib/python3.6/site-packages/airflow/example_dags/example_kubernetes_executor.py
[2021-05-14 01:35:05,994] {logging_mixin.py:104} INFO - [2021-05-14 01:35:05,994] {dag.py:1824} INFO - Sync 1 DAGs
[2021-05-14 01:35:06,007] {logging_mixin.py:104} INFO - [2021-05-14 01:35:06,007] {dag.py:2280} INFO - Setting next_dagrun for example_kubernetes_executor to None
[2021-05-14 01:35:06,018] {scheduler_job.py:190} INFO - Processing /home/airflow/.local/lib/python3.6/site-packages/airflow/example_dags/example_kubernetes_executor.py took 0.064 seconds
[2021-05-14 01:35:36,448] {scheduler_job.py:182} INFO - Started process (PID=19169) to work on /home/airflow/.local/lib/python3.6/site-packages/airflow/example_dags/example_kubernetes_executor.py
[2021-05-14 01:35:36,449] {scheduler_job.py:629} INFO - Processing file /home/airflow/.local/lib/python3.6/site-packages/airflow/example_dags/example_kubernetes_executor.py for tasks to queue
[2021-05-14 01:35:36,450] {logging_mixin.py:104} INFO - [2021-05-14 01:35:36,450] {dagbag.py:451} INFO - Filling up the DagBag from /home/airflow/.local/lib/python3.6/site-packages/airflow/example_dags/example_kubernetes_executor.py
[2021-05-14 01:35:36,462] {scheduler_job.py:639} INFO - DAG(s) dict_keys(['example_kubernetes_executor']) retrieved from /home/airflow/.local/lib/python3.6/site-packages/airflow/example_dags/example_kubernetes_executor.py
[2021-05-14 01:35:36,480] {logging_mixin.py:104} INFO - [2021-05-14 01:35:36,480] {dag.py:1824} INFO - Sync 1 DAGs
[2021-05-14 01:35:36,493] {logging_mixin.py:104} INFO - [2021-05-14 01:35:36,493] {dag.py:2280} INFO - Setting next_dagrun for example_kubernetes_executor to None
[2021-05-14 01:35:36,564] {scheduler_job.py:190} INFO - Processing /home/airflow/.local/lib/python3.6/site-packages/airflow/example_dags/example_kubernetes_executor.py took 0.119 seconds
[2021-05-14 01:36:07,114] {scheduler_job.py:182} INFO - Started process (PID=19196) to work on /home/airflow/.local/lib/python3.6/site-packages/airflow/example_dags/example_kubernetes_executor.py
[2021-05-14 01:36:07,116] {scheduler_job.py:629} INFO - Processing file /home/airflow/.local/lib/python3.6/site-packages/airflow/example_dags/example_kubernetes_executor.py for tasks to queue
[2021-05-14 01:36:07,117] {logging_mixin.py:104} INFO - [2021-05-14 01:36:07,117] {dagbag.py:451} INFO - Filling up the DagBag from /home/airflow/.local/lib/python3.6/site-packages/airflow/example_dags/example_kubernetes_executor.py
[2021-05-14 01:36:07,127] {scheduler_job.py:639} INFO - DAG(s) dict_keys(['example_kubernetes_executor']) retrieved from /home/airflow/.local/lib/python3.6/site-packages/airflow/example_dags/example_kubernetes_executor.py
[2021-05-14 01:36:07,149] {logging_mixin.py:104} INFO - [2021-05-14 01:36:07,149] {dag.py:1824} INFO - Sync 1 DAGs
[2021-05-14 01:36:07,162] {logging_mixin.py:104} INFO - [2021-05-14 01:36:07,162] {dag.py:2280} INFO - Setting next_dagrun for example_kubernetes_executor to None
[2021-05-14 01:36:07,178] {scheduler_job.py:190} INFO - Processing /home/airflow/.local/lib/python3.6/site-packages/airflow/example_dags/example_kubernetes_executor.py took 0.067 seconds
[2021-05-14 01:36:37,716] {scheduler_job.py:182} INFO - Started process (PID=19223) to work on /home/airflow/.local/lib/python3.6/site-packages/airflow/example_dags/example_kubernetes_executor.py
[2021-05-14 01:36:37,717] {scheduler_job.py:629} INFO - Processing file /home/airflow/.local/lib/python3.6/site-packages/airflow/example_dags/example_kubernetes_executor.py for tasks to queue
[2021-05-14 01:36:37,718] {logging_mixin.py:104} INFO - [2021-05-14 01:36:37,718] {dagbag.py:451} INFO - Filling up the DagBag from /home/airflow/.local/lib/python3.6/site-packages/airflow/example_dags/example_kubernetes_executor.py
[2021-05-14 01:36:37,729] {scheduler_job.py:639} INFO - DAG(s) dict_keys(['example_kubernetes_executor']) retrieved from /home/airflow/.local/lib/python3.6/site-packages/airflow/example_dags/example_kubernetes_executor.py
[2021-05-14 01:36:37,748] {logging_mixin.py:104} INFO - [2021-05-14 01:36:37,748] {dag.py:1824} INFO - Sync 1 DAGs
[2021-05-14 01:36:37,762] {logging_mixin.py:104} INFO - [2021-05-14 01:36:37,762] {dag.py:2280} INFO - Setting next_dagrun for example_kubernetes_executor to None
[2021-05-14 01:36:37,841] {scheduler_job.py:190} INFO - Processing /home/airflow/.local/lib/python3.6/site-packages/airflow/example_dags/example_kubernetes_executor.py took 0.127 seconds
[2021-05-14 01:37:08,415] {scheduler_job.py:182} INFO - Started process (PID=19250) to work on /home/airflow/.local/lib/python3.6/site-packages/airflow/example_dags/example_kubernetes_executor.py
[2021-05-14 01:37:08,417] {scheduler_job.py:629} INFO - Processing file /home/airflow/.local/lib/python3.6/site-packages/airflow/example_dags/example_kubernetes_executor.py for tasks to queue
[2021-05-14 01:37:08,418] {logging_mixin.py:104} INFO - [2021-05-14 01:37:08,418] {dagbag.py:451} INFO - Filling up the DagBag from /home/airflow/.local/lib/python3.6/site-packages/airflow/example_dags/example_kubernetes_executor.py
[2021-05-14 01:37:08,429] {scheduler_job.py:639} INFO - DAG(s) dict_keys(['example_kubernetes_executor']) retrieved from /home/airflow/.local/lib/python3.6/site-packages/airflow/example_dags/example_kubernetes_executor.py
[2021-05-14 01:37:08,449] {logging_mixin.py:104} INFO - [2021-05-14 01:37:08,448] {dag.py:1824} INFO - Sync 1 DAGs
[2021-05-14 01:37:08,462] {logging_mixin.py:104} INFO - [2021-05-14 01:37:08,462] {dag.py:2280} INFO - Setting next_dagrun for example_kubernetes_executor to None
[2021-05-14 01:37:08,542] {scheduler_job.py:190} INFO - Processing /home/airflow/.local/lib/python3.6/site-packages/airflow/example_dags/example_kubernetes_executor.py took 0.130 seconds
[2021-05-14 01:37:39,140] {scheduler_job.py:182} INFO - Started process (PID=19277) to work on /home/airflow/.local/lib/python3.6/site-packages/airflow/example_dags/example_kubernetes_executor.py
[2021-05-14 01:37:39,141] {scheduler_job.py:629} INFO - Processing file /home/airflow/.local/lib/python3.6/site-packages/airflow/example_dags/example_kubernetes_executor.py for tasks to queue
[2021-05-14 01:37:39,142] {logging_mixin.py:104} INFO - [2021-05-14 01:37:39,142] {dagbag.py:451} INFO - Filling up the DagBag from /home/airflow/.local/lib/python3.6/site-packages/airflow/example_dags/example_kubernetes_executor.py
[2021-05-14 01:37:39,153] {scheduler_job.py:639} INFO - DAG(s) dict_keys(['example_kubernetes_executor']) retrieved from /home/airflow/.local/lib/python3.6/site-packages/airflow/example_dags/example_kubernetes_executor.py
[2021-05-14 01:37:39,171] {logging_mixin.py:104} INFO - [2021-05-14 01:37:39,171] {dag.py:1824} INFO - Sync 1 DAGs
[2021-05-14 01:37:39,184] {logging_mixin.py:104} INFO - [2021-05-14 01:37:39,184] {dag.py:2280} INFO - Setting next_dagrun for example_kubernetes_executor to None
[2021-05-14 01:37:39,194] {scheduler_job.py:190} INFO - Processing /home/airflow/.local/lib/python3.6/site-packages/airflow/example_dags/example_kubernetes_executor.py took 0.057 seconds
[2021-05-14 01:38:10,057] {scheduler_job.py:182} INFO - Started process (PID=19304) to work on /home/airflow/.local/lib/python3.6/site-packages/airflow/example_dags/example_kubernetes_executor.py
[2021-05-14 01:38:10,059] {scheduler_job.py:629} INFO - Processing file /home/airflow/.local/lib/python3.6/site-packages/airflow/example_dags/example_kubernetes_executor.py for tasks to queue
[2021-05-14 01:38:10,059] {logging_mixin.py:104} INFO - [2021-05-14 01:38:10,059] {dagbag.py:451} INFO - Filling up the DagBag from /home/airflow/.local/lib/python3.6/site-packages/airflow/example_dags/example_kubernetes_executor.py
[2021-05-14 01:38:10,069] {scheduler_job.py:639} INFO - DAG(s) dict_keys(['example_kubernetes_executor']) retrieved from /home/airflow/.local/lib/python3.6/site-packages/airflow/example_dags/example_kubernetes_executor.py
[2021-05-14 01:38:10,087] {logging_mixin.py:104} INFO - [2021-05-14 01:38:10,087] {dag.py:1824} INFO - Sync 1 DAGs
[2021-05-14 01:38:10,102] {logging_mixin.py:104} INFO - [2021-05-14 01:38:10,102] {dag.py:2280} INFO - Setting next_dagrun for example_kubernetes_executor to None
[2021-05-14 01:38:10,186] {scheduler_job.py:190} INFO - Processing /home/airflow/.local/lib/python3.6/site-packages/airflow/example_dags/example_kubernetes_executor.py took 0.132 seconds
[2021-05-14 01:38:40,212] {scheduler_job.py:182} INFO - Started process (PID=19331) to work on /home/airflow/.local/lib/python3.6/site-packages/airflow/example_dags/example_kubernetes_executor.py
[2021-05-14 01:38:40,213] {scheduler_job.py:629} INFO - Processing file /home/airflow/.local/lib/python3.6/site-packages/airflow/example_dags/example_kubernetes_executor.py for tasks to queue
[2021-05-14 01:38:40,214] {logging_mixin.py:104} INFO - [2021-05-14 01:38:40,214] {dagbag.py:451} INFO - Filling up the DagBag from /home/airflow/.local/lib/python3.6/site-packages/airflow/example_dags/example_kubernetes_executor.py
[2021-05-14 01:38:40,224] {scheduler_job.py:639} INFO - DAG(s) dict_keys(['example_kubernetes_executor']) retrieved from /home/airflow/.local/lib/python3.6/site-packages/airflow/example_dags/example_kubernetes_executor.py
[2021-05-14 01:38:40,242] {logging_mixin.py:104} INFO - [2021-05-14 01:38:40,242] {dag.py:1824} INFO - Sync 1 DAGs
[2021-05-14 01:38:40,255] {logging_mixin.py:104} INFO - [2021-05-14 01:38:40,255] {dag.py:2280} INFO - Setting next_dagrun for example_kubernetes_executor to None
[2021-05-14 01:38:40,339] {scheduler_job.py:190} INFO - Processing /home/airflow/.local/lib/python3.6/site-packages/airflow/example_dags/example_kubernetes_executor.py took 0.130 seconds
[2021-05-14 01:39:10,437] {scheduler_job.py:182} INFO - Started process (PID=19358) to work on /home/airflow/.local/lib/python3.6/site-packages/airflow/example_dags/example_kubernetes_executor.py
[2021-05-14 01:39:10,439] {scheduler_job.py:629} INFO - Processing file /home/airflow/.local/lib/python3.6/site-packages/airflow/example_dags/example_kubernetes_executor.py for tasks to queue
[2021-05-14 01:39:10,439] {logging_mixin.py:104} INFO - [2021-05-14 01:39:10,439] {dagbag.py:451} INFO - Filling up the DagBag from /home/airflow/.local/lib/python3.6/site-packages/airflow/example_dags/example_kubernetes_executor.py
[2021-05-14 01:39:10,450] {scheduler_job.py:639} INFO - DAG(s) dict_keys(['example_kubernetes_executor']) retrieved from /home/airflow/.local/lib/python3.6/site-packages/airflow/example_dags/example_kubernetes_executor.py
[2021-05-14 01:39:10,468] {logging_mixin.py:104} INFO - [2021-05-14 01:39:10,468] {dag.py:1824} INFO - Sync 1 DAGs
[2021-05-14 01:39:10,481] {logging_mixin.py:104} INFO - [2021-05-14 01:39:10,480] {dag.py:2280} INFO - Setting next_dagrun for example_kubernetes_executor to None
[2021-05-14 01:39:10,567] {scheduler_job.py:190} INFO - Processing /home/airflow/.local/lib/python3.6/site-packages/airflow/example_dags/example_kubernetes_executor.py took 0.133 seconds
[2021-05-14 01:39:41,267] {scheduler_job.py:182} INFO - Started process (PID=19383) to work on /home/airflow/.local/lib/python3.6/site-packages/airflow/example_dags/example_kubernetes_executor.py
[2021-05-14 01:39:41,268] {scheduler_job.py:629} INFO - Processing file /home/airflow/.local/lib/python3.6/site-packages/airflow/example_dags/example_kubernetes_executor.py for tasks to queue
[2021-05-14 01:39:41,269] {logging_mixin.py:104} INFO - [2021-05-14 01:39:41,269] {dagbag.py:451} INFO - Filling up the DagBag from /home/airflow/.local/lib/python3.6/site-packages/airflow/example_dags/example_kubernetes_executor.py
[2021-05-14 01:39:41,280] {scheduler_job.py:639} INFO - DAG(s) dict_keys(['example_kubernetes_executor']) retrieved from /home/airflow/.local/lib/python3.6/site-packages/airflow/example_dags/example_kubernetes_executor.py
[2021-05-14 01:39:41,299] {logging_mixin.py:104} INFO - [2021-05-14 01:39:41,299] {dag.py:1824} INFO - Sync 1 DAGs
[2021-05-14 01:39:41,313] {logging_mixin.py:104} INFO - [2021-05-14 01:39:41,313] {dag.py:2280} INFO - Setting next_dagrun for example_kubernetes_executor to None
[2021-05-14 01:39:41,403] {scheduler_job.py:190} INFO - Processing /home/airflow/.local/lib/python3.6/site-packages/airflow/example_dags/example_kubernetes_executor.py took 0.139 seconds
[2021-05-14 01:40:12,334] {scheduler_job.py:182} INFO - Started process (PID=19410) to work on /home/airflow/.local/lib/python3.6/site-packages/airflow/example_dags/example_kubernetes_executor.py
[2021-05-14 01:40:12,336] {scheduler_job.py:629} INFO - Processing file /home/airflow/.local/lib/python3.6/site-packages/airflow/example_dags/example_kubernetes_executor.py for tasks to queue
[2021-05-14 01:40:12,336] {logging_mixin.py:104} INFO - [2021-05-14 01:40:12,336] {dagbag.py:451} INFO - Filling up the DagBag from /home/airflow/.local/lib/python3.6/site-packages/airflow/example_dags/example_kubernetes_executor.py
[2021-05-14 01:40:12,348] {scheduler_job.py:639} INFO - DAG(s) dict_keys(['example_kubernetes_executor']) retrieved from /home/airflow/.local/lib/python3.6/site-packages/airflow/example_dags/example_kubernetes_executor.py
[2021-05-14 01:40:12,367] {logging_mixin.py:104} INFO - [2021-05-14 01:40:12,367] {dag.py:1824} INFO - Sync 1 DAGs
[2021-05-14 01:40:12,380] {logging_mixin.py:104} INFO - [2021-05-14 01:40:12,380] {dag.py:2280} INFO - Setting next_dagrun for example_kubernetes_executor to None
[2021-05-14 01:40:12,471] {scheduler_job.py:190} INFO - Processing /home/airflow/.local/lib/python3.6/site-packages/airflow/example_dags/example_kubernetes_executor.py took 0.140 seconds
