[2021-05-14 01:35:09,630] {scheduler_job.py:182} INFO - Started process (PID=19155) to work on /home/airflow/.local/lib/python3.6/site-packages/airflow/example_dags/example_latest_only.py
[2021-05-14 01:35:09,631] {scheduler_job.py:629} INFO - Processing file /home/airflow/.local/lib/python3.6/site-packages/airflow/example_dags/example_latest_only.py for tasks to queue
[2021-05-14 01:35:09,632] {logging_mixin.py:104} INFO - [2021-05-14 01:35:09,632] {dagbag.py:451} INFO - Filling up the DagBag from /home/airflow/.local/lib/python3.6/site-packages/airflow/example_dags/example_latest_only.py
[2021-05-14 01:35:09,642] {scheduler_job.py:639} INFO - DAG(s) dict_keys(['latest_only']) retrieved from /home/airflow/.local/lib/python3.6/site-packages/airflow/example_dags/example_latest_only.py
[2021-05-14 01:35:09,660] {logging_mixin.py:104} INFO - [2021-05-14 01:35:09,659] {dag.py:1824} INFO - Sync 1 DAGs
[2021-05-14 01:35:09,672] {logging_mixin.py:104} INFO - [2021-05-14 01:35:09,672] {dag.py:2280} INFO - Setting next_dagrun for latest_only to 2021-05-12 00:00:00+00:00
[2021-05-14 01:35:09,684] {scheduler_job.py:190} INFO - Processing /home/airflow/.local/lib/python3.6/site-packages/airflow/example_dags/example_latest_only.py took 0.057 seconds
[2021-05-14 01:35:40,088] {scheduler_job.py:182} INFO - Started process (PID=19182) to work on /home/airflow/.local/lib/python3.6/site-packages/airflow/example_dags/example_latest_only.py
[2021-05-14 01:35:40,090] {scheduler_job.py:629} INFO - Processing file /home/airflow/.local/lib/python3.6/site-packages/airflow/example_dags/example_latest_only.py for tasks to queue
[2021-05-14 01:35:40,090] {logging_mixin.py:104} INFO - [2021-05-14 01:35:40,090] {dagbag.py:451} INFO - Filling up the DagBag from /home/airflow/.local/lib/python3.6/site-packages/airflow/example_dags/example_latest_only.py
[2021-05-14 01:35:40,100] {scheduler_job.py:639} INFO - DAG(s) dict_keys(['latest_only']) retrieved from /home/airflow/.local/lib/python3.6/site-packages/airflow/example_dags/example_latest_only.py
[2021-05-14 01:35:40,119] {logging_mixin.py:104} INFO - [2021-05-14 01:35:40,119] {dag.py:1824} INFO - Sync 1 DAGs
[2021-05-14 01:35:40,133] {logging_mixin.py:104} INFO - [2021-05-14 01:35:40,133] {dag.py:2280} INFO - Setting next_dagrun for latest_only to 2021-05-12 00:00:00+00:00
[2021-05-14 01:35:40,216] {scheduler_job.py:190} INFO - Processing /home/airflow/.local/lib/python3.6/site-packages/airflow/example_dags/example_latest_only.py took 0.131 seconds
[2021-05-14 01:36:10,820] {scheduler_job.py:182} INFO - Started process (PID=19209) to work on /home/airflow/.local/lib/python3.6/site-packages/airflow/example_dags/example_latest_only.py
[2021-05-14 01:36:10,821] {scheduler_job.py:629} INFO - Processing file /home/airflow/.local/lib/python3.6/site-packages/airflow/example_dags/example_latest_only.py for tasks to queue
[2021-05-14 01:36:10,822] {logging_mixin.py:104} INFO - [2021-05-14 01:36:10,822] {dagbag.py:451} INFO - Filling up the DagBag from /home/airflow/.local/lib/python3.6/site-packages/airflow/example_dags/example_latest_only.py
[2021-05-14 01:36:10,831] {scheduler_job.py:639} INFO - DAG(s) dict_keys(['latest_only']) retrieved from /home/airflow/.local/lib/python3.6/site-packages/airflow/example_dags/example_latest_only.py
[2021-05-14 01:36:10,849] {logging_mixin.py:104} INFO - [2021-05-14 01:36:10,848] {dag.py:1824} INFO - Sync 1 DAGs
[2021-05-14 01:36:10,862] {logging_mixin.py:104} INFO - [2021-05-14 01:36:10,862] {dag.py:2280} INFO - Setting next_dagrun for latest_only to 2021-05-12 00:00:00+00:00
[2021-05-14 01:36:10,897] {scheduler_job.py:190} INFO - Processing /home/airflow/.local/lib/python3.6/site-packages/airflow/example_dags/example_latest_only.py took 0.079 seconds
[2021-05-14 01:36:41,440] {scheduler_job.py:182} INFO - Started process (PID=19236) to work on /home/airflow/.local/lib/python3.6/site-packages/airflow/example_dags/example_latest_only.py
[2021-05-14 01:36:41,442] {scheduler_job.py:629} INFO - Processing file /home/airflow/.local/lib/python3.6/site-packages/airflow/example_dags/example_latest_only.py for tasks to queue
[2021-05-14 01:36:41,443] {logging_mixin.py:104} INFO - [2021-05-14 01:36:41,443] {dagbag.py:451} INFO - Filling up the DagBag from /home/airflow/.local/lib/python3.6/site-packages/airflow/example_dags/example_latest_only.py
[2021-05-14 01:36:41,457] {scheduler_job.py:639} INFO - DAG(s) dict_keys(['latest_only']) retrieved from /home/airflow/.local/lib/python3.6/site-packages/airflow/example_dags/example_latest_only.py
[2021-05-14 01:36:41,506] {logging_mixin.py:104} INFO - [2021-05-14 01:36:41,506] {dag.py:1824} INFO - Sync 1 DAGs
[2021-05-14 01:36:41,526] {logging_mixin.py:104} INFO - [2021-05-14 01:36:41,526] {dag.py:2280} INFO - Setting next_dagrun for latest_only to 2021-05-12 00:00:00+00:00
[2021-05-14 01:36:41,581] {scheduler_job.py:190} INFO - Processing /home/airflow/.local/lib/python3.6/site-packages/airflow/example_dags/example_latest_only.py took 0.145 seconds
[2021-05-14 01:37:12,217] {scheduler_job.py:182} INFO - Started process (PID=19263) to work on /home/airflow/.local/lib/python3.6/site-packages/airflow/example_dags/example_latest_only.py
[2021-05-14 01:37:12,218] {scheduler_job.py:629} INFO - Processing file /home/airflow/.local/lib/python3.6/site-packages/airflow/example_dags/example_latest_only.py for tasks to queue
[2021-05-14 01:37:12,219] {logging_mixin.py:104} INFO - [2021-05-14 01:37:12,219] {dagbag.py:451} INFO - Filling up the DagBag from /home/airflow/.local/lib/python3.6/site-packages/airflow/example_dags/example_latest_only.py
[2021-05-14 01:37:12,228] {scheduler_job.py:639} INFO - DAG(s) dict_keys(['latest_only']) retrieved from /home/airflow/.local/lib/python3.6/site-packages/airflow/example_dags/example_latest_only.py
[2021-05-14 01:37:12,246] {logging_mixin.py:104} INFO - [2021-05-14 01:37:12,246] {dag.py:1824} INFO - Sync 1 DAGs
[2021-05-14 01:37:12,259] {logging_mixin.py:104} INFO - [2021-05-14 01:37:12,259] {dag.py:2280} INFO - Setting next_dagrun for latest_only to 2021-05-12 00:00:00+00:00
[2021-05-14 01:37:12,314] {scheduler_job.py:190} INFO - Processing /home/airflow/.local/lib/python3.6/site-packages/airflow/example_dags/example_latest_only.py took 0.100 seconds
[2021-05-14 01:37:43,068] {scheduler_job.py:182} INFO - Started process (PID=19290) to work on /home/airflow/.local/lib/python3.6/site-packages/airflow/example_dags/example_latest_only.py
[2021-05-14 01:37:43,069] {scheduler_job.py:629} INFO - Processing file /home/airflow/.local/lib/python3.6/site-packages/airflow/example_dags/example_latest_only.py for tasks to queue
[2021-05-14 01:37:43,070] {logging_mixin.py:104} INFO - [2021-05-14 01:37:43,070] {dagbag.py:451} INFO - Filling up the DagBag from /home/airflow/.local/lib/python3.6/site-packages/airflow/example_dags/example_latest_only.py
[2021-05-14 01:37:43,080] {scheduler_job.py:639} INFO - DAG(s) dict_keys(['latest_only']) retrieved from /home/airflow/.local/lib/python3.6/site-packages/airflow/example_dags/example_latest_only.py
[2021-05-14 01:37:43,097] {logging_mixin.py:104} INFO - [2021-05-14 01:37:43,097] {dag.py:1824} INFO - Sync 1 DAGs
[2021-05-14 01:37:43,111] {logging_mixin.py:104} INFO - [2021-05-14 01:37:43,111] {dag.py:2280} INFO - Setting next_dagrun for latest_only to 2021-05-12 00:00:00+00:00
[2021-05-14 01:37:43,127] {scheduler_job.py:190} INFO - Processing /home/airflow/.local/lib/python3.6/site-packages/airflow/example_dags/example_latest_only.py took 0.061 seconds
[2021-05-14 01:38:13,178] {scheduler_job.py:182} INFO - Started process (PID=19317) to work on /home/airflow/.local/lib/python3.6/site-packages/airflow/example_dags/example_latest_only.py
[2021-05-14 01:38:13,179] {scheduler_job.py:629} INFO - Processing file /home/airflow/.local/lib/python3.6/site-packages/airflow/example_dags/example_latest_only.py for tasks to queue
[2021-05-14 01:38:13,180] {logging_mixin.py:104} INFO - [2021-05-14 01:38:13,180] {dagbag.py:451} INFO - Filling up the DagBag from /home/airflow/.local/lib/python3.6/site-packages/airflow/example_dags/example_latest_only.py
[2021-05-14 01:38:13,189] {scheduler_job.py:639} INFO - DAG(s) dict_keys(['latest_only']) retrieved from /home/airflow/.local/lib/python3.6/site-packages/airflow/example_dags/example_latest_only.py
[2021-05-14 01:38:13,208] {logging_mixin.py:104} INFO - [2021-05-14 01:38:13,208] {dag.py:1824} INFO - Sync 1 DAGs
[2021-05-14 01:38:13,220] {logging_mixin.py:104} INFO - [2021-05-14 01:38:13,220] {dag.py:2280} INFO - Setting next_dagrun for latest_only to 2021-05-12 00:00:00+00:00
[2021-05-14 01:38:13,236] {scheduler_job.py:190} INFO - Processing /home/airflow/.local/lib/python3.6/site-packages/airflow/example_dags/example_latest_only.py took 0.061 seconds
[2021-05-14 01:38:43,309] {scheduler_job.py:182} INFO - Started process (PID=19343) to work on /home/airflow/.local/lib/python3.6/site-packages/airflow/example_dags/example_latest_only.py
[2021-05-14 01:38:43,310] {scheduler_job.py:629} INFO - Processing file /home/airflow/.local/lib/python3.6/site-packages/airflow/example_dags/example_latest_only.py for tasks to queue
[2021-05-14 01:38:43,311] {logging_mixin.py:104} INFO - [2021-05-14 01:38:43,311] {dagbag.py:451} INFO - Filling up the DagBag from /home/airflow/.local/lib/python3.6/site-packages/airflow/example_dags/example_latest_only.py
[2021-05-14 01:38:43,322] {scheduler_job.py:639} INFO - DAG(s) dict_keys(['latest_only']) retrieved from /home/airflow/.local/lib/python3.6/site-packages/airflow/example_dags/example_latest_only.py
[2021-05-14 01:38:43,341] {logging_mixin.py:104} INFO - [2021-05-14 01:38:43,341] {dag.py:1824} INFO - Sync 1 DAGs
[2021-05-14 01:38:43,356] {logging_mixin.py:104} INFO - [2021-05-14 01:38:43,356] {dag.py:2280} INFO - Setting next_dagrun for latest_only to 2021-05-12 00:00:00+00:00
[2021-05-14 01:38:43,448] {scheduler_job.py:190} INFO - Processing /home/airflow/.local/lib/python3.6/site-packages/airflow/example_dags/example_latest_only.py took 0.142 seconds
[2021-05-14 01:39:14,303] {scheduler_job.py:182} INFO - Started process (PID=19370) to work on /home/airflow/.local/lib/python3.6/site-packages/airflow/example_dags/example_latest_only.py
[2021-05-14 01:39:14,304] {scheduler_job.py:629} INFO - Processing file /home/airflow/.local/lib/python3.6/site-packages/airflow/example_dags/example_latest_only.py for tasks to queue
[2021-05-14 01:39:14,305] {logging_mixin.py:104} INFO - [2021-05-14 01:39:14,305] {dagbag.py:451} INFO - Filling up the DagBag from /home/airflow/.local/lib/python3.6/site-packages/airflow/example_dags/example_latest_only.py
[2021-05-14 01:39:14,314] {scheduler_job.py:639} INFO - DAG(s) dict_keys(['latest_only']) retrieved from /home/airflow/.local/lib/python3.6/site-packages/airflow/example_dags/example_latest_only.py
[2021-05-14 01:39:14,333] {logging_mixin.py:104} INFO - [2021-05-14 01:39:14,333] {dag.py:1824} INFO - Sync 1 DAGs
[2021-05-14 01:39:14,348] {logging_mixin.py:104} INFO - [2021-05-14 01:39:14,347] {dag.py:2280} INFO - Setting next_dagrun for latest_only to 2021-05-12 00:00:00+00:00
[2021-05-14 01:39:14,434] {scheduler_job.py:190} INFO - Processing /home/airflow/.local/lib/python3.6/site-packages/airflow/example_dags/example_latest_only.py took 0.134 seconds
[2021-05-14 01:39:45,316] {scheduler_job.py:182} INFO - Started process (PID=19397) to work on /home/airflow/.local/lib/python3.6/site-packages/airflow/example_dags/example_latest_only.py
[2021-05-14 01:39:45,317] {scheduler_job.py:629} INFO - Processing file /home/airflow/.local/lib/python3.6/site-packages/airflow/example_dags/example_latest_only.py for tasks to queue
[2021-05-14 01:39:45,318] {logging_mixin.py:104} INFO - [2021-05-14 01:39:45,318] {dagbag.py:451} INFO - Filling up the DagBag from /home/airflow/.local/lib/python3.6/site-packages/airflow/example_dags/example_latest_only.py
[2021-05-14 01:39:45,327] {scheduler_job.py:639} INFO - DAG(s) dict_keys(['latest_only']) retrieved from /home/airflow/.local/lib/python3.6/site-packages/airflow/example_dags/example_latest_only.py
[2021-05-14 01:39:45,345] {logging_mixin.py:104} INFO - [2021-05-14 01:39:45,345] {dag.py:1824} INFO - Sync 1 DAGs
[2021-05-14 01:39:45,358] {logging_mixin.py:104} INFO - [2021-05-14 01:39:45,358] {dag.py:2280} INFO - Setting next_dagrun for latest_only to 2021-05-12 00:00:00+00:00
[2021-05-14 01:39:45,368] {scheduler_job.py:190} INFO - Processing /home/airflow/.local/lib/python3.6/site-packages/airflow/example_dags/example_latest_only.py took 0.055 seconds
[2021-05-14 01:40:15,507] {scheduler_job.py:182} INFO - Started process (PID=19424) to work on /home/airflow/.local/lib/python3.6/site-packages/airflow/example_dags/example_latest_only.py
[2021-05-14 01:40:15,509] {scheduler_job.py:629} INFO - Processing file /home/airflow/.local/lib/python3.6/site-packages/airflow/example_dags/example_latest_only.py for tasks to queue
[2021-05-14 01:40:15,510] {logging_mixin.py:104} INFO - [2021-05-14 01:40:15,510] {dagbag.py:451} INFO - Filling up the DagBag from /home/airflow/.local/lib/python3.6/site-packages/airflow/example_dags/example_latest_only.py
[2021-05-14 01:40:15,519] {scheduler_job.py:639} INFO - DAG(s) dict_keys(['latest_only']) retrieved from /home/airflow/.local/lib/python3.6/site-packages/airflow/example_dags/example_latest_only.py
[2021-05-14 01:40:15,538] {logging_mixin.py:104} INFO - [2021-05-14 01:40:15,538] {dag.py:1824} INFO - Sync 1 DAGs
[2021-05-14 01:40:15,552] {logging_mixin.py:104} INFO - [2021-05-14 01:40:15,552] {dag.py:2280} INFO - Setting next_dagrun for latest_only to 2021-05-12 00:00:00+00:00
[2021-05-14 01:40:15,650] {scheduler_job.py:190} INFO - Processing /home/airflow/.local/lib/python3.6/site-packages/airflow/example_dags/example_latest_only.py took 0.146 seconds
