[2021-05-14 01:35:08,393] {scheduler_job.py:182} INFO - Started process (PID=19152) to work on /home/airflow/.local/lib/python3.6/site-packages/airflow/example_dags/example_branch_operator.py
[2021-05-14 01:35:08,394] {scheduler_job.py:629} INFO - Processing file /home/airflow/.local/lib/python3.6/site-packages/airflow/example_dags/example_branch_operator.py for tasks to queue
[2021-05-14 01:35:08,395] {logging_mixin.py:104} INFO - [2021-05-14 01:35:08,395] {dagbag.py:451} INFO - Filling up the DagBag from /home/airflow/.local/lib/python3.6/site-packages/airflow/example_dags/example_branch_operator.py
[2021-05-14 01:35:08,413] {scheduler_job.py:639} INFO - DAG(s) dict_keys(['example_branch_operator']) retrieved from /home/airflow/.local/lib/python3.6/site-packages/airflow/example_dags/example_branch_operator.py
[2021-05-14 01:35:08,451] {logging_mixin.py:104} INFO - [2021-05-14 01:35:08,451] {dag.py:1824} INFO - Sync 1 DAGs
[2021-05-14 01:35:08,471] {logging_mixin.py:104} INFO - [2021-05-14 01:35:08,471] {dag.py:2280} INFO - Setting next_dagrun for example_branch_operator to 2021-05-12 00:00:00+00:00
[2021-05-14 01:35:08,548] {scheduler_job.py:190} INFO - Processing /home/airflow/.local/lib/python3.6/site-packages/airflow/example_dags/example_branch_operator.py took 0.158 seconds
[2021-05-14 01:35:38,930] {scheduler_job.py:182} INFO - Started process (PID=19179) to work on /home/airflow/.local/lib/python3.6/site-packages/airflow/example_dags/example_branch_operator.py
[2021-05-14 01:35:38,931] {scheduler_job.py:629} INFO - Processing file /home/airflow/.local/lib/python3.6/site-packages/airflow/example_dags/example_branch_operator.py for tasks to queue
[2021-05-14 01:35:38,932] {logging_mixin.py:104} INFO - [2021-05-14 01:35:38,932] {dagbag.py:451} INFO - Filling up the DagBag from /home/airflow/.local/lib/python3.6/site-packages/airflow/example_dags/example_branch_operator.py
[2021-05-14 01:35:38,945] {scheduler_job.py:639} INFO - DAG(s) dict_keys(['example_branch_operator']) retrieved from /home/airflow/.local/lib/python3.6/site-packages/airflow/example_dags/example_branch_operator.py
[2021-05-14 01:35:38,964] {logging_mixin.py:104} INFO - [2021-05-14 01:35:38,964] {dag.py:1824} INFO - Sync 1 DAGs
[2021-05-14 01:35:38,982] {logging_mixin.py:104} INFO - [2021-05-14 01:35:38,982] {dag.py:2280} INFO - Setting next_dagrun for example_branch_operator to 2021-05-12 00:00:00+00:00
[2021-05-14 01:35:39,055] {scheduler_job.py:190} INFO - Processing /home/airflow/.local/lib/python3.6/site-packages/airflow/example_dags/example_branch_operator.py took 0.128 seconds
[2021-05-14 01:36:09,726] {scheduler_job.py:182} INFO - Started process (PID=19206) to work on /home/airflow/.local/lib/python3.6/site-packages/airflow/example_dags/example_branch_operator.py
[2021-05-14 01:36:09,727] {scheduler_job.py:629} INFO - Processing file /home/airflow/.local/lib/python3.6/site-packages/airflow/example_dags/example_branch_operator.py for tasks to queue
[2021-05-14 01:36:09,728] {logging_mixin.py:104} INFO - [2021-05-14 01:36:09,728] {dagbag.py:451} INFO - Filling up the DagBag from /home/airflow/.local/lib/python3.6/site-packages/airflow/example_dags/example_branch_operator.py
[2021-05-14 01:36:09,742] {scheduler_job.py:639} INFO - DAG(s) dict_keys(['example_branch_operator']) retrieved from /home/airflow/.local/lib/python3.6/site-packages/airflow/example_dags/example_branch_operator.py
[2021-05-14 01:36:09,760] {logging_mixin.py:104} INFO - [2021-05-14 01:36:09,760] {dag.py:1824} INFO - Sync 1 DAGs
[2021-05-14 01:36:09,779] {logging_mixin.py:104} INFO - [2021-05-14 01:36:09,779] {dag.py:2280} INFO - Setting next_dagrun for example_branch_operator to 2021-05-12 00:00:00+00:00
[2021-05-14 01:36:09,791] {scheduler_job.py:190} INFO - Processing /home/airflow/.local/lib/python3.6/site-packages/airflow/example_dags/example_branch_operator.py took 0.068 seconds
[2021-05-14 01:36:40,269] {scheduler_job.py:182} INFO - Started process (PID=19233) to work on /home/airflow/.local/lib/python3.6/site-packages/airflow/example_dags/example_branch_operator.py
[2021-05-14 01:36:40,270] {scheduler_job.py:629} INFO - Processing file /home/airflow/.local/lib/python3.6/site-packages/airflow/example_dags/example_branch_operator.py for tasks to queue
[2021-05-14 01:36:40,271] {logging_mixin.py:104} INFO - [2021-05-14 01:36:40,270] {dagbag.py:451} INFO - Filling up the DagBag from /home/airflow/.local/lib/python3.6/site-packages/airflow/example_dags/example_branch_operator.py
[2021-05-14 01:36:40,285] {scheduler_job.py:639} INFO - DAG(s) dict_keys(['example_branch_operator']) retrieved from /home/airflow/.local/lib/python3.6/site-packages/airflow/example_dags/example_branch_operator.py
[2021-05-14 01:36:40,304] {logging_mixin.py:104} INFO - [2021-05-14 01:36:40,304] {dag.py:1824} INFO - Sync 1 DAGs
[2021-05-14 01:36:40,326] {logging_mixin.py:104} INFO - [2021-05-14 01:36:40,326] {dag.py:2280} INFO - Setting next_dagrun for example_branch_operator to 2021-05-12 00:00:00+00:00
[2021-05-14 01:36:40,412] {scheduler_job.py:190} INFO - Processing /home/airflow/.local/lib/python3.6/site-packages/airflow/example_dags/example_branch_operator.py took 0.146 seconds
[2021-05-14 01:37:11,031] {scheduler_job.py:182} INFO - Started process (PID=19260) to work on /home/airflow/.local/lib/python3.6/site-packages/airflow/example_dags/example_branch_operator.py
[2021-05-14 01:37:11,032] {scheduler_job.py:629} INFO - Processing file /home/airflow/.local/lib/python3.6/site-packages/airflow/example_dags/example_branch_operator.py for tasks to queue
[2021-05-14 01:37:11,033] {logging_mixin.py:104} INFO - [2021-05-14 01:37:11,033] {dagbag.py:451} INFO - Filling up the DagBag from /home/airflow/.local/lib/python3.6/site-packages/airflow/example_dags/example_branch_operator.py
[2021-05-14 01:37:11,052] {scheduler_job.py:639} INFO - DAG(s) dict_keys(['example_branch_operator']) retrieved from /home/airflow/.local/lib/python3.6/site-packages/airflow/example_dags/example_branch_operator.py
[2021-05-14 01:37:11,079] {logging_mixin.py:104} INFO - [2021-05-14 01:37:11,079] {dag.py:1824} INFO - Sync 1 DAGs
[2021-05-14 01:37:11,098] {logging_mixin.py:104} INFO - [2021-05-14 01:37:11,098] {dag.py:2280} INFO - Setting next_dagrun for example_branch_operator to 2021-05-12 00:00:00+00:00
[2021-05-14 01:37:11,192] {scheduler_job.py:190} INFO - Processing /home/airflow/.local/lib/python3.6/site-packages/airflow/example_dags/example_branch_operator.py took 0.165 seconds
[2021-05-14 01:37:41,837] {scheduler_job.py:182} INFO - Started process (PID=19287) to work on /home/airflow/.local/lib/python3.6/site-packages/airflow/example_dags/example_branch_operator.py
[2021-05-14 01:37:41,839] {scheduler_job.py:629} INFO - Processing file /home/airflow/.local/lib/python3.6/site-packages/airflow/example_dags/example_branch_operator.py for tasks to queue
[2021-05-14 01:37:41,840] {logging_mixin.py:104} INFO - [2021-05-14 01:37:41,839] {dagbag.py:451} INFO - Filling up the DagBag from /home/airflow/.local/lib/python3.6/site-packages/airflow/example_dags/example_branch_operator.py
[2021-05-14 01:37:41,852] {scheduler_job.py:639} INFO - DAG(s) dict_keys(['example_branch_operator']) retrieved from /home/airflow/.local/lib/python3.6/site-packages/airflow/example_dags/example_branch_operator.py
[2021-05-14 01:37:41,871] {logging_mixin.py:104} INFO - [2021-05-14 01:37:41,871] {dag.py:1824} INFO - Sync 1 DAGs
[2021-05-14 01:37:41,888] {logging_mixin.py:104} INFO - [2021-05-14 01:37:41,888] {dag.py:2280} INFO - Setting next_dagrun for example_branch_operator to 2021-05-12 00:00:00+00:00
[2021-05-14 01:37:41,970] {scheduler_job.py:190} INFO - Processing /home/airflow/.local/lib/python3.6/site-packages/airflow/example_dags/example_branch_operator.py took 0.135 seconds
[2021-05-14 01:38:12,867] {scheduler_job.py:182} INFO - Started process (PID=19314) to work on /home/airflow/.local/lib/python3.6/site-packages/airflow/example_dags/example_branch_operator.py
[2021-05-14 01:38:12,869] {scheduler_job.py:629} INFO - Processing file /home/airflow/.local/lib/python3.6/site-packages/airflow/example_dags/example_branch_operator.py for tasks to queue
[2021-05-14 01:38:12,870] {logging_mixin.py:104} INFO - [2021-05-14 01:38:12,870] {dagbag.py:451} INFO - Filling up the DagBag from /home/airflow/.local/lib/python3.6/site-packages/airflow/example_dags/example_branch_operator.py
[2021-05-14 01:38:12,884] {scheduler_job.py:639} INFO - DAG(s) dict_keys(['example_branch_operator']) retrieved from /home/airflow/.local/lib/python3.6/site-packages/airflow/example_dags/example_branch_operator.py
[2021-05-14 01:38:12,902] {logging_mixin.py:104} INFO - [2021-05-14 01:38:12,902] {dag.py:1824} INFO - Sync 1 DAGs
[2021-05-14 01:38:12,921] {logging_mixin.py:104} INFO - [2021-05-14 01:38:12,921] {dag.py:2280} INFO - Setting next_dagrun for example_branch_operator to 2021-05-12 00:00:00+00:00
[2021-05-14 01:38:13,015] {scheduler_job.py:190} INFO - Processing /home/airflow/.local/lib/python3.6/site-packages/airflow/example_dags/example_branch_operator.py took 0.152 seconds
[2021-05-14 01:38:43,163] {scheduler_job.py:182} INFO - Started process (PID=19342) to work on /home/airflow/.local/lib/python3.6/site-packages/airflow/example_dags/example_branch_operator.py
[2021-05-14 01:38:43,164] {scheduler_job.py:629} INFO - Processing file /home/airflow/.local/lib/python3.6/site-packages/airflow/example_dags/example_branch_operator.py for tasks to queue
[2021-05-14 01:38:43,164] {logging_mixin.py:104} INFO - [2021-05-14 01:38:43,164] {dagbag.py:451} INFO - Filling up the DagBag from /home/airflow/.local/lib/python3.6/site-packages/airflow/example_dags/example_branch_operator.py
[2021-05-14 01:38:43,179] {scheduler_job.py:639} INFO - DAG(s) dict_keys(['example_branch_operator']) retrieved from /home/airflow/.local/lib/python3.6/site-packages/airflow/example_dags/example_branch_operator.py
[2021-05-14 01:38:43,197] {logging_mixin.py:104} INFO - [2021-05-14 01:38:43,197] {dag.py:1824} INFO - Sync 1 DAGs
[2021-05-14 01:38:43,220] {logging_mixin.py:104} INFO - [2021-05-14 01:38:43,220] {dag.py:2280} INFO - Setting next_dagrun for example_branch_operator to 2021-05-12 00:00:00+00:00
[2021-05-14 01:38:43,305] {scheduler_job.py:190} INFO - Processing /home/airflow/.local/lib/python3.6/site-packages/airflow/example_dags/example_branch_operator.py took 0.145 seconds
[2021-05-14 01:39:13,988] {scheduler_job.py:182} INFO - Started process (PID=19367) to work on /home/airflow/.local/lib/python3.6/site-packages/airflow/example_dags/example_branch_operator.py
[2021-05-14 01:39:13,990] {scheduler_job.py:629} INFO - Processing file /home/airflow/.local/lib/python3.6/site-packages/airflow/example_dags/example_branch_operator.py for tasks to queue
[2021-05-14 01:39:13,991] {logging_mixin.py:104} INFO - [2021-05-14 01:39:13,991] {dagbag.py:451} INFO - Filling up the DagBag from /home/airflow/.local/lib/python3.6/site-packages/airflow/example_dags/example_branch_operator.py
[2021-05-14 01:39:14,005] {scheduler_job.py:639} INFO - DAG(s) dict_keys(['example_branch_operator']) retrieved from /home/airflow/.local/lib/python3.6/site-packages/airflow/example_dags/example_branch_operator.py
[2021-05-14 01:39:14,025] {logging_mixin.py:104} INFO - [2021-05-14 01:39:14,025] {dag.py:1824} INFO - Sync 1 DAGs
[2021-05-14 01:39:14,045] {logging_mixin.py:104} INFO - [2021-05-14 01:39:14,045] {dag.py:2280} INFO - Setting next_dagrun for example_branch_operator to 2021-05-12 00:00:00+00:00
[2021-05-14 01:39:14,135] {scheduler_job.py:190} INFO - Processing /home/airflow/.local/lib/python3.6/site-packages/airflow/example_dags/example_branch_operator.py took 0.151 seconds
[2021-05-14 01:39:44,971] {scheduler_job.py:182} INFO - Started process (PID=19394) to work on /home/airflow/.local/lib/python3.6/site-packages/airflow/example_dags/example_branch_operator.py
[2021-05-14 01:39:44,972] {scheduler_job.py:629} INFO - Processing file /home/airflow/.local/lib/python3.6/site-packages/airflow/example_dags/example_branch_operator.py for tasks to queue
[2021-05-14 01:39:44,973] {logging_mixin.py:104} INFO - [2021-05-14 01:39:44,972] {dagbag.py:451} INFO - Filling up the DagBag from /home/airflow/.local/lib/python3.6/site-packages/airflow/example_dags/example_branch_operator.py
[2021-05-14 01:39:44,986] {scheduler_job.py:639} INFO - DAG(s) dict_keys(['example_branch_operator']) retrieved from /home/airflow/.local/lib/python3.6/site-packages/airflow/example_dags/example_branch_operator.py
[2021-05-14 01:39:45,004] {logging_mixin.py:104} INFO - [2021-05-14 01:39:45,004] {dag.py:1824} INFO - Sync 1 DAGs
[2021-05-14 01:39:45,022] {logging_mixin.py:104} INFO - [2021-05-14 01:39:45,022] {dag.py:2280} INFO - Setting next_dagrun for example_branch_operator to 2021-05-12 00:00:00+00:00
[2021-05-14 01:39:45,116] {scheduler_job.py:190} INFO - Processing /home/airflow/.local/lib/python3.6/site-packages/airflow/example_dags/example_branch_operator.py took 0.148 seconds
[2021-05-14 01:40:15,175] {scheduler_job.py:182} INFO - Started process (PID=19421) to work on /home/airflow/.local/lib/python3.6/site-packages/airflow/example_dags/example_branch_operator.py
[2021-05-14 01:40:15,176] {scheduler_job.py:629} INFO - Processing file /home/airflow/.local/lib/python3.6/site-packages/airflow/example_dags/example_branch_operator.py for tasks to queue
[2021-05-14 01:40:15,179] {logging_mixin.py:104} INFO - [2021-05-14 01:40:15,178] {dagbag.py:451} INFO - Filling up the DagBag from /home/airflow/.local/lib/python3.6/site-packages/airflow/example_dags/example_branch_operator.py
[2021-05-14 01:40:15,194] {scheduler_job.py:639} INFO - DAG(s) dict_keys(['example_branch_operator']) retrieved from /home/airflow/.local/lib/python3.6/site-packages/airflow/example_dags/example_branch_operator.py
[2021-05-14 01:40:15,223] {logging_mixin.py:104} INFO - [2021-05-14 01:40:15,223] {dag.py:1824} INFO - Sync 1 DAGs
[2021-05-14 01:40:15,247] {logging_mixin.py:104} INFO - [2021-05-14 01:40:15,246] {dag.py:2280} INFO - Setting next_dagrun for example_branch_operator to 2021-05-12 00:00:00+00:00
[2021-05-14 01:40:15,316] {scheduler_job.py:190} INFO - Processing /home/airflow/.local/lib/python3.6/site-packages/airflow/example_dags/example_branch_operator.py took 0.145 seconds
[2021-05-14 01:40:45,407] {scheduler_job.py:182} INFO - Started process (PID=19448) to work on /home/airflow/.local/lib/python3.6/site-packages/airflow/example_dags/example_branch_operator.py
[2021-05-14 01:40:45,408] {scheduler_job.py:629} INFO - Processing file /home/airflow/.local/lib/python3.6/site-packages/airflow/example_dags/example_branch_operator.py for tasks to queue
[2021-05-14 01:40:45,409] {logging_mixin.py:104} INFO - [2021-05-14 01:40:45,409] {dagbag.py:451} INFO - Filling up the DagBag from /home/airflow/.local/lib/python3.6/site-packages/airflow/example_dags/example_branch_operator.py
[2021-05-14 01:40:45,422] {scheduler_job.py:639} INFO - DAG(s) dict_keys(['example_branch_operator']) retrieved from /home/airflow/.local/lib/python3.6/site-packages/airflow/example_dags/example_branch_operator.py
[2021-05-14 01:40:45,440] {logging_mixin.py:104} INFO - [2021-05-14 01:40:45,440] {dag.py:1824} INFO - Sync 1 DAGs
[2021-05-14 01:40:45,459] {logging_mixin.py:104} INFO - [2021-05-14 01:40:45,459] {dag.py:2280} INFO - Setting next_dagrun for example_branch_operator to 2021-05-12 00:00:00+00:00
[2021-05-14 01:40:45,557] {scheduler_job.py:190} INFO - Processing /home/airflow/.local/lib/python3.6/site-packages/airflow/example_dags/example_branch_operator.py took 0.152 seconds
[2021-05-14 01:41:15,879] {scheduler_job.py:182} INFO - Started process (PID=19476) to work on /home/airflow/.local/lib/python3.6/site-packages/airflow/example_dags/example_branch_operator.py
[2021-05-14 01:41:15,880] {scheduler_job.py:629} INFO - Processing file /home/airflow/.local/lib/python3.6/site-packages/airflow/example_dags/example_branch_operator.py for tasks to queue
[2021-05-14 01:41:15,881] {logging_mixin.py:104} INFO - [2021-05-14 01:41:15,881] {dagbag.py:451} INFO - Filling up the DagBag from /home/airflow/.local/lib/python3.6/site-packages/airflow/example_dags/example_branch_operator.py
[2021-05-14 01:41:15,895] {scheduler_job.py:639} INFO - DAG(s) dict_keys(['example_branch_operator']) retrieved from /home/airflow/.local/lib/python3.6/site-packages/airflow/example_dags/example_branch_operator.py
[2021-05-14 01:41:15,914] {logging_mixin.py:104} INFO - [2021-05-14 01:41:15,914] {dag.py:1824} INFO - Sync 1 DAGs
[2021-05-14 01:41:15,932] {logging_mixin.py:104} INFO - [2021-05-14 01:41:15,931] {dag.py:2280} INFO - Setting next_dagrun for example_branch_operator to 2021-05-12 00:00:00+00:00
[2021-05-14 01:41:16,031] {scheduler_job.py:190} INFO - Processing /home/airflow/.local/lib/python3.6/site-packages/airflow/example_dags/example_branch_operator.py took 0.154 seconds
[2021-05-14 01:41:46,435] {scheduler_job.py:182} INFO - Started process (PID=19503) to work on /home/airflow/.local/lib/python3.6/site-packages/airflow/example_dags/example_branch_operator.py
[2021-05-14 01:41:46,436] {scheduler_job.py:629} INFO - Processing file /home/airflow/.local/lib/python3.6/site-packages/airflow/example_dags/example_branch_operator.py for tasks to queue
[2021-05-14 01:41:46,437] {logging_mixin.py:104} INFO - [2021-05-14 01:41:46,437] {dagbag.py:451} INFO - Filling up the DagBag from /home/airflow/.local/lib/python3.6/site-packages/airflow/example_dags/example_branch_operator.py
[2021-05-14 01:41:46,450] {scheduler_job.py:639} INFO - DAG(s) dict_keys(['example_branch_operator']) retrieved from /home/airflow/.local/lib/python3.6/site-packages/airflow/example_dags/example_branch_operator.py
[2021-05-14 01:41:46,469] {logging_mixin.py:104} INFO - [2021-05-14 01:41:46,469] {dag.py:1824} INFO - Sync 1 DAGs
[2021-05-14 01:41:46,487] {logging_mixin.py:104} INFO - [2021-05-14 01:41:46,487] {dag.py:2280} INFO - Setting next_dagrun for example_branch_operator to 2021-05-12 00:00:00+00:00
[2021-05-14 01:41:46,505] {scheduler_job.py:190} INFO - Processing /home/airflow/.local/lib/python3.6/site-packages/airflow/example_dags/example_branch_operator.py took 0.073 seconds
[2021-05-14 01:42:16,545] {scheduler_job.py:182} INFO - Started process (PID=19530) to work on /home/airflow/.local/lib/python3.6/site-packages/airflow/example_dags/example_branch_operator.py
[2021-05-14 01:42:16,547] {scheduler_job.py:629} INFO - Processing file /home/airflow/.local/lib/python3.6/site-packages/airflow/example_dags/example_branch_operator.py for tasks to queue
[2021-05-14 01:42:16,547] {logging_mixin.py:104} INFO - [2021-05-14 01:42:16,547] {dagbag.py:451} INFO - Filling up the DagBag from /home/airflow/.local/lib/python3.6/site-packages/airflow/example_dags/example_branch_operator.py
[2021-05-14 01:42:16,561] {scheduler_job.py:639} INFO - DAG(s) dict_keys(['example_branch_operator']) retrieved from /home/airflow/.local/lib/python3.6/site-packages/airflow/example_dags/example_branch_operator.py
[2021-05-14 01:42:16,580] {logging_mixin.py:104} INFO - [2021-05-14 01:42:16,580] {dag.py:1824} INFO - Sync 1 DAGs
[2021-05-14 01:42:16,598] {logging_mixin.py:104} INFO - [2021-05-14 01:42:16,598] {dag.py:2280} INFO - Setting next_dagrun for example_branch_operator to 2021-05-12 00:00:00+00:00
[2021-05-14 01:42:16,614] {scheduler_job.py:190} INFO - Processing /home/airflow/.local/lib/python3.6/site-packages/airflow/example_dags/example_branch_operator.py took 0.071 seconds
[2021-05-14 01:42:46,790] {scheduler_job.py:182} INFO - Started process (PID=19557) to work on /home/airflow/.local/lib/python3.6/site-packages/airflow/example_dags/example_branch_operator.py
[2021-05-14 01:42:46,791] {scheduler_job.py:629} INFO - Processing file /home/airflow/.local/lib/python3.6/site-packages/airflow/example_dags/example_branch_operator.py for tasks to queue
[2021-05-14 01:42:46,792] {logging_mixin.py:104} INFO - [2021-05-14 01:42:46,792] {dagbag.py:451} INFO - Filling up the DagBag from /home/airflow/.local/lib/python3.6/site-packages/airflow/example_dags/example_branch_operator.py
[2021-05-14 01:42:46,805] {scheduler_job.py:639} INFO - DAG(s) dict_keys(['example_branch_operator']) retrieved from /home/airflow/.local/lib/python3.6/site-packages/airflow/example_dags/example_branch_operator.py
[2021-05-14 01:42:46,824] {logging_mixin.py:104} INFO - [2021-05-14 01:42:46,824] {dag.py:1824} INFO - Sync 1 DAGs
[2021-05-14 01:42:46,841] {logging_mixin.py:104} INFO - [2021-05-14 01:42:46,841] {dag.py:2280} INFO - Setting next_dagrun for example_branch_operator to 2021-05-12 00:00:00+00:00
[2021-05-14 01:42:46,859] {scheduler_job.py:190} INFO - Processing /home/airflow/.local/lib/python3.6/site-packages/airflow/example_dags/example_branch_operator.py took 0.072 seconds
[2021-05-14 01:43:17,096] {scheduler_job.py:182} INFO - Started process (PID=19584) to work on /home/airflow/.local/lib/python3.6/site-packages/airflow/example_dags/example_branch_operator.py
[2021-05-14 01:43:17,098] {scheduler_job.py:629} INFO - Processing file /home/airflow/.local/lib/python3.6/site-packages/airflow/example_dags/example_branch_operator.py for tasks to queue
[2021-05-14 01:43:17,099] {logging_mixin.py:104} INFO - [2021-05-14 01:43:17,099] {dagbag.py:451} INFO - Filling up the DagBag from /home/airflow/.local/lib/python3.6/site-packages/airflow/example_dags/example_branch_operator.py
[2021-05-14 01:43:17,111] {scheduler_job.py:639} INFO - DAG(s) dict_keys(['example_branch_operator']) retrieved from /home/airflow/.local/lib/python3.6/site-packages/airflow/example_dags/example_branch_operator.py
[2021-05-14 01:43:17,131] {logging_mixin.py:104} INFO - [2021-05-14 01:43:17,131] {dag.py:1824} INFO - Sync 1 DAGs
[2021-05-14 01:43:17,149] {logging_mixin.py:104} INFO - [2021-05-14 01:43:17,149] {dag.py:2280} INFO - Setting next_dagrun for example_branch_operator to 2021-05-12 00:00:00+00:00
[2021-05-14 01:43:17,170] {scheduler_job.py:190} INFO - Processing /home/airflow/.local/lib/python3.6/site-packages/airflow/example_dags/example_branch_operator.py took 0.077 seconds
[2021-05-14 01:43:47,303] {scheduler_job.py:182} INFO - Started process (PID=19611) to work on /home/airflow/.local/lib/python3.6/site-packages/airflow/example_dags/example_branch_operator.py
[2021-05-14 01:43:47,304] {scheduler_job.py:629} INFO - Processing file /home/airflow/.local/lib/python3.6/site-packages/airflow/example_dags/example_branch_operator.py for tasks to queue
[2021-05-14 01:43:47,305] {logging_mixin.py:104} INFO - [2021-05-14 01:43:47,305] {dagbag.py:451} INFO - Filling up the DagBag from /home/airflow/.local/lib/python3.6/site-packages/airflow/example_dags/example_branch_operator.py
[2021-05-14 01:43:47,319] {scheduler_job.py:639} INFO - DAG(s) dict_keys(['example_branch_operator']) retrieved from /home/airflow/.local/lib/python3.6/site-packages/airflow/example_dags/example_branch_operator.py
[2021-05-14 01:43:47,338] {logging_mixin.py:104} INFO - [2021-05-14 01:43:47,338] {dag.py:1824} INFO - Sync 1 DAGs
[2021-05-14 01:43:47,358] {logging_mixin.py:104} INFO - [2021-05-14 01:43:47,358] {dag.py:2280} INFO - Setting next_dagrun for example_branch_operator to 2021-05-12 00:00:00+00:00
[2021-05-14 01:43:47,372] {scheduler_job.py:190} INFO - Processing /home/airflow/.local/lib/python3.6/site-packages/airflow/example_dags/example_branch_operator.py took 0.073 seconds
[2021-05-14 01:44:17,482] {scheduler_job.py:182} INFO - Started process (PID=19638) to work on /home/airflow/.local/lib/python3.6/site-packages/airflow/example_dags/example_branch_operator.py
[2021-05-14 01:44:17,483] {scheduler_job.py:629} INFO - Processing file /home/airflow/.local/lib/python3.6/site-packages/airflow/example_dags/example_branch_operator.py for tasks to queue
[2021-05-14 01:44:17,484] {logging_mixin.py:104} INFO - [2021-05-14 01:44:17,484] {dagbag.py:451} INFO - Filling up the DagBag from /home/airflow/.local/lib/python3.6/site-packages/airflow/example_dags/example_branch_operator.py
[2021-05-14 01:44:17,500] {scheduler_job.py:639} INFO - DAG(s) dict_keys(['example_branch_operator']) retrieved from /home/airflow/.local/lib/python3.6/site-packages/airflow/example_dags/example_branch_operator.py
[2021-05-14 01:44:17,539] {logging_mixin.py:104} INFO - [2021-05-14 01:44:17,539] {dag.py:1824} INFO - Sync 1 DAGs
[2021-05-14 01:44:17,573] {logging_mixin.py:104} INFO - [2021-05-14 01:44:17,573] {dag.py:2280} INFO - Setting next_dagrun for example_branch_operator to 2021-05-12 00:00:00+00:00
[2021-05-14 01:44:17,607] {scheduler_job.py:190} INFO - Processing /home/airflow/.local/lib/python3.6/site-packages/airflow/example_dags/example_branch_operator.py took 0.128 seconds
[2021-05-14 01:44:47,954] {scheduler_job.py:182} INFO - Started process (PID=19665) to work on /home/airflow/.local/lib/python3.6/site-packages/airflow/example_dags/example_branch_operator.py
[2021-05-14 01:44:47,955] {scheduler_job.py:629} INFO - Processing file /home/airflow/.local/lib/python3.6/site-packages/airflow/example_dags/example_branch_operator.py for tasks to queue
[2021-05-14 01:44:47,956] {logging_mixin.py:104} INFO - [2021-05-14 01:44:47,956] {dagbag.py:451} INFO - Filling up the DagBag from /home/airflow/.local/lib/python3.6/site-packages/airflow/example_dags/example_branch_operator.py
[2021-05-14 01:44:47,969] {scheduler_job.py:639} INFO - DAG(s) dict_keys(['example_branch_operator']) retrieved from /home/airflow/.local/lib/python3.6/site-packages/airflow/example_dags/example_branch_operator.py
[2021-05-14 01:44:47,988] {logging_mixin.py:104} INFO - [2021-05-14 01:44:47,988] {dag.py:1824} INFO - Sync 1 DAGs
[2021-05-14 01:44:48,005] {logging_mixin.py:104} INFO - [2021-05-14 01:44:48,005] {dag.py:2280} INFO - Setting next_dagrun for example_branch_operator to 2021-05-12 00:00:00+00:00
[2021-05-14 01:44:48,051] {scheduler_job.py:190} INFO - Processing /home/airflow/.local/lib/python3.6/site-packages/airflow/example_dags/example_branch_operator.py took 0.100 seconds
[2021-05-14 01:45:18,107] {scheduler_job.py:182} INFO - Started process (PID=19692) to work on /home/airflow/.local/lib/python3.6/site-packages/airflow/example_dags/example_branch_operator.py
[2021-05-14 01:45:18,108] {scheduler_job.py:629} INFO - Processing file /home/airflow/.local/lib/python3.6/site-packages/airflow/example_dags/example_branch_operator.py for tasks to queue
[2021-05-14 01:45:18,109] {logging_mixin.py:104} INFO - [2021-05-14 01:45:18,109] {dagbag.py:451} INFO - Filling up the DagBag from /home/airflow/.local/lib/python3.6/site-packages/airflow/example_dags/example_branch_operator.py
[2021-05-14 01:45:18,124] {scheduler_job.py:639} INFO - DAG(s) dict_keys(['example_branch_operator']) retrieved from /home/airflow/.local/lib/python3.6/site-packages/airflow/example_dags/example_branch_operator.py
[2021-05-14 01:45:18,143] {logging_mixin.py:104} INFO - [2021-05-14 01:45:18,142] {dag.py:1824} INFO - Sync 1 DAGs
[2021-05-14 01:45:18,162] {logging_mixin.py:104} INFO - [2021-05-14 01:45:18,162] {dag.py:2280} INFO - Setting next_dagrun for example_branch_operator to 2021-05-12 00:00:00+00:00
[2021-05-14 01:45:18,210] {scheduler_job.py:190} INFO - Processing /home/airflow/.local/lib/python3.6/site-packages/airflow/example_dags/example_branch_operator.py took 0.106 seconds
