[2021-05-14 01:35:05,849] {scheduler_job.py:182} INFO - Started process (PID=19142) to work on /home/airflow/.local/lib/python3.6/site-packages/airflow/example_dags/example_python_operator.py
[2021-05-14 01:35:05,852] {scheduler_job.py:629} INFO - Processing file /home/airflow/.local/lib/python3.6/site-packages/airflow/example_dags/example_python_operator.py for tasks to queue
[2021-05-14 01:35:05,853] {logging_mixin.py:104} INFO - [2021-05-14 01:35:05,853] {dagbag.py:451} INFO - Filling up the DagBag from /home/airflow/.local/lib/python3.6/site-packages/airflow/example_dags/example_python_operator.py
[2021-05-14 01:35:05,871] {scheduler_job.py:639} INFO - DAG(s) dict_keys(['example_python_operator']) retrieved from /home/airflow/.local/lib/python3.6/site-packages/airflow/example_dags/example_python_operator.py
[2021-05-14 01:35:05,898] {logging_mixin.py:104} INFO - [2021-05-14 01:35:05,897] {dag.py:1824} INFO - Sync 1 DAGs
[2021-05-14 01:35:05,920] {logging_mixin.py:104} INFO - [2021-05-14 01:35:05,920] {dag.py:2280} INFO - Setting next_dagrun for example_python_operator to None
[2021-05-14 01:35:05,931] {scheduler_job.py:190} INFO - Processing /home/airflow/.local/lib/python3.6/site-packages/airflow/example_dags/example_python_operator.py took 0.085 seconds
[2021-05-14 01:35:36,315] {scheduler_job.py:182} INFO - Started process (PID=19167) to work on /home/airflow/.local/lib/python3.6/site-packages/airflow/example_dags/example_python_operator.py
[2021-05-14 01:35:36,316] {scheduler_job.py:629} INFO - Processing file /home/airflow/.local/lib/python3.6/site-packages/airflow/example_dags/example_python_operator.py for tasks to queue
[2021-05-14 01:35:36,317] {logging_mixin.py:104} INFO - [2021-05-14 01:35:36,317] {dagbag.py:451} INFO - Filling up the DagBag from /home/airflow/.local/lib/python3.6/site-packages/airflow/example_dags/example_python_operator.py
[2021-05-14 01:35:36,328] {scheduler_job.py:639} INFO - DAG(s) dict_keys(['example_python_operator']) retrieved from /home/airflow/.local/lib/python3.6/site-packages/airflow/example_dags/example_python_operator.py
[2021-05-14 01:35:36,347] {logging_mixin.py:104} INFO - [2021-05-14 01:35:36,347] {dag.py:1824} INFO - Sync 1 DAGs
[2021-05-14 01:35:36,360] {logging_mixin.py:104} INFO - [2021-05-14 01:35:36,360] {dag.py:2280} INFO - Setting next_dagrun for example_python_operator to None
[2021-05-14 01:35:36,431] {scheduler_job.py:190} INFO - Processing /home/airflow/.local/lib/python3.6/site-packages/airflow/example_dags/example_python_operator.py took 0.119 seconds
[2021-05-14 01:36:06,978] {scheduler_job.py:182} INFO - Started process (PID=19194) to work on /home/airflow/.local/lib/python3.6/site-packages/airflow/example_dags/example_python_operator.py
[2021-05-14 01:36:06,979] {scheduler_job.py:629} INFO - Processing file /home/airflow/.local/lib/python3.6/site-packages/airflow/example_dags/example_python_operator.py for tasks to queue
[2021-05-14 01:36:06,980] {logging_mixin.py:104} INFO - [2021-05-14 01:36:06,980] {dagbag.py:451} INFO - Filling up the DagBag from /home/airflow/.local/lib/python3.6/site-packages/airflow/example_dags/example_python_operator.py
[2021-05-14 01:36:06,991] {scheduler_job.py:639} INFO - DAG(s) dict_keys(['example_python_operator']) retrieved from /home/airflow/.local/lib/python3.6/site-packages/airflow/example_dags/example_python_operator.py
[2021-05-14 01:36:07,011] {logging_mixin.py:104} INFO - [2021-05-14 01:36:07,011] {dag.py:1824} INFO - Sync 1 DAGs
[2021-05-14 01:36:07,024] {logging_mixin.py:104} INFO - [2021-05-14 01:36:07,024] {dag.py:2280} INFO - Setting next_dagrun for example_python_operator to None
[2021-05-14 01:36:07,098] {scheduler_job.py:190} INFO - Processing /home/airflow/.local/lib/python3.6/site-packages/airflow/example_dags/example_python_operator.py took 0.123 seconds
[2021-05-14 01:36:37,577] {scheduler_job.py:182} INFO - Started process (PID=19221) to work on /home/airflow/.local/lib/python3.6/site-packages/airflow/example_dags/example_python_operator.py
[2021-05-14 01:36:37,578] {scheduler_job.py:629} INFO - Processing file /home/airflow/.local/lib/python3.6/site-packages/airflow/example_dags/example_python_operator.py for tasks to queue
[2021-05-14 01:36:37,579] {logging_mixin.py:104} INFO - [2021-05-14 01:36:37,579] {dagbag.py:451} INFO - Filling up the DagBag from /home/airflow/.local/lib/python3.6/site-packages/airflow/example_dags/example_python_operator.py
[2021-05-14 01:36:37,590] {scheduler_job.py:639} INFO - DAG(s) dict_keys(['example_python_operator']) retrieved from /home/airflow/.local/lib/python3.6/site-packages/airflow/example_dags/example_python_operator.py
[2021-05-14 01:36:37,608] {logging_mixin.py:104} INFO - [2021-05-14 01:36:37,608] {dag.py:1824} INFO - Sync 1 DAGs
[2021-05-14 01:36:37,621] {logging_mixin.py:104} INFO - [2021-05-14 01:36:37,621] {dag.py:2280} INFO - Setting next_dagrun for example_python_operator to None
[2021-05-14 01:36:37,699] {scheduler_job.py:190} INFO - Processing /home/airflow/.local/lib/python3.6/site-packages/airflow/example_dags/example_python_operator.py took 0.125 seconds
[2021-05-14 01:37:08,312] {scheduler_job.py:182} INFO - Started process (PID=19248) to work on /home/airflow/.local/lib/python3.6/site-packages/airflow/example_dags/example_python_operator.py
[2021-05-14 01:37:08,313] {scheduler_job.py:629} INFO - Processing file /home/airflow/.local/lib/python3.6/site-packages/airflow/example_dags/example_python_operator.py for tasks to queue
[2021-05-14 01:37:08,314] {logging_mixin.py:104} INFO - [2021-05-14 01:37:08,314] {dagbag.py:451} INFO - Filling up the DagBag from /home/airflow/.local/lib/python3.6/site-packages/airflow/example_dags/example_python_operator.py
[2021-05-14 01:37:08,325] {scheduler_job.py:639} INFO - DAG(s) dict_keys(['example_python_operator']) retrieved from /home/airflow/.local/lib/python3.6/site-packages/airflow/example_dags/example_python_operator.py
[2021-05-14 01:37:08,343] {logging_mixin.py:104} INFO - [2021-05-14 01:37:08,343] {dag.py:1824} INFO - Sync 1 DAGs
[2021-05-14 01:37:08,356] {logging_mixin.py:104} INFO - [2021-05-14 01:37:08,355] {dag.py:2280} INFO - Setting next_dagrun for example_python_operator to None
[2021-05-14 01:37:08,392] {scheduler_job.py:190} INFO - Processing /home/airflow/.local/lib/python3.6/site-packages/airflow/example_dags/example_python_operator.py took 0.083 seconds
[2021-05-14 01:37:39,060] {scheduler_job.py:182} INFO - Started process (PID=19275) to work on /home/airflow/.local/lib/python3.6/site-packages/airflow/example_dags/example_python_operator.py
[2021-05-14 01:37:39,061] {scheduler_job.py:629} INFO - Processing file /home/airflow/.local/lib/python3.6/site-packages/airflow/example_dags/example_python_operator.py for tasks to queue
[2021-05-14 01:37:39,062] {logging_mixin.py:104} INFO - [2021-05-14 01:37:39,062] {dagbag.py:451} INFO - Filling up the DagBag from /home/airflow/.local/lib/python3.6/site-packages/airflow/example_dags/example_python_operator.py
[2021-05-14 01:37:39,073] {scheduler_job.py:639} INFO - DAG(s) dict_keys(['example_python_operator']) retrieved from /home/airflow/.local/lib/python3.6/site-packages/airflow/example_dags/example_python_operator.py
[2021-05-14 01:37:39,091] {logging_mixin.py:104} INFO - [2021-05-14 01:37:39,091] {dag.py:1824} INFO - Sync 1 DAGs
[2021-05-14 01:37:39,105] {logging_mixin.py:104} INFO - [2021-05-14 01:37:39,105] {dag.py:2280} INFO - Setting next_dagrun for example_python_operator to None
[2021-05-14 01:37:39,119] {scheduler_job.py:190} INFO - Processing /home/airflow/.local/lib/python3.6/site-packages/airflow/example_dags/example_python_operator.py took 0.062 seconds
[2021-05-14 01:38:09,977] {scheduler_job.py:182} INFO - Started process (PID=19302) to work on /home/airflow/.local/lib/python3.6/site-packages/airflow/example_dags/example_python_operator.py
[2021-05-14 01:38:09,978] {scheduler_job.py:629} INFO - Processing file /home/airflow/.local/lib/python3.6/site-packages/airflow/example_dags/example_python_operator.py for tasks to queue
[2021-05-14 01:38:09,979] {logging_mixin.py:104} INFO - [2021-05-14 01:38:09,979] {dagbag.py:451} INFO - Filling up the DagBag from /home/airflow/.local/lib/python3.6/site-packages/airflow/example_dags/example_python_operator.py
[2021-05-14 01:38:09,990] {scheduler_job.py:639} INFO - DAG(s) dict_keys(['example_python_operator']) retrieved from /home/airflow/.local/lib/python3.6/site-packages/airflow/example_dags/example_python_operator.py
[2021-05-14 01:38:10,009] {logging_mixin.py:104} INFO - [2021-05-14 01:38:10,009] {dag.py:1824} INFO - Sync 1 DAGs
[2021-05-14 01:38:10,022] {logging_mixin.py:104} INFO - [2021-05-14 01:38:10,022] {dag.py:2280} INFO - Setting next_dagrun for example_python_operator to None
[2021-05-14 01:38:10,035] {scheduler_job.py:190} INFO - Processing /home/airflow/.local/lib/python3.6/site-packages/airflow/example_dags/example_python_operator.py took 0.061 seconds
[2021-05-14 01:38:40,068] {scheduler_job.py:182} INFO - Started process (PID=19329) to work on /home/airflow/.local/lib/python3.6/site-packages/airflow/example_dags/example_python_operator.py
[2021-05-14 01:38:40,069] {scheduler_job.py:629} INFO - Processing file /home/airflow/.local/lib/python3.6/site-packages/airflow/example_dags/example_python_operator.py for tasks to queue
[2021-05-14 01:38:40,070] {logging_mixin.py:104} INFO - [2021-05-14 01:38:40,070] {dagbag.py:451} INFO - Filling up the DagBag from /home/airflow/.local/lib/python3.6/site-packages/airflow/example_dags/example_python_operator.py
[2021-05-14 01:38:40,080] {scheduler_job.py:639} INFO - DAG(s) dict_keys(['example_python_operator']) retrieved from /home/airflow/.local/lib/python3.6/site-packages/airflow/example_dags/example_python_operator.py
[2021-05-14 01:38:40,098] {logging_mixin.py:104} INFO - [2021-05-14 01:38:40,098] {dag.py:1824} INFO - Sync 1 DAGs
[2021-05-14 01:38:40,111] {logging_mixin.py:104} INFO - [2021-05-14 01:38:40,110] {dag.py:2280} INFO - Setting next_dagrun for example_python_operator to None
[2021-05-14 01:38:40,195] {scheduler_job.py:190} INFO - Processing /home/airflow/.local/lib/python3.6/site-packages/airflow/example_dags/example_python_operator.py took 0.130 seconds
[2021-05-14 01:39:10,289] {scheduler_job.py:182} INFO - Started process (PID=19356) to work on /home/airflow/.local/lib/python3.6/site-packages/airflow/example_dags/example_python_operator.py
[2021-05-14 01:39:10,290] {scheduler_job.py:629} INFO - Processing file /home/airflow/.local/lib/python3.6/site-packages/airflow/example_dags/example_python_operator.py for tasks to queue
[2021-05-14 01:39:10,291] {logging_mixin.py:104} INFO - [2021-05-14 01:39:10,291] {dagbag.py:451} INFO - Filling up the DagBag from /home/airflow/.local/lib/python3.6/site-packages/airflow/example_dags/example_python_operator.py
[2021-05-14 01:39:10,302] {scheduler_job.py:639} INFO - DAG(s) dict_keys(['example_python_operator']) retrieved from /home/airflow/.local/lib/python3.6/site-packages/airflow/example_dags/example_python_operator.py
[2021-05-14 01:39:10,321] {logging_mixin.py:104} INFO - [2021-05-14 01:39:10,321] {dag.py:1824} INFO - Sync 1 DAGs
[2021-05-14 01:39:10,334] {logging_mixin.py:104} INFO - [2021-05-14 01:39:10,333] {dag.py:2280} INFO - Setting next_dagrun for example_python_operator to None
[2021-05-14 01:39:10,420] {scheduler_job.py:190} INFO - Processing /home/airflow/.local/lib/python3.6/site-packages/airflow/example_dags/example_python_operator.py took 0.134 seconds
[2021-05-14 01:39:41,279] {scheduler_job.py:182} INFO - Started process (PID=19384) to work on /home/airflow/.local/lib/python3.6/site-packages/airflow/example_dags/example_python_operator.py
[2021-05-14 01:39:41,280] {scheduler_job.py:629} INFO - Processing file /home/airflow/.local/lib/python3.6/site-packages/airflow/example_dags/example_python_operator.py for tasks to queue
[2021-05-14 01:39:41,281] {logging_mixin.py:104} INFO - [2021-05-14 01:39:41,281] {dagbag.py:451} INFO - Filling up the DagBag from /home/airflow/.local/lib/python3.6/site-packages/airflow/example_dags/example_python_operator.py
[2021-05-14 01:39:41,292] {scheduler_job.py:639} INFO - DAG(s) dict_keys(['example_python_operator']) retrieved from /home/airflow/.local/lib/python3.6/site-packages/airflow/example_dags/example_python_operator.py
[2021-05-14 01:39:41,312] {logging_mixin.py:104} INFO - [2021-05-14 01:39:41,312] {dag.py:1824} INFO - Sync 1 DAGs
[2021-05-14 01:39:41,324] {logging_mixin.py:104} INFO - [2021-05-14 01:39:41,324] {dag.py:2280} INFO - Setting next_dagrun for example_python_operator to None
[2021-05-14 01:39:41,413] {scheduler_job.py:190} INFO - Processing /home/airflow/.local/lib/python3.6/site-packages/airflow/example_dags/example_python_operator.py took 0.137 seconds
[2021-05-14 01:40:12,493] {scheduler_job.py:182} INFO - Started process (PID=19411) to work on /home/airflow/.local/lib/python3.6/site-packages/airflow/example_dags/example_python_operator.py
[2021-05-14 01:40:12,495] {scheduler_job.py:629} INFO - Processing file /home/airflow/.local/lib/python3.6/site-packages/airflow/example_dags/example_python_operator.py for tasks to queue
[2021-05-14 01:40:12,496] {logging_mixin.py:104} INFO - [2021-05-14 01:40:12,496] {dagbag.py:451} INFO - Filling up the DagBag from /home/airflow/.local/lib/python3.6/site-packages/airflow/example_dags/example_python_operator.py
[2021-05-14 01:40:12,506] {scheduler_job.py:639} INFO - DAG(s) dict_keys(['example_python_operator']) retrieved from /home/airflow/.local/lib/python3.6/site-packages/airflow/example_dags/example_python_operator.py
[2021-05-14 01:40:12,525] {logging_mixin.py:104} INFO - [2021-05-14 01:40:12,525] {dag.py:1824} INFO - Sync 1 DAGs
[2021-05-14 01:40:12,538] {logging_mixin.py:104} INFO - [2021-05-14 01:40:12,538] {dag.py:2280} INFO - Setting next_dagrun for example_python_operator to None
[2021-05-14 01:40:12,639] {scheduler_job.py:190} INFO - Processing /home/airflow/.local/lib/python3.6/site-packages/airflow/example_dags/example_python_operator.py took 0.149 seconds
