[2021-05-14 01:35:10,784] {scheduler_job.py:182} INFO - Started process (PID=19159) to work on /home/airflow/.local/lib/python3.6/site-packages/airflow/example_dags/example_bash_operator.py
[2021-05-14 01:35:10,785] {scheduler_job.py:629} INFO - Processing file /home/airflow/.local/lib/python3.6/site-packages/airflow/example_dags/example_bash_operator.py for tasks to queue
[2021-05-14 01:35:10,787] {logging_mixin.py:104} INFO - [2021-05-14 01:35:10,786] {dagbag.py:451} INFO - Filling up the DagBag from /home/airflow/.local/lib/python3.6/site-packages/airflow/example_dags/example_bash_operator.py
[2021-05-14 01:35:10,800] {scheduler_job.py:639} INFO - DAG(s) dict_keys(['example_bash_operator']) retrieved from /home/airflow/.local/lib/python3.6/site-packages/airflow/example_dags/example_bash_operator.py
[2021-05-14 01:35:10,821] {logging_mixin.py:104} INFO - [2021-05-14 01:35:10,820] {dag.py:1824} INFO - Sync 1 DAGs
[2021-05-14 01:35:10,844] {logging_mixin.py:104} INFO - [2021-05-14 01:35:10,844] {dag.py:2280} INFO - Setting next_dagrun for example_bash_operator to 2021-05-12 00:00:00+00:00
[2021-05-14 01:35:10,929] {scheduler_job.py:190} INFO - Processing /home/airflow/.local/lib/python3.6/site-packages/airflow/example_dags/example_bash_operator.py took 0.147 seconds
[2021-05-14 01:35:41,396] {scheduler_job.py:182} INFO - Started process (PID=19186) to work on /home/airflow/.local/lib/python3.6/site-packages/airflow/example_dags/example_bash_operator.py
[2021-05-14 01:35:41,397] {scheduler_job.py:629} INFO - Processing file /home/airflow/.local/lib/python3.6/site-packages/airflow/example_dags/example_bash_operator.py for tasks to queue
[2021-05-14 01:35:41,398] {logging_mixin.py:104} INFO - [2021-05-14 01:35:41,398] {dagbag.py:451} INFO - Filling up the DagBag from /home/airflow/.local/lib/python3.6/site-packages/airflow/example_dags/example_bash_operator.py
[2021-05-14 01:35:41,409] {scheduler_job.py:639} INFO - DAG(s) dict_keys(['example_bash_operator']) retrieved from /home/airflow/.local/lib/python3.6/site-packages/airflow/example_dags/example_bash_operator.py
[2021-05-14 01:35:41,428] {logging_mixin.py:104} INFO - [2021-05-14 01:35:41,428] {dag.py:1824} INFO - Sync 1 DAGs
[2021-05-14 01:35:41,446] {logging_mixin.py:104} INFO - [2021-05-14 01:35:41,446] {dag.py:2280} INFO - Setting next_dagrun for example_bash_operator to 2021-05-12 00:00:00+00:00
[2021-05-14 01:35:41,519] {scheduler_job.py:190} INFO - Processing /home/airflow/.local/lib/python3.6/site-packages/airflow/example_dags/example_bash_operator.py took 0.125 seconds
[2021-05-14 01:36:12,055] {scheduler_job.py:182} INFO - Started process (PID=19213) to work on /home/airflow/.local/lib/python3.6/site-packages/airflow/example_dags/example_bash_operator.py
[2021-05-14 01:36:12,057] {scheduler_job.py:629} INFO - Processing file /home/airflow/.local/lib/python3.6/site-packages/airflow/example_dags/example_bash_operator.py for tasks to queue
[2021-05-14 01:36:12,057] {logging_mixin.py:104} INFO - [2021-05-14 01:36:12,057] {dagbag.py:451} INFO - Filling up the DagBag from /home/airflow/.local/lib/python3.6/site-packages/airflow/example_dags/example_bash_operator.py
[2021-05-14 01:36:12,070] {scheduler_job.py:639} INFO - DAG(s) dict_keys(['example_bash_operator']) retrieved from /home/airflow/.local/lib/python3.6/site-packages/airflow/example_dags/example_bash_operator.py
[2021-05-14 01:36:12,091] {logging_mixin.py:104} INFO - [2021-05-14 01:36:12,091] {dag.py:1824} INFO - Sync 1 DAGs
[2021-05-14 01:36:12,110] {logging_mixin.py:104} INFO - [2021-05-14 01:36:12,110] {dag.py:2280} INFO - Setting next_dagrun for example_bash_operator to 2021-05-12 00:00:00+00:00
[2021-05-14 01:36:12,124] {scheduler_job.py:190} INFO - Processing /home/airflow/.local/lib/python3.6/site-packages/airflow/example_dags/example_bash_operator.py took 0.072 seconds
[2021-05-14 01:36:42,788] {scheduler_job.py:182} INFO - Started process (PID=19240) to work on /home/airflow/.local/lib/python3.6/site-packages/airflow/example_dags/example_bash_operator.py
[2021-05-14 01:36:42,789] {scheduler_job.py:629} INFO - Processing file /home/airflow/.local/lib/python3.6/site-packages/airflow/example_dags/example_bash_operator.py for tasks to queue
[2021-05-14 01:36:42,790] {logging_mixin.py:104} INFO - [2021-05-14 01:36:42,790] {dagbag.py:451} INFO - Filling up the DagBag from /home/airflow/.local/lib/python3.6/site-packages/airflow/example_dags/example_bash_operator.py
[2021-05-14 01:36:42,806] {scheduler_job.py:639} INFO - DAG(s) dict_keys(['example_bash_operator']) retrieved from /home/airflow/.local/lib/python3.6/site-packages/airflow/example_dags/example_bash_operator.py
[2021-05-14 01:36:42,825] {logging_mixin.py:104} INFO - [2021-05-14 01:36:42,825] {dag.py:1824} INFO - Sync 1 DAGs
[2021-05-14 01:36:42,846] {logging_mixin.py:104} INFO - [2021-05-14 01:36:42,845] {dag.py:2280} INFO - Setting next_dagrun for example_bash_operator to 2021-05-12 00:00:00+00:00
[2021-05-14 01:36:42,925] {scheduler_job.py:190} INFO - Processing /home/airflow/.local/lib/python3.6/site-packages/airflow/example_dags/example_bash_operator.py took 0.140 seconds
[2021-05-14 01:37:13,476] {scheduler_job.py:182} INFO - Started process (PID=19267) to work on /home/airflow/.local/lib/python3.6/site-packages/airflow/example_dags/example_bash_operator.py
[2021-05-14 01:37:13,477] {scheduler_job.py:629} INFO - Processing file /home/airflow/.local/lib/python3.6/site-packages/airflow/example_dags/example_bash_operator.py for tasks to queue
[2021-05-14 01:37:13,478] {logging_mixin.py:104} INFO - [2021-05-14 01:37:13,478] {dagbag.py:451} INFO - Filling up the DagBag from /home/airflow/.local/lib/python3.6/site-packages/airflow/example_dags/example_bash_operator.py
[2021-05-14 01:37:13,489] {scheduler_job.py:639} INFO - DAG(s) dict_keys(['example_bash_operator']) retrieved from /home/airflow/.local/lib/python3.6/site-packages/airflow/example_dags/example_bash_operator.py
[2021-05-14 01:37:13,507] {logging_mixin.py:104} INFO - [2021-05-14 01:37:13,507] {dag.py:1824} INFO - Sync 1 DAGs
[2021-05-14 01:37:13,525] {logging_mixin.py:104} INFO - [2021-05-14 01:37:13,525] {dag.py:2280} INFO - Setting next_dagrun for example_bash_operator to 2021-05-12 00:00:00+00:00
[2021-05-14 01:37:13,581] {scheduler_job.py:190} INFO - Processing /home/airflow/.local/lib/python3.6/site-packages/airflow/example_dags/example_bash_operator.py took 0.108 seconds
[2021-05-14 01:37:44,299] {scheduler_job.py:182} INFO - Started process (PID=19294) to work on /home/airflow/.local/lib/python3.6/site-packages/airflow/example_dags/example_bash_operator.py
[2021-05-14 01:37:44,300] {scheduler_job.py:629} INFO - Processing file /home/airflow/.local/lib/python3.6/site-packages/airflow/example_dags/example_bash_operator.py for tasks to queue
[2021-05-14 01:37:44,301] {logging_mixin.py:104} INFO - [2021-05-14 01:37:44,301] {dagbag.py:451} INFO - Filling up the DagBag from /home/airflow/.local/lib/python3.6/site-packages/airflow/example_dags/example_bash_operator.py
[2021-05-14 01:37:44,312] {scheduler_job.py:639} INFO - DAG(s) dict_keys(['example_bash_operator']) retrieved from /home/airflow/.local/lib/python3.6/site-packages/airflow/example_dags/example_bash_operator.py
[2021-05-14 01:37:44,331] {logging_mixin.py:104} INFO - [2021-05-14 01:37:44,331] {dag.py:1824} INFO - Sync 1 DAGs
[2021-05-14 01:37:44,348] {logging_mixin.py:104} INFO - [2021-05-14 01:37:44,348] {dag.py:2280} INFO - Setting next_dagrun for example_bash_operator to 2021-05-12 00:00:00+00:00
[2021-05-14 01:37:44,442] {scheduler_job.py:190} INFO - Processing /home/airflow/.local/lib/python3.6/site-packages/airflow/example_dags/example_bash_operator.py took 0.145 seconds
[2021-05-14 01:38:15,407] {scheduler_job.py:182} INFO - Started process (PID=19321) to work on /home/airflow/.local/lib/python3.6/site-packages/airflow/example_dags/example_bash_operator.py
[2021-05-14 01:38:15,408] {scheduler_job.py:629} INFO - Processing file /home/airflow/.local/lib/python3.6/site-packages/airflow/example_dags/example_bash_operator.py for tasks to queue
[2021-05-14 01:38:15,409] {logging_mixin.py:104} INFO - [2021-05-14 01:38:15,409] {dagbag.py:451} INFO - Filling up the DagBag from /home/airflow/.local/lib/python3.6/site-packages/airflow/example_dags/example_bash_operator.py
[2021-05-14 01:38:15,420] {scheduler_job.py:639} INFO - DAG(s) dict_keys(['example_bash_operator']) retrieved from /home/airflow/.local/lib/python3.6/site-packages/airflow/example_dags/example_bash_operator.py
[2021-05-14 01:38:15,438] {logging_mixin.py:104} INFO - [2021-05-14 01:38:15,438] {dag.py:1824} INFO - Sync 1 DAGs
[2021-05-14 01:38:15,456] {logging_mixin.py:104} INFO - [2021-05-14 01:38:15,456] {dag.py:2280} INFO - Setting next_dagrun for example_bash_operator to 2021-05-12 00:00:00+00:00
[2021-05-14 01:38:15,543] {scheduler_job.py:190} INFO - Processing /home/airflow/.local/lib/python3.6/site-packages/airflow/example_dags/example_bash_operator.py took 0.139 seconds
[2021-05-14 01:38:45,619] {scheduler_job.py:182} INFO - Started process (PID=19348) to work on /home/airflow/.local/lib/python3.6/site-packages/airflow/example_dags/example_bash_operator.py
[2021-05-14 01:38:45,621] {scheduler_job.py:629} INFO - Processing file /home/airflow/.local/lib/python3.6/site-packages/airflow/example_dags/example_bash_operator.py for tasks to queue
[2021-05-14 01:38:45,621] {logging_mixin.py:104} INFO - [2021-05-14 01:38:45,621] {dagbag.py:451} INFO - Filling up the DagBag from /home/airflow/.local/lib/python3.6/site-packages/airflow/example_dags/example_bash_operator.py
[2021-05-14 01:38:45,632] {scheduler_job.py:639} INFO - DAG(s) dict_keys(['example_bash_operator']) retrieved from /home/airflow/.local/lib/python3.6/site-packages/airflow/example_dags/example_bash_operator.py
[2021-05-14 01:38:45,650] {logging_mixin.py:104} INFO - [2021-05-14 01:38:45,650] {dag.py:1824} INFO - Sync 1 DAGs
[2021-05-14 01:38:45,670] {logging_mixin.py:104} INFO - [2021-05-14 01:38:45,670] {dag.py:2280} INFO - Setting next_dagrun for example_bash_operator to 2021-05-12 00:00:00+00:00
[2021-05-14 01:38:45,755] {scheduler_job.py:190} INFO - Processing /home/airflow/.local/lib/python3.6/site-packages/airflow/example_dags/example_bash_operator.py took 0.139 seconds
[2021-05-14 01:39:16,644] {scheduler_job.py:182} INFO - Started process (PID=19375) to work on /home/airflow/.local/lib/python3.6/site-packages/airflow/example_dags/example_bash_operator.py
[2021-05-14 01:39:16,649] {scheduler_job.py:629} INFO - Processing file /home/airflow/.local/lib/python3.6/site-packages/airflow/example_dags/example_bash_operator.py for tasks to queue
[2021-05-14 01:39:16,651] {logging_mixin.py:104} INFO - [2021-05-14 01:39:16,651] {dagbag.py:451} INFO - Filling up the DagBag from /home/airflow/.local/lib/python3.6/site-packages/airflow/example_dags/example_bash_operator.py
[2021-05-14 01:39:16,662] {scheduler_job.py:639} INFO - DAG(s) dict_keys(['example_bash_operator']) retrieved from /home/airflow/.local/lib/python3.6/site-packages/airflow/example_dags/example_bash_operator.py
[2021-05-14 01:39:16,682] {logging_mixin.py:104} INFO - [2021-05-14 01:39:16,682] {dag.py:1824} INFO - Sync 1 DAGs
[2021-05-14 01:39:16,702] {logging_mixin.py:104} INFO - [2021-05-14 01:39:16,702] {dag.py:2280} INFO - Setting next_dagrun for example_bash_operator to 2021-05-12 00:00:00+00:00
[2021-05-14 01:39:16,790] {scheduler_job.py:190} INFO - Processing /home/airflow/.local/lib/python3.6/site-packages/airflow/example_dags/example_bash_operator.py took 0.148 seconds
[2021-05-14 01:39:47,689] {scheduler_job.py:182} INFO - Started process (PID=19402) to work on /home/airflow/.local/lib/python3.6/site-packages/airflow/example_dags/example_bash_operator.py
[2021-05-14 01:39:47,690] {scheduler_job.py:629} INFO - Processing file /home/airflow/.local/lib/python3.6/site-packages/airflow/example_dags/example_bash_operator.py for tasks to queue
[2021-05-14 01:39:47,691] {logging_mixin.py:104} INFO - [2021-05-14 01:39:47,691] {dagbag.py:451} INFO - Filling up the DagBag from /home/airflow/.local/lib/python3.6/site-packages/airflow/example_dags/example_bash_operator.py
[2021-05-14 01:39:47,702] {scheduler_job.py:639} INFO - DAG(s) dict_keys(['example_bash_operator']) retrieved from /home/airflow/.local/lib/python3.6/site-packages/airflow/example_dags/example_bash_operator.py
[2021-05-14 01:39:47,722] {logging_mixin.py:104} INFO - [2021-05-14 01:39:47,722] {dag.py:1824} INFO - Sync 1 DAGs
[2021-05-14 01:39:47,744] {logging_mixin.py:104} INFO - [2021-05-14 01:39:47,744] {dag.py:2280} INFO - Setting next_dagrun for example_bash_operator to 2021-05-12 00:00:00+00:00
[2021-05-14 01:39:47,847] {scheduler_job.py:190} INFO - Processing /home/airflow/.local/lib/python3.6/site-packages/airflow/example_dags/example_bash_operator.py took 0.160 seconds
[2021-05-14 01:40:17,908] {scheduler_job.py:182} INFO - Started process (PID=19429) to work on /home/airflow/.local/lib/python3.6/site-packages/airflow/example_dags/example_bash_operator.py
[2021-05-14 01:40:17,910] {scheduler_job.py:629} INFO - Processing file /home/airflow/.local/lib/python3.6/site-packages/airflow/example_dags/example_bash_operator.py for tasks to queue
[2021-05-14 01:40:17,910] {logging_mixin.py:104} INFO - [2021-05-14 01:40:17,910] {dagbag.py:451} INFO - Filling up the DagBag from /home/airflow/.local/lib/python3.6/site-packages/airflow/example_dags/example_bash_operator.py
[2021-05-14 01:40:17,921] {scheduler_job.py:639} INFO - DAG(s) dict_keys(['example_bash_operator']) retrieved from /home/airflow/.local/lib/python3.6/site-packages/airflow/example_dags/example_bash_operator.py
[2021-05-14 01:40:17,939] {logging_mixin.py:104} INFO - [2021-05-14 01:40:17,939] {dag.py:1824} INFO - Sync 1 DAGs
[2021-05-14 01:40:17,959] {logging_mixin.py:104} INFO - [2021-05-14 01:40:17,959] {dag.py:2280} INFO - Setting next_dagrun for example_bash_operator to 2021-05-12 00:00:00+00:00
[2021-05-14 01:40:18,050] {scheduler_job.py:190} INFO - Processing /home/airflow/.local/lib/python3.6/site-packages/airflow/example_dags/example_bash_operator.py took 0.145 seconds
