[2021-05-14 01:35:08,302] {scheduler_job.py:182} INFO - Started process (PID=19150) to work on /home/airflow/.local/lib/python3.6/site-packages/airflow/example_dags/example_trigger_target_dag.py
[2021-05-14 01:35:08,303] {scheduler_job.py:629} INFO - Processing file /home/airflow/.local/lib/python3.6/site-packages/airflow/example_dags/example_trigger_target_dag.py for tasks to queue
[2021-05-14 01:35:08,304] {logging_mixin.py:104} INFO - [2021-05-14 01:35:08,304] {dagbag.py:451} INFO - Filling up the DagBag from /home/airflow/.local/lib/python3.6/site-packages/airflow/example_dags/example_trigger_target_dag.py
[2021-05-14 01:35:08,333] {scheduler_job.py:639} INFO - DAG(s) dict_keys(['example_trigger_target_dag']) retrieved from /home/airflow/.local/lib/python3.6/site-packages/airflow/example_dags/example_trigger_target_dag.py
[2021-05-14 01:35:08,352] {logging_mixin.py:104} INFO - [2021-05-14 01:35:08,352] {dag.py:1824} INFO - Sync 1 DAGs
[2021-05-14 01:35:08,365] {logging_mixin.py:104} INFO - [2021-05-14 01:35:08,364] {dag.py:2280} INFO - Setting next_dagrun for example_trigger_target_dag to None
[2021-05-14 01:35:08,376] {scheduler_job.py:190} INFO - Processing /home/airflow/.local/lib/python3.6/site-packages/airflow/example_dags/example_trigger_target_dag.py took 0.077 seconds
[2021-05-14 01:35:38,837] {scheduler_job.py:182} INFO - Started process (PID=19177) to work on /home/airflow/.local/lib/python3.6/site-packages/airflow/example_dags/example_trigger_target_dag.py
[2021-05-14 01:35:38,838] {scheduler_job.py:629} INFO - Processing file /home/airflow/.local/lib/python3.6/site-packages/airflow/example_dags/example_trigger_target_dag.py for tasks to queue
[2021-05-14 01:35:38,839] {logging_mixin.py:104} INFO - [2021-05-14 01:35:38,839] {dagbag.py:451} INFO - Filling up the DagBag from /home/airflow/.local/lib/python3.6/site-packages/airflow/example_dags/example_trigger_target_dag.py
[2021-05-14 01:35:38,849] {scheduler_job.py:639} INFO - DAG(s) dict_keys(['example_trigger_target_dag']) retrieved from /home/airflow/.local/lib/python3.6/site-packages/airflow/example_dags/example_trigger_target_dag.py
[2021-05-14 01:35:38,868] {logging_mixin.py:104} INFO - [2021-05-14 01:35:38,868] {dag.py:1824} INFO - Sync 1 DAGs
[2021-05-14 01:35:38,883] {logging_mixin.py:104} INFO - [2021-05-14 01:35:38,882] {dag.py:2280} INFO - Setting next_dagrun for example_trigger_target_dag to None
[2021-05-14 01:35:38,913] {scheduler_job.py:190} INFO - Processing /home/airflow/.local/lib/python3.6/site-packages/airflow/example_dags/example_trigger_target_dag.py took 0.079 seconds
[2021-05-14 01:36:09,647] {scheduler_job.py:182} INFO - Started process (PID=19204) to work on /home/airflow/.local/lib/python3.6/site-packages/airflow/example_dags/example_trigger_target_dag.py
[2021-05-14 01:36:09,649] {scheduler_job.py:629} INFO - Processing file /home/airflow/.local/lib/python3.6/site-packages/airflow/example_dags/example_trigger_target_dag.py for tasks to queue
[2021-05-14 01:36:09,649] {logging_mixin.py:104} INFO - [2021-05-14 01:36:09,649] {dagbag.py:451} INFO - Filling up the DagBag from /home/airflow/.local/lib/python3.6/site-packages/airflow/example_dags/example_trigger_target_dag.py
[2021-05-14 01:36:09,660] {scheduler_job.py:639} INFO - DAG(s) dict_keys(['example_trigger_target_dag']) retrieved from /home/airflow/.local/lib/python3.6/site-packages/airflow/example_dags/example_trigger_target_dag.py
[2021-05-14 01:36:09,683] {logging_mixin.py:104} INFO - [2021-05-14 01:36:09,682] {dag.py:1824} INFO - Sync 1 DAGs
[2021-05-14 01:36:09,697] {logging_mixin.py:104} INFO - [2021-05-14 01:36:09,697] {dag.py:2280} INFO - Setting next_dagrun for example_trigger_target_dag to None
[2021-05-14 01:36:09,709] {scheduler_job.py:190} INFO - Processing /home/airflow/.local/lib/python3.6/site-packages/airflow/example_dags/example_trigger_target_dag.py took 0.064 seconds
[2021-05-14 01:36:40,174] {scheduler_job.py:182} INFO - Started process (PID=19231) to work on /home/airflow/.local/lib/python3.6/site-packages/airflow/example_dags/example_trigger_target_dag.py
[2021-05-14 01:36:40,175] {scheduler_job.py:629} INFO - Processing file /home/airflow/.local/lib/python3.6/site-packages/airflow/example_dags/example_trigger_target_dag.py for tasks to queue
[2021-05-14 01:36:40,176] {logging_mixin.py:104} INFO - [2021-05-14 01:36:40,176] {dagbag.py:451} INFO - Filling up the DagBag from /home/airflow/.local/lib/python3.6/site-packages/airflow/example_dags/example_trigger_target_dag.py
[2021-05-14 01:36:40,186] {scheduler_job.py:639} INFO - DAG(s) dict_keys(['example_trigger_target_dag']) retrieved from /home/airflow/.local/lib/python3.6/site-packages/airflow/example_dags/example_trigger_target_dag.py
[2021-05-14 01:36:40,204] {logging_mixin.py:104} INFO - [2021-05-14 01:36:40,204] {dag.py:1824} INFO - Sync 1 DAGs
[2021-05-14 01:36:40,217] {logging_mixin.py:104} INFO - [2021-05-14 01:36:40,217] {dag.py:2280} INFO - Setting next_dagrun for example_trigger_target_dag to None
[2021-05-14 01:36:40,252] {scheduler_job.py:190} INFO - Processing /home/airflow/.local/lib/python3.6/site-packages/airflow/example_dags/example_trigger_target_dag.py took 0.081 seconds
[2021-05-14 01:37:10,909] {scheduler_job.py:182} INFO - Started process (PID=19258) to work on /home/airflow/.local/lib/python3.6/site-packages/airflow/example_dags/example_trigger_target_dag.py
[2021-05-14 01:37:10,911] {scheduler_job.py:629} INFO - Processing file /home/airflow/.local/lib/python3.6/site-packages/airflow/example_dags/example_trigger_target_dag.py for tasks to queue
[2021-05-14 01:37:10,912] {logging_mixin.py:104} INFO - [2021-05-14 01:37:10,912] {dagbag.py:451} INFO - Filling up the DagBag from /home/airflow/.local/lib/python3.6/site-packages/airflow/example_dags/example_trigger_target_dag.py
[2021-05-14 01:37:10,928] {scheduler_job.py:639} INFO - DAG(s) dict_keys(['example_trigger_target_dag']) retrieved from /home/airflow/.local/lib/python3.6/site-packages/airflow/example_dags/example_trigger_target_dag.py
[2021-05-14 01:37:10,950] {logging_mixin.py:104} INFO - [2021-05-14 01:37:10,950] {dag.py:1824} INFO - Sync 1 DAGs
[2021-05-14 01:37:10,968] {logging_mixin.py:104} INFO - [2021-05-14 01:37:10,967] {dag.py:2280} INFO - Setting next_dagrun for example_trigger_target_dag to None
[2021-05-14 01:37:11,009] {scheduler_job.py:190} INFO - Processing /home/airflow/.local/lib/python3.6/site-packages/airflow/example_dags/example_trigger_target_dag.py took 0.104 seconds
[2021-05-14 01:37:41,677] {scheduler_job.py:182} INFO - Started process (PID=19285) to work on /home/airflow/.local/lib/python3.6/site-packages/airflow/example_dags/example_trigger_target_dag.py
[2021-05-14 01:37:41,679] {scheduler_job.py:629} INFO - Processing file /home/airflow/.local/lib/python3.6/site-packages/airflow/example_dags/example_trigger_target_dag.py for tasks to queue
[2021-05-14 01:37:41,679] {logging_mixin.py:104} INFO - [2021-05-14 01:37:41,679] {dagbag.py:451} INFO - Filling up the DagBag from /home/airflow/.local/lib/python3.6/site-packages/airflow/example_dags/example_trigger_target_dag.py
[2021-05-14 01:37:41,690] {scheduler_job.py:639} INFO - DAG(s) dict_keys(['example_trigger_target_dag']) retrieved from /home/airflow/.local/lib/python3.6/site-packages/airflow/example_dags/example_trigger_target_dag.py
[2021-05-14 01:37:41,708] {logging_mixin.py:104} INFO - [2021-05-14 01:37:41,708] {dag.py:1824} INFO - Sync 1 DAGs
[2021-05-14 01:37:41,722] {logging_mixin.py:104} INFO - [2021-05-14 01:37:41,722] {dag.py:2280} INFO - Setting next_dagrun for example_trigger_target_dag to None
[2021-05-14 01:37:41,815] {scheduler_job.py:190} INFO - Processing /home/airflow/.local/lib/python3.6/site-packages/airflow/example_dags/example_trigger_target_dag.py took 0.140 seconds
[2021-05-14 01:38:12,718] {scheduler_job.py:182} INFO - Started process (PID=19312) to work on /home/airflow/.local/lib/python3.6/site-packages/airflow/example_dags/example_trigger_target_dag.py
[2021-05-14 01:38:12,720] {scheduler_job.py:629} INFO - Processing file /home/airflow/.local/lib/python3.6/site-packages/airflow/example_dags/example_trigger_target_dag.py for tasks to queue
[2021-05-14 01:38:12,720] {logging_mixin.py:104} INFO - [2021-05-14 01:38:12,720] {dagbag.py:451} INFO - Filling up the DagBag from /home/airflow/.local/lib/python3.6/site-packages/airflow/example_dags/example_trigger_target_dag.py
[2021-05-14 01:38:12,731] {scheduler_job.py:639} INFO - DAG(s) dict_keys(['example_trigger_target_dag']) retrieved from /home/airflow/.local/lib/python3.6/site-packages/airflow/example_dags/example_trigger_target_dag.py
[2021-05-14 01:38:12,752] {logging_mixin.py:104} INFO - [2021-05-14 01:38:12,751] {dag.py:1824} INFO - Sync 1 DAGs
[2021-05-14 01:38:12,768] {logging_mixin.py:104} INFO - [2021-05-14 01:38:12,768] {dag.py:2280} INFO - Setting next_dagrun for example_trigger_target_dag to None
[2021-05-14 01:38:12,851] {scheduler_job.py:190} INFO - Processing /home/airflow/.local/lib/python3.6/site-packages/airflow/example_dags/example_trigger_target_dag.py took 0.136 seconds
[2021-05-14 01:38:43,025] {scheduler_job.py:182} INFO - Started process (PID=19339) to work on /home/airflow/.local/lib/python3.6/site-packages/airflow/example_dags/example_trigger_target_dag.py
[2021-05-14 01:38:43,026] {scheduler_job.py:629} INFO - Processing file /home/airflow/.local/lib/python3.6/site-packages/airflow/example_dags/example_trigger_target_dag.py for tasks to queue
[2021-05-14 01:38:43,027] {logging_mixin.py:104} INFO - [2021-05-14 01:38:43,027] {dagbag.py:451} INFO - Filling up the DagBag from /home/airflow/.local/lib/python3.6/site-packages/airflow/example_dags/example_trigger_target_dag.py
[2021-05-14 01:38:43,036] {scheduler_job.py:639} INFO - DAG(s) dict_keys(['example_trigger_target_dag']) retrieved from /home/airflow/.local/lib/python3.6/site-packages/airflow/example_dags/example_trigger_target_dag.py
[2021-05-14 01:38:43,061] {logging_mixin.py:104} INFO - [2021-05-14 01:38:43,060] {dag.py:1824} INFO - Sync 1 DAGs
[2021-05-14 01:38:43,075] {logging_mixin.py:104} INFO - [2021-05-14 01:38:43,075] {dag.py:2280} INFO - Setting next_dagrun for example_trigger_target_dag to None
[2021-05-14 01:38:43,139] {scheduler_job.py:190} INFO - Processing /home/airflow/.local/lib/python3.6/site-packages/airflow/example_dags/example_trigger_target_dag.py took 0.117 seconds
[2021-05-14 01:39:13,988] {scheduler_job.py:182} INFO - Started process (PID=19366) to work on /home/airflow/.local/lib/python3.6/site-packages/airflow/example_dags/example_trigger_target_dag.py
[2021-05-14 01:39:13,990] {scheduler_job.py:629} INFO - Processing file /home/airflow/.local/lib/python3.6/site-packages/airflow/example_dags/example_trigger_target_dag.py for tasks to queue
[2021-05-14 01:39:13,991] {logging_mixin.py:104} INFO - [2021-05-14 01:39:13,991] {dagbag.py:451} INFO - Filling up the DagBag from /home/airflow/.local/lib/python3.6/site-packages/airflow/example_dags/example_trigger_target_dag.py
[2021-05-14 01:39:14,002] {scheduler_job.py:639} INFO - DAG(s) dict_keys(['example_trigger_target_dag']) retrieved from /home/airflow/.local/lib/python3.6/site-packages/airflow/example_dags/example_trigger_target_dag.py
[2021-05-14 01:39:14,021] {logging_mixin.py:104} INFO - [2021-05-14 01:39:14,021] {dag.py:1824} INFO - Sync 1 DAGs
[2021-05-14 01:39:14,035] {logging_mixin.py:104} INFO - [2021-05-14 01:39:14,035] {dag.py:2280} INFO - Setting next_dagrun for example_trigger_target_dag to None
[2021-05-14 01:39:14,132] {scheduler_job.py:190} INFO - Processing /home/airflow/.local/lib/python3.6/site-packages/airflow/example_dags/example_trigger_target_dag.py took 0.147 seconds
[2021-05-14 01:39:44,971] {scheduler_job.py:182} INFO - Started process (PID=19393) to work on /home/airflow/.local/lib/python3.6/site-packages/airflow/example_dags/example_trigger_target_dag.py
[2021-05-14 01:39:44,972] {scheduler_job.py:629} INFO - Processing file /home/airflow/.local/lib/python3.6/site-packages/airflow/example_dags/example_trigger_target_dag.py for tasks to queue
[2021-05-14 01:39:44,973] {logging_mixin.py:104} INFO - [2021-05-14 01:39:44,972] {dagbag.py:451} INFO - Filling up the DagBag from /home/airflow/.local/lib/python3.6/site-packages/airflow/example_dags/example_trigger_target_dag.py
[2021-05-14 01:39:44,983] {scheduler_job.py:639} INFO - DAG(s) dict_keys(['example_trigger_target_dag']) retrieved from /home/airflow/.local/lib/python3.6/site-packages/airflow/example_dags/example_trigger_target_dag.py
[2021-05-14 01:39:45,001] {logging_mixin.py:104} INFO - [2021-05-14 01:39:45,001] {dag.py:1824} INFO - Sync 1 DAGs
[2021-05-14 01:39:45,014] {logging_mixin.py:104} INFO - [2021-05-14 01:39:45,014] {dag.py:2280} INFO - Setting next_dagrun for example_trigger_target_dag to None
[2021-05-14 01:39:45,104] {scheduler_job.py:190} INFO - Processing /home/airflow/.local/lib/python3.6/site-packages/airflow/example_dags/example_trigger_target_dag.py took 0.136 seconds
[2021-05-14 01:40:15,175] {scheduler_job.py:182} INFO - Started process (PID=19420) to work on /home/airflow/.local/lib/python3.6/site-packages/airflow/example_dags/example_trigger_target_dag.py
[2021-05-14 01:40:15,176] {scheduler_job.py:629} INFO - Processing file /home/airflow/.local/lib/python3.6/site-packages/airflow/example_dags/example_trigger_target_dag.py for tasks to queue
[2021-05-14 01:40:15,178] {logging_mixin.py:104} INFO - [2021-05-14 01:40:15,177] {dagbag.py:451} INFO - Filling up the DagBag from /home/airflow/.local/lib/python3.6/site-packages/airflow/example_dags/example_trigger_target_dag.py
[2021-05-14 01:40:15,192] {scheduler_job.py:639} INFO - DAG(s) dict_keys(['example_trigger_target_dag']) retrieved from /home/airflow/.local/lib/python3.6/site-packages/airflow/example_dags/example_trigger_target_dag.py
[2021-05-14 01:40:15,220] {logging_mixin.py:104} INFO - [2021-05-14 01:40:15,219] {dag.py:1824} INFO - Sync 1 DAGs
[2021-05-14 01:40:15,237] {logging_mixin.py:104} INFO - [2021-05-14 01:40:15,237] {dag.py:2280} INFO - Setting next_dagrun for example_trigger_target_dag to None
[2021-05-14 01:40:15,311] {scheduler_job.py:190} INFO - Processing /home/airflow/.local/lib/python3.6/site-packages/airflow/example_dags/example_trigger_target_dag.py took 0.139 seconds
