[2021-05-14 01:35:09,714] {scheduler_job.py:182} INFO - Started process (PID=19158) to work on /home/airflow/.local/lib/python3.6/site-packages/airflow/example_dags/example_branch_python_dop_operator_3.py
[2021-05-14 01:35:09,715] {scheduler_job.py:629} INFO - Processing file /home/airflow/.local/lib/python3.6/site-packages/airflow/example_dags/example_branch_python_dop_operator_3.py for tasks to queue
[2021-05-14 01:35:09,716] {logging_mixin.py:104} INFO - [2021-05-14 01:35:09,716] {dagbag.py:451} INFO - Filling up the DagBag from /home/airflow/.local/lib/python3.6/site-packages/airflow/example_dags/example_branch_python_dop_operator_3.py
[2021-05-14 01:35:09,729] {scheduler_job.py:639} INFO - DAG(s) dict_keys(['example_branch_dop_operator_v3']) retrieved from /home/airflow/.local/lib/python3.6/site-packages/airflow/example_dags/example_branch_python_dop_operator_3.py
[2021-05-14 01:35:09,748] {logging_mixin.py:104} INFO - [2021-05-14 01:35:09,748] {dag.py:1824} INFO - Sync 1 DAGs
[2021-05-14 01:35:09,772] {logging_mixin.py:104} INFO - [2021-05-14 01:35:09,772] {dag.py:2280} INFO - Setting next_dagrun for example_branch_dop_operator_v3 to 2021-05-12 00:00:00+00:00
[2021-05-14 01:35:09,783] {scheduler_job.py:190} INFO - Processing /home/airflow/.local/lib/python3.6/site-packages/airflow/example_dags/example_branch_python_dop_operator_3.py took 0.071 seconds
[2021-05-14 01:35:40,392] {scheduler_job.py:182} INFO - Started process (PID=19185) to work on /home/airflow/.local/lib/python3.6/site-packages/airflow/example_dags/example_branch_python_dop_operator_3.py
[2021-05-14 01:35:40,393] {scheduler_job.py:629} INFO - Processing file /home/airflow/.local/lib/python3.6/site-packages/airflow/example_dags/example_branch_python_dop_operator_3.py for tasks to queue
[2021-05-14 01:35:40,394] {logging_mixin.py:104} INFO - [2021-05-14 01:35:40,394] {dagbag.py:451} INFO - Filling up the DagBag from /home/airflow/.local/lib/python3.6/site-packages/airflow/example_dags/example_branch_python_dop_operator_3.py
[2021-05-14 01:35:40,407] {scheduler_job.py:639} INFO - DAG(s) dict_keys(['example_branch_dop_operator_v3']) retrieved from /home/airflow/.local/lib/python3.6/site-packages/airflow/example_dags/example_branch_python_dop_operator_3.py
[2021-05-14 01:35:40,424] {logging_mixin.py:104} INFO - [2021-05-14 01:35:40,424] {dag.py:1824} INFO - Sync 1 DAGs
[2021-05-14 01:35:40,449] {logging_mixin.py:104} INFO - [2021-05-14 01:35:40,449] {dag.py:2280} INFO - Setting next_dagrun for example_branch_dop_operator_v3 to 2021-05-12 00:00:00+00:00
[2021-05-14 01:35:40,520] {scheduler_job.py:190} INFO - Processing /home/airflow/.local/lib/python3.6/site-packages/airflow/example_dags/example_branch_python_dop_operator_3.py took 0.131 seconds
[2021-05-14 01:36:10,926] {scheduler_job.py:182} INFO - Started process (PID=19212) to work on /home/airflow/.local/lib/python3.6/site-packages/airflow/example_dags/example_branch_python_dop_operator_3.py
[2021-05-14 01:36:10,927] {scheduler_job.py:629} INFO - Processing file /home/airflow/.local/lib/python3.6/site-packages/airflow/example_dags/example_branch_python_dop_operator_3.py for tasks to queue
[2021-05-14 01:36:10,928] {logging_mixin.py:104} INFO - [2021-05-14 01:36:10,928] {dagbag.py:451} INFO - Filling up the DagBag from /home/airflow/.local/lib/python3.6/site-packages/airflow/example_dags/example_branch_python_dop_operator_3.py
[2021-05-14 01:36:10,940] {scheduler_job.py:639} INFO - DAG(s) dict_keys(['example_branch_dop_operator_v3']) retrieved from /home/airflow/.local/lib/python3.6/site-packages/airflow/example_dags/example_branch_python_dop_operator_3.py
[2021-05-14 01:36:10,958] {logging_mixin.py:104} INFO - [2021-05-14 01:36:10,958] {dag.py:1824} INFO - Sync 1 DAGs
[2021-05-14 01:36:10,982] {logging_mixin.py:104} INFO - [2021-05-14 01:36:10,982] {dag.py:2280} INFO - Setting next_dagrun for example_branch_dop_operator_v3 to 2021-05-12 00:00:00+00:00
[2021-05-14 01:36:11,046] {scheduler_job.py:190} INFO - Processing /home/airflow/.local/lib/python3.6/site-packages/airflow/example_dags/example_branch_python_dop_operator_3.py took 0.123 seconds
[2021-05-14 01:36:41,616] {scheduler_job.py:182} INFO - Started process (PID=19239) to work on /home/airflow/.local/lib/python3.6/site-packages/airflow/example_dags/example_branch_python_dop_operator_3.py
[2021-05-14 01:36:41,620] {scheduler_job.py:629} INFO - Processing file /home/airflow/.local/lib/python3.6/site-packages/airflow/example_dags/example_branch_python_dop_operator_3.py for tasks to queue
[2021-05-14 01:36:41,630] {logging_mixin.py:104} INFO - [2021-05-14 01:36:41,629] {dagbag.py:451} INFO - Filling up the DagBag from /home/airflow/.local/lib/python3.6/site-packages/airflow/example_dags/example_branch_python_dop_operator_3.py
[2021-05-14 01:36:41,647] {scheduler_job.py:639} INFO - DAG(s) dict_keys(['example_branch_dop_operator_v3']) retrieved from /home/airflow/.local/lib/python3.6/site-packages/airflow/example_dags/example_branch_python_dop_operator_3.py
[2021-05-14 01:36:41,670] {logging_mixin.py:104} INFO - [2021-05-14 01:36:41,670] {dag.py:1824} INFO - Sync 1 DAGs
[2021-05-14 01:36:41,712] {logging_mixin.py:104} INFO - [2021-05-14 01:36:41,712] {dag.py:2280} INFO - Setting next_dagrun for example_branch_dop_operator_v3 to 2021-05-12 00:00:00+00:00
[2021-05-14 01:36:41,775] {scheduler_job.py:190} INFO - Processing /home/airflow/.local/lib/python3.6/site-packages/airflow/example_dags/example_branch_python_dop_operator_3.py took 0.165 seconds
[2021-05-14 01:37:12,337] {scheduler_job.py:182} INFO - Started process (PID=19266) to work on /home/airflow/.local/lib/python3.6/site-packages/airflow/example_dags/example_branch_python_dop_operator_3.py
[2021-05-14 01:37:12,338] {scheduler_job.py:629} INFO - Processing file /home/airflow/.local/lib/python3.6/site-packages/airflow/example_dags/example_branch_python_dop_operator_3.py for tasks to queue
[2021-05-14 01:37:12,339] {logging_mixin.py:104} INFO - [2021-05-14 01:37:12,339] {dagbag.py:451} INFO - Filling up the DagBag from /home/airflow/.local/lib/python3.6/site-packages/airflow/example_dags/example_branch_python_dop_operator_3.py
[2021-05-14 01:37:12,350] {scheduler_job.py:639} INFO - DAG(s) dict_keys(['example_branch_dop_operator_v3']) retrieved from /home/airflow/.local/lib/python3.6/site-packages/airflow/example_dags/example_branch_python_dop_operator_3.py
[2021-05-14 01:37:12,368] {logging_mixin.py:104} INFO - [2021-05-14 01:37:12,368] {dag.py:1824} INFO - Sync 1 DAGs
[2021-05-14 01:37:12,393] {logging_mixin.py:104} INFO - [2021-05-14 01:37:12,393] {dag.py:2280} INFO - Setting next_dagrun for example_branch_dop_operator_v3 to 2021-05-12 00:00:00+00:00
[2021-05-14 01:37:12,466] {scheduler_job.py:190} INFO - Processing /home/airflow/.local/lib/python3.6/site-packages/airflow/example_dags/example_branch_python_dop_operator_3.py took 0.132 seconds
[2021-05-14 01:37:43,296] {scheduler_job.py:182} INFO - Started process (PID=19293) to work on /home/airflow/.local/lib/python3.6/site-packages/airflow/example_dags/example_branch_python_dop_operator_3.py
[2021-05-14 01:37:43,298] {scheduler_job.py:629} INFO - Processing file /home/airflow/.local/lib/python3.6/site-packages/airflow/example_dags/example_branch_python_dop_operator_3.py for tasks to queue
[2021-05-14 01:37:43,298] {logging_mixin.py:104} INFO - [2021-05-14 01:37:43,298] {dagbag.py:451} INFO - Filling up the DagBag from /home/airflow/.local/lib/python3.6/site-packages/airflow/example_dags/example_branch_python_dop_operator_3.py
[2021-05-14 01:37:43,311] {scheduler_job.py:639} INFO - DAG(s) dict_keys(['example_branch_dop_operator_v3']) retrieved from /home/airflow/.local/lib/python3.6/site-packages/airflow/example_dags/example_branch_python_dop_operator_3.py
[2021-05-14 01:37:43,329] {logging_mixin.py:104} INFO - [2021-05-14 01:37:43,329] {dag.py:1824} INFO - Sync 1 DAGs
[2021-05-14 01:37:43,353] {logging_mixin.py:104} INFO - [2021-05-14 01:37:43,353] {dag.py:2280} INFO - Setting next_dagrun for example_branch_dop_operator_v3 to 2021-05-12 00:00:00+00:00
[2021-05-14 01:37:43,435] {scheduler_job.py:190} INFO - Processing /home/airflow/.local/lib/python3.6/site-packages/airflow/example_dags/example_branch_python_dop_operator_3.py took 0.141 seconds
[2021-05-14 01:38:14,257] {scheduler_job.py:182} INFO - Started process (PID=19320) to work on /home/airflow/.local/lib/python3.6/site-packages/airflow/example_dags/example_branch_python_dop_operator_3.py
[2021-05-14 01:38:14,259] {scheduler_job.py:629} INFO - Processing file /home/airflow/.local/lib/python3.6/site-packages/airflow/example_dags/example_branch_python_dop_operator_3.py for tasks to queue
[2021-05-14 01:38:14,260] {logging_mixin.py:104} INFO - [2021-05-14 01:38:14,260] {dagbag.py:451} INFO - Filling up the DagBag from /home/airflow/.local/lib/python3.6/site-packages/airflow/example_dags/example_branch_python_dop_operator_3.py
[2021-05-14 01:38:14,271] {scheduler_job.py:639} INFO - DAG(s) dict_keys(['example_branch_dop_operator_v3']) retrieved from /home/airflow/.local/lib/python3.6/site-packages/airflow/example_dags/example_branch_python_dop_operator_3.py
[2021-05-14 01:38:14,288] {logging_mixin.py:104} INFO - [2021-05-14 01:38:14,288] {dag.py:1824} INFO - Sync 1 DAGs
[2021-05-14 01:38:14,311] {logging_mixin.py:104} INFO - [2021-05-14 01:38:14,311] {dag.py:2280} INFO - Setting next_dagrun for example_branch_dop_operator_v3 to 2021-05-12 00:00:00+00:00
[2021-05-14 01:38:14,394] {scheduler_job.py:190} INFO - Processing /home/airflow/.local/lib/python3.6/site-packages/airflow/example_dags/example_branch_python_dop_operator_3.py took 0.140 seconds
[2021-05-14 01:38:44,476] {scheduler_job.py:182} INFO - Started process (PID=19347) to work on /home/airflow/.local/lib/python3.6/site-packages/airflow/example_dags/example_branch_python_dop_operator_3.py
[2021-05-14 01:38:44,477] {scheduler_job.py:629} INFO - Processing file /home/airflow/.local/lib/python3.6/site-packages/airflow/example_dags/example_branch_python_dop_operator_3.py for tasks to queue
[2021-05-14 01:38:44,478] {logging_mixin.py:104} INFO - [2021-05-14 01:38:44,478] {dagbag.py:451} INFO - Filling up the DagBag from /home/airflow/.local/lib/python3.6/site-packages/airflow/example_dags/example_branch_python_dop_operator_3.py
[2021-05-14 01:38:44,489] {scheduler_job.py:639} INFO - DAG(s) dict_keys(['example_branch_dop_operator_v3']) retrieved from /home/airflow/.local/lib/python3.6/site-packages/airflow/example_dags/example_branch_python_dop_operator_3.py
[2021-05-14 01:38:44,507] {logging_mixin.py:104} INFO - [2021-05-14 01:38:44,507] {dag.py:1824} INFO - Sync 1 DAGs
[2021-05-14 01:38:44,532] {logging_mixin.py:104} INFO - [2021-05-14 01:38:44,532] {dag.py:2280} INFO - Setting next_dagrun for example_branch_dop_operator_v3 to 2021-05-12 00:00:00+00:00
[2021-05-14 01:38:44,597] {scheduler_job.py:190} INFO - Processing /home/airflow/.local/lib/python3.6/site-packages/airflow/example_dags/example_branch_python_dop_operator_3.py took 0.124 seconds
[2021-05-14 01:39:15,468] {scheduler_job.py:182} INFO - Started process (PID=19374) to work on /home/airflow/.local/lib/python3.6/site-packages/airflow/example_dags/example_branch_python_dop_operator_3.py
[2021-05-14 01:39:15,470] {scheduler_job.py:629} INFO - Processing file /home/airflow/.local/lib/python3.6/site-packages/airflow/example_dags/example_branch_python_dop_operator_3.py for tasks to queue
[2021-05-14 01:39:15,471] {logging_mixin.py:104} INFO - [2021-05-14 01:39:15,471] {dagbag.py:451} INFO - Filling up the DagBag from /home/airflow/.local/lib/python3.6/site-packages/airflow/example_dags/example_branch_python_dop_operator_3.py
[2021-05-14 01:39:15,483] {scheduler_job.py:639} INFO - DAG(s) dict_keys(['example_branch_dop_operator_v3']) retrieved from /home/airflow/.local/lib/python3.6/site-packages/airflow/example_dags/example_branch_python_dop_operator_3.py
[2021-05-14 01:39:15,504] {logging_mixin.py:104} INFO - [2021-05-14 01:39:15,504] {dag.py:1824} INFO - Sync 1 DAGs
[2021-05-14 01:39:15,530] {logging_mixin.py:104} INFO - [2021-05-14 01:39:15,530] {dag.py:2280} INFO - Setting next_dagrun for example_branch_dop_operator_v3 to 2021-05-12 00:00:00+00:00
[2021-05-14 01:39:15,624] {scheduler_job.py:190} INFO - Processing /home/airflow/.local/lib/python3.6/site-packages/airflow/example_dags/example_branch_python_dop_operator_3.py took 0.159 seconds
[2021-05-14 01:39:46,543] {scheduler_job.py:182} INFO - Started process (PID=19401) to work on /home/airflow/.local/lib/python3.6/site-packages/airflow/example_dags/example_branch_python_dop_operator_3.py
[2021-05-14 01:39:46,544] {scheduler_job.py:629} INFO - Processing file /home/airflow/.local/lib/python3.6/site-packages/airflow/example_dags/example_branch_python_dop_operator_3.py for tasks to queue
[2021-05-14 01:39:46,545] {logging_mixin.py:104} INFO - [2021-05-14 01:39:46,545] {dagbag.py:451} INFO - Filling up the DagBag from /home/airflow/.local/lib/python3.6/site-packages/airflow/example_dags/example_branch_python_dop_operator_3.py
[2021-05-14 01:39:46,557] {scheduler_job.py:639} INFO - DAG(s) dict_keys(['example_branch_dop_operator_v3']) retrieved from /home/airflow/.local/lib/python3.6/site-packages/airflow/example_dags/example_branch_python_dop_operator_3.py
[2021-05-14 01:39:46,575] {logging_mixin.py:104} INFO - [2021-05-14 01:39:46,575] {dag.py:1824} INFO - Sync 1 DAGs
[2021-05-14 01:39:46,599] {logging_mixin.py:104} INFO - [2021-05-14 01:39:46,599] {dag.py:2280} INFO - Setting next_dagrun for example_branch_dop_operator_v3 to 2021-05-12 00:00:00+00:00
[2021-05-14 01:39:46,679] {scheduler_job.py:190} INFO - Processing /home/airflow/.local/lib/python3.6/site-packages/airflow/example_dags/example_branch_python_dop_operator_3.py took 0.139 seconds
[2021-05-14 01:40:16,820] {scheduler_job.py:182} INFO - Started process (PID=19428) to work on /home/airflow/.local/lib/python3.6/site-packages/airflow/example_dags/example_branch_python_dop_operator_3.py
[2021-05-14 01:40:16,821] {scheduler_job.py:629} INFO - Processing file /home/airflow/.local/lib/python3.6/site-packages/airflow/example_dags/example_branch_python_dop_operator_3.py for tasks to queue
[2021-05-14 01:40:16,822] {logging_mixin.py:104} INFO - [2021-05-14 01:40:16,822] {dagbag.py:451} INFO - Filling up the DagBag from /home/airflow/.local/lib/python3.6/site-packages/airflow/example_dags/example_branch_python_dop_operator_3.py
[2021-05-14 01:40:16,835] {scheduler_job.py:639} INFO - DAG(s) dict_keys(['example_branch_dop_operator_v3']) retrieved from /home/airflow/.local/lib/python3.6/site-packages/airflow/example_dags/example_branch_python_dop_operator_3.py
[2021-05-14 01:40:16,853] {logging_mixin.py:104} INFO - [2021-05-14 01:40:16,853] {dag.py:1824} INFO - Sync 1 DAGs
[2021-05-14 01:40:16,879] {logging_mixin.py:104} INFO - [2021-05-14 01:40:16,879] {dag.py:2280} INFO - Setting next_dagrun for example_branch_dop_operator_v3 to 2021-05-12 00:00:00+00:00
[2021-05-14 01:40:16,897] {scheduler_job.py:190} INFO - Processing /home/airflow/.local/lib/python3.6/site-packages/airflow/example_dags/example_branch_python_dop_operator_3.py took 0.080 seconds
[2021-05-14 01:40:47,001] {scheduler_job.py:182} INFO - Started process (PID=19455) to work on /home/airflow/.local/lib/python3.6/site-packages/airflow/example_dags/example_branch_python_dop_operator_3.py
[2021-05-14 01:40:47,002] {scheduler_job.py:629} INFO - Processing file /home/airflow/.local/lib/python3.6/site-packages/airflow/example_dags/example_branch_python_dop_operator_3.py for tasks to queue
[2021-05-14 01:40:47,002] {logging_mixin.py:104} INFO - [2021-05-14 01:40:47,002] {dagbag.py:451} INFO - Filling up the DagBag from /home/airflow/.local/lib/python3.6/site-packages/airflow/example_dags/example_branch_python_dop_operator_3.py
[2021-05-14 01:40:47,015] {scheduler_job.py:639} INFO - DAG(s) dict_keys(['example_branch_dop_operator_v3']) retrieved from /home/airflow/.local/lib/python3.6/site-packages/airflow/example_dags/example_branch_python_dop_operator_3.py
[2021-05-14 01:40:47,032] {logging_mixin.py:104} INFO - [2021-05-14 01:40:47,031] {dag.py:1824} INFO - Sync 1 DAGs
[2021-05-14 01:40:47,056] {logging_mixin.py:104} INFO - [2021-05-14 01:40:47,056] {dag.py:2280} INFO - Setting next_dagrun for example_branch_dop_operator_v3 to 2021-05-12 00:00:00+00:00
[2021-05-14 01:40:47,148] {scheduler_job.py:190} INFO - Processing /home/airflow/.local/lib/python3.6/site-packages/airflow/example_dags/example_branch_python_dop_operator_3.py took 0.150 seconds
[2021-05-14 01:41:17,411] {scheduler_job.py:182} INFO - Started process (PID=19482) to work on /home/airflow/.local/lib/python3.6/site-packages/airflow/example_dags/example_branch_python_dop_operator_3.py
[2021-05-14 01:41:17,412] {scheduler_job.py:629} INFO - Processing file /home/airflow/.local/lib/python3.6/site-packages/airflow/example_dags/example_branch_python_dop_operator_3.py for tasks to queue
[2021-05-14 01:41:17,413] {logging_mixin.py:104} INFO - [2021-05-14 01:41:17,412] {dagbag.py:451} INFO - Filling up the DagBag from /home/airflow/.local/lib/python3.6/site-packages/airflow/example_dags/example_branch_python_dop_operator_3.py
[2021-05-14 01:41:17,425] {scheduler_job.py:639} INFO - DAG(s) dict_keys(['example_branch_dop_operator_v3']) retrieved from /home/airflow/.local/lib/python3.6/site-packages/airflow/example_dags/example_branch_python_dop_operator_3.py
[2021-05-14 01:41:17,443] {logging_mixin.py:104} INFO - [2021-05-14 01:41:17,443] {dag.py:1824} INFO - Sync 1 DAGs
[2021-05-14 01:41:17,465] {logging_mixin.py:104} INFO - [2021-05-14 01:41:17,465] {dag.py:2280} INFO - Setting next_dagrun for example_branch_dop_operator_v3 to 2021-05-12 00:00:00+00:00
[2021-05-14 01:41:17,477] {scheduler_job.py:190} INFO - Processing /home/airflow/.local/lib/python3.6/site-packages/airflow/example_dags/example_branch_python_dop_operator_3.py took 0.070 seconds
[2021-05-14 01:41:47,529] {scheduler_job.py:182} INFO - Started process (PID=19505) to work on /home/airflow/.local/lib/python3.6/site-packages/airflow/example_dags/example_branch_python_dop_operator_3.py
[2021-05-14 01:41:47,530] {scheduler_job.py:629} INFO - Processing file /home/airflow/.local/lib/python3.6/site-packages/airflow/example_dags/example_branch_python_dop_operator_3.py for tasks to queue
[2021-05-14 01:41:47,531] {logging_mixin.py:104} INFO - [2021-05-14 01:41:47,531] {dagbag.py:451} INFO - Filling up the DagBag from /home/airflow/.local/lib/python3.6/site-packages/airflow/example_dags/example_branch_python_dop_operator_3.py
[2021-05-14 01:41:47,544] {scheduler_job.py:639} INFO - DAG(s) dict_keys(['example_branch_dop_operator_v3']) retrieved from /home/airflow/.local/lib/python3.6/site-packages/airflow/example_dags/example_branch_python_dop_operator_3.py
[2021-05-14 01:41:47,562] {logging_mixin.py:104} INFO - [2021-05-14 01:41:47,562] {dag.py:1824} INFO - Sync 1 DAGs
[2021-05-14 01:41:47,587] {logging_mixin.py:104} INFO - [2021-05-14 01:41:47,587] {dag.py:2280} INFO - Setting next_dagrun for example_branch_dop_operator_v3 to 2021-05-12 00:00:00+00:00
[2021-05-14 01:41:47,606] {scheduler_job.py:190} INFO - Processing /home/airflow/.local/lib/python3.6/site-packages/airflow/example_dags/example_branch_python_dop_operator_3.py took 0.079 seconds
[2021-05-14 01:42:17,640] {scheduler_job.py:182} INFO - Started process (PID=19533) to work on /home/airflow/.local/lib/python3.6/site-packages/airflow/example_dags/example_branch_python_dop_operator_3.py
[2021-05-14 01:42:17,641] {scheduler_job.py:629} INFO - Processing file /home/airflow/.local/lib/python3.6/site-packages/airflow/example_dags/example_branch_python_dop_operator_3.py for tasks to queue
[2021-05-14 01:42:17,642] {logging_mixin.py:104} INFO - [2021-05-14 01:42:17,642] {dagbag.py:451} INFO - Filling up the DagBag from /home/airflow/.local/lib/python3.6/site-packages/airflow/example_dags/example_branch_python_dop_operator_3.py
[2021-05-14 01:42:17,665] {scheduler_job.py:639} INFO - DAG(s) dict_keys(['example_branch_dop_operator_v3']) retrieved from /home/airflow/.local/lib/python3.6/site-packages/airflow/example_dags/example_branch_python_dop_operator_3.py
[2021-05-14 01:42:17,685] {logging_mixin.py:104} INFO - [2021-05-14 01:42:17,685] {dag.py:1824} INFO - Sync 1 DAGs
[2021-05-14 01:42:17,715] {logging_mixin.py:104} INFO - [2021-05-14 01:42:17,715] {dag.py:2280} INFO - Setting next_dagrun for example_branch_dop_operator_v3 to 2021-05-12 00:00:00+00:00
[2021-05-14 01:42:17,727] {scheduler_job.py:190} INFO - Processing /home/airflow/.local/lib/python3.6/site-packages/airflow/example_dags/example_branch_python_dop_operator_3.py took 0.090 seconds
[2021-05-14 01:42:47,984] {scheduler_job.py:182} INFO - Started process (PID=19562) to work on /home/airflow/.local/lib/python3.6/site-packages/airflow/example_dags/example_branch_python_dop_operator_3.py
[2021-05-14 01:42:47,985] {scheduler_job.py:629} INFO - Processing file /home/airflow/.local/lib/python3.6/site-packages/airflow/example_dags/example_branch_python_dop_operator_3.py for tasks to queue
[2021-05-14 01:42:47,986] {logging_mixin.py:104} INFO - [2021-05-14 01:42:47,986] {dagbag.py:451} INFO - Filling up the DagBag from /home/airflow/.local/lib/python3.6/site-packages/airflow/example_dags/example_branch_python_dop_operator_3.py
[2021-05-14 01:42:47,999] {scheduler_job.py:639} INFO - DAG(s) dict_keys(['example_branch_dop_operator_v3']) retrieved from /home/airflow/.local/lib/python3.6/site-packages/airflow/example_dags/example_branch_python_dop_operator_3.py
[2021-05-14 01:42:48,017] {logging_mixin.py:104} INFO - [2021-05-14 01:42:48,016] {dag.py:1824} INFO - Sync 1 DAGs
[2021-05-14 01:42:48,040] {logging_mixin.py:104} INFO - [2021-05-14 01:42:48,040] {dag.py:2280} INFO - Setting next_dagrun for example_branch_dop_operator_v3 to 2021-05-12 00:00:00+00:00
[2021-05-14 01:42:48,051] {scheduler_job.py:190} INFO - Processing /home/airflow/.local/lib/python3.6/site-packages/airflow/example_dags/example_branch_python_dop_operator_3.py took 0.069 seconds
[2021-05-14 01:43:18,196] {scheduler_job.py:182} INFO - Started process (PID=19586) to work on /home/airflow/.local/lib/python3.6/site-packages/airflow/example_dags/example_branch_python_dop_operator_3.py
[2021-05-14 01:43:18,198] {scheduler_job.py:629} INFO - Processing file /home/airflow/.local/lib/python3.6/site-packages/airflow/example_dags/example_branch_python_dop_operator_3.py for tasks to queue
[2021-05-14 01:43:18,199] {logging_mixin.py:104} INFO - [2021-05-14 01:43:18,199] {dagbag.py:451} INFO - Filling up the DagBag from /home/airflow/.local/lib/python3.6/site-packages/airflow/example_dags/example_branch_python_dop_operator_3.py
[2021-05-14 01:43:18,217] {scheduler_job.py:639} INFO - DAG(s) dict_keys(['example_branch_dop_operator_v3']) retrieved from /home/airflow/.local/lib/python3.6/site-packages/airflow/example_dags/example_branch_python_dop_operator_3.py
[2021-05-14 01:43:18,240] {logging_mixin.py:104} INFO - [2021-05-14 01:43:18,240] {dag.py:1824} INFO - Sync 1 DAGs
[2021-05-14 01:43:18,278] {logging_mixin.py:104} INFO - [2021-05-14 01:43:18,278] {dag.py:2280} INFO - Setting next_dagrun for example_branch_dop_operator_v3 to 2021-05-12 00:00:00+00:00
[2021-05-14 01:43:18,302] {scheduler_job.py:190} INFO - Processing /home/airflow/.local/lib/python3.6/site-packages/airflow/example_dags/example_branch_python_dop_operator_3.py took 0.109 seconds
[2021-05-14 01:43:48,471] {scheduler_job.py:182} INFO - Started process (PID=19615) to work on /home/airflow/.local/lib/python3.6/site-packages/airflow/example_dags/example_branch_python_dop_operator_3.py
[2021-05-14 01:43:48,472] {scheduler_job.py:629} INFO - Processing file /home/airflow/.local/lib/python3.6/site-packages/airflow/example_dags/example_branch_python_dop_operator_3.py for tasks to queue
[2021-05-14 01:43:48,472] {logging_mixin.py:104} INFO - [2021-05-14 01:43:48,472] {dagbag.py:451} INFO - Filling up the DagBag from /home/airflow/.local/lib/python3.6/site-packages/airflow/example_dags/example_branch_python_dop_operator_3.py
[2021-05-14 01:43:48,485] {scheduler_job.py:639} INFO - DAG(s) dict_keys(['example_branch_dop_operator_v3']) retrieved from /home/airflow/.local/lib/python3.6/site-packages/airflow/example_dags/example_branch_python_dop_operator_3.py
[2021-05-14 01:43:48,504] {logging_mixin.py:104} INFO - [2021-05-14 01:43:48,504] {dag.py:1824} INFO - Sync 1 DAGs
[2021-05-14 01:43:48,527] {logging_mixin.py:104} INFO - [2021-05-14 01:43:48,527] {dag.py:2280} INFO - Setting next_dagrun for example_branch_dop_operator_v3 to 2021-05-12 00:00:00+00:00
[2021-05-14 01:43:48,554] {scheduler_job.py:190} INFO - Processing /home/airflow/.local/lib/python3.6/site-packages/airflow/example_dags/example_branch_python_dop_operator_3.py took 0.086 seconds
[2021-05-14 01:44:18,739] {scheduler_job.py:182} INFO - Started process (PID=19643) to work on /home/airflow/.local/lib/python3.6/site-packages/airflow/example_dags/example_branch_python_dop_operator_3.py
[2021-05-14 01:44:18,740] {scheduler_job.py:629} INFO - Processing file /home/airflow/.local/lib/python3.6/site-packages/airflow/example_dags/example_branch_python_dop_operator_3.py for tasks to queue
[2021-05-14 01:44:18,741] {logging_mixin.py:104} INFO - [2021-05-14 01:44:18,741] {dagbag.py:451} INFO - Filling up the DagBag from /home/airflow/.local/lib/python3.6/site-packages/airflow/example_dags/example_branch_python_dop_operator_3.py
[2021-05-14 01:44:18,759] {scheduler_job.py:639} INFO - DAG(s) dict_keys(['example_branch_dop_operator_v3']) retrieved from /home/airflow/.local/lib/python3.6/site-packages/airflow/example_dags/example_branch_python_dop_operator_3.py
[2021-05-14 01:44:18,783] {logging_mixin.py:104} INFO - [2021-05-14 01:44:18,783] {dag.py:1824} INFO - Sync 1 DAGs
[2021-05-14 01:44:18,813] {logging_mixin.py:104} INFO - [2021-05-14 01:44:18,813] {dag.py:2280} INFO - Setting next_dagrun for example_branch_dop_operator_v3 to 2021-05-12 00:00:00+00:00
[2021-05-14 01:44:18,828] {scheduler_job.py:190} INFO - Processing /home/airflow/.local/lib/python3.6/site-packages/airflow/example_dags/example_branch_python_dop_operator_3.py took 0.093 seconds
[2021-05-14 01:44:48,975] {scheduler_job.py:182} INFO - Started process (PID=19667) to work on /home/airflow/.local/lib/python3.6/site-packages/airflow/example_dags/example_branch_python_dop_operator_3.py
[2021-05-14 01:44:48,976] {scheduler_job.py:629} INFO - Processing file /home/airflow/.local/lib/python3.6/site-packages/airflow/example_dags/example_branch_python_dop_operator_3.py for tasks to queue
[2021-05-14 01:44:48,977] {logging_mixin.py:104} INFO - [2021-05-14 01:44:48,977] {dagbag.py:451} INFO - Filling up the DagBag from /home/airflow/.local/lib/python3.6/site-packages/airflow/example_dags/example_branch_python_dop_operator_3.py
[2021-05-14 01:44:48,989] {scheduler_job.py:639} INFO - DAG(s) dict_keys(['example_branch_dop_operator_v3']) retrieved from /home/airflow/.local/lib/python3.6/site-packages/airflow/example_dags/example_branch_python_dop_operator_3.py
[2021-05-14 01:44:49,006] {logging_mixin.py:104} INFO - [2021-05-14 01:44:49,006] {dag.py:1824} INFO - Sync 1 DAGs
[2021-05-14 01:44:49,029] {logging_mixin.py:104} INFO - [2021-05-14 01:44:49,029] {dag.py:2280} INFO - Setting next_dagrun for example_branch_dop_operator_v3 to 2021-05-12 00:00:00+00:00
[2021-05-14 01:44:49,066] {scheduler_job.py:190} INFO - Processing /home/airflow/.local/lib/python3.6/site-packages/airflow/example_dags/example_branch_python_dop_operator_3.py took 0.094 seconds
[2021-05-14 01:45:19,444] {scheduler_job.py:182} INFO - Started process (PID=19697) to work on /home/airflow/.local/lib/python3.6/site-packages/airflow/example_dags/example_branch_python_dop_operator_3.py
[2021-05-14 01:45:19,445] {scheduler_job.py:629} INFO - Processing file /home/airflow/.local/lib/python3.6/site-packages/airflow/example_dags/example_branch_python_dop_operator_3.py for tasks to queue
[2021-05-14 01:45:19,446] {logging_mixin.py:104} INFO - [2021-05-14 01:45:19,446] {dagbag.py:451} INFO - Filling up the DagBag from /home/airflow/.local/lib/python3.6/site-packages/airflow/example_dags/example_branch_python_dop_operator_3.py
[2021-05-14 01:45:19,458] {scheduler_job.py:639} INFO - DAG(s) dict_keys(['example_branch_dop_operator_v3']) retrieved from /home/airflow/.local/lib/python3.6/site-packages/airflow/example_dags/example_branch_python_dop_operator_3.py
[2021-05-14 01:45:19,476] {logging_mixin.py:104} INFO - [2021-05-14 01:45:19,476] {dag.py:1824} INFO - Sync 1 DAGs
[2021-05-14 01:45:19,501] {logging_mixin.py:104} INFO - [2021-05-14 01:45:19,501] {dag.py:2280} INFO - Setting next_dagrun for example_branch_dop_operator_v3 to 2021-05-12 00:00:00+00:00
[2021-05-14 01:45:19,537] {scheduler_job.py:190} INFO - Processing /home/airflow/.local/lib/python3.6/site-packages/airflow/example_dags/example_branch_python_dop_operator_3.py took 0.097 seconds
