[2021-05-14 01:35:27,997] {scheduler_job.py:182} INFO - Started process (PID=19162) to work on /home/airflow/.local/lib/python3.6/site-packages/airflow/example_dags/example_external_task_marker_dag.py
[2021-05-14 01:35:27,998] {scheduler_job.py:629} INFO - Processing file /home/airflow/.local/lib/python3.6/site-packages/airflow/example_dags/example_external_task_marker_dag.py for tasks to queue
[2021-05-14 01:35:27,999] {logging_mixin.py:104} INFO - [2021-05-14 01:35:27,999] {dagbag.py:451} INFO - Filling up the DagBag from /home/airflow/.local/lib/python3.6/site-packages/airflow/example_dags/example_external_task_marker_dag.py
[2021-05-14 01:35:28,070] {scheduler_job.py:639} INFO - DAG(s) dict_keys(['example_external_task_marker_parent', 'example_external_task_marker_child']) retrieved from /home/airflow/.local/lib/python3.6/site-packages/airflow/example_dags/example_external_task_marker_dag.py
[2021-05-14 01:35:28,094] {logging_mixin.py:104} INFO - [2021-05-14 01:35:28,094] {dag.py:1824} INFO - Sync 2 DAGs
[2021-05-14 01:35:28,108] {logging_mixin.py:104} INFO - [2021-05-14 01:35:28,108] {dag.py:2280} INFO - Setting next_dagrun for example_external_task_marker_child to None
[2021-05-14 01:35:28,109] {logging_mixin.py:104} INFO - [2021-05-14 01:35:28,109] {dag.py:2280} INFO - Setting next_dagrun for example_external_task_marker_parent to None
[2021-05-14 01:35:28,129] {scheduler_job.py:190} INFO - Processing /home/airflow/.local/lib/python3.6/site-packages/airflow/example_dags/example_external_task_marker_dag.py took 0.136 seconds
[2021-05-14 01:35:58,586] {scheduler_job.py:182} INFO - Started process (PID=19189) to work on /home/airflow/.local/lib/python3.6/site-packages/airflow/example_dags/example_external_task_marker_dag.py
[2021-05-14 01:35:58,587] {scheduler_job.py:629} INFO - Processing file /home/airflow/.local/lib/python3.6/site-packages/airflow/example_dags/example_external_task_marker_dag.py for tasks to queue
[2021-05-14 01:35:58,588] {logging_mixin.py:104} INFO - [2021-05-14 01:35:58,588] {dagbag.py:451} INFO - Filling up the DagBag from /home/airflow/.local/lib/python3.6/site-packages/airflow/example_dags/example_external_task_marker_dag.py
[2021-05-14 01:35:58,598] {scheduler_job.py:639} INFO - DAG(s) dict_keys(['example_external_task_marker_parent', 'example_external_task_marker_child']) retrieved from /home/airflow/.local/lib/python3.6/site-packages/airflow/example_dags/example_external_task_marker_dag.py
[2021-05-14 01:35:58,619] {logging_mixin.py:104} INFO - [2021-05-14 01:35:58,619] {dag.py:1824} INFO - Sync 2 DAGs
[2021-05-14 01:35:58,632] {logging_mixin.py:104} INFO - [2021-05-14 01:35:58,632] {dag.py:2280} INFO - Setting next_dagrun for example_external_task_marker_child to None
[2021-05-14 01:35:58,633] {logging_mixin.py:104} INFO - [2021-05-14 01:35:58,633] {dag.py:2280} INFO - Setting next_dagrun for example_external_task_marker_parent to None
[2021-05-14 01:35:58,714] {scheduler_job.py:190} INFO - Processing /home/airflow/.local/lib/python3.6/site-packages/airflow/example_dags/example_external_task_marker_dag.py took 0.131 seconds
[2021-05-14 01:36:29,189] {scheduler_job.py:182} INFO - Started process (PID=19216) to work on /home/airflow/.local/lib/python3.6/site-packages/airflow/example_dags/example_external_task_marker_dag.py
[2021-05-14 01:36:29,191] {scheduler_job.py:629} INFO - Processing file /home/airflow/.local/lib/python3.6/site-packages/airflow/example_dags/example_external_task_marker_dag.py for tasks to queue
[2021-05-14 01:36:29,192] {logging_mixin.py:104} INFO - [2021-05-14 01:36:29,191] {dagbag.py:451} INFO - Filling up the DagBag from /home/airflow/.local/lib/python3.6/site-packages/airflow/example_dags/example_external_task_marker_dag.py
[2021-05-14 01:36:29,203] {scheduler_job.py:639} INFO - DAG(s) dict_keys(['example_external_task_marker_parent', 'example_external_task_marker_child']) retrieved from /home/airflow/.local/lib/python3.6/site-packages/airflow/example_dags/example_external_task_marker_dag.py
[2021-05-14 01:36:29,224] {logging_mixin.py:104} INFO - [2021-05-14 01:36:29,223] {dag.py:1824} INFO - Sync 2 DAGs
[2021-05-14 01:36:29,237] {logging_mixin.py:104} INFO - [2021-05-14 01:36:29,237] {dag.py:2280} INFO - Setting next_dagrun for example_external_task_marker_child to None
[2021-05-14 01:36:29,238] {logging_mixin.py:104} INFO - [2021-05-14 01:36:29,238] {dag.py:2280} INFO - Setting next_dagrun for example_external_task_marker_parent to None
[2021-05-14 01:36:29,320] {scheduler_job.py:190} INFO - Processing /home/airflow/.local/lib/python3.6/site-packages/airflow/example_dags/example_external_task_marker_dag.py took 0.134 seconds
[2021-05-14 01:36:59,990] {scheduler_job.py:182} INFO - Started process (PID=19243) to work on /home/airflow/.local/lib/python3.6/site-packages/airflow/example_dags/example_external_task_marker_dag.py
[2021-05-14 01:36:59,992] {scheduler_job.py:629} INFO - Processing file /home/airflow/.local/lib/python3.6/site-packages/airflow/example_dags/example_external_task_marker_dag.py for tasks to queue
[2021-05-14 01:36:59,993] {logging_mixin.py:104} INFO - [2021-05-14 01:36:59,993] {dagbag.py:451} INFO - Filling up the DagBag from /home/airflow/.local/lib/python3.6/site-packages/airflow/example_dags/example_external_task_marker_dag.py
[2021-05-14 01:37:00,003] {scheduler_job.py:639} INFO - DAG(s) dict_keys(['example_external_task_marker_parent', 'example_external_task_marker_child']) retrieved from /home/airflow/.local/lib/python3.6/site-packages/airflow/example_dags/example_external_task_marker_dag.py
[2021-05-14 01:37:00,028] {logging_mixin.py:104} INFO - [2021-05-14 01:37:00,028] {dag.py:1824} INFO - Sync 2 DAGs
[2021-05-14 01:37:00,041] {logging_mixin.py:104} INFO - [2021-05-14 01:37:00,041] {dag.py:2280} INFO - Setting next_dagrun for example_external_task_marker_child to None
[2021-05-14 01:37:00,042] {logging_mixin.py:104} INFO - [2021-05-14 01:37:00,042] {dag.py:2280} INFO - Setting next_dagrun for example_external_task_marker_parent to None
[2021-05-14 01:37:00,128] {scheduler_job.py:190} INFO - Processing /home/airflow/.local/lib/python3.6/site-packages/airflow/example_dags/example_external_task_marker_dag.py took 0.140 seconds
[2021-05-14 01:37:30,642] {scheduler_job.py:182} INFO - Started process (PID=19270) to work on /home/airflow/.local/lib/python3.6/site-packages/airflow/example_dags/example_external_task_marker_dag.py
[2021-05-14 01:37:30,643] {scheduler_job.py:629} INFO - Processing file /home/airflow/.local/lib/python3.6/site-packages/airflow/example_dags/example_external_task_marker_dag.py for tasks to queue
[2021-05-14 01:37:30,644] {logging_mixin.py:104} INFO - [2021-05-14 01:37:30,644] {dagbag.py:451} INFO - Filling up the DagBag from /home/airflow/.local/lib/python3.6/site-packages/airflow/example_dags/example_external_task_marker_dag.py
[2021-05-14 01:37:30,653] {scheduler_job.py:639} INFO - DAG(s) dict_keys(['example_external_task_marker_parent', 'example_external_task_marker_child']) retrieved from /home/airflow/.local/lib/python3.6/site-packages/airflow/example_dags/example_external_task_marker_dag.py
[2021-05-14 01:37:30,675] {logging_mixin.py:104} INFO - [2021-05-14 01:37:30,675] {dag.py:1824} INFO - Sync 2 DAGs
[2021-05-14 01:37:30,689] {logging_mixin.py:104} INFO - [2021-05-14 01:37:30,689] {dag.py:2280} INFO - Setting next_dagrun for example_external_task_marker_child to None
[2021-05-14 01:37:30,690] {logging_mixin.py:104} INFO - [2021-05-14 01:37:30,690] {dag.py:2280} INFO - Setting next_dagrun for example_external_task_marker_parent to None
[2021-05-14 01:37:30,786] {scheduler_job.py:190} INFO - Processing /home/airflow/.local/lib/python3.6/site-packages/airflow/example_dags/example_external_task_marker_dag.py took 0.147 seconds
[2021-05-14 01:38:01,507] {scheduler_job.py:182} INFO - Started process (PID=19297) to work on /home/airflow/.local/lib/python3.6/site-packages/airflow/example_dags/example_external_task_marker_dag.py
[2021-05-14 01:38:01,508] {scheduler_job.py:629} INFO - Processing file /home/airflow/.local/lib/python3.6/site-packages/airflow/example_dags/example_external_task_marker_dag.py for tasks to queue
[2021-05-14 01:38:01,509] {logging_mixin.py:104} INFO - [2021-05-14 01:38:01,509] {dagbag.py:451} INFO - Filling up the DagBag from /home/airflow/.local/lib/python3.6/site-packages/airflow/example_dags/example_external_task_marker_dag.py
[2021-05-14 01:38:01,520] {scheduler_job.py:639} INFO - DAG(s) dict_keys(['example_external_task_marker_parent', 'example_external_task_marker_child']) retrieved from /home/airflow/.local/lib/python3.6/site-packages/airflow/example_dags/example_external_task_marker_dag.py
[2021-05-14 01:38:01,542] {logging_mixin.py:104} INFO - [2021-05-14 01:38:01,542] {dag.py:1824} INFO - Sync 2 DAGs
[2021-05-14 01:38:01,556] {logging_mixin.py:104} INFO - [2021-05-14 01:38:01,556] {dag.py:2280} INFO - Setting next_dagrun for example_external_task_marker_child to None
[2021-05-14 01:38:01,557] {logging_mixin.py:104} INFO - [2021-05-14 01:38:01,557] {dag.py:2280} INFO - Setting next_dagrun for example_external_task_marker_parent to None
[2021-05-14 01:38:01,648] {scheduler_job.py:190} INFO - Processing /home/airflow/.local/lib/python3.6/site-packages/airflow/example_dags/example_external_task_marker_dag.py took 0.144 seconds
[2021-05-14 01:38:32,608] {scheduler_job.py:182} INFO - Started process (PID=19324) to work on /home/airflow/.local/lib/python3.6/site-packages/airflow/example_dags/example_external_task_marker_dag.py
[2021-05-14 01:38:32,610] {scheduler_job.py:629} INFO - Processing file /home/airflow/.local/lib/python3.6/site-packages/airflow/example_dags/example_external_task_marker_dag.py for tasks to queue
[2021-05-14 01:38:32,610] {logging_mixin.py:104} INFO - [2021-05-14 01:38:32,610] {dagbag.py:451} INFO - Filling up the DagBag from /home/airflow/.local/lib/python3.6/site-packages/airflow/example_dags/example_external_task_marker_dag.py
[2021-05-14 01:38:32,619] {scheduler_job.py:639} INFO - DAG(s) dict_keys(['example_external_task_marker_parent', 'example_external_task_marker_child']) retrieved from /home/airflow/.local/lib/python3.6/site-packages/airflow/example_dags/example_external_task_marker_dag.py
[2021-05-14 01:38:32,640] {logging_mixin.py:104} INFO - [2021-05-14 01:38:32,640] {dag.py:1824} INFO - Sync 2 DAGs
[2021-05-14 01:38:32,653] {logging_mixin.py:104} INFO - [2021-05-14 01:38:32,653] {dag.py:2280} INFO - Setting next_dagrun for example_external_task_marker_child to None
[2021-05-14 01:38:32,654] {logging_mixin.py:104} INFO - [2021-05-14 01:38:32,654] {dag.py:2280} INFO - Setting next_dagrun for example_external_task_marker_parent to None
[2021-05-14 01:38:32,745] {scheduler_job.py:190} INFO - Processing /home/airflow/.local/lib/python3.6/site-packages/airflow/example_dags/example_external_task_marker_dag.py took 0.140 seconds
[2021-05-14 01:39:02,817] {scheduler_job.py:182} INFO - Started process (PID=19351) to work on /home/airflow/.local/lib/python3.6/site-packages/airflow/example_dags/example_external_task_marker_dag.py
[2021-05-14 01:39:02,819] {scheduler_job.py:629} INFO - Processing file /home/airflow/.local/lib/python3.6/site-packages/airflow/example_dags/example_external_task_marker_dag.py for tasks to queue
[2021-05-14 01:39:02,819] {logging_mixin.py:104} INFO - [2021-05-14 01:39:02,819] {dagbag.py:451} INFO - Filling up the DagBag from /home/airflow/.local/lib/python3.6/site-packages/airflow/example_dags/example_external_task_marker_dag.py
[2021-05-14 01:39:02,829] {scheduler_job.py:639} INFO - DAG(s) dict_keys(['example_external_task_marker_parent', 'example_external_task_marker_child']) retrieved from /home/airflow/.local/lib/python3.6/site-packages/airflow/example_dags/example_external_task_marker_dag.py
[2021-05-14 01:39:02,850] {logging_mixin.py:104} INFO - [2021-05-14 01:39:02,850] {dag.py:1824} INFO - Sync 2 DAGs
[2021-05-14 01:39:02,863] {logging_mixin.py:104} INFO - [2021-05-14 01:39:02,863] {dag.py:2280} INFO - Setting next_dagrun for example_external_task_marker_child to None
[2021-05-14 01:39:02,864] {logging_mixin.py:104} INFO - [2021-05-14 01:39:02,864] {dag.py:2280} INFO - Setting next_dagrun for example_external_task_marker_parent to None
[2021-05-14 01:39:02,961] {scheduler_job.py:190} INFO - Processing /home/airflow/.local/lib/python3.6/site-packages/airflow/example_dags/example_external_task_marker_dag.py took 0.147 seconds
[2021-05-14 01:39:33,851] {scheduler_job.py:182} INFO - Started process (PID=19378) to work on /home/airflow/.local/lib/python3.6/site-packages/airflow/example_dags/example_external_task_marker_dag.py
[2021-05-14 01:39:33,852] {scheduler_job.py:629} INFO - Processing file /home/airflow/.local/lib/python3.6/site-packages/airflow/example_dags/example_external_task_marker_dag.py for tasks to queue
[2021-05-14 01:39:33,852] {logging_mixin.py:104} INFO - [2021-05-14 01:39:33,852] {dagbag.py:451} INFO - Filling up the DagBag from /home/airflow/.local/lib/python3.6/site-packages/airflow/example_dags/example_external_task_marker_dag.py
[2021-05-14 01:39:33,862] {scheduler_job.py:639} INFO - DAG(s) dict_keys(['example_external_task_marker_parent', 'example_external_task_marker_child']) retrieved from /home/airflow/.local/lib/python3.6/site-packages/airflow/example_dags/example_external_task_marker_dag.py
[2021-05-14 01:39:33,890] {logging_mixin.py:104} INFO - [2021-05-14 01:39:33,890] {dag.py:1824} INFO - Sync 2 DAGs
[2021-05-14 01:39:33,907] {logging_mixin.py:104} INFO - [2021-05-14 01:39:33,906] {dag.py:2280} INFO - Setting next_dagrun for example_external_task_marker_child to None
[2021-05-14 01:39:33,908] {logging_mixin.py:104} INFO - [2021-05-14 01:39:33,908] {dag.py:2280} INFO - Setting next_dagrun for example_external_task_marker_parent to None
[2021-05-14 01:39:33,919] {scheduler_job.py:190} INFO - Processing /home/airflow/.local/lib/python3.6/site-packages/airflow/example_dags/example_external_task_marker_dag.py took 0.071 seconds
[2021-05-14 01:40:04,912] {scheduler_job.py:182} INFO - Started process (PID=19405) to work on /home/airflow/.local/lib/python3.6/site-packages/airflow/example_dags/example_external_task_marker_dag.py
[2021-05-14 01:40:04,913] {scheduler_job.py:629} INFO - Processing file /home/airflow/.local/lib/python3.6/site-packages/airflow/example_dags/example_external_task_marker_dag.py for tasks to queue
[2021-05-14 01:40:04,914] {logging_mixin.py:104} INFO - [2021-05-14 01:40:04,914] {dagbag.py:451} INFO - Filling up the DagBag from /home/airflow/.local/lib/python3.6/site-packages/airflow/example_dags/example_external_task_marker_dag.py
[2021-05-14 01:40:04,927] {scheduler_job.py:639} INFO - DAG(s) dict_keys(['example_external_task_marker_parent', 'example_external_task_marker_child']) retrieved from /home/airflow/.local/lib/python3.6/site-packages/airflow/example_dags/example_external_task_marker_dag.py
[2021-05-14 01:40:04,948] {logging_mixin.py:104} INFO - [2021-05-14 01:40:04,948] {dag.py:1824} INFO - Sync 2 DAGs
[2021-05-14 01:40:04,962] {logging_mixin.py:104} INFO - [2021-05-14 01:40:04,962] {dag.py:2280} INFO - Setting next_dagrun for example_external_task_marker_child to None
[2021-05-14 01:40:04,963] {logging_mixin.py:104} INFO - [2021-05-14 01:40:04,962] {dag.py:2280} INFO - Setting next_dagrun for example_external_task_marker_parent to None
[2021-05-14 01:40:05,061] {scheduler_job.py:190} INFO - Processing /home/airflow/.local/lib/python3.6/site-packages/airflow/example_dags/example_external_task_marker_dag.py took 0.152 seconds
[2021-05-14 01:40:35,114] {scheduler_job.py:182} INFO - Started process (PID=19432) to work on /home/airflow/.local/lib/python3.6/site-packages/airflow/example_dags/example_external_task_marker_dag.py
[2021-05-14 01:40:35,116] {scheduler_job.py:629} INFO - Processing file /home/airflow/.local/lib/python3.6/site-packages/airflow/example_dags/example_external_task_marker_dag.py for tasks to queue
[2021-05-14 01:40:35,116] {logging_mixin.py:104} INFO - [2021-05-14 01:40:35,116] {dagbag.py:451} INFO - Filling up the DagBag from /home/airflow/.local/lib/python3.6/site-packages/airflow/example_dags/example_external_task_marker_dag.py
[2021-05-14 01:40:35,126] {scheduler_job.py:639} INFO - DAG(s) dict_keys(['example_external_task_marker_parent', 'example_external_task_marker_child']) retrieved from /home/airflow/.local/lib/python3.6/site-packages/airflow/example_dags/example_external_task_marker_dag.py
[2021-05-14 01:40:35,147] {logging_mixin.py:104} INFO - [2021-05-14 01:40:35,147] {dag.py:1824} INFO - Sync 2 DAGs
[2021-05-14 01:40:35,161] {logging_mixin.py:104} INFO - [2021-05-14 01:40:35,161] {dag.py:2280} INFO - Setting next_dagrun for example_external_task_marker_child to None
[2021-05-14 01:40:35,162] {logging_mixin.py:104} INFO - [2021-05-14 01:40:35,162] {dag.py:2280} INFO - Setting next_dagrun for example_external_task_marker_parent to None
[2021-05-14 01:40:35,247] {scheduler_job.py:190} INFO - Processing /home/airflow/.local/lib/python3.6/site-packages/airflow/example_dags/example_external_task_marker_dag.py took 0.135 seconds
[2021-05-14 01:41:05,372] {scheduler_job.py:182} INFO - Started process (PID=19459) to work on /home/airflow/.local/lib/python3.6/site-packages/airflow/example_dags/example_external_task_marker_dag.py
[2021-05-14 01:41:05,374] {scheduler_job.py:629} INFO - Processing file /home/airflow/.local/lib/python3.6/site-packages/airflow/example_dags/example_external_task_marker_dag.py for tasks to queue
[2021-05-14 01:41:05,375] {logging_mixin.py:104} INFO - [2021-05-14 01:41:05,375] {dagbag.py:451} INFO - Filling up the DagBag from /home/airflow/.local/lib/python3.6/site-packages/airflow/example_dags/example_external_task_marker_dag.py
[2021-05-14 01:41:05,463] {scheduler_job.py:639} INFO - DAG(s) dict_keys(['example_external_task_marker_parent', 'example_external_task_marker_child']) retrieved from /home/airflow/.local/lib/python3.6/site-packages/airflow/example_dags/example_external_task_marker_dag.py
[2021-05-14 01:41:05,534] {logging_mixin.py:104} INFO - [2021-05-14 01:41:05,534] {dag.py:1824} INFO - Sync 2 DAGs
[2021-05-14 01:41:05,584] {logging_mixin.py:104} INFO - [2021-05-14 01:41:05,584] {dag.py:2280} INFO - Setting next_dagrun for example_external_task_marker_child to None
[2021-05-14 01:41:05,587] {logging_mixin.py:104} INFO - [2021-05-14 01:41:05,587] {dag.py:2280} INFO - Setting next_dagrun for example_external_task_marker_parent to None
[2021-05-14 01:41:05,624] {scheduler_job.py:190} INFO - Processing /home/airflow/.local/lib/python3.6/site-packages/airflow/example_dags/example_external_task_marker_dag.py took 0.257 seconds
[2021-05-14 01:41:36,609] {scheduler_job.py:182} INFO - Started process (PID=19486) to work on /home/airflow/.local/lib/python3.6/site-packages/airflow/example_dags/example_external_task_marker_dag.py
[2021-05-14 01:41:36,611] {scheduler_job.py:629} INFO - Processing file /home/airflow/.local/lib/python3.6/site-packages/airflow/example_dags/example_external_task_marker_dag.py for tasks to queue
[2021-05-14 01:41:36,612] {logging_mixin.py:104} INFO - [2021-05-14 01:41:36,612] {dagbag.py:451} INFO - Filling up the DagBag from /home/airflow/.local/lib/python3.6/site-packages/airflow/example_dags/example_external_task_marker_dag.py
[2021-05-14 01:41:36,621] {scheduler_job.py:639} INFO - DAG(s) dict_keys(['example_external_task_marker_parent', 'example_external_task_marker_child']) retrieved from /home/airflow/.local/lib/python3.6/site-packages/airflow/example_dags/example_external_task_marker_dag.py
[2021-05-14 01:41:36,642] {logging_mixin.py:104} INFO - [2021-05-14 01:41:36,642] {dag.py:1824} INFO - Sync 2 DAGs
[2021-05-14 01:41:36,656] {logging_mixin.py:104} INFO - [2021-05-14 01:41:36,656] {dag.py:2280} INFO - Setting next_dagrun for example_external_task_marker_child to None
[2021-05-14 01:41:36,657] {logging_mixin.py:104} INFO - [2021-05-14 01:41:36,657] {dag.py:2280} INFO - Setting next_dagrun for example_external_task_marker_parent to None
[2021-05-14 01:41:36,670] {scheduler_job.py:190} INFO - Processing /home/airflow/.local/lib/python3.6/site-packages/airflow/example_dags/example_external_task_marker_dag.py took 0.063 seconds
[2021-05-14 01:42:06,846] {scheduler_job.py:182} INFO - Started process (PID=19513) to work on /home/airflow/.local/lib/python3.6/site-packages/airflow/example_dags/example_external_task_marker_dag.py
[2021-05-14 01:42:06,848] {scheduler_job.py:629} INFO - Processing file /home/airflow/.local/lib/python3.6/site-packages/airflow/example_dags/example_external_task_marker_dag.py for tasks to queue
[2021-05-14 01:42:06,849] {logging_mixin.py:104} INFO - [2021-05-14 01:42:06,849] {dagbag.py:451} INFO - Filling up the DagBag from /home/airflow/.local/lib/python3.6/site-packages/airflow/example_dags/example_external_task_marker_dag.py
[2021-05-14 01:42:06,859] {scheduler_job.py:639} INFO - DAG(s) dict_keys(['example_external_task_marker_parent', 'example_external_task_marker_child']) retrieved from /home/airflow/.local/lib/python3.6/site-packages/airflow/example_dags/example_external_task_marker_dag.py
[2021-05-14 01:42:06,881] {logging_mixin.py:104} INFO - [2021-05-14 01:42:06,881] {dag.py:1824} INFO - Sync 2 DAGs
[2021-05-14 01:42:06,896] {logging_mixin.py:104} INFO - [2021-05-14 01:42:06,896] {dag.py:2280} INFO - Setting next_dagrun for example_external_task_marker_child to None
[2021-05-14 01:42:06,897] {logging_mixin.py:104} INFO - [2021-05-14 01:42:06,897] {dag.py:2280} INFO - Setting next_dagrun for example_external_task_marker_parent to None
[2021-05-14 01:42:06,923] {scheduler_job.py:190} INFO - Processing /home/airflow/.local/lib/python3.6/site-packages/airflow/example_dags/example_external_task_marker_dag.py took 0.079 seconds
[2021-05-14 01:42:37,111] {scheduler_job.py:182} INFO - Started process (PID=19540) to work on /home/airflow/.local/lib/python3.6/site-packages/airflow/example_dags/example_external_task_marker_dag.py
[2021-05-14 01:42:37,112] {scheduler_job.py:629} INFO - Processing file /home/airflow/.local/lib/python3.6/site-packages/airflow/example_dags/example_external_task_marker_dag.py for tasks to queue
[2021-05-14 01:42:37,113] {logging_mixin.py:104} INFO - [2021-05-14 01:42:37,113] {dagbag.py:451} INFO - Filling up the DagBag from /home/airflow/.local/lib/python3.6/site-packages/airflow/example_dags/example_external_task_marker_dag.py
[2021-05-14 01:42:37,123] {scheduler_job.py:639} INFO - DAG(s) dict_keys(['example_external_task_marker_parent', 'example_external_task_marker_child']) retrieved from /home/airflow/.local/lib/python3.6/site-packages/airflow/example_dags/example_external_task_marker_dag.py
[2021-05-14 01:42:37,144] {logging_mixin.py:104} INFO - [2021-05-14 01:42:37,144] {dag.py:1824} INFO - Sync 2 DAGs
[2021-05-14 01:42:37,157] {logging_mixin.py:104} INFO - [2021-05-14 01:42:37,157] {dag.py:2280} INFO - Setting next_dagrun for example_external_task_marker_child to None
[2021-05-14 01:42:37,158] {logging_mixin.py:104} INFO - [2021-05-14 01:42:37,158] {dag.py:2280} INFO - Setting next_dagrun for example_external_task_marker_parent to None
[2021-05-14 01:42:37,186] {scheduler_job.py:190} INFO - Processing /home/airflow/.local/lib/python3.6/site-packages/airflow/example_dags/example_external_task_marker_dag.py took 0.078 seconds
[2021-05-14 01:43:07,229] {scheduler_job.py:182} INFO - Started process (PID=19567) to work on /home/airflow/.local/lib/python3.6/site-packages/airflow/example_dags/example_external_task_marker_dag.py
[2021-05-14 01:43:07,231] {scheduler_job.py:629} INFO - Processing file /home/airflow/.local/lib/python3.6/site-packages/airflow/example_dags/example_external_task_marker_dag.py for tasks to queue
[2021-05-14 01:43:07,232] {logging_mixin.py:104} INFO - [2021-05-14 01:43:07,232] {dagbag.py:451} INFO - Filling up the DagBag from /home/airflow/.local/lib/python3.6/site-packages/airflow/example_dags/example_external_task_marker_dag.py
[2021-05-14 01:43:07,242] {scheduler_job.py:639} INFO - DAG(s) dict_keys(['example_external_task_marker_parent', 'example_external_task_marker_child']) retrieved from /home/airflow/.local/lib/python3.6/site-packages/airflow/example_dags/example_external_task_marker_dag.py
[2021-05-14 01:43:07,265] {logging_mixin.py:104} INFO - [2021-05-14 01:43:07,265] {dag.py:1824} INFO - Sync 2 DAGs
[2021-05-14 01:43:07,279] {logging_mixin.py:104} INFO - [2021-05-14 01:43:07,278] {dag.py:2280} INFO - Setting next_dagrun for example_external_task_marker_child to None
[2021-05-14 01:43:07,280] {logging_mixin.py:104} INFO - [2021-05-14 01:43:07,280] {dag.py:2280} INFO - Setting next_dagrun for example_external_task_marker_parent to None
[2021-05-14 01:43:07,312] {scheduler_job.py:190} INFO - Processing /home/airflow/.local/lib/python3.6/site-packages/airflow/example_dags/example_external_task_marker_dag.py took 0.086 seconds
[2021-05-14 01:43:37,555] {scheduler_job.py:182} INFO - Started process (PID=19594) to work on /home/airflow/.local/lib/python3.6/site-packages/airflow/example_dags/example_external_task_marker_dag.py
[2021-05-14 01:43:37,557] {scheduler_job.py:629} INFO - Processing file /home/airflow/.local/lib/python3.6/site-packages/airflow/example_dags/example_external_task_marker_dag.py for tasks to queue
[2021-05-14 01:43:37,558] {logging_mixin.py:104} INFO - [2021-05-14 01:43:37,558] {dagbag.py:451} INFO - Filling up the DagBag from /home/airflow/.local/lib/python3.6/site-packages/airflow/example_dags/example_external_task_marker_dag.py
[2021-05-14 01:43:37,568] {scheduler_job.py:639} INFO - DAG(s) dict_keys(['example_external_task_marker_parent', 'example_external_task_marker_child']) retrieved from /home/airflow/.local/lib/python3.6/site-packages/airflow/example_dags/example_external_task_marker_dag.py
[2021-05-14 01:43:37,589] {logging_mixin.py:104} INFO - [2021-05-14 01:43:37,588] {dag.py:1824} INFO - Sync 2 DAGs
[2021-05-14 01:43:37,601] {logging_mixin.py:104} INFO - [2021-05-14 01:43:37,601] {dag.py:2280} INFO - Setting next_dagrun for example_external_task_marker_child to None
[2021-05-14 01:43:37,602] {logging_mixin.py:104} INFO - [2021-05-14 01:43:37,602] {dag.py:2280} INFO - Setting next_dagrun for example_external_task_marker_parent to None
[2021-05-14 01:43:37,636] {scheduler_job.py:190} INFO - Processing /home/airflow/.local/lib/python3.6/site-packages/airflow/example_dags/example_external_task_marker_dag.py took 0.083 seconds
[2021-05-14 01:44:07,726] {scheduler_job.py:182} INFO - Started process (PID=19621) to work on /home/airflow/.local/lib/python3.6/site-packages/airflow/example_dags/example_external_task_marker_dag.py
[2021-05-14 01:44:07,727] {scheduler_job.py:629} INFO - Processing file /home/airflow/.local/lib/python3.6/site-packages/airflow/example_dags/example_external_task_marker_dag.py for tasks to queue
[2021-05-14 01:44:07,728] {logging_mixin.py:104} INFO - [2021-05-14 01:44:07,728] {dagbag.py:451} INFO - Filling up the DagBag from /home/airflow/.local/lib/python3.6/site-packages/airflow/example_dags/example_external_task_marker_dag.py
[2021-05-14 01:44:07,739] {scheduler_job.py:639} INFO - DAG(s) dict_keys(['example_external_task_marker_parent', 'example_external_task_marker_child']) retrieved from /home/airflow/.local/lib/python3.6/site-packages/airflow/example_dags/example_external_task_marker_dag.py
[2021-05-14 01:44:07,759] {logging_mixin.py:104} INFO - [2021-05-14 01:44:07,759] {dag.py:1824} INFO - Sync 2 DAGs
[2021-05-14 01:44:07,773] {logging_mixin.py:104} INFO - [2021-05-14 01:44:07,773] {dag.py:2280} INFO - Setting next_dagrun for example_external_task_marker_child to None
[2021-05-14 01:44:07,774] {logging_mixin.py:104} INFO - [2021-05-14 01:44:07,774] {dag.py:2280} INFO - Setting next_dagrun for example_external_task_marker_parent to None
[2021-05-14 01:44:07,799] {scheduler_job.py:190} INFO - Processing /home/airflow/.local/lib/python3.6/site-packages/airflow/example_dags/example_external_task_marker_dag.py took 0.075 seconds
[2021-05-14 01:44:38,043] {scheduler_job.py:182} INFO - Started process (PID=19648) to work on /home/airflow/.local/lib/python3.6/site-packages/airflow/example_dags/example_external_task_marker_dag.py
[2021-05-14 01:44:38,044] {scheduler_job.py:629} INFO - Processing file /home/airflow/.local/lib/python3.6/site-packages/airflow/example_dags/example_external_task_marker_dag.py for tasks to queue
[2021-05-14 01:44:38,045] {logging_mixin.py:104} INFO - [2021-05-14 01:44:38,045] {dagbag.py:451} INFO - Filling up the DagBag from /home/airflow/.local/lib/python3.6/site-packages/airflow/example_dags/example_external_task_marker_dag.py
[2021-05-14 01:44:38,055] {scheduler_job.py:639} INFO - DAG(s) dict_keys(['example_external_task_marker_parent', 'example_external_task_marker_child']) retrieved from /home/airflow/.local/lib/python3.6/site-packages/airflow/example_dags/example_external_task_marker_dag.py
[2021-05-14 01:44:38,077] {logging_mixin.py:104} INFO - [2021-05-14 01:44:38,077] {dag.py:1824} INFO - Sync 2 DAGs
[2021-05-14 01:44:38,091] {logging_mixin.py:104} INFO - [2021-05-14 01:44:38,091] {dag.py:2280} INFO - Setting next_dagrun for example_external_task_marker_child to None
[2021-05-14 01:44:38,092] {logging_mixin.py:104} INFO - [2021-05-14 01:44:38,092] {dag.py:2280} INFO - Setting next_dagrun for example_external_task_marker_parent to None
[2021-05-14 01:44:38,104] {scheduler_job.py:190} INFO - Processing /home/airflow/.local/lib/python3.6/site-packages/airflow/example_dags/example_external_task_marker_dag.py took 0.064 seconds
[2021-05-14 01:45:08,357] {scheduler_job.py:182} INFO - Started process (PID=19675) to work on /home/airflow/.local/lib/python3.6/site-packages/airflow/example_dags/example_external_task_marker_dag.py
[2021-05-14 01:45:08,358] {scheduler_job.py:629} INFO - Processing file /home/airflow/.local/lib/python3.6/site-packages/airflow/example_dags/example_external_task_marker_dag.py for tasks to queue
[2021-05-14 01:45:08,359] {logging_mixin.py:104} INFO - [2021-05-14 01:45:08,359] {dagbag.py:451} INFO - Filling up the DagBag from /home/airflow/.local/lib/python3.6/site-packages/airflow/example_dags/example_external_task_marker_dag.py
[2021-05-14 01:45:08,369] {scheduler_job.py:639} INFO - DAG(s) dict_keys(['example_external_task_marker_parent', 'example_external_task_marker_child']) retrieved from /home/airflow/.local/lib/python3.6/site-packages/airflow/example_dags/example_external_task_marker_dag.py
[2021-05-14 01:45:08,389] {logging_mixin.py:104} INFO - [2021-05-14 01:45:08,389] {dag.py:1824} INFO - Sync 2 DAGs
[2021-05-14 01:45:08,402] {logging_mixin.py:104} INFO - [2021-05-14 01:45:08,402] {dag.py:2280} INFO - Setting next_dagrun for example_external_task_marker_child to None
[2021-05-14 01:45:08,403] {logging_mixin.py:104} INFO - [2021-05-14 01:45:08,403] {dag.py:2280} INFO - Setting next_dagrun for example_external_task_marker_parent to None
[2021-05-14 01:45:08,450] {scheduler_job.py:190} INFO - Processing /home/airflow/.local/lib/python3.6/site-packages/airflow/example_dags/example_external_task_marker_dag.py took 0.096 seconds
[2021-05-14 01:45:38,894] {scheduler_job.py:182} INFO - Started process (PID=19702) to work on /home/airflow/.local/lib/python3.6/site-packages/airflow/example_dags/example_external_task_marker_dag.py
[2021-05-14 01:45:38,920] {scheduler_job.py:629} INFO - Processing file /home/airflow/.local/lib/python3.6/site-packages/airflow/example_dags/example_external_task_marker_dag.py for tasks to queue
[2021-05-14 01:45:38,925] {logging_mixin.py:104} INFO - [2021-05-14 01:45:38,925] {dagbag.py:451} INFO - Filling up the DagBag from /home/airflow/.local/lib/python3.6/site-packages/airflow/example_dags/example_external_task_marker_dag.py
[2021-05-14 01:45:38,941] {scheduler_job.py:639} INFO - DAG(s) dict_keys(['example_external_task_marker_parent', 'example_external_task_marker_child']) retrieved from /home/airflow/.local/lib/python3.6/site-packages/airflow/example_dags/example_external_task_marker_dag.py
[2021-05-14 01:45:38,982] {logging_mixin.py:104} INFO - [2021-05-14 01:45:38,982] {dag.py:1824} INFO - Sync 2 DAGs
[2021-05-14 01:45:39,020] {logging_mixin.py:104} INFO - [2021-05-14 01:45:39,020] {dag.py:2280} INFO - Setting next_dagrun for example_external_task_marker_child to None
[2021-05-14 01:45:39,023] {logging_mixin.py:104} INFO - [2021-05-14 01:45:39,023] {dag.py:2280} INFO - Setting next_dagrun for example_external_task_marker_parent to None
[2021-05-14 01:45:39,050] {scheduler_job.py:190} INFO - Processing /home/airflow/.local/lib/python3.6/site-packages/airflow/example_dags/example_external_task_marker_dag.py took 0.159 seconds
