[2021-05-14 01:35:06,280] {scheduler_job.py:182} INFO - Started process (PID=19149) to work on /home/airflow/.local/lib/python3.6/site-packages/airflow/example_dags/example_latest_only_with_trigger.py
[2021-05-14 01:35:06,282] {scheduler_job.py:629} INFO - Processing file /home/airflow/.local/lib/python3.6/site-packages/airflow/example_dags/example_latest_only_with_trigger.py for tasks to queue
[2021-05-14 01:35:06,283] {logging_mixin.py:104} INFO - [2021-05-14 01:35:06,283] {dagbag.py:451} INFO - Filling up the DagBag from /home/airflow/.local/lib/python3.6/site-packages/airflow/example_dags/example_latest_only_with_trigger.py
[2021-05-14 01:35:06,292] {scheduler_job.py:639} INFO - DAG(s) dict_keys(['latest_only_with_trigger']) retrieved from /home/airflow/.local/lib/python3.6/site-packages/airflow/example_dags/example_latest_only_with_trigger.py
[2021-05-14 01:35:06,311] {logging_mixin.py:104} INFO - [2021-05-14 01:35:06,311] {dag.py:1824} INFO - Sync 1 DAGs
[2021-05-14 01:35:06,325] {logging_mixin.py:104} INFO - [2021-05-14 01:35:06,325] {dag.py:2280} INFO - Setting next_dagrun for latest_only_with_trigger to 2021-05-12 00:00:00+00:00
[2021-05-14 01:35:06,338] {scheduler_job.py:190} INFO - Processing /home/airflow/.local/lib/python3.6/site-packages/airflow/example_dags/example_latest_only_with_trigger.py took 0.061 seconds
[2021-05-14 01:35:36,809] {scheduler_job.py:182} INFO - Started process (PID=19176) to work on /home/airflow/.local/lib/python3.6/site-packages/airflow/example_dags/example_latest_only_with_trigger.py
[2021-05-14 01:35:36,811] {scheduler_job.py:629} INFO - Processing file /home/airflow/.local/lib/python3.6/site-packages/airflow/example_dags/example_latest_only_with_trigger.py for tasks to queue
[2021-05-14 01:35:36,812] {logging_mixin.py:104} INFO - [2021-05-14 01:35:36,812] {dagbag.py:451} INFO - Filling up the DagBag from /home/airflow/.local/lib/python3.6/site-packages/airflow/example_dags/example_latest_only_with_trigger.py
[2021-05-14 01:35:36,823] {scheduler_job.py:639} INFO - DAG(s) dict_keys(['latest_only_with_trigger']) retrieved from /home/airflow/.local/lib/python3.6/site-packages/airflow/example_dags/example_latest_only_with_trigger.py
[2021-05-14 01:35:36,840] {logging_mixin.py:104} INFO - [2021-05-14 01:35:36,840] {dag.py:1824} INFO - Sync 1 DAGs
[2021-05-14 01:35:36,854] {logging_mixin.py:104} INFO - [2021-05-14 01:35:36,854] {dag.py:2280} INFO - Setting next_dagrun for latest_only_with_trigger to 2021-05-12 00:00:00+00:00
[2021-05-14 01:35:36,864] {scheduler_job.py:190} INFO - Processing /home/airflow/.local/lib/python3.6/site-packages/airflow/example_dags/example_latest_only_with_trigger.py took 0.058 seconds
[2021-05-14 01:36:07,292] {scheduler_job.py:182} INFO - Started process (PID=19200) to work on /home/airflow/.local/lib/python3.6/site-packages/airflow/example_dags/example_latest_only_with_trigger.py
[2021-05-14 01:36:07,294] {scheduler_job.py:629} INFO - Processing file /home/airflow/.local/lib/python3.6/site-packages/airflow/example_dags/example_latest_only_with_trigger.py for tasks to queue
[2021-05-14 01:36:07,295] {logging_mixin.py:104} INFO - [2021-05-14 01:36:07,295] {dagbag.py:451} INFO - Filling up the DagBag from /home/airflow/.local/lib/python3.6/site-packages/airflow/example_dags/example_latest_only_with_trigger.py
[2021-05-14 01:36:07,305] {scheduler_job.py:639} INFO - DAG(s) dict_keys(['latest_only_with_trigger']) retrieved from /home/airflow/.local/lib/python3.6/site-packages/airflow/example_dags/example_latest_only_with_trigger.py
[2021-05-14 01:36:07,325] {logging_mixin.py:104} INFO - [2021-05-14 01:36:07,325] {dag.py:1824} INFO - Sync 1 DAGs
[2021-05-14 01:36:07,342] {logging_mixin.py:104} INFO - [2021-05-14 01:36:07,341] {dag.py:2280} INFO - Setting next_dagrun for latest_only_with_trigger to 2021-05-12 00:00:00+00:00
[2021-05-14 01:36:07,418] {scheduler_job.py:190} INFO - Processing /home/airflow/.local/lib/python3.6/site-packages/airflow/example_dags/example_latest_only_with_trigger.py took 0.129 seconds
[2021-05-14 01:36:37,866] {scheduler_job.py:182} INFO - Started process (PID=19227) to work on /home/airflow/.local/lib/python3.6/site-packages/airflow/example_dags/example_latest_only_with_trigger.py
[2021-05-14 01:36:37,868] {scheduler_job.py:629} INFO - Processing file /home/airflow/.local/lib/python3.6/site-packages/airflow/example_dags/example_latest_only_with_trigger.py for tasks to queue
[2021-05-14 01:36:37,868] {logging_mixin.py:104} INFO - [2021-05-14 01:36:37,868] {dagbag.py:451} INFO - Filling up the DagBag from /home/airflow/.local/lib/python3.6/site-packages/airflow/example_dags/example_latest_only_with_trigger.py
[2021-05-14 01:36:37,878] {scheduler_job.py:639} INFO - DAG(s) dict_keys(['latest_only_with_trigger']) retrieved from /home/airflow/.local/lib/python3.6/site-packages/airflow/example_dags/example_latest_only_with_trigger.py
[2021-05-14 01:36:37,896] {logging_mixin.py:104} INFO - [2021-05-14 01:36:37,896] {dag.py:1824} INFO - Sync 1 DAGs
[2021-05-14 01:36:37,909] {logging_mixin.py:104} INFO - [2021-05-14 01:36:37,909] {dag.py:2280} INFO - Setting next_dagrun for latest_only_with_trigger to 2021-05-12 00:00:00+00:00
[2021-05-14 01:36:37,986] {scheduler_job.py:190} INFO - Processing /home/airflow/.local/lib/python3.6/site-packages/airflow/example_dags/example_latest_only_with_trigger.py took 0.122 seconds
[2021-05-14 01:37:08,572] {scheduler_job.py:182} INFO - Started process (PID=19254) to work on /home/airflow/.local/lib/python3.6/site-packages/airflow/example_dags/example_latest_only_with_trigger.py
[2021-05-14 01:37:08,574] {scheduler_job.py:629} INFO - Processing file /home/airflow/.local/lib/python3.6/site-packages/airflow/example_dags/example_latest_only_with_trigger.py for tasks to queue
[2021-05-14 01:37:08,576] {logging_mixin.py:104} INFO - [2021-05-14 01:37:08,575] {dagbag.py:451} INFO - Filling up the DagBag from /home/airflow/.local/lib/python3.6/site-packages/airflow/example_dags/example_latest_only_with_trigger.py
[2021-05-14 01:37:08,585] {scheduler_job.py:639} INFO - DAG(s) dict_keys(['latest_only_with_trigger']) retrieved from /home/airflow/.local/lib/python3.6/site-packages/airflow/example_dags/example_latest_only_with_trigger.py
[2021-05-14 01:37:08,604] {logging_mixin.py:104} INFO - [2021-05-14 01:37:08,604] {dag.py:1824} INFO - Sync 1 DAGs
[2021-05-14 01:37:08,616] {logging_mixin.py:104} INFO - [2021-05-14 01:37:08,616] {dag.py:2280} INFO - Setting next_dagrun for latest_only_with_trigger to 2021-05-12 00:00:00+00:00
[2021-05-14 01:37:08,700] {scheduler_job.py:190} INFO - Processing /home/airflow/.local/lib/python3.6/site-packages/airflow/example_dags/example_latest_only_with_trigger.py took 0.131 seconds
[2021-05-14 01:37:39,367] {scheduler_job.py:182} INFO - Started process (PID=19281) to work on /home/airflow/.local/lib/python3.6/site-packages/airflow/example_dags/example_latest_only_with_trigger.py
[2021-05-14 01:37:39,369] {scheduler_job.py:629} INFO - Processing file /home/airflow/.local/lib/python3.6/site-packages/airflow/example_dags/example_latest_only_with_trigger.py for tasks to queue
[2021-05-14 01:37:39,369] {logging_mixin.py:104} INFO - [2021-05-14 01:37:39,369] {dagbag.py:451} INFO - Filling up the DagBag from /home/airflow/.local/lib/python3.6/site-packages/airflow/example_dags/example_latest_only_with_trigger.py
[2021-05-14 01:37:39,379] {scheduler_job.py:639} INFO - DAG(s) dict_keys(['latest_only_with_trigger']) retrieved from /home/airflow/.local/lib/python3.6/site-packages/airflow/example_dags/example_latest_only_with_trigger.py
[2021-05-14 01:37:39,398] {logging_mixin.py:104} INFO - [2021-05-14 01:37:39,398] {dag.py:1824} INFO - Sync 1 DAGs
[2021-05-14 01:37:39,411] {logging_mixin.py:104} INFO - [2021-05-14 01:37:39,411] {dag.py:2280} INFO - Setting next_dagrun for latest_only_with_trigger to 2021-05-12 00:00:00+00:00
[2021-05-14 01:37:39,493] {scheduler_job.py:190} INFO - Processing /home/airflow/.local/lib/python3.6/site-packages/airflow/example_dags/example_latest_only_with_trigger.py took 0.128 seconds
[2021-05-14 01:38:10,384] {scheduler_job.py:182} INFO - Started process (PID=19308) to work on /home/airflow/.local/lib/python3.6/site-packages/airflow/example_dags/example_latest_only_with_trigger.py
[2021-05-14 01:38:10,387] {scheduler_job.py:629} INFO - Processing file /home/airflow/.local/lib/python3.6/site-packages/airflow/example_dags/example_latest_only_with_trigger.py for tasks to queue
[2021-05-14 01:38:10,387] {logging_mixin.py:104} INFO - [2021-05-14 01:38:10,387] {dagbag.py:451} INFO - Filling up the DagBag from /home/airflow/.local/lib/python3.6/site-packages/airflow/example_dags/example_latest_only_with_trigger.py
[2021-05-14 01:38:10,396] {scheduler_job.py:639} INFO - DAG(s) dict_keys(['latest_only_with_trigger']) retrieved from /home/airflow/.local/lib/python3.6/site-packages/airflow/example_dags/example_latest_only_with_trigger.py
[2021-05-14 01:38:10,419] {logging_mixin.py:104} INFO - [2021-05-14 01:38:10,419] {dag.py:1824} INFO - Sync 1 DAGs
[2021-05-14 01:38:10,432] {logging_mixin.py:104} INFO - [2021-05-14 01:38:10,432] {dag.py:2280} INFO - Setting next_dagrun for latest_only_with_trigger to 2021-05-12 00:00:00+00:00
[2021-05-14 01:38:10,502] {scheduler_job.py:190} INFO - Processing /home/airflow/.local/lib/python3.6/site-packages/airflow/example_dags/example_latest_only_with_trigger.py took 0.121 seconds
[2021-05-14 01:38:40,554] {scheduler_job.py:182} INFO - Started process (PID=19335) to work on /home/airflow/.local/lib/python3.6/site-packages/airflow/example_dags/example_latest_only_with_trigger.py
[2021-05-14 01:38:40,556] {scheduler_job.py:629} INFO - Processing file /home/airflow/.local/lib/python3.6/site-packages/airflow/example_dags/example_latest_only_with_trigger.py for tasks to queue
[2021-05-14 01:38:40,556] {logging_mixin.py:104} INFO - [2021-05-14 01:38:40,556] {dagbag.py:451} INFO - Filling up the DagBag from /home/airflow/.local/lib/python3.6/site-packages/airflow/example_dags/example_latest_only_with_trigger.py
[2021-05-14 01:38:40,565] {scheduler_job.py:639} INFO - DAG(s) dict_keys(['latest_only_with_trigger']) retrieved from /home/airflow/.local/lib/python3.6/site-packages/airflow/example_dags/example_latest_only_with_trigger.py
[2021-05-14 01:38:40,583] {logging_mixin.py:104} INFO - [2021-05-14 01:38:40,583] {dag.py:1824} INFO - Sync 1 DAGs
[2021-05-14 01:38:40,596] {logging_mixin.py:104} INFO - [2021-05-14 01:38:40,596] {dag.py:2280} INFO - Setting next_dagrun for latest_only_with_trigger to 2021-05-12 00:00:00+00:00
[2021-05-14 01:38:40,679] {scheduler_job.py:190} INFO - Processing /home/airflow/.local/lib/python3.6/site-packages/airflow/example_dags/example_latest_only_with_trigger.py took 0.128 seconds
[2021-05-14 01:39:11,831] {scheduler_job.py:182} INFO - Started process (PID=19364) to work on /home/airflow/.local/lib/python3.6/site-packages/airflow/example_dags/example_latest_only_with_trigger.py
[2021-05-14 01:39:11,832] {scheduler_job.py:629} INFO - Processing file /home/airflow/.local/lib/python3.6/site-packages/airflow/example_dags/example_latest_only_with_trigger.py for tasks to queue
[2021-05-14 01:39:11,833] {logging_mixin.py:104} INFO - [2021-05-14 01:39:11,833] {dagbag.py:451} INFO - Filling up the DagBag from /home/airflow/.local/lib/python3.6/site-packages/airflow/example_dags/example_latest_only_with_trigger.py
[2021-05-14 01:39:11,842] {scheduler_job.py:639} INFO - DAG(s) dict_keys(['latest_only_with_trigger']) retrieved from /home/airflow/.local/lib/python3.6/site-packages/airflow/example_dags/example_latest_only_with_trigger.py
[2021-05-14 01:39:11,861] {logging_mixin.py:104} INFO - [2021-05-14 01:39:11,860] {dag.py:1824} INFO - Sync 1 DAGs
[2021-05-14 01:39:11,875] {logging_mixin.py:104} INFO - [2021-05-14 01:39:11,875] {dag.py:2280} INFO - Setting next_dagrun for latest_only_with_trigger to 2021-05-12 00:00:00+00:00
[2021-05-14 01:39:11,960] {scheduler_job.py:190} INFO - Processing /home/airflow/.local/lib/python3.6/site-packages/airflow/example_dags/example_latest_only_with_trigger.py took 0.131 seconds
[2021-05-14 01:39:42,808] {scheduler_job.py:182} INFO - Started process (PID=19391) to work on /home/airflow/.local/lib/python3.6/site-packages/airflow/example_dags/example_latest_only_with_trigger.py
[2021-05-14 01:39:42,812] {scheduler_job.py:629} INFO - Processing file /home/airflow/.local/lib/python3.6/site-packages/airflow/example_dags/example_latest_only_with_trigger.py for tasks to queue
[2021-05-14 01:39:42,813] {logging_mixin.py:104} INFO - [2021-05-14 01:39:42,812] {dagbag.py:451} INFO - Filling up the DagBag from /home/airflow/.local/lib/python3.6/site-packages/airflow/example_dags/example_latest_only_with_trigger.py
[2021-05-14 01:39:42,823] {scheduler_job.py:639} INFO - DAG(s) dict_keys(['latest_only_with_trigger']) retrieved from /home/airflow/.local/lib/python3.6/site-packages/airflow/example_dags/example_latest_only_with_trigger.py
[2021-05-14 01:39:42,841] {logging_mixin.py:104} INFO - [2021-05-14 01:39:42,841] {dag.py:1824} INFO - Sync 1 DAGs
[2021-05-14 01:39:42,859] {logging_mixin.py:104} INFO - [2021-05-14 01:39:42,859] {dag.py:2280} INFO - Setting next_dagrun for latest_only_with_trigger to 2021-05-12 00:00:00+00:00
[2021-05-14 01:39:42,949] {scheduler_job.py:190} INFO - Processing /home/airflow/.local/lib/python3.6/site-packages/airflow/example_dags/example_latest_only_with_trigger.py took 0.144 seconds
[2021-05-14 01:40:13,830] {scheduler_job.py:182} INFO - Started process (PID=19418) to work on /home/airflow/.local/lib/python3.6/site-packages/airflow/example_dags/example_latest_only_with_trigger.py
[2021-05-14 01:40:13,831] {scheduler_job.py:629} INFO - Processing file /home/airflow/.local/lib/python3.6/site-packages/airflow/example_dags/example_latest_only_with_trigger.py for tasks to queue
[2021-05-14 01:40:13,832] {logging_mixin.py:104} INFO - [2021-05-14 01:40:13,832] {dagbag.py:451} INFO - Filling up the DagBag from /home/airflow/.local/lib/python3.6/site-packages/airflow/example_dags/example_latest_only_with_trigger.py
[2021-05-14 01:40:13,842] {scheduler_job.py:639} INFO - DAG(s) dict_keys(['latest_only_with_trigger']) retrieved from /home/airflow/.local/lib/python3.6/site-packages/airflow/example_dags/example_latest_only_with_trigger.py
[2021-05-14 01:40:13,861] {logging_mixin.py:104} INFO - [2021-05-14 01:40:13,861] {dag.py:1824} INFO - Sync 1 DAGs
[2021-05-14 01:40:13,876] {logging_mixin.py:104} INFO - [2021-05-14 01:40:13,876] {dag.py:2280} INFO - Setting next_dagrun for latest_only_with_trigger to 2021-05-12 00:00:00+00:00
[2021-05-14 01:40:13,967] {scheduler_job.py:190} INFO - Processing /home/airflow/.local/lib/python3.6/site-packages/airflow/example_dags/example_latest_only_with_trigger.py took 0.140 seconds
