[2021-05-14 01:35:08,303] {scheduler_job.py:182} INFO - Started process (PID=19151) to work on /home/airflow/.local/lib/python3.6/site-packages/airflow/example_dags/example_xcomargs.py
[2021-05-14 01:35:08,304] {scheduler_job.py:629} INFO - Processing file /home/airflow/.local/lib/python3.6/site-packages/airflow/example_dags/example_xcomargs.py for tasks to queue
[2021-05-14 01:35:08,305] {logging_mixin.py:104} INFO - [2021-05-14 01:35:08,305] {dagbag.py:451} INFO - Filling up the DagBag from /home/airflow/.local/lib/python3.6/site-packages/airflow/example_dags/example_xcomargs.py
[2021-05-14 01:35:08,336] {scheduler_job.py:639} INFO - DAG(s) dict_keys(['example_xcom_args', 'example_xcom_args_with_operators']) retrieved from /home/airflow/.local/lib/python3.6/site-packages/airflow/example_dags/example_xcomargs.py
[2021-05-14 01:35:08,359] {logging_mixin.py:104} INFO - [2021-05-14 01:35:08,359] {dag.py:1824} INFO - Sync 2 DAGs
[2021-05-14 01:35:08,372] {logging_mixin.py:104} INFO - [2021-05-14 01:35:08,372] {dag.py:2280} INFO - Setting next_dagrun for example_xcom_args to None
[2021-05-14 01:35:08,373] {logging_mixin.py:104} INFO - [2021-05-14 01:35:08,373] {dag.py:2280} INFO - Setting next_dagrun for example_xcom_args_with_operators to None
[2021-05-14 01:35:08,389] {scheduler_job.py:190} INFO - Processing /home/airflow/.local/lib/python3.6/site-packages/airflow/example_dags/example_xcomargs.py took 0.089 seconds
[2021-05-14 01:35:38,837] {scheduler_job.py:182} INFO - Started process (PID=19178) to work on /home/airflow/.local/lib/python3.6/site-packages/airflow/example_dags/example_xcomargs.py
[2021-05-14 01:35:38,838] {scheduler_job.py:629} INFO - Processing file /home/airflow/.local/lib/python3.6/site-packages/airflow/example_dags/example_xcomargs.py for tasks to queue
[2021-05-14 01:35:38,839] {logging_mixin.py:104} INFO - [2021-05-14 01:35:38,839] {dagbag.py:451} INFO - Filling up the DagBag from /home/airflow/.local/lib/python3.6/site-packages/airflow/example_dags/example_xcomargs.py
[2021-05-14 01:35:38,852] {scheduler_job.py:639} INFO - DAG(s) dict_keys(['example_xcom_args', 'example_xcom_args_with_operators']) retrieved from /home/airflow/.local/lib/python3.6/site-packages/airflow/example_dags/example_xcomargs.py
[2021-05-14 01:35:38,876] {logging_mixin.py:104} INFO - [2021-05-14 01:35:38,876] {dag.py:1824} INFO - Sync 2 DAGs
[2021-05-14 01:35:38,890] {logging_mixin.py:104} INFO - [2021-05-14 01:35:38,890] {dag.py:2280} INFO - Setting next_dagrun for example_xcom_args to None
[2021-05-14 01:35:38,891] {logging_mixin.py:104} INFO - [2021-05-14 01:35:38,891] {dag.py:2280} INFO - Setting next_dagrun for example_xcom_args_with_operators to None
[2021-05-14 01:35:38,924] {scheduler_job.py:190} INFO - Processing /home/airflow/.local/lib/python3.6/site-packages/airflow/example_dags/example_xcomargs.py took 0.090 seconds
[2021-05-14 01:36:09,647] {scheduler_job.py:182} INFO - Started process (PID=19205) to work on /home/airflow/.local/lib/python3.6/site-packages/airflow/example_dags/example_xcomargs.py
[2021-05-14 01:36:09,649] {scheduler_job.py:629} INFO - Processing file /home/airflow/.local/lib/python3.6/site-packages/airflow/example_dags/example_xcomargs.py for tasks to queue
[2021-05-14 01:36:09,649] {logging_mixin.py:104} INFO - [2021-05-14 01:36:09,649] {dagbag.py:451} INFO - Filling up the DagBag from /home/airflow/.local/lib/python3.6/site-packages/airflow/example_dags/example_xcomargs.py
[2021-05-14 01:36:09,663] {scheduler_job.py:639} INFO - DAG(s) dict_keys(['example_xcom_args', 'example_xcom_args_with_operators']) retrieved from /home/airflow/.local/lib/python3.6/site-packages/airflow/example_dags/example_xcomargs.py
[2021-05-14 01:36:09,689] {logging_mixin.py:104} INFO - [2021-05-14 01:36:09,689] {dag.py:1824} INFO - Sync 2 DAGs
[2021-05-14 01:36:09,705] {logging_mixin.py:104} INFO - [2021-05-14 01:36:09,705] {dag.py:2280} INFO - Setting next_dagrun for example_xcom_args to None
[2021-05-14 01:36:09,706] {logging_mixin.py:104} INFO - [2021-05-14 01:36:09,706] {dag.py:2280} INFO - Setting next_dagrun for example_xcom_args_with_operators to None
[2021-05-14 01:36:09,719] {scheduler_job.py:190} INFO - Processing /home/airflow/.local/lib/python3.6/site-packages/airflow/example_dags/example_xcomargs.py took 0.075 seconds
[2021-05-14 01:36:40,175] {scheduler_job.py:182} INFO - Started process (PID=19232) to work on /home/airflow/.local/lib/python3.6/site-packages/airflow/example_dags/example_xcomargs.py
[2021-05-14 01:36:40,177] {scheduler_job.py:629} INFO - Processing file /home/airflow/.local/lib/python3.6/site-packages/airflow/example_dags/example_xcomargs.py for tasks to queue
[2021-05-14 01:36:40,178] {logging_mixin.py:104} INFO - [2021-05-14 01:36:40,178] {dagbag.py:451} INFO - Filling up the DagBag from /home/airflow/.local/lib/python3.6/site-packages/airflow/example_dags/example_xcomargs.py
[2021-05-14 01:36:40,191] {scheduler_job.py:639} INFO - DAG(s) dict_keys(['example_xcom_args', 'example_xcom_args_with_operators']) retrieved from /home/airflow/.local/lib/python3.6/site-packages/airflow/example_dags/example_xcomargs.py
[2021-05-14 01:36:40,215] {logging_mixin.py:104} INFO - [2021-05-14 01:36:40,215] {dag.py:1824} INFO - Sync 2 DAGs
[2021-05-14 01:36:40,229] {logging_mixin.py:104} INFO - [2021-05-14 01:36:40,229] {dag.py:2280} INFO - Setting next_dagrun for example_xcom_args to None
[2021-05-14 01:36:40,230] {logging_mixin.py:104} INFO - [2021-05-14 01:36:40,230] {dag.py:2280} INFO - Setting next_dagrun for example_xcom_args_with_operators to None
[2021-05-14 01:36:40,264] {scheduler_job.py:190} INFO - Processing /home/airflow/.local/lib/python3.6/site-packages/airflow/example_dags/example_xcomargs.py took 0.092 seconds
[2021-05-14 01:37:10,912] {scheduler_job.py:182} INFO - Started process (PID=19259) to work on /home/airflow/.local/lib/python3.6/site-packages/airflow/example_dags/example_xcomargs.py
[2021-05-14 01:37:10,913] {scheduler_job.py:629} INFO - Processing file /home/airflow/.local/lib/python3.6/site-packages/airflow/example_dags/example_xcomargs.py for tasks to queue
[2021-05-14 01:37:10,914] {logging_mixin.py:104} INFO - [2021-05-14 01:37:10,914] {dagbag.py:451} INFO - Filling up the DagBag from /home/airflow/.local/lib/python3.6/site-packages/airflow/example_dags/example_xcomargs.py
[2021-05-14 01:37:10,937] {scheduler_job.py:639} INFO - DAG(s) dict_keys(['example_xcom_args', 'example_xcom_args_with_operators']) retrieved from /home/airflow/.local/lib/python3.6/site-packages/airflow/example_dags/example_xcomargs.py
[2021-05-14 01:37:10,967] {logging_mixin.py:104} INFO - [2021-05-14 01:37:10,967] {dag.py:1824} INFO - Sync 2 DAGs
[2021-05-14 01:37:10,984] {logging_mixin.py:104} INFO - [2021-05-14 01:37:10,984] {dag.py:2280} INFO - Setting next_dagrun for example_xcom_args to None
[2021-05-14 01:37:10,986] {logging_mixin.py:104} INFO - [2021-05-14 01:37:10,986] {dag.py:2280} INFO - Setting next_dagrun for example_xcom_args_with_operators to None
[2021-05-14 01:37:11,026] {scheduler_job.py:190} INFO - Processing /home/airflow/.local/lib/python3.6/site-packages/airflow/example_dags/example_xcomargs.py took 0.118 seconds
[2021-05-14 01:37:41,678] {scheduler_job.py:182} INFO - Started process (PID=19286) to work on /home/airflow/.local/lib/python3.6/site-packages/airflow/example_dags/example_xcomargs.py
[2021-05-14 01:37:41,679] {scheduler_job.py:629} INFO - Processing file /home/airflow/.local/lib/python3.6/site-packages/airflow/example_dags/example_xcomargs.py for tasks to queue
[2021-05-14 01:37:41,679] {logging_mixin.py:104} INFO - [2021-05-14 01:37:41,679] {dagbag.py:451} INFO - Filling up the DagBag from /home/airflow/.local/lib/python3.6/site-packages/airflow/example_dags/example_xcomargs.py
[2021-05-14 01:37:41,692] {scheduler_job.py:639} INFO - DAG(s) dict_keys(['example_xcom_args', 'example_xcom_args_with_operators']) retrieved from /home/airflow/.local/lib/python3.6/site-packages/airflow/example_dags/example_xcomargs.py
[2021-05-14 01:37:41,715] {logging_mixin.py:104} INFO - [2021-05-14 01:37:41,715] {dag.py:1824} INFO - Sync 2 DAGs
[2021-05-14 01:37:41,728] {logging_mixin.py:104} INFO - [2021-05-14 01:37:41,728] {dag.py:2280} INFO - Setting next_dagrun for example_xcom_args to None
[2021-05-14 01:37:41,729] {logging_mixin.py:104} INFO - [2021-05-14 01:37:41,729] {dag.py:2280} INFO - Setting next_dagrun for example_xcom_args_with_operators to None
[2021-05-14 01:37:41,818] {scheduler_job.py:190} INFO - Processing /home/airflow/.local/lib/python3.6/site-packages/airflow/example_dags/example_xcomargs.py took 0.143 seconds
[2021-05-14 01:38:12,718] {scheduler_job.py:182} INFO - Started process (PID=19313) to work on /home/airflow/.local/lib/python3.6/site-packages/airflow/example_dags/example_xcomargs.py
[2021-05-14 01:38:12,720] {scheduler_job.py:629} INFO - Processing file /home/airflow/.local/lib/python3.6/site-packages/airflow/example_dags/example_xcomargs.py for tasks to queue
[2021-05-14 01:38:12,721] {logging_mixin.py:104} INFO - [2021-05-14 01:38:12,721] {dagbag.py:451} INFO - Filling up the DagBag from /home/airflow/.local/lib/python3.6/site-packages/airflow/example_dags/example_xcomargs.py
[2021-05-14 01:38:12,735] {scheduler_job.py:639} INFO - DAG(s) dict_keys(['example_xcom_args', 'example_xcom_args_with_operators']) retrieved from /home/airflow/.local/lib/python3.6/site-packages/airflow/example_dags/example_xcomargs.py
[2021-05-14 01:38:12,764] {logging_mixin.py:104} INFO - [2021-05-14 01:38:12,763] {dag.py:1824} INFO - Sync 2 DAGs
[2021-05-14 01:38:12,778] {logging_mixin.py:104} INFO - [2021-05-14 01:38:12,778] {dag.py:2280} INFO - Setting next_dagrun for example_xcom_args to None
[2021-05-14 01:38:12,779] {logging_mixin.py:104} INFO - [2021-05-14 01:38:12,779] {dag.py:2280} INFO - Setting next_dagrun for example_xcom_args_with_operators to None
[2021-05-14 01:38:12,863] {scheduler_job.py:190} INFO - Processing /home/airflow/.local/lib/python3.6/site-packages/airflow/example_dags/example_xcomargs.py took 0.148 seconds
[2021-05-14 01:38:43,025] {scheduler_job.py:182} INFO - Started process (PID=19340) to work on /home/airflow/.local/lib/python3.6/site-packages/airflow/example_dags/example_xcomargs.py
[2021-05-14 01:38:43,026] {scheduler_job.py:629} INFO - Processing file /home/airflow/.local/lib/python3.6/site-packages/airflow/example_dags/example_xcomargs.py for tasks to queue
[2021-05-14 01:38:43,027] {logging_mixin.py:104} INFO - [2021-05-14 01:38:43,027] {dagbag.py:451} INFO - Filling up the DagBag from /home/airflow/.local/lib/python3.6/site-packages/airflow/example_dags/example_xcomargs.py
[2021-05-14 01:38:43,039] {scheduler_job.py:639} INFO - DAG(s) dict_keys(['example_xcom_args', 'example_xcom_args_with_operators']) retrieved from /home/airflow/.local/lib/python3.6/site-packages/airflow/example_dags/example_xcomargs.py
[2021-05-14 01:38:43,066] {logging_mixin.py:104} INFO - [2021-05-14 01:38:43,066] {dag.py:1824} INFO - Sync 2 DAGs
[2021-05-14 01:38:43,081] {logging_mixin.py:104} INFO - [2021-05-14 01:38:43,080] {dag.py:2280} INFO - Setting next_dagrun for example_xcom_args to None
[2021-05-14 01:38:43,082] {logging_mixin.py:104} INFO - [2021-05-14 01:38:43,082] {dag.py:2280} INFO - Setting next_dagrun for example_xcom_args_with_operators to None
[2021-05-14 01:38:43,144] {scheduler_job.py:190} INFO - Processing /home/airflow/.local/lib/python3.6/site-packages/airflow/example_dags/example_xcomargs.py took 0.123 seconds
[2021-05-14 01:39:14,153] {scheduler_job.py:182} INFO - Started process (PID=19368) to work on /home/airflow/.local/lib/python3.6/site-packages/airflow/example_dags/example_xcomargs.py
[2021-05-14 01:39:14,154] {scheduler_job.py:629} INFO - Processing file /home/airflow/.local/lib/python3.6/site-packages/airflow/example_dags/example_xcomargs.py for tasks to queue
[2021-05-14 01:39:14,155] {logging_mixin.py:104} INFO - [2021-05-14 01:39:14,155] {dagbag.py:451} INFO - Filling up the DagBag from /home/airflow/.local/lib/python3.6/site-packages/airflow/example_dags/example_xcomargs.py
[2021-05-14 01:39:14,170] {scheduler_job.py:639} INFO - DAG(s) dict_keys(['example_xcom_args', 'example_xcom_args_with_operators']) retrieved from /home/airflow/.local/lib/python3.6/site-packages/airflow/example_dags/example_xcomargs.py
[2021-05-14 01:39:14,196] {logging_mixin.py:104} INFO - [2021-05-14 01:39:14,195] {dag.py:1824} INFO - Sync 2 DAGs
[2021-05-14 01:39:14,209] {logging_mixin.py:104} INFO - [2021-05-14 01:39:14,209] {dag.py:2280} INFO - Setting next_dagrun for example_xcom_args to None
[2021-05-14 01:39:14,210] {logging_mixin.py:104} INFO - [2021-05-14 01:39:14,210] {dag.py:2280} INFO - Setting next_dagrun for example_xcom_args_with_operators to None
[2021-05-14 01:39:14,297] {scheduler_job.py:190} INFO - Processing /home/airflow/.local/lib/python3.6/site-packages/airflow/example_dags/example_xcomargs.py took 0.146 seconds
[2021-05-14 01:39:45,125] {scheduler_job.py:182} INFO - Started process (PID=19395) to work on /home/airflow/.local/lib/python3.6/site-packages/airflow/example_dags/example_xcomargs.py
[2021-05-14 01:39:45,127] {scheduler_job.py:629} INFO - Processing file /home/airflow/.local/lib/python3.6/site-packages/airflow/example_dags/example_xcomargs.py for tasks to queue
[2021-05-14 01:39:45,133] {logging_mixin.py:104} INFO - [2021-05-14 01:39:45,132] {dagbag.py:451} INFO - Filling up the DagBag from /home/airflow/.local/lib/python3.6/site-packages/airflow/example_dags/example_xcomargs.py
[2021-05-14 01:39:45,151] {scheduler_job.py:639} INFO - DAG(s) dict_keys(['example_xcom_args', 'example_xcom_args_with_operators']) retrieved from /home/airflow/.local/lib/python3.6/site-packages/airflow/example_dags/example_xcomargs.py
[2021-05-14 01:39:45,176] {logging_mixin.py:104} INFO - [2021-05-14 01:39:45,176] {dag.py:1824} INFO - Sync 2 DAGs
[2021-05-14 01:39:45,191] {logging_mixin.py:104} INFO - [2021-05-14 01:39:45,191] {dag.py:2280} INFO - Setting next_dagrun for example_xcom_args to None
[2021-05-14 01:39:45,192] {logging_mixin.py:104} INFO - [2021-05-14 01:39:45,192] {dag.py:2280} INFO - Setting next_dagrun for example_xcom_args_with_operators to None
[2021-05-14 01:39:45,295] {scheduler_job.py:190} INFO - Processing /home/airflow/.local/lib/python3.6/site-packages/airflow/example_dags/example_xcomargs.py took 0.175 seconds
[2021-05-14 01:40:15,338] {scheduler_job.py:182} INFO - Started process (PID=19422) to work on /home/airflow/.local/lib/python3.6/site-packages/airflow/example_dags/example_xcomargs.py
[2021-05-14 01:40:15,339] {scheduler_job.py:629} INFO - Processing file /home/airflow/.local/lib/python3.6/site-packages/airflow/example_dags/example_xcomargs.py for tasks to queue
[2021-05-14 01:40:15,340] {logging_mixin.py:104} INFO - [2021-05-14 01:40:15,340] {dagbag.py:451} INFO - Filling up the DagBag from /home/airflow/.local/lib/python3.6/site-packages/airflow/example_dags/example_xcomargs.py
[2021-05-14 01:40:15,370] {scheduler_job.py:639} INFO - DAG(s) dict_keys(['example_xcom_args', 'example_xcom_args_with_operators']) retrieved from /home/airflow/.local/lib/python3.6/site-packages/airflow/example_dags/example_xcomargs.py
[2021-05-14 01:40:15,399] {logging_mixin.py:104} INFO - [2021-05-14 01:40:15,399] {dag.py:1824} INFO - Sync 2 DAGs
[2021-05-14 01:40:15,417] {logging_mixin.py:104} INFO - [2021-05-14 01:40:15,417] {dag.py:2280} INFO - Setting next_dagrun for example_xcom_args to None
[2021-05-14 01:40:15,418] {logging_mixin.py:104} INFO - [2021-05-14 01:40:15,418] {dag.py:2280} INFO - Setting next_dagrun for example_xcom_args_with_operators to None
[2021-05-14 01:40:15,485] {scheduler_job.py:190} INFO - Processing /home/airflow/.local/lib/python3.6/site-packages/airflow/example_dags/example_xcomargs.py took 0.151 seconds
