[2021-05-14 01:35:31,154] {scheduler_job.py:182} INFO - Started process (PID=19164) to work on /home/airflow/.local/lib/python3.6/site-packages/airflow/example_dags/example_task_group.py
[2021-05-14 01:35:31,155] {scheduler_job.py:629} INFO - Processing file /home/airflow/.local/lib/python3.6/site-packages/airflow/example_dags/example_task_group.py for tasks to queue
[2021-05-14 01:35:31,156] {logging_mixin.py:104} INFO - [2021-05-14 01:35:31,155] {dagbag.py:451} INFO - Filling up the DagBag from /home/airflow/.local/lib/python3.6/site-packages/airflow/example_dags/example_task_group.py
[2021-05-14 01:35:31,226] {scheduler_job.py:639} INFO - DAG(s) dict_keys(['example_task_group']) retrieved from /home/airflow/.local/lib/python3.6/site-packages/airflow/example_dags/example_task_group.py
[2021-05-14 01:35:31,244] {logging_mixin.py:104} INFO - [2021-05-14 01:35:31,244] {dag.py:1824} INFO - Sync 1 DAGs
[2021-05-14 01:35:31,258] {logging_mixin.py:104} INFO - [2021-05-14 01:35:31,258] {dag.py:2280} INFO - Setting next_dagrun for example_task_group to 2021-05-12 00:00:00+00:00
[2021-05-14 01:35:31,268] {scheduler_job.py:190} INFO - Processing /home/airflow/.local/lib/python3.6/site-packages/airflow/example_dags/example_task_group.py took 0.118 seconds
[2021-05-14 01:36:01,731] {scheduler_job.py:182} INFO - Started process (PID=19191) to work on /home/airflow/.local/lib/python3.6/site-packages/airflow/example_dags/example_task_group.py
[2021-05-14 01:36:01,732] {scheduler_job.py:629} INFO - Processing file /home/airflow/.local/lib/python3.6/site-packages/airflow/example_dags/example_task_group.py for tasks to queue
[2021-05-14 01:36:01,733] {logging_mixin.py:104} INFO - [2021-05-14 01:36:01,733] {dagbag.py:451} INFO - Filling up the DagBag from /home/airflow/.local/lib/python3.6/site-packages/airflow/example_dags/example_task_group.py
[2021-05-14 01:36:01,745] {scheduler_job.py:639} INFO - DAG(s) dict_keys(['example_task_group']) retrieved from /home/airflow/.local/lib/python3.6/site-packages/airflow/example_dags/example_task_group.py
[2021-05-14 01:36:01,764] {logging_mixin.py:104} INFO - [2021-05-14 01:36:01,764] {dag.py:1824} INFO - Sync 1 DAGs
[2021-05-14 01:36:01,778] {logging_mixin.py:104} INFO - [2021-05-14 01:36:01,778] {dag.py:2280} INFO - Setting next_dagrun for example_task_group to 2021-05-12 00:00:00+00:00
[2021-05-14 01:36:01,863] {scheduler_job.py:190} INFO - Processing /home/airflow/.local/lib/python3.6/site-packages/airflow/example_dags/example_task_group.py took 0.136 seconds
[2021-05-14 01:36:32,339] {scheduler_job.py:182} INFO - Started process (PID=19218) to work on /home/airflow/.local/lib/python3.6/site-packages/airflow/example_dags/example_task_group.py
[2021-05-14 01:36:32,340] {scheduler_job.py:629} INFO - Processing file /home/airflow/.local/lib/python3.6/site-packages/airflow/example_dags/example_task_group.py for tasks to queue
[2021-05-14 01:36:32,341] {logging_mixin.py:104} INFO - [2021-05-14 01:36:32,341] {dagbag.py:451} INFO - Filling up the DagBag from /home/airflow/.local/lib/python3.6/site-packages/airflow/example_dags/example_task_group.py
[2021-05-14 01:36:32,352] {scheduler_job.py:639} INFO - DAG(s) dict_keys(['example_task_group']) retrieved from /home/airflow/.local/lib/python3.6/site-packages/airflow/example_dags/example_task_group.py
[2021-05-14 01:36:32,373] {logging_mixin.py:104} INFO - [2021-05-14 01:36:32,373] {dag.py:1824} INFO - Sync 1 DAGs
[2021-05-14 01:36:32,386] {logging_mixin.py:104} INFO - [2021-05-14 01:36:32,385] {dag.py:2280} INFO - Setting next_dagrun for example_task_group to 2021-05-12 00:00:00+00:00
[2021-05-14 01:36:32,397] {scheduler_job.py:190} INFO - Processing /home/airflow/.local/lib/python3.6/site-packages/airflow/example_dags/example_task_group.py took 0.060 seconds
[2021-05-14 01:37:03,145] {scheduler_job.py:182} INFO - Started process (PID=19245) to work on /home/airflow/.local/lib/python3.6/site-packages/airflow/example_dags/example_task_group.py
[2021-05-14 01:37:03,147] {scheduler_job.py:629} INFO - Processing file /home/airflow/.local/lib/python3.6/site-packages/airflow/example_dags/example_task_group.py for tasks to queue
[2021-05-14 01:37:03,147] {logging_mixin.py:104} INFO - [2021-05-14 01:37:03,147] {dagbag.py:451} INFO - Filling up the DagBag from /home/airflow/.local/lib/python3.6/site-packages/airflow/example_dags/example_task_group.py
[2021-05-14 01:37:03,159] {scheduler_job.py:639} INFO - DAG(s) dict_keys(['example_task_group']) retrieved from /home/airflow/.local/lib/python3.6/site-packages/airflow/example_dags/example_task_group.py
[2021-05-14 01:37:03,178] {logging_mixin.py:104} INFO - [2021-05-14 01:37:03,178] {dag.py:1824} INFO - Sync 1 DAGs
[2021-05-14 01:37:03,192] {logging_mixin.py:104} INFO - [2021-05-14 01:37:03,192] {dag.py:2280} INFO - Setting next_dagrun for example_task_group to 2021-05-12 00:00:00+00:00
[2021-05-14 01:37:03,280] {scheduler_job.py:190} INFO - Processing /home/airflow/.local/lib/python3.6/site-packages/airflow/example_dags/example_task_group.py took 0.139 seconds
[2021-05-14 01:37:33,810] {scheduler_job.py:182} INFO - Started process (PID=19272) to work on /home/airflow/.local/lib/python3.6/site-packages/airflow/example_dags/example_task_group.py
[2021-05-14 01:37:33,812] {scheduler_job.py:629} INFO - Processing file /home/airflow/.local/lib/python3.6/site-packages/airflow/example_dags/example_task_group.py for tasks to queue
[2021-05-14 01:37:33,812] {logging_mixin.py:104} INFO - [2021-05-14 01:37:33,812] {dagbag.py:451} INFO - Filling up the DagBag from /home/airflow/.local/lib/python3.6/site-packages/airflow/example_dags/example_task_group.py
[2021-05-14 01:37:33,823] {scheduler_job.py:639} INFO - DAG(s) dict_keys(['example_task_group']) retrieved from /home/airflow/.local/lib/python3.6/site-packages/airflow/example_dags/example_task_group.py
[2021-05-14 01:37:33,842] {logging_mixin.py:104} INFO - [2021-05-14 01:37:33,842] {dag.py:1824} INFO - Sync 1 DAGs
[2021-05-14 01:37:33,857] {logging_mixin.py:104} INFO - [2021-05-14 01:37:33,856] {dag.py:2280} INFO - Setting next_dagrun for example_task_group to 2021-05-12 00:00:00+00:00
[2021-05-14 01:37:33,872] {scheduler_job.py:190} INFO - Processing /home/airflow/.local/lib/python3.6/site-packages/airflow/example_dags/example_task_group.py took 0.064 seconds
[2021-05-14 01:38:04,663] {scheduler_job.py:182} INFO - Started process (PID=19299) to work on /home/airflow/.local/lib/python3.6/site-packages/airflow/example_dags/example_task_group.py
[2021-05-14 01:38:04,664] {scheduler_job.py:629} INFO - Processing file /home/airflow/.local/lib/python3.6/site-packages/airflow/example_dags/example_task_group.py for tasks to queue
[2021-05-14 01:38:04,665] {logging_mixin.py:104} INFO - [2021-05-14 01:38:04,665] {dagbag.py:451} INFO - Filling up the DagBag from /home/airflow/.local/lib/python3.6/site-packages/airflow/example_dags/example_task_group.py
[2021-05-14 01:38:04,675] {scheduler_job.py:639} INFO - DAG(s) dict_keys(['example_task_group']) retrieved from /home/airflow/.local/lib/python3.6/site-packages/airflow/example_dags/example_task_group.py
[2021-05-14 01:38:04,696] {logging_mixin.py:104} INFO - [2021-05-14 01:38:04,696] {dag.py:1824} INFO - Sync 1 DAGs
[2021-05-14 01:38:04,709] {logging_mixin.py:104} INFO - [2021-05-14 01:38:04,709] {dag.py:2280} INFO - Setting next_dagrun for example_task_group to 2021-05-12 00:00:00+00:00
[2021-05-14 01:38:04,793] {scheduler_job.py:190} INFO - Processing /home/airflow/.local/lib/python3.6/site-packages/airflow/example_dags/example_task_group.py took 0.133 seconds
[2021-05-14 01:38:35,762] {scheduler_job.py:182} INFO - Started process (PID=19326) to work on /home/airflow/.local/lib/python3.6/site-packages/airflow/example_dags/example_task_group.py
[2021-05-14 01:38:35,764] {scheduler_job.py:629} INFO - Processing file /home/airflow/.local/lib/python3.6/site-packages/airflow/example_dags/example_task_group.py for tasks to queue
[2021-05-14 01:38:35,765] {logging_mixin.py:104} INFO - [2021-05-14 01:38:35,765] {dagbag.py:451} INFO - Filling up the DagBag from /home/airflow/.local/lib/python3.6/site-packages/airflow/example_dags/example_task_group.py
[2021-05-14 01:38:35,780] {scheduler_job.py:639} INFO - DAG(s) dict_keys(['example_task_group']) retrieved from /home/airflow/.local/lib/python3.6/site-packages/airflow/example_dags/example_task_group.py
[2021-05-14 01:38:35,802] {logging_mixin.py:104} INFO - [2021-05-14 01:38:35,802] {dag.py:1824} INFO - Sync 1 DAGs
[2021-05-14 01:38:35,816] {logging_mixin.py:104} INFO - [2021-05-14 01:38:35,815] {dag.py:2280} INFO - Setting next_dagrun for example_task_group to 2021-05-12 00:00:00+00:00
[2021-05-14 01:38:35,913] {scheduler_job.py:190} INFO - Processing /home/airflow/.local/lib/python3.6/site-packages/airflow/example_dags/example_task_group.py took 0.153 seconds
[2021-05-14 01:39:05,977] {scheduler_job.py:182} INFO - Started process (PID=19353) to work on /home/airflow/.local/lib/python3.6/site-packages/airflow/example_dags/example_task_group.py
[2021-05-14 01:39:05,978] {scheduler_job.py:629} INFO - Processing file /home/airflow/.local/lib/python3.6/site-packages/airflow/example_dags/example_task_group.py for tasks to queue
[2021-05-14 01:39:05,979] {logging_mixin.py:104} INFO - [2021-05-14 01:39:05,979] {dagbag.py:451} INFO - Filling up the DagBag from /home/airflow/.local/lib/python3.6/site-packages/airflow/example_dags/example_task_group.py
[2021-05-14 01:39:05,989] {scheduler_job.py:639} INFO - DAG(s) dict_keys(['example_task_group']) retrieved from /home/airflow/.local/lib/python3.6/site-packages/airflow/example_dags/example_task_group.py
[2021-05-14 01:39:06,008] {logging_mixin.py:104} INFO - [2021-05-14 01:39:06,008] {dag.py:1824} INFO - Sync 1 DAGs
[2021-05-14 01:39:06,023] {logging_mixin.py:104} INFO - [2021-05-14 01:39:06,022] {dag.py:2280} INFO - Setting next_dagrun for example_task_group to 2021-05-12 00:00:00+00:00
[2021-05-14 01:39:06,108] {scheduler_job.py:190} INFO - Processing /home/airflow/.local/lib/python3.6/site-packages/airflow/example_dags/example_task_group.py took 0.134 seconds
[2021-05-14 01:39:36,941] {scheduler_job.py:182} INFO - Started process (PID=19380) to work on /home/airflow/.local/lib/python3.6/site-packages/airflow/example_dags/example_task_group.py
[2021-05-14 01:39:36,942] {scheduler_job.py:629} INFO - Processing file /home/airflow/.local/lib/python3.6/site-packages/airflow/example_dags/example_task_group.py for tasks to queue
[2021-05-14 01:39:36,943] {logging_mixin.py:104} INFO - [2021-05-14 01:39:36,943] {dagbag.py:451} INFO - Filling up the DagBag from /home/airflow/.local/lib/python3.6/site-packages/airflow/example_dags/example_task_group.py
[2021-05-14 01:39:36,955] {scheduler_job.py:639} INFO - DAG(s) dict_keys(['example_task_group']) retrieved from /home/airflow/.local/lib/python3.6/site-packages/airflow/example_dags/example_task_group.py
[2021-05-14 01:39:36,974] {logging_mixin.py:104} INFO - [2021-05-14 01:39:36,974] {dag.py:1824} INFO - Sync 1 DAGs
[2021-05-14 01:39:36,988] {logging_mixin.py:104} INFO - [2021-05-14 01:39:36,988] {dag.py:2280} INFO - Setting next_dagrun for example_task_group to 2021-05-12 00:00:00+00:00
[2021-05-14 01:39:37,078] {scheduler_job.py:190} INFO - Processing /home/airflow/.local/lib/python3.6/site-packages/airflow/example_dags/example_task_group.py took 0.139 seconds
[2021-05-14 01:40:08,076] {scheduler_job.py:182} INFO - Started process (PID=19407) to work on /home/airflow/.local/lib/python3.6/site-packages/airflow/example_dags/example_task_group.py
[2021-05-14 01:40:08,077] {scheduler_job.py:629} INFO - Processing file /home/airflow/.local/lib/python3.6/site-packages/airflow/example_dags/example_task_group.py for tasks to queue
[2021-05-14 01:40:08,077] {logging_mixin.py:104} INFO - [2021-05-14 01:40:08,077] {dagbag.py:451} INFO - Filling up the DagBag from /home/airflow/.local/lib/python3.6/site-packages/airflow/example_dags/example_task_group.py
[2021-05-14 01:40:08,088] {scheduler_job.py:639} INFO - DAG(s) dict_keys(['example_task_group']) retrieved from /home/airflow/.local/lib/python3.6/site-packages/airflow/example_dags/example_task_group.py
[2021-05-14 01:40:08,108] {logging_mixin.py:104} INFO - [2021-05-14 01:40:08,108] {dag.py:1824} INFO - Sync 1 DAGs
[2021-05-14 01:40:08,123] {logging_mixin.py:104} INFO - [2021-05-14 01:40:08,123] {dag.py:2280} INFO - Setting next_dagrun for example_task_group to 2021-05-12 00:00:00+00:00
[2021-05-14 01:40:08,226] {scheduler_job.py:190} INFO - Processing /home/airflow/.local/lib/python3.6/site-packages/airflow/example_dags/example_task_group.py took 0.153 seconds
[2021-05-14 01:40:38,272] {scheduler_job.py:182} INFO - Started process (PID=19434) to work on /home/airflow/.local/lib/python3.6/site-packages/airflow/example_dags/example_task_group.py
[2021-05-14 01:40:38,273] {scheduler_job.py:629} INFO - Processing file /home/airflow/.local/lib/python3.6/site-packages/airflow/example_dags/example_task_group.py for tasks to queue
[2021-05-14 01:40:38,274] {logging_mixin.py:104} INFO - [2021-05-14 01:40:38,274] {dagbag.py:451} INFO - Filling up the DagBag from /home/airflow/.local/lib/python3.6/site-packages/airflow/example_dags/example_task_group.py
[2021-05-14 01:40:38,285] {scheduler_job.py:639} INFO - DAG(s) dict_keys(['example_task_group']) retrieved from /home/airflow/.local/lib/python3.6/site-packages/airflow/example_dags/example_task_group.py
[2021-05-14 01:40:38,309] {logging_mixin.py:104} INFO - [2021-05-14 01:40:38,309] {dag.py:1824} INFO - Sync 1 DAGs
[2021-05-14 01:40:38,324] {logging_mixin.py:104} INFO - [2021-05-14 01:40:38,324] {dag.py:2280} INFO - Setting next_dagrun for example_task_group to 2021-05-12 00:00:00+00:00
[2021-05-14 01:40:38,433] {scheduler_job.py:190} INFO - Processing /home/airflow/.local/lib/python3.6/site-packages/airflow/example_dags/example_task_group.py took 0.164 seconds
[2021-05-14 01:41:08,632] {scheduler_job.py:182} INFO - Started process (PID=19461) to work on /home/airflow/.local/lib/python3.6/site-packages/airflow/example_dags/example_task_group.py
[2021-05-14 01:41:08,634] {scheduler_job.py:629} INFO - Processing file /home/airflow/.local/lib/python3.6/site-packages/airflow/example_dags/example_task_group.py for tasks to queue
[2021-05-14 01:41:08,635] {logging_mixin.py:104} INFO - [2021-05-14 01:41:08,634] {dagbag.py:451} INFO - Filling up the DagBag from /home/airflow/.local/lib/python3.6/site-packages/airflow/example_dags/example_task_group.py
[2021-05-14 01:41:08,645] {scheduler_job.py:639} INFO - DAG(s) dict_keys(['example_task_group']) retrieved from /home/airflow/.local/lib/python3.6/site-packages/airflow/example_dags/example_task_group.py
[2021-05-14 01:41:08,664] {logging_mixin.py:104} INFO - [2021-05-14 01:41:08,664] {dag.py:1824} INFO - Sync 1 DAGs
[2021-05-14 01:41:08,677] {logging_mixin.py:104} INFO - [2021-05-14 01:41:08,677] {dag.py:2280} INFO - Setting next_dagrun for example_task_group to 2021-05-12 00:00:00+00:00
[2021-05-14 01:41:08,841] {scheduler_job.py:190} INFO - Processing /home/airflow/.local/lib/python3.6/site-packages/airflow/example_dags/example_task_group.py took 0.211 seconds
[2021-05-14 01:41:39,689] {scheduler_job.py:182} INFO - Started process (PID=19488) to work on /home/airflow/.local/lib/python3.6/site-packages/airflow/example_dags/example_task_group.py
[2021-05-14 01:41:39,691] {scheduler_job.py:629} INFO - Processing file /home/airflow/.local/lib/python3.6/site-packages/airflow/example_dags/example_task_group.py for tasks to queue
[2021-05-14 01:41:39,691] {logging_mixin.py:104} INFO - [2021-05-14 01:41:39,691] {dagbag.py:451} INFO - Filling up the DagBag from /home/airflow/.local/lib/python3.6/site-packages/airflow/example_dags/example_task_group.py
[2021-05-14 01:41:39,702] {scheduler_job.py:639} INFO - DAG(s) dict_keys(['example_task_group']) retrieved from /home/airflow/.local/lib/python3.6/site-packages/airflow/example_dags/example_task_group.py
[2021-05-14 01:41:39,723] {logging_mixin.py:104} INFO - [2021-05-14 01:41:39,723] {dag.py:1824} INFO - Sync 1 DAGs
[2021-05-14 01:41:39,739] {logging_mixin.py:104} INFO - [2021-05-14 01:41:39,738] {dag.py:2280} INFO - Setting next_dagrun for example_task_group to 2021-05-12 00:00:00+00:00
[2021-05-14 01:41:39,841] {scheduler_job.py:190} INFO - Processing /home/airflow/.local/lib/python3.6/site-packages/airflow/example_dags/example_task_group.py took 0.154 seconds
[2021-05-14 01:42:09,931] {scheduler_job.py:182} INFO - Started process (PID=19515) to work on /home/airflow/.local/lib/python3.6/site-packages/airflow/example_dags/example_task_group.py
[2021-05-14 01:42:09,932] {scheduler_job.py:629} INFO - Processing file /home/airflow/.local/lib/python3.6/site-packages/airflow/example_dags/example_task_group.py for tasks to queue
[2021-05-14 01:42:09,933] {logging_mixin.py:104} INFO - [2021-05-14 01:42:09,933] {dagbag.py:451} INFO - Filling up the DagBag from /home/airflow/.local/lib/python3.6/site-packages/airflow/example_dags/example_task_group.py
[2021-05-14 01:42:09,944] {scheduler_job.py:639} INFO - DAG(s) dict_keys(['example_task_group']) retrieved from /home/airflow/.local/lib/python3.6/site-packages/airflow/example_dags/example_task_group.py
[2021-05-14 01:42:09,965] {logging_mixin.py:104} INFO - [2021-05-14 01:42:09,965] {dag.py:1824} INFO - Sync 1 DAGs
[2021-05-14 01:42:09,978] {logging_mixin.py:104} INFO - [2021-05-14 01:42:09,978] {dag.py:2280} INFO - Setting next_dagrun for example_task_group to 2021-05-12 00:00:00+00:00
[2021-05-14 01:42:10,007] {scheduler_job.py:190} INFO - Processing /home/airflow/.local/lib/python3.6/site-packages/airflow/example_dags/example_task_group.py took 0.079 seconds
[2021-05-14 01:42:40,197] {scheduler_job.py:182} INFO - Started process (PID=19542) to work on /home/airflow/.local/lib/python3.6/site-packages/airflow/example_dags/example_task_group.py
[2021-05-14 01:42:40,198] {scheduler_job.py:629} INFO - Processing file /home/airflow/.local/lib/python3.6/site-packages/airflow/example_dags/example_task_group.py for tasks to queue
[2021-05-14 01:42:40,199] {logging_mixin.py:104} INFO - [2021-05-14 01:42:40,199] {dagbag.py:451} INFO - Filling up the DagBag from /home/airflow/.local/lib/python3.6/site-packages/airflow/example_dags/example_task_group.py
[2021-05-14 01:42:40,210] {scheduler_job.py:639} INFO - DAG(s) dict_keys(['example_task_group']) retrieved from /home/airflow/.local/lib/python3.6/site-packages/airflow/example_dags/example_task_group.py
[2021-05-14 01:42:40,230] {logging_mixin.py:104} INFO - [2021-05-14 01:42:40,230] {dag.py:1824} INFO - Sync 1 DAGs
[2021-05-14 01:42:40,250] {logging_mixin.py:104} INFO - [2021-05-14 01:42:40,250] {dag.py:2280} INFO - Setting next_dagrun for example_task_group to 2021-05-12 00:00:00+00:00
[2021-05-14 01:42:40,267] {scheduler_job.py:190} INFO - Processing /home/airflow/.local/lib/python3.6/site-packages/airflow/example_dags/example_task_group.py took 0.073 seconds
[2021-05-14 01:43:10,331] {scheduler_job.py:182} INFO - Started process (PID=19569) to work on /home/airflow/.local/lib/python3.6/site-packages/airflow/example_dags/example_task_group.py
[2021-05-14 01:43:10,333] {scheduler_job.py:629} INFO - Processing file /home/airflow/.local/lib/python3.6/site-packages/airflow/example_dags/example_task_group.py for tasks to queue
[2021-05-14 01:43:10,333] {logging_mixin.py:104} INFO - [2021-05-14 01:43:10,333] {dagbag.py:451} INFO - Filling up the DagBag from /home/airflow/.local/lib/python3.6/site-packages/airflow/example_dags/example_task_group.py
[2021-05-14 01:43:10,344] {scheduler_job.py:639} INFO - DAG(s) dict_keys(['example_task_group']) retrieved from /home/airflow/.local/lib/python3.6/site-packages/airflow/example_dags/example_task_group.py
[2021-05-14 01:43:10,362] {logging_mixin.py:104} INFO - [2021-05-14 01:43:10,362] {dag.py:1824} INFO - Sync 1 DAGs
[2021-05-14 01:43:10,375] {logging_mixin.py:104} INFO - [2021-05-14 01:43:10,375] {dag.py:2280} INFO - Setting next_dagrun for example_task_group to 2021-05-12 00:00:00+00:00
[2021-05-14 01:43:10,388] {scheduler_job.py:190} INFO - Processing /home/airflow/.local/lib/python3.6/site-packages/airflow/example_dags/example_task_group.py took 0.060 seconds
[2021-05-14 01:43:40,654] {scheduler_job.py:182} INFO - Started process (PID=19596) to work on /home/airflow/.local/lib/python3.6/site-packages/airflow/example_dags/example_task_group.py
[2021-05-14 01:43:40,655] {scheduler_job.py:629} INFO - Processing file /home/airflow/.local/lib/python3.6/site-packages/airflow/example_dags/example_task_group.py for tasks to queue
[2021-05-14 01:43:40,656] {logging_mixin.py:104} INFO - [2021-05-14 01:43:40,656] {dagbag.py:451} INFO - Filling up the DagBag from /home/airflow/.local/lib/python3.6/site-packages/airflow/example_dags/example_task_group.py
[2021-05-14 01:43:40,668] {scheduler_job.py:639} INFO - DAG(s) dict_keys(['example_task_group']) retrieved from /home/airflow/.local/lib/python3.6/site-packages/airflow/example_dags/example_task_group.py
[2021-05-14 01:43:40,689] {logging_mixin.py:104} INFO - [2021-05-14 01:43:40,689] {dag.py:1824} INFO - Sync 1 DAGs
[2021-05-14 01:43:40,704] {logging_mixin.py:104} INFO - [2021-05-14 01:43:40,704] {dag.py:2280} INFO - Setting next_dagrun for example_task_group to 2021-05-12 00:00:00+00:00
[2021-05-14 01:43:40,726] {scheduler_job.py:190} INFO - Processing /home/airflow/.local/lib/python3.6/site-packages/airflow/example_dags/example_task_group.py took 0.075 seconds
[2021-05-14 01:44:10,819] {scheduler_job.py:182} INFO - Started process (PID=19623) to work on /home/airflow/.local/lib/python3.6/site-packages/airflow/example_dags/example_task_group.py
[2021-05-14 01:44:10,820] {scheduler_job.py:629} INFO - Processing file /home/airflow/.local/lib/python3.6/site-packages/airflow/example_dags/example_task_group.py for tasks to queue
[2021-05-14 01:44:10,821] {logging_mixin.py:104} INFO - [2021-05-14 01:44:10,821] {dagbag.py:451} INFO - Filling up the DagBag from /home/airflow/.local/lib/python3.6/site-packages/airflow/example_dags/example_task_group.py
[2021-05-14 01:44:10,838] {scheduler_job.py:639} INFO - DAG(s) dict_keys(['example_task_group']) retrieved from /home/airflow/.local/lib/python3.6/site-packages/airflow/example_dags/example_task_group.py
[2021-05-14 01:44:10,861] {logging_mixin.py:104} INFO - [2021-05-14 01:44:10,861] {dag.py:1824} INFO - Sync 1 DAGs
[2021-05-14 01:44:10,875] {logging_mixin.py:104} INFO - [2021-05-14 01:44:10,875] {dag.py:2280} INFO - Setting next_dagrun for example_task_group to 2021-05-12 00:00:00+00:00
[2021-05-14 01:44:10,886] {scheduler_job.py:190} INFO - Processing /home/airflow/.local/lib/python3.6/site-packages/airflow/example_dags/example_task_group.py took 0.070 seconds
[2021-05-14 01:44:41,143] {scheduler_job.py:182} INFO - Started process (PID=19650) to work on /home/airflow/.local/lib/python3.6/site-packages/airflow/example_dags/example_task_group.py
[2021-05-14 01:44:41,144] {scheduler_job.py:629} INFO - Processing file /home/airflow/.local/lib/python3.6/site-packages/airflow/example_dags/example_task_group.py for tasks to queue
[2021-05-14 01:44:41,145] {logging_mixin.py:104} INFO - [2021-05-14 01:44:41,145] {dagbag.py:451} INFO - Filling up the DagBag from /home/airflow/.local/lib/python3.6/site-packages/airflow/example_dags/example_task_group.py
[2021-05-14 01:44:41,155] {scheduler_job.py:639} INFO - DAG(s) dict_keys(['example_task_group']) retrieved from /home/airflow/.local/lib/python3.6/site-packages/airflow/example_dags/example_task_group.py
[2021-05-14 01:44:41,175] {logging_mixin.py:104} INFO - [2021-05-14 01:44:41,174] {dag.py:1824} INFO - Sync 1 DAGs
[2021-05-14 01:44:41,188] {logging_mixin.py:104} INFO - [2021-05-14 01:44:41,188] {dag.py:2280} INFO - Setting next_dagrun for example_task_group to 2021-05-12 00:00:00+00:00
[2021-05-14 01:44:41,232] {scheduler_job.py:190} INFO - Processing /home/airflow/.local/lib/python3.6/site-packages/airflow/example_dags/example_task_group.py took 0.092 seconds
[2021-05-14 01:45:11,379] {scheduler_job.py:182} INFO - Started process (PID=19677) to work on /home/airflow/.local/lib/python3.6/site-packages/airflow/example_dags/example_task_group.py
[2021-05-14 01:45:11,380] {scheduler_job.py:629} INFO - Processing file /home/airflow/.local/lib/python3.6/site-packages/airflow/example_dags/example_task_group.py for tasks to queue
[2021-05-14 01:45:11,381] {logging_mixin.py:104} INFO - [2021-05-14 01:45:11,381] {dagbag.py:451} INFO - Filling up the DagBag from /home/airflow/.local/lib/python3.6/site-packages/airflow/example_dags/example_task_group.py
[2021-05-14 01:45:11,395] {scheduler_job.py:639} INFO - DAG(s) dict_keys(['example_task_group']) retrieved from /home/airflow/.local/lib/python3.6/site-packages/airflow/example_dags/example_task_group.py
[2021-05-14 01:45:11,416] {logging_mixin.py:104} INFO - [2021-05-14 01:45:11,416] {dag.py:1824} INFO - Sync 1 DAGs
[2021-05-14 01:45:11,429] {logging_mixin.py:104} INFO - [2021-05-14 01:45:11,429] {dag.py:2280} INFO - Setting next_dagrun for example_task_group to 2021-05-12 00:00:00+00:00
[2021-05-14 01:45:11,445] {scheduler_job.py:190} INFO - Processing /home/airflow/.local/lib/python3.6/site-packages/airflow/example_dags/example_task_group.py took 0.071 seconds
[2021-05-14 01:45:42,100] {scheduler_job.py:182} INFO - Started process (PID=19704) to work on /home/airflow/.local/lib/python3.6/site-packages/airflow/example_dags/example_task_group.py
[2021-05-14 01:45:42,101] {scheduler_job.py:629} INFO - Processing file /home/airflow/.local/lib/python3.6/site-packages/airflow/example_dags/example_task_group.py for tasks to queue
[2021-05-14 01:45:42,102] {logging_mixin.py:104} INFO - [2021-05-14 01:45:42,102] {dagbag.py:451} INFO - Filling up the DagBag from /home/airflow/.local/lib/python3.6/site-packages/airflow/example_dags/example_task_group.py
[2021-05-14 01:45:42,121] {scheduler_job.py:639} INFO - DAG(s) dict_keys(['example_task_group']) retrieved from /home/airflow/.local/lib/python3.6/site-packages/airflow/example_dags/example_task_group.py
[2021-05-14 01:45:42,150] {logging_mixin.py:104} INFO - [2021-05-14 01:45:42,150] {dag.py:1824} INFO - Sync 1 DAGs
[2021-05-14 01:45:42,188] {logging_mixin.py:104} INFO - [2021-05-14 01:45:42,187] {dag.py:2280} INFO - Setting next_dagrun for example_task_group to 2021-05-12 00:00:00+00:00
[2021-05-14 01:45:42,209] {scheduler_job.py:190} INFO - Processing /home/airflow/.local/lib/python3.6/site-packages/airflow/example_dags/example_task_group.py took 0.113 seconds
