[2021-05-14 01:35:10,785] {scheduler_job.py:182} INFO - Started process (PID=19160) to work on /home/airflow/.local/lib/python3.6/site-packages/airflow/example_dags/example_subdag_operator.py
[2021-05-14 01:35:10,786] {scheduler_job.py:629} INFO - Processing file /home/airflow/.local/lib/python3.6/site-packages/airflow/example_dags/example_subdag_operator.py for tasks to queue
[2021-05-14 01:35:10,787] {logging_mixin.py:104} INFO - [2021-05-14 01:35:10,787] {dagbag.py:451} INFO - Filling up the DagBag from /home/airflow/.local/lib/python3.6/site-packages/airflow/example_dags/example_subdag_operator.py
[2021-05-14 01:35:10,816] {scheduler_job.py:639} INFO - DAG(s) dict_keys(['example_subdag_operator.section-1', 'example_subdag_operator.section-2', 'example_subdag_operator']) retrieved from /home/airflow/.local/lib/python3.6/site-packages/airflow/example_dags/example_subdag_operator.py
[2021-05-14 01:35:10,828] {logging_mixin.py:104} INFO - [2021-05-14 01:35:10,828] {dag.py:1824} INFO - Sync 3 DAGs
[2021-05-14 01:35:10,843] {logging_mixin.py:104} INFO - [2021-05-14 01:35:10,842] {dag.py:2280} INFO - Setting next_dagrun for example_subdag_operator to 2021-05-12 00:00:00+00:00
[2021-05-14 01:35:10,844] {logging_mixin.py:104} INFO - [2021-05-14 01:35:10,843] {dag.py:2280} INFO - Setting next_dagrun for example_subdag_operator.section-1 to None
[2021-05-14 01:35:10,844] {logging_mixin.py:104} INFO - [2021-05-14 01:35:10,844] {dag.py:2280} INFO - Setting next_dagrun for example_subdag_operator.section-2 to None
[2021-05-14 01:35:10,929] {logging_mixin.py:104} INFO - [2021-05-14 01:35:10,929] {dag.py:1824} INFO - Sync 2 DAGs
[2021-05-14 01:35:10,940] {logging_mixin.py:104} INFO - [2021-05-14 01:35:10,940] {dag.py:2280} INFO - Setting next_dagrun for example_subdag_operator.section-1 to None
[2021-05-14 01:35:10,940] {logging_mixin.py:104} INFO - [2021-05-14 01:35:10,940] {dag.py:2280} INFO - Setting next_dagrun for example_subdag_operator.section-2 to None
[2021-05-14 01:35:10,950] {scheduler_job.py:190} INFO - Processing /home/airflow/.local/lib/python3.6/site-packages/airflow/example_dags/example_subdag_operator.py took 0.168 seconds
[2021-05-14 01:35:41,396] {scheduler_job.py:182} INFO - Started process (PID=19187) to work on /home/airflow/.local/lib/python3.6/site-packages/airflow/example_dags/example_subdag_operator.py
[2021-05-14 01:35:41,397] {scheduler_job.py:629} INFO - Processing file /home/airflow/.local/lib/python3.6/site-packages/airflow/example_dags/example_subdag_operator.py for tasks to queue
[2021-05-14 01:35:41,398] {logging_mixin.py:104} INFO - [2021-05-14 01:35:41,398] {dagbag.py:451} INFO - Filling up the DagBag from /home/airflow/.local/lib/python3.6/site-packages/airflow/example_dags/example_subdag_operator.py
[2021-05-14 01:35:41,424] {scheduler_job.py:639} INFO - DAG(s) dict_keys(['example_subdag_operator.section-1', 'example_subdag_operator.section-2', 'example_subdag_operator']) retrieved from /home/airflow/.local/lib/python3.6/site-packages/airflow/example_dags/example_subdag_operator.py
[2021-05-14 01:35:41,434] {logging_mixin.py:104} INFO - [2021-05-14 01:35:41,434] {dag.py:1824} INFO - Sync 3 DAGs
[2021-05-14 01:35:41,447] {logging_mixin.py:104} INFO - [2021-05-14 01:35:41,447] {dag.py:2280} INFO - Setting next_dagrun for example_subdag_operator to 2021-05-12 00:00:00+00:00
[2021-05-14 01:35:41,448] {logging_mixin.py:104} INFO - [2021-05-14 01:35:41,448] {dag.py:2280} INFO - Setting next_dagrun for example_subdag_operator.section-1 to None
[2021-05-14 01:35:41,449] {logging_mixin.py:104} INFO - [2021-05-14 01:35:41,449] {dag.py:2280} INFO - Setting next_dagrun for example_subdag_operator.section-2 to None
[2021-05-14 01:35:41,529] {logging_mixin.py:104} INFO - [2021-05-14 01:35:41,528] {dag.py:1824} INFO - Sync 2 DAGs
[2021-05-14 01:35:41,537] {logging_mixin.py:104} INFO - [2021-05-14 01:35:41,537] {dag.py:2280} INFO - Setting next_dagrun for example_subdag_operator.section-1 to None
[2021-05-14 01:35:41,538] {logging_mixin.py:104} INFO - [2021-05-14 01:35:41,538] {dag.py:2280} INFO - Setting next_dagrun for example_subdag_operator.section-2 to None
[2021-05-14 01:35:41,547] {scheduler_job.py:190} INFO - Processing /home/airflow/.local/lib/python3.6/site-packages/airflow/example_dags/example_subdag_operator.py took 0.153 seconds
[2021-05-14 01:36:12,055] {scheduler_job.py:182} INFO - Started process (PID=19214) to work on /home/airflow/.local/lib/python3.6/site-packages/airflow/example_dags/example_subdag_operator.py
[2021-05-14 01:36:12,056] {scheduler_job.py:629} INFO - Processing file /home/airflow/.local/lib/python3.6/site-packages/airflow/example_dags/example_subdag_operator.py for tasks to queue
[2021-05-14 01:36:12,057] {logging_mixin.py:104} INFO - [2021-05-14 01:36:12,057] {dagbag.py:451} INFO - Filling up the DagBag from /home/airflow/.local/lib/python3.6/site-packages/airflow/example_dags/example_subdag_operator.py
[2021-05-14 01:36:12,083] {scheduler_job.py:639} INFO - DAG(s) dict_keys(['example_subdag_operator.section-1', 'example_subdag_operator.section-2', 'example_subdag_operator']) retrieved from /home/airflow/.local/lib/python3.6/site-packages/airflow/example_dags/example_subdag_operator.py
[2021-05-14 01:36:12,095] {logging_mixin.py:104} INFO - [2021-05-14 01:36:12,094] {dag.py:1824} INFO - Sync 3 DAGs
[2021-05-14 01:36:12,109] {logging_mixin.py:104} INFO - [2021-05-14 01:36:12,109] {dag.py:2280} INFO - Setting next_dagrun for example_subdag_operator to 2021-05-12 00:00:00+00:00
[2021-05-14 01:36:12,110] {logging_mixin.py:104} INFO - [2021-05-14 01:36:12,110] {dag.py:2280} INFO - Setting next_dagrun for example_subdag_operator.section-1 to None
[2021-05-14 01:36:12,110] {logging_mixin.py:104} INFO - [2021-05-14 01:36:12,110] {dag.py:2280} INFO - Setting next_dagrun for example_subdag_operator.section-2 to None
[2021-05-14 01:36:12,125] {logging_mixin.py:104} INFO - [2021-05-14 01:36:12,125] {dag.py:1824} INFO - Sync 2 DAGs
[2021-05-14 01:36:12,131] {logging_mixin.py:104} INFO - [2021-05-14 01:36:12,131] {dag.py:2280} INFO - Setting next_dagrun for example_subdag_operator.section-1 to None
[2021-05-14 01:36:12,132] {logging_mixin.py:104} INFO - [2021-05-14 01:36:12,132] {dag.py:2280} INFO - Setting next_dagrun for example_subdag_operator.section-2 to None
[2021-05-14 01:36:12,140] {scheduler_job.py:190} INFO - Processing /home/airflow/.local/lib/python3.6/site-packages/airflow/example_dags/example_subdag_operator.py took 0.089 seconds
[2021-05-14 01:36:42,788] {scheduler_job.py:182} INFO - Started process (PID=19241) to work on /home/airflow/.local/lib/python3.6/site-packages/airflow/example_dags/example_subdag_operator.py
[2021-05-14 01:36:42,789] {scheduler_job.py:629} INFO - Processing file /home/airflow/.local/lib/python3.6/site-packages/airflow/example_dags/example_subdag_operator.py for tasks to queue
[2021-05-14 01:36:42,790] {logging_mixin.py:104} INFO - [2021-05-14 01:36:42,790] {dagbag.py:451} INFO - Filling up the DagBag from /home/airflow/.local/lib/python3.6/site-packages/airflow/example_dags/example_subdag_operator.py
[2021-05-14 01:36:42,822] {scheduler_job.py:639} INFO - DAG(s) dict_keys(['example_subdag_operator.section-1', 'example_subdag_operator.section-2', 'example_subdag_operator']) retrieved from /home/airflow/.local/lib/python3.6/site-packages/airflow/example_dags/example_subdag_operator.py
[2021-05-14 01:36:42,832] {logging_mixin.py:104} INFO - [2021-05-14 01:36:42,832] {dag.py:1824} INFO - Sync 3 DAGs
[2021-05-14 01:36:42,846] {logging_mixin.py:104} INFO - [2021-05-14 01:36:42,846] {dag.py:2280} INFO - Setting next_dagrun for example_subdag_operator to 2021-05-12 00:00:00+00:00
[2021-05-14 01:36:42,847] {logging_mixin.py:104} INFO - [2021-05-14 01:36:42,847] {dag.py:2280} INFO - Setting next_dagrun for example_subdag_operator.section-1 to None
[2021-05-14 01:36:42,847] {logging_mixin.py:104} INFO - [2021-05-14 01:36:42,847] {dag.py:2280} INFO - Setting next_dagrun for example_subdag_operator.section-2 to None
[2021-05-14 01:36:42,933] {logging_mixin.py:104} INFO - [2021-05-14 01:36:42,933] {dag.py:1824} INFO - Sync 2 DAGs
[2021-05-14 01:36:42,940] {logging_mixin.py:104} INFO - [2021-05-14 01:36:42,940] {dag.py:2280} INFO - Setting next_dagrun for example_subdag_operator.section-1 to None
[2021-05-14 01:36:42,941] {logging_mixin.py:104} INFO - [2021-05-14 01:36:42,941] {dag.py:2280} INFO - Setting next_dagrun for example_subdag_operator.section-2 to None
[2021-05-14 01:36:42,949] {scheduler_job.py:190} INFO - Processing /home/airflow/.local/lib/python3.6/site-packages/airflow/example_dags/example_subdag_operator.py took 0.164 seconds
[2021-05-14 01:37:13,476] {scheduler_job.py:182} INFO - Started process (PID=19268) to work on /home/airflow/.local/lib/python3.6/site-packages/airflow/example_dags/example_subdag_operator.py
[2021-05-14 01:37:13,477] {scheduler_job.py:629} INFO - Processing file /home/airflow/.local/lib/python3.6/site-packages/airflow/example_dags/example_subdag_operator.py for tasks to queue
[2021-05-14 01:37:13,478] {logging_mixin.py:104} INFO - [2021-05-14 01:37:13,478] {dagbag.py:451} INFO - Filling up the DagBag from /home/airflow/.local/lib/python3.6/site-packages/airflow/example_dags/example_subdag_operator.py
[2021-05-14 01:37:13,503] {scheduler_job.py:639} INFO - DAG(s) dict_keys(['example_subdag_operator.section-1', 'example_subdag_operator.section-2', 'example_subdag_operator']) retrieved from /home/airflow/.local/lib/python3.6/site-packages/airflow/example_dags/example_subdag_operator.py
[2021-05-14 01:37:13,514] {logging_mixin.py:104} INFO - [2021-05-14 01:37:13,514] {dag.py:1824} INFO - Sync 3 DAGs
[2021-05-14 01:37:13,529] {logging_mixin.py:104} INFO - [2021-05-14 01:37:13,529] {dag.py:2280} INFO - Setting next_dagrun for example_subdag_operator to 2021-05-12 00:00:00+00:00
[2021-05-14 01:37:13,530] {logging_mixin.py:104} INFO - [2021-05-14 01:37:13,530] {dag.py:2280} INFO - Setting next_dagrun for example_subdag_operator.section-1 to None
[2021-05-14 01:37:13,530] {logging_mixin.py:104} INFO - [2021-05-14 01:37:13,530] {dag.py:2280} INFO - Setting next_dagrun for example_subdag_operator.section-2 to None
[2021-05-14 01:37:13,579] {logging_mixin.py:104} INFO - [2021-05-14 01:37:13,579] {dag.py:1824} INFO - Sync 2 DAGs
[2021-05-14 01:37:13,585] {logging_mixin.py:104} INFO - [2021-05-14 01:37:13,585] {dag.py:2280} INFO - Setting next_dagrun for example_subdag_operator.section-1 to None
[2021-05-14 01:37:13,586] {logging_mixin.py:104} INFO - [2021-05-14 01:37:13,586] {dag.py:2280} INFO - Setting next_dagrun for example_subdag_operator.section-2 to None
[2021-05-14 01:37:13,595] {scheduler_job.py:190} INFO - Processing /home/airflow/.local/lib/python3.6/site-packages/airflow/example_dags/example_subdag_operator.py took 0.122 seconds
[2021-05-14 01:37:44,299] {scheduler_job.py:182} INFO - Started process (PID=19295) to work on /home/airflow/.local/lib/python3.6/site-packages/airflow/example_dags/example_subdag_operator.py
[2021-05-14 01:37:44,300] {scheduler_job.py:629} INFO - Processing file /home/airflow/.local/lib/python3.6/site-packages/airflow/example_dags/example_subdag_operator.py for tasks to queue
[2021-05-14 01:37:44,301] {logging_mixin.py:104} INFO - [2021-05-14 01:37:44,301] {dagbag.py:451} INFO - Filling up the DagBag from /home/airflow/.local/lib/python3.6/site-packages/airflow/example_dags/example_subdag_operator.py
[2021-05-14 01:37:44,328] {scheduler_job.py:639} INFO - DAG(s) dict_keys(['example_subdag_operator.section-1', 'example_subdag_operator.section-2', 'example_subdag_operator']) retrieved from /home/airflow/.local/lib/python3.6/site-packages/airflow/example_dags/example_subdag_operator.py
[2021-05-14 01:37:44,338] {logging_mixin.py:104} INFO - [2021-05-14 01:37:44,338] {dag.py:1824} INFO - Sync 3 DAGs
[2021-05-14 01:37:44,351] {logging_mixin.py:104} INFO - [2021-05-14 01:37:44,351] {dag.py:2280} INFO - Setting next_dagrun for example_subdag_operator to 2021-05-12 00:00:00+00:00
[2021-05-14 01:37:44,352] {logging_mixin.py:104} INFO - [2021-05-14 01:37:44,352] {dag.py:2280} INFO - Setting next_dagrun for example_subdag_operator.section-1 to None
[2021-05-14 01:37:44,353] {logging_mixin.py:104} INFO - [2021-05-14 01:37:44,353] {dag.py:2280} INFO - Setting next_dagrun for example_subdag_operator.section-2 to None
[2021-05-14 01:37:44,443] {logging_mixin.py:104} INFO - [2021-05-14 01:37:44,442] {dag.py:1824} INFO - Sync 2 DAGs
[2021-05-14 01:37:44,450] {logging_mixin.py:104} INFO - [2021-05-14 01:37:44,450] {dag.py:2280} INFO - Setting next_dagrun for example_subdag_operator.section-1 to None
[2021-05-14 01:37:44,451] {logging_mixin.py:104} INFO - [2021-05-14 01:37:44,451] {dag.py:2280} INFO - Setting next_dagrun for example_subdag_operator.section-2 to None
[2021-05-14 01:37:44,459] {scheduler_job.py:190} INFO - Processing /home/airflow/.local/lib/python3.6/site-packages/airflow/example_dags/example_subdag_operator.py took 0.163 seconds
[2021-05-14 01:38:15,407] {scheduler_job.py:182} INFO - Started process (PID=19322) to work on /home/airflow/.local/lib/python3.6/site-packages/airflow/example_dags/example_subdag_operator.py
[2021-05-14 01:38:15,409] {scheduler_job.py:629} INFO - Processing file /home/airflow/.local/lib/python3.6/site-packages/airflow/example_dags/example_subdag_operator.py for tasks to queue
[2021-05-14 01:38:15,410] {logging_mixin.py:104} INFO - [2021-05-14 01:38:15,410] {dagbag.py:451} INFO - Filling up the DagBag from /home/airflow/.local/lib/python3.6/site-packages/airflow/example_dags/example_subdag_operator.py
[2021-05-14 01:38:15,435] {scheduler_job.py:639} INFO - DAG(s) dict_keys(['example_subdag_operator.section-1', 'example_subdag_operator.section-2', 'example_subdag_operator']) retrieved from /home/airflow/.local/lib/python3.6/site-packages/airflow/example_dags/example_subdag_operator.py
[2021-05-14 01:38:15,445] {logging_mixin.py:104} INFO - [2021-05-14 01:38:15,445] {dag.py:1824} INFO - Sync 3 DAGs
[2021-05-14 01:38:15,459] {logging_mixin.py:104} INFO - [2021-05-14 01:38:15,459] {dag.py:2280} INFO - Setting next_dagrun for example_subdag_operator to 2021-05-12 00:00:00+00:00
[2021-05-14 01:38:15,460] {logging_mixin.py:104} INFO - [2021-05-14 01:38:15,460] {dag.py:2280} INFO - Setting next_dagrun for example_subdag_operator.section-1 to None
[2021-05-14 01:38:15,461] {logging_mixin.py:104} INFO - [2021-05-14 01:38:15,461] {dag.py:2280} INFO - Setting next_dagrun for example_subdag_operator.section-2 to None
[2021-05-14 01:38:15,549] {logging_mixin.py:104} INFO - [2021-05-14 01:38:15,549] {dag.py:1824} INFO - Sync 2 DAGs
[2021-05-14 01:38:15,557] {logging_mixin.py:104} INFO - [2021-05-14 01:38:15,557] {dag.py:2280} INFO - Setting next_dagrun for example_subdag_operator.section-1 to None
[2021-05-14 01:38:15,558] {logging_mixin.py:104} INFO - [2021-05-14 01:38:15,558] {dag.py:2280} INFO - Setting next_dagrun for example_subdag_operator.section-2 to None
[2021-05-14 01:38:15,567] {scheduler_job.py:190} INFO - Processing /home/airflow/.local/lib/python3.6/site-packages/airflow/example_dags/example_subdag_operator.py took 0.163 seconds
[2021-05-14 01:38:45,619] {scheduler_job.py:182} INFO - Started process (PID=19349) to work on /home/airflow/.local/lib/python3.6/site-packages/airflow/example_dags/example_subdag_operator.py
[2021-05-14 01:38:45,621] {scheduler_job.py:629} INFO - Processing file /home/airflow/.local/lib/python3.6/site-packages/airflow/example_dags/example_subdag_operator.py for tasks to queue
[2021-05-14 01:38:45,621] {logging_mixin.py:104} INFO - [2021-05-14 01:38:45,621] {dagbag.py:451} INFO - Filling up the DagBag from /home/airflow/.local/lib/python3.6/site-packages/airflow/example_dags/example_subdag_operator.py
[2021-05-14 01:38:45,647] {scheduler_job.py:639} INFO - DAG(s) dict_keys(['example_subdag_operator.section-1', 'example_subdag_operator.section-2', 'example_subdag_operator']) retrieved from /home/airflow/.local/lib/python3.6/site-packages/airflow/example_dags/example_subdag_operator.py
[2021-05-14 01:38:45,657] {logging_mixin.py:104} INFO - [2021-05-14 01:38:45,657] {dag.py:1824} INFO - Sync 3 DAGs
[2021-05-14 01:38:45,670] {logging_mixin.py:104} INFO - [2021-05-14 01:38:45,670] {dag.py:2280} INFO - Setting next_dagrun for example_subdag_operator to 2021-05-12 00:00:00+00:00
[2021-05-14 01:38:45,671] {logging_mixin.py:104} INFO - [2021-05-14 01:38:45,671] {dag.py:2280} INFO - Setting next_dagrun for example_subdag_operator.section-1 to None
[2021-05-14 01:38:45,671] {logging_mixin.py:104} INFO - [2021-05-14 01:38:45,671] {dag.py:2280} INFO - Setting next_dagrun for example_subdag_operator.section-2 to None
[2021-05-14 01:38:45,764] {logging_mixin.py:104} INFO - [2021-05-14 01:38:45,764] {dag.py:1824} INFO - Sync 2 DAGs
[2021-05-14 01:38:45,770] {logging_mixin.py:104} INFO - [2021-05-14 01:38:45,770] {dag.py:2280} INFO - Setting next_dagrun for example_subdag_operator.section-1 to None
[2021-05-14 01:38:45,771] {logging_mixin.py:104} INFO - [2021-05-14 01:38:45,771] {dag.py:2280} INFO - Setting next_dagrun for example_subdag_operator.section-2 to None
[2021-05-14 01:38:45,778] {scheduler_job.py:190} INFO - Processing /home/airflow/.local/lib/python3.6/site-packages/airflow/example_dags/example_subdag_operator.py took 0.162 seconds
[2021-05-14 01:39:16,644] {scheduler_job.py:182} INFO - Started process (PID=19376) to work on /home/airflow/.local/lib/python3.6/site-packages/airflow/example_dags/example_subdag_operator.py
[2021-05-14 01:39:16,650] {scheduler_job.py:629} INFO - Processing file /home/airflow/.local/lib/python3.6/site-packages/airflow/example_dags/example_subdag_operator.py for tasks to queue
[2021-05-14 01:39:16,651] {logging_mixin.py:104} INFO - [2021-05-14 01:39:16,651] {dagbag.py:451} INFO - Filling up the DagBag from /home/airflow/.local/lib/python3.6/site-packages/airflow/example_dags/example_subdag_operator.py
[2021-05-14 01:39:16,678] {scheduler_job.py:639} INFO - DAG(s) dict_keys(['example_subdag_operator.section-1', 'example_subdag_operator.section-2', 'example_subdag_operator']) retrieved from /home/airflow/.local/lib/python3.6/site-packages/airflow/example_dags/example_subdag_operator.py
[2021-05-14 01:39:16,689] {logging_mixin.py:104} INFO - [2021-05-14 01:39:16,689] {dag.py:1824} INFO - Sync 3 DAGs
[2021-05-14 01:39:16,703] {logging_mixin.py:104} INFO - [2021-05-14 01:39:16,703] {dag.py:2280} INFO - Setting next_dagrun for example_subdag_operator to 2021-05-12 00:00:00+00:00
[2021-05-14 01:39:16,704] {logging_mixin.py:104} INFO - [2021-05-14 01:39:16,704] {dag.py:2280} INFO - Setting next_dagrun for example_subdag_operator.section-1 to None
[2021-05-14 01:39:16,704] {logging_mixin.py:104} INFO - [2021-05-14 01:39:16,704] {dag.py:2280} INFO - Setting next_dagrun for example_subdag_operator.section-2 to None
[2021-05-14 01:39:16,788] {logging_mixin.py:104} INFO - [2021-05-14 01:39:16,787] {dag.py:1824} INFO - Sync 2 DAGs
[2021-05-14 01:39:16,794] {logging_mixin.py:104} INFO - [2021-05-14 01:39:16,794] {dag.py:2280} INFO - Setting next_dagrun for example_subdag_operator.section-1 to None
[2021-05-14 01:39:16,794] {logging_mixin.py:104} INFO - [2021-05-14 01:39:16,794] {dag.py:2280} INFO - Setting next_dagrun for example_subdag_operator.section-2 to None
[2021-05-14 01:39:16,801] {scheduler_job.py:190} INFO - Processing /home/airflow/.local/lib/python3.6/site-packages/airflow/example_dags/example_subdag_operator.py took 0.160 seconds
[2021-05-14 01:39:47,689] {scheduler_job.py:182} INFO - Started process (PID=19403) to work on /home/airflow/.local/lib/python3.6/site-packages/airflow/example_dags/example_subdag_operator.py
[2021-05-14 01:39:47,690] {scheduler_job.py:629} INFO - Processing file /home/airflow/.local/lib/python3.6/site-packages/airflow/example_dags/example_subdag_operator.py for tasks to queue
[2021-05-14 01:39:47,691] {logging_mixin.py:104} INFO - [2021-05-14 01:39:47,691] {dagbag.py:451} INFO - Filling up the DagBag from /home/airflow/.local/lib/python3.6/site-packages/airflow/example_dags/example_subdag_operator.py
[2021-05-14 01:39:47,717] {scheduler_job.py:639} INFO - DAG(s) dict_keys(['example_subdag_operator.section-1', 'example_subdag_operator.section-2', 'example_subdag_operator']) retrieved from /home/airflow/.local/lib/python3.6/site-packages/airflow/example_dags/example_subdag_operator.py
[2021-05-14 01:39:47,730] {logging_mixin.py:104} INFO - [2021-05-14 01:39:47,730] {dag.py:1824} INFO - Sync 3 DAGs
[2021-05-14 01:39:47,745] {logging_mixin.py:104} INFO - [2021-05-14 01:39:47,745] {dag.py:2280} INFO - Setting next_dagrun for example_subdag_operator to 2021-05-12 00:00:00+00:00
[2021-05-14 01:39:47,746] {logging_mixin.py:104} INFO - [2021-05-14 01:39:47,746] {dag.py:2280} INFO - Setting next_dagrun for example_subdag_operator.section-1 to None
[2021-05-14 01:39:47,747] {logging_mixin.py:104} INFO - [2021-05-14 01:39:47,747] {dag.py:2280} INFO - Setting next_dagrun for example_subdag_operator.section-2 to None
[2021-05-14 01:39:47,847] {logging_mixin.py:104} INFO - [2021-05-14 01:39:47,847] {dag.py:1824} INFO - Sync 2 DAGs
[2021-05-14 01:39:47,855] {logging_mixin.py:104} INFO - [2021-05-14 01:39:47,855] {dag.py:2280} INFO - Setting next_dagrun for example_subdag_operator.section-1 to None
[2021-05-14 01:39:47,855] {logging_mixin.py:104} INFO - [2021-05-14 01:39:47,855] {dag.py:2280} INFO - Setting next_dagrun for example_subdag_operator.section-2 to None
[2021-05-14 01:39:47,866] {scheduler_job.py:190} INFO - Processing /home/airflow/.local/lib/python3.6/site-packages/airflow/example_dags/example_subdag_operator.py took 0.179 seconds
[2021-05-14 01:40:17,908] {scheduler_job.py:182} INFO - Started process (PID=19430) to work on /home/airflow/.local/lib/python3.6/site-packages/airflow/example_dags/example_subdag_operator.py
[2021-05-14 01:40:17,910] {scheduler_job.py:629} INFO - Processing file /home/airflow/.local/lib/python3.6/site-packages/airflow/example_dags/example_subdag_operator.py for tasks to queue
[2021-05-14 01:40:17,910] {logging_mixin.py:104} INFO - [2021-05-14 01:40:17,910] {dagbag.py:451} INFO - Filling up the DagBag from /home/airflow/.local/lib/python3.6/site-packages/airflow/example_dags/example_subdag_operator.py
[2021-05-14 01:40:17,936] {scheduler_job.py:639} INFO - DAG(s) dict_keys(['example_subdag_operator.section-1', 'example_subdag_operator.section-2', 'example_subdag_operator']) retrieved from /home/airflow/.local/lib/python3.6/site-packages/airflow/example_dags/example_subdag_operator.py
[2021-05-14 01:40:17,946] {logging_mixin.py:104} INFO - [2021-05-14 01:40:17,946] {dag.py:1824} INFO - Sync 3 DAGs
[2021-05-14 01:40:17,961] {logging_mixin.py:104} INFO - [2021-05-14 01:40:17,961] {dag.py:2280} INFO - Setting next_dagrun for example_subdag_operator to 2021-05-12 00:00:00+00:00
[2021-05-14 01:40:17,962] {logging_mixin.py:104} INFO - [2021-05-14 01:40:17,962] {dag.py:2280} INFO - Setting next_dagrun for example_subdag_operator.section-1 to None
[2021-05-14 01:40:17,962] {logging_mixin.py:104} INFO - [2021-05-14 01:40:17,962] {dag.py:2280} INFO - Setting next_dagrun for example_subdag_operator.section-2 to None
[2021-05-14 01:40:18,059] {logging_mixin.py:104} INFO - [2021-05-14 01:40:18,059] {dag.py:1824} INFO - Sync 2 DAGs
[2021-05-14 01:40:18,065] {logging_mixin.py:104} INFO - [2021-05-14 01:40:18,065] {dag.py:2280} INFO - Setting next_dagrun for example_subdag_operator.section-1 to None
[2021-05-14 01:40:18,066] {logging_mixin.py:104} INFO - [2021-05-14 01:40:18,066] {dag.py:2280} INFO - Setting next_dagrun for example_subdag_operator.section-2 to None
[2021-05-14 01:40:18,073] {scheduler_job.py:190} INFO - Processing /home/airflow/.local/lib/python3.6/site-packages/airflow/example_dags/example_subdag_operator.py took 0.167 seconds
