[2021-05-14 01:35:05,689] {scheduler_job.py:182} INFO - Started process (PID=19141) to work on /home/airflow/.local/lib/python3.6/site-packages/airflow/example_dags/example_dag_decorator.py
[2021-05-14 01:35:05,690] {scheduler_job.py:629} INFO - Processing file /home/airflow/.local/lib/python3.6/site-packages/airflow/example_dags/example_dag_decorator.py for tasks to queue
[2021-05-14 01:35:05,691] {logging_mixin.py:104} INFO - [2021-05-14 01:35:05,691] {dagbag.py:451} INFO - Filling up the DagBag from /home/airflow/.local/lib/python3.6/site-packages/airflow/example_dags/example_dag_decorator.py
[2021-05-14 01:35:05,763] {scheduler_job.py:639} INFO - DAG(s) dict_keys(['example_dag_decorator']) retrieved from /home/airflow/.local/lib/python3.6/site-packages/airflow/example_dags/example_dag_decorator.py
[2021-05-14 01:35:05,784] {logging_mixin.py:104} INFO - [2021-05-14 01:35:05,784] {dag.py:1824} INFO - Sync 1 DAGs
[2021-05-14 01:35:05,797] {logging_mixin.py:104} INFO - [2021-05-14 01:35:05,797] {dag.py:2280} INFO - Setting next_dagrun for example_dag_decorator to None
[2021-05-14 01:35:05,821] {scheduler_job.py:190} INFO - Processing /home/airflow/.local/lib/python3.6/site-packages/airflow/example_dags/example_dag_decorator.py took 0.135 seconds
[2021-05-14 01:35:36,660] {scheduler_job.py:182} INFO - Started process (PID=19174) to work on /home/airflow/.local/lib/python3.6/site-packages/airflow/example_dags/example_dag_decorator.py
[2021-05-14 01:35:36,661] {scheduler_job.py:629} INFO - Processing file /home/airflow/.local/lib/python3.6/site-packages/airflow/example_dags/example_dag_decorator.py for tasks to queue
[2021-05-14 01:35:36,663] {logging_mixin.py:104} INFO - [2021-05-14 01:35:36,663] {dagbag.py:451} INFO - Filling up the DagBag from /home/airflow/.local/lib/python3.6/site-packages/airflow/example_dags/example_dag_decorator.py
[2021-05-14 01:35:36,684] {scheduler_job.py:639} INFO - DAG(s) dict_keys(['example_dag_decorator']) retrieved from /home/airflow/.local/lib/python3.6/site-packages/airflow/example_dags/example_dag_decorator.py
[2021-05-14 01:35:36,718] {logging_mixin.py:104} INFO - [2021-05-14 01:35:36,718] {dag.py:1824} INFO - Sync 1 DAGs
[2021-05-14 01:35:36,738] {logging_mixin.py:104} INFO - [2021-05-14 01:35:36,738] {dag.py:2280} INFO - Setting next_dagrun for example_dag_decorator to None
[2021-05-14 01:35:36,768] {scheduler_job.py:190} INFO - Processing /home/airflow/.local/lib/python3.6/site-packages/airflow/example_dags/example_dag_decorator.py took 0.111 seconds
[2021-05-14 01:36:07,437] {scheduler_job.py:182} INFO - Started process (PID=19202) to work on /home/airflow/.local/lib/python3.6/site-packages/airflow/example_dags/example_dag_decorator.py
[2021-05-14 01:36:07,439] {scheduler_job.py:629} INFO - Processing file /home/airflow/.local/lib/python3.6/site-packages/airflow/example_dags/example_dag_decorator.py for tasks to queue
[2021-05-14 01:36:07,442] {logging_mixin.py:104} INFO - [2021-05-14 01:36:07,442] {dagbag.py:451} INFO - Filling up the DagBag from /home/airflow/.local/lib/python3.6/site-packages/airflow/example_dags/example_dag_decorator.py
[2021-05-14 01:36:07,459] {scheduler_job.py:639} INFO - DAG(s) dict_keys(['example_dag_decorator']) retrieved from /home/airflow/.local/lib/python3.6/site-packages/airflow/example_dags/example_dag_decorator.py
[2021-05-14 01:36:07,482] {logging_mixin.py:104} INFO - [2021-05-14 01:36:07,482] {dag.py:1824} INFO - Sync 1 DAGs
[2021-05-14 01:36:07,506] {logging_mixin.py:104} INFO - [2021-05-14 01:36:07,501] {dag.py:2280} INFO - Setting next_dagrun for example_dag_decorator to None
[2021-05-14 01:36:07,582] {scheduler_job.py:190} INFO - Processing /home/airflow/.local/lib/python3.6/site-packages/airflow/example_dags/example_dag_decorator.py took 0.148 seconds
[2021-05-14 01:36:38,015] {scheduler_job.py:182} INFO - Started process (PID=19229) to work on /home/airflow/.local/lib/python3.6/site-packages/airflow/example_dags/example_dag_decorator.py
[2021-05-14 01:36:38,016] {scheduler_job.py:629} INFO - Processing file /home/airflow/.local/lib/python3.6/site-packages/airflow/example_dags/example_dag_decorator.py for tasks to queue
[2021-05-14 01:36:38,017] {logging_mixin.py:104} INFO - [2021-05-14 01:36:38,017] {dagbag.py:451} INFO - Filling up the DagBag from /home/airflow/.local/lib/python3.6/site-packages/airflow/example_dags/example_dag_decorator.py
[2021-05-14 01:36:38,030] {scheduler_job.py:639} INFO - DAG(s) dict_keys(['example_dag_decorator']) retrieved from /home/airflow/.local/lib/python3.6/site-packages/airflow/example_dags/example_dag_decorator.py
[2021-05-14 01:36:38,050] {logging_mixin.py:104} INFO - [2021-05-14 01:36:38,050] {dag.py:1824} INFO - Sync 1 DAGs
[2021-05-14 01:36:38,063] {logging_mixin.py:104} INFO - [2021-05-14 01:36:38,063] {dag.py:2280} INFO - Setting next_dagrun for example_dag_decorator to None
[2021-05-14 01:36:38,147] {scheduler_job.py:190} INFO - Processing /home/airflow/.local/lib/python3.6/site-packages/airflow/example_dags/example_dag_decorator.py took 0.135 seconds
[2021-05-14 01:37:08,718] {scheduler_job.py:182} INFO - Started process (PID=19256) to work on /home/airflow/.local/lib/python3.6/site-packages/airflow/example_dags/example_dag_decorator.py
[2021-05-14 01:37:08,719] {scheduler_job.py:629} INFO - Processing file /home/airflow/.local/lib/python3.6/site-packages/airflow/example_dags/example_dag_decorator.py for tasks to queue
[2021-05-14 01:37:08,720] {logging_mixin.py:104} INFO - [2021-05-14 01:37:08,720] {dagbag.py:451} INFO - Filling up the DagBag from /home/airflow/.local/lib/python3.6/site-packages/airflow/example_dags/example_dag_decorator.py
[2021-05-14 01:37:08,733] {scheduler_job.py:639} INFO - DAG(s) dict_keys(['example_dag_decorator']) retrieved from /home/airflow/.local/lib/python3.6/site-packages/airflow/example_dags/example_dag_decorator.py
[2021-05-14 01:37:08,753] {logging_mixin.py:104} INFO - [2021-05-14 01:37:08,753] {dag.py:1824} INFO - Sync 1 DAGs
[2021-05-14 01:37:08,768] {logging_mixin.py:104} INFO - [2021-05-14 01:37:08,768] {dag.py:2280} INFO - Setting next_dagrun for example_dag_decorator to None
[2021-05-14 01:37:08,849] {scheduler_job.py:190} INFO - Processing /home/airflow/.local/lib/python3.6/site-packages/airflow/example_dags/example_dag_decorator.py took 0.135 seconds
[2021-05-14 01:37:39,509] {scheduler_job.py:182} INFO - Started process (PID=19283) to work on /home/airflow/.local/lib/python3.6/site-packages/airflow/example_dags/example_dag_decorator.py
[2021-05-14 01:37:39,510] {scheduler_job.py:629} INFO - Processing file /home/airflow/.local/lib/python3.6/site-packages/airflow/example_dags/example_dag_decorator.py for tasks to queue
[2021-05-14 01:37:39,511] {logging_mixin.py:104} INFO - [2021-05-14 01:37:39,511] {dagbag.py:451} INFO - Filling up the DagBag from /home/airflow/.local/lib/python3.6/site-packages/airflow/example_dags/example_dag_decorator.py
[2021-05-14 01:37:39,524] {scheduler_job.py:639} INFO - DAG(s) dict_keys(['example_dag_decorator']) retrieved from /home/airflow/.local/lib/python3.6/site-packages/airflow/example_dags/example_dag_decorator.py
[2021-05-14 01:37:39,545] {logging_mixin.py:104} INFO - [2021-05-14 01:37:39,545] {dag.py:1824} INFO - Sync 1 DAGs
[2021-05-14 01:37:39,558] {logging_mixin.py:104} INFO - [2021-05-14 01:37:39,558] {dag.py:2280} INFO - Setting next_dagrun for example_dag_decorator to None
[2021-05-14 01:37:39,652] {scheduler_job.py:190} INFO - Processing /home/airflow/.local/lib/python3.6/site-packages/airflow/example_dags/example_dag_decorator.py took 0.146 seconds
[2021-05-14 01:38:10,539] {scheduler_job.py:182} INFO - Started process (PID=19310) to work on /home/airflow/.local/lib/python3.6/site-packages/airflow/example_dags/example_dag_decorator.py
[2021-05-14 01:38:10,541] {scheduler_job.py:629} INFO - Processing file /home/airflow/.local/lib/python3.6/site-packages/airflow/example_dags/example_dag_decorator.py for tasks to queue
[2021-05-14 01:38:10,542] {logging_mixin.py:104} INFO - [2021-05-14 01:38:10,542] {dagbag.py:451} INFO - Filling up the DagBag from /home/airflow/.local/lib/python3.6/site-packages/airflow/example_dags/example_dag_decorator.py
[2021-05-14 01:38:10,555] {scheduler_job.py:639} INFO - DAG(s) dict_keys(['example_dag_decorator']) retrieved from /home/airflow/.local/lib/python3.6/site-packages/airflow/example_dags/example_dag_decorator.py
[2021-05-14 01:38:10,579] {logging_mixin.py:104} INFO - [2021-05-14 01:38:10,578] {dag.py:1824} INFO - Sync 1 DAGs
[2021-05-14 01:38:10,596] {logging_mixin.py:104} INFO - [2021-05-14 01:38:10,596] {dag.py:2280} INFO - Setting next_dagrun for example_dag_decorator to None
[2021-05-14 01:38:10,692] {scheduler_job.py:190} INFO - Processing /home/airflow/.local/lib/python3.6/site-packages/airflow/example_dags/example_dag_decorator.py took 0.156 seconds
[2021-05-14 01:38:40,862] {scheduler_job.py:182} INFO - Started process (PID=19337) to work on /home/airflow/.local/lib/python3.6/site-packages/airflow/example_dags/example_dag_decorator.py
[2021-05-14 01:38:40,863] {scheduler_job.py:629} INFO - Processing file /home/airflow/.local/lib/python3.6/site-packages/airflow/example_dags/example_dag_decorator.py for tasks to queue
[2021-05-14 01:38:40,864] {logging_mixin.py:104} INFO - [2021-05-14 01:38:40,864] {dagbag.py:451} INFO - Filling up the DagBag from /home/airflow/.local/lib/python3.6/site-packages/airflow/example_dags/example_dag_decorator.py
[2021-05-14 01:38:40,879] {scheduler_job.py:639} INFO - DAG(s) dict_keys(['example_dag_decorator']) retrieved from /home/airflow/.local/lib/python3.6/site-packages/airflow/example_dags/example_dag_decorator.py
[2021-05-14 01:38:40,900] {logging_mixin.py:104} INFO - [2021-05-14 01:38:40,900] {dag.py:1824} INFO - Sync 1 DAGs
[2021-05-14 01:38:40,913] {logging_mixin.py:104} INFO - [2021-05-14 01:38:40,913] {dag.py:2280} INFO - Setting next_dagrun for example_dag_decorator to None
[2021-05-14 01:38:41,000] {scheduler_job.py:190} INFO - Processing /home/airflow/.local/lib/python3.6/site-packages/airflow/example_dags/example_dag_decorator.py took 0.141 seconds
[2021-05-14 01:39:11,672] {scheduler_job.py:182} INFO - Started process (PID=19363) to work on /home/airflow/.local/lib/python3.6/site-packages/airflow/example_dags/example_dag_decorator.py
[2021-05-14 01:39:11,673] {scheduler_job.py:629} INFO - Processing file /home/airflow/.local/lib/python3.6/site-packages/airflow/example_dags/example_dag_decorator.py for tasks to queue
[2021-05-14 01:39:11,673] {logging_mixin.py:104} INFO - [2021-05-14 01:39:11,673] {dagbag.py:451} INFO - Filling up the DagBag from /home/airflow/.local/lib/python3.6/site-packages/airflow/example_dags/example_dag_decorator.py
[2021-05-14 01:39:11,686] {scheduler_job.py:639} INFO - DAG(s) dict_keys(['example_dag_decorator']) retrieved from /home/airflow/.local/lib/python3.6/site-packages/airflow/example_dags/example_dag_decorator.py
[2021-05-14 01:39:11,707] {logging_mixin.py:104} INFO - [2021-05-14 01:39:11,707] {dag.py:1824} INFO - Sync 1 DAGs
[2021-05-14 01:39:11,720] {logging_mixin.py:104} INFO - [2021-05-14 01:39:11,720] {dag.py:2280} INFO - Setting next_dagrun for example_dag_decorator to None
[2021-05-14 01:39:11,808] {scheduler_job.py:190} INFO - Processing /home/airflow/.local/lib/python3.6/site-packages/airflow/example_dags/example_dag_decorator.py took 0.140 seconds
[2021-05-14 01:39:42,644] {scheduler_job.py:182} INFO - Started process (PID=19390) to work on /home/airflow/.local/lib/python3.6/site-packages/airflow/example_dags/example_dag_decorator.py
[2021-05-14 01:39:42,645] {scheduler_job.py:629} INFO - Processing file /home/airflow/.local/lib/python3.6/site-packages/airflow/example_dags/example_dag_decorator.py for tasks to queue
[2021-05-14 01:39:42,646] {logging_mixin.py:104} INFO - [2021-05-14 01:39:42,646] {dagbag.py:451} INFO - Filling up the DagBag from /home/airflow/.local/lib/python3.6/site-packages/airflow/example_dags/example_dag_decorator.py
[2021-05-14 01:39:42,660] {scheduler_job.py:639} INFO - DAG(s) dict_keys(['example_dag_decorator']) retrieved from /home/airflow/.local/lib/python3.6/site-packages/airflow/example_dags/example_dag_decorator.py
[2021-05-14 01:39:42,681] {logging_mixin.py:104} INFO - [2021-05-14 01:39:42,681] {dag.py:1824} INFO - Sync 1 DAGs
[2021-05-14 01:39:42,699] {logging_mixin.py:104} INFO - [2021-05-14 01:39:42,699] {dag.py:2280} INFO - Setting next_dagrun for example_dag_decorator to None
[2021-05-14 01:39:42,789] {scheduler_job.py:190} INFO - Processing /home/airflow/.local/lib/python3.6/site-packages/airflow/example_dags/example_dag_decorator.py took 0.147 seconds
[2021-05-14 01:40:13,737] {scheduler_job.py:182} INFO - Started process (PID=19417) to work on /home/airflow/.local/lib/python3.6/site-packages/airflow/example_dags/example_dag_decorator.py
[2021-05-14 01:40:13,738] {scheduler_job.py:629} INFO - Processing file /home/airflow/.local/lib/python3.6/site-packages/airflow/example_dags/example_dag_decorator.py for tasks to queue
[2021-05-14 01:40:13,739] {logging_mixin.py:104} INFO - [2021-05-14 01:40:13,739] {dagbag.py:451} INFO - Filling up the DagBag from /home/airflow/.local/lib/python3.6/site-packages/airflow/example_dags/example_dag_decorator.py
[2021-05-14 01:40:13,755] {scheduler_job.py:639} INFO - DAG(s) dict_keys(['example_dag_decorator']) retrieved from /home/airflow/.local/lib/python3.6/site-packages/airflow/example_dags/example_dag_decorator.py
[2021-05-14 01:40:13,777] {logging_mixin.py:104} INFO - [2021-05-14 01:40:13,777] {dag.py:1824} INFO - Sync 1 DAGs
[2021-05-14 01:40:13,790] {logging_mixin.py:104} INFO - [2021-05-14 01:40:13,790] {dag.py:2280} INFO - Setting next_dagrun for example_dag_decorator to None
[2021-05-14 01:40:13,808] {scheduler_job.py:190} INFO - Processing /home/airflow/.local/lib/python3.6/site-packages/airflow/example_dags/example_dag_decorator.py took 0.074 seconds
