[2021-05-14 01:35:09,703] {scheduler_job.py:182} INFO - Started process (PID=19157) to work on /home/airflow/.local/lib/python3.6/site-packages/airflow/example_dags/example_short_circuit_operator.py
[2021-05-14 01:35:09,704] {scheduler_job.py:629} INFO - Processing file /home/airflow/.local/lib/python3.6/site-packages/airflow/example_dags/example_short_circuit_operator.py for tasks to queue
[2021-05-14 01:35:09,705] {logging_mixin.py:104} INFO - [2021-05-14 01:35:09,705] {dagbag.py:451} INFO - Filling up the DagBag from /home/airflow/.local/lib/python3.6/site-packages/airflow/example_dags/example_short_circuit_operator.py
[2021-05-14 01:35:09,716] {scheduler_job.py:639} INFO - DAG(s) dict_keys(['example_short_circuit_operator']) retrieved from /home/airflow/.local/lib/python3.6/site-packages/airflow/example_dags/example_short_circuit_operator.py
[2021-05-14 01:35:09,735] {logging_mixin.py:104} INFO - [2021-05-14 01:35:09,735] {dag.py:1824} INFO - Sync 1 DAGs
[2021-05-14 01:35:09,748] {logging_mixin.py:104} INFO - [2021-05-14 01:35:09,748] {dag.py:2280} INFO - Setting next_dagrun for example_short_circuit_operator to 2021-05-12 00:00:00+00:00
[2021-05-14 01:35:09,759] {scheduler_job.py:190} INFO - Processing /home/airflow/.local/lib/python3.6/site-packages/airflow/example_dags/example_short_circuit_operator.py took 0.059 seconds
[2021-05-14 01:35:40,240] {scheduler_job.py:182} INFO - Started process (PID=19184) to work on /home/airflow/.local/lib/python3.6/site-packages/airflow/example_dags/example_short_circuit_operator.py
[2021-05-14 01:35:40,242] {scheduler_job.py:629} INFO - Processing file /home/airflow/.local/lib/python3.6/site-packages/airflow/example_dags/example_short_circuit_operator.py for tasks to queue
[2021-05-14 01:35:40,242] {logging_mixin.py:104} INFO - [2021-05-14 01:35:40,242] {dagbag.py:451} INFO - Filling up the DagBag from /home/airflow/.local/lib/python3.6/site-packages/airflow/example_dags/example_short_circuit_operator.py
[2021-05-14 01:35:40,253] {scheduler_job.py:639} INFO - DAG(s) dict_keys(['example_short_circuit_operator']) retrieved from /home/airflow/.local/lib/python3.6/site-packages/airflow/example_dags/example_short_circuit_operator.py
[2021-05-14 01:35:40,271] {logging_mixin.py:104} INFO - [2021-05-14 01:35:40,271] {dag.py:1824} INFO - Sync 1 DAGs
[2021-05-14 01:35:40,283] {logging_mixin.py:104} INFO - [2021-05-14 01:35:40,283] {dag.py:2280} INFO - Setting next_dagrun for example_short_circuit_operator to 2021-05-12 00:00:00+00:00
[2021-05-14 01:35:40,369] {scheduler_job.py:190} INFO - Processing /home/airflow/.local/lib/python3.6/site-packages/airflow/example_dags/example_short_circuit_operator.py took 0.131 seconds
[2021-05-14 01:36:10,915] {scheduler_job.py:182} INFO - Started process (PID=19211) to work on /home/airflow/.local/lib/python3.6/site-packages/airflow/example_dags/example_short_circuit_operator.py
[2021-05-14 01:36:10,917] {scheduler_job.py:629} INFO - Processing file /home/airflow/.local/lib/python3.6/site-packages/airflow/example_dags/example_short_circuit_operator.py for tasks to queue
[2021-05-14 01:36:10,917] {logging_mixin.py:104} INFO - [2021-05-14 01:36:10,917] {dagbag.py:451} INFO - Filling up the DagBag from /home/airflow/.local/lib/python3.6/site-packages/airflow/example_dags/example_short_circuit_operator.py
[2021-05-14 01:36:10,928] {scheduler_job.py:639} INFO - DAG(s) dict_keys(['example_short_circuit_operator']) retrieved from /home/airflow/.local/lib/python3.6/site-packages/airflow/example_dags/example_short_circuit_operator.py
[2021-05-14 01:36:10,947] {logging_mixin.py:104} INFO - [2021-05-14 01:36:10,947] {dag.py:1824} INFO - Sync 1 DAGs
[2021-05-14 01:36:10,960] {logging_mixin.py:104} INFO - [2021-05-14 01:36:10,960] {dag.py:2280} INFO - Setting next_dagrun for example_short_circuit_operator to 2021-05-12 00:00:00+00:00
[2021-05-14 01:36:11,034] {scheduler_job.py:190} INFO - Processing /home/airflow/.local/lib/python3.6/site-packages/airflow/example_dags/example_short_circuit_operator.py took 0.121 seconds
[2021-05-14 01:36:41,598] {scheduler_job.py:182} INFO - Started process (PID=19238) to work on /home/airflow/.local/lib/python3.6/site-packages/airflow/example_dags/example_short_circuit_operator.py
[2021-05-14 01:36:41,600] {scheduler_job.py:629} INFO - Processing file /home/airflow/.local/lib/python3.6/site-packages/airflow/example_dags/example_short_circuit_operator.py for tasks to queue
[2021-05-14 01:36:41,600] {logging_mixin.py:104} INFO - [2021-05-14 01:36:41,600] {dagbag.py:451} INFO - Filling up the DagBag from /home/airflow/.local/lib/python3.6/site-packages/airflow/example_dags/example_short_circuit_operator.py
[2021-05-14 01:36:41,614] {scheduler_job.py:639} INFO - DAG(s) dict_keys(['example_short_circuit_operator']) retrieved from /home/airflow/.local/lib/python3.6/site-packages/airflow/example_dags/example_short_circuit_operator.py
[2021-05-14 01:36:41,656] {logging_mixin.py:104} INFO - [2021-05-14 01:36:41,656] {dag.py:1824} INFO - Sync 1 DAGs
[2021-05-14 01:36:41,684] {logging_mixin.py:104} INFO - [2021-05-14 01:36:41,683] {dag.py:2280} INFO - Setting next_dagrun for example_short_circuit_operator to 2021-05-12 00:00:00+00:00
[2021-05-14 01:36:41,764] {scheduler_job.py:190} INFO - Processing /home/airflow/.local/lib/python3.6/site-packages/airflow/example_dags/example_short_circuit_operator.py took 0.169 seconds
[2021-05-14 01:37:12,336] {scheduler_job.py:182} INFO - Started process (PID=19265) to work on /home/airflow/.local/lib/python3.6/site-packages/airflow/example_dags/example_short_circuit_operator.py
[2021-05-14 01:37:12,338] {scheduler_job.py:629} INFO - Processing file /home/airflow/.local/lib/python3.6/site-packages/airflow/example_dags/example_short_circuit_operator.py for tasks to queue
[2021-05-14 01:37:12,339] {logging_mixin.py:104} INFO - [2021-05-14 01:37:12,338] {dagbag.py:451} INFO - Filling up the DagBag from /home/airflow/.local/lib/python3.6/site-packages/airflow/example_dags/example_short_circuit_operator.py
[2021-05-14 01:37:12,349] {scheduler_job.py:639} INFO - DAG(s) dict_keys(['example_short_circuit_operator']) retrieved from /home/airflow/.local/lib/python3.6/site-packages/airflow/example_dags/example_short_circuit_operator.py
[2021-05-14 01:37:12,367] {logging_mixin.py:104} INFO - [2021-05-14 01:37:12,367] {dag.py:1824} INFO - Sync 1 DAGs
[2021-05-14 01:37:12,381] {logging_mixin.py:104} INFO - [2021-05-14 01:37:12,380] {dag.py:2280} INFO - Setting next_dagrun for example_short_circuit_operator to 2021-05-12 00:00:00+00:00
[2021-05-14 01:37:12,455] {scheduler_job.py:190} INFO - Processing /home/airflow/.local/lib/python3.6/site-packages/airflow/example_dags/example_short_circuit_operator.py took 0.121 seconds
[2021-05-14 01:37:43,147] {scheduler_job.py:182} INFO - Started process (PID=19292) to work on /home/airflow/.local/lib/python3.6/site-packages/airflow/example_dags/example_short_circuit_operator.py
[2021-05-14 01:37:43,148] {scheduler_job.py:629} INFO - Processing file /home/airflow/.local/lib/python3.6/site-packages/airflow/example_dags/example_short_circuit_operator.py for tasks to queue
[2021-05-14 01:37:43,149] {logging_mixin.py:104} INFO - [2021-05-14 01:37:43,149] {dagbag.py:451} INFO - Filling up the DagBag from /home/airflow/.local/lib/python3.6/site-packages/airflow/example_dags/example_short_circuit_operator.py
[2021-05-14 01:37:43,160] {scheduler_job.py:639} INFO - DAG(s) dict_keys(['example_short_circuit_operator']) retrieved from /home/airflow/.local/lib/python3.6/site-packages/airflow/example_dags/example_short_circuit_operator.py
[2021-05-14 01:37:43,178] {logging_mixin.py:104} INFO - [2021-05-14 01:37:43,178] {dag.py:1824} INFO - Sync 1 DAGs
[2021-05-14 01:37:43,191] {logging_mixin.py:104} INFO - [2021-05-14 01:37:43,190] {dag.py:2280} INFO - Setting next_dagrun for example_short_circuit_operator to 2021-05-12 00:00:00+00:00
[2021-05-14 01:37:43,272] {scheduler_job.py:190} INFO - Processing /home/airflow/.local/lib/python3.6/site-packages/airflow/example_dags/example_short_circuit_operator.py took 0.128 seconds
[2021-05-14 01:38:14,257] {scheduler_job.py:182} INFO - Started process (PID=19319) to work on /home/airflow/.local/lib/python3.6/site-packages/airflow/example_dags/example_short_circuit_operator.py
[2021-05-14 01:38:14,258] {scheduler_job.py:629} INFO - Processing file /home/airflow/.local/lib/python3.6/site-packages/airflow/example_dags/example_short_circuit_operator.py for tasks to queue
[2021-05-14 01:38:14,259] {logging_mixin.py:104} INFO - [2021-05-14 01:38:14,259] {dagbag.py:451} INFO - Filling up the DagBag from /home/airflow/.local/lib/python3.6/site-packages/airflow/example_dags/example_short_circuit_operator.py
[2021-05-14 01:38:14,270] {scheduler_job.py:639} INFO - DAG(s) dict_keys(['example_short_circuit_operator']) retrieved from /home/airflow/.local/lib/python3.6/site-packages/airflow/example_dags/example_short_circuit_operator.py
[2021-05-14 01:38:14,288] {logging_mixin.py:104} INFO - [2021-05-14 01:38:14,288] {dag.py:1824} INFO - Sync 1 DAGs
[2021-05-14 01:38:14,300] {logging_mixin.py:104} INFO - [2021-05-14 01:38:14,300] {dag.py:2280} INFO - Setting next_dagrun for example_short_circuit_operator to 2021-05-12 00:00:00+00:00
[2021-05-14 01:38:14,383] {scheduler_job.py:190} INFO - Processing /home/airflow/.local/lib/python3.6/site-packages/airflow/example_dags/example_short_circuit_operator.py took 0.129 seconds
[2021-05-14 01:38:44,476] {scheduler_job.py:182} INFO - Started process (PID=19346) to work on /home/airflow/.local/lib/python3.6/site-packages/airflow/example_dags/example_short_circuit_operator.py
[2021-05-14 01:38:44,477] {scheduler_job.py:629} INFO - Processing file /home/airflow/.local/lib/python3.6/site-packages/airflow/example_dags/example_short_circuit_operator.py for tasks to queue
[2021-05-14 01:38:44,478] {logging_mixin.py:104} INFO - [2021-05-14 01:38:44,478] {dagbag.py:451} INFO - Filling up the DagBag from /home/airflow/.local/lib/python3.6/site-packages/airflow/example_dags/example_short_circuit_operator.py
[2021-05-14 01:38:44,488] {scheduler_job.py:639} INFO - DAG(s) dict_keys(['example_short_circuit_operator']) retrieved from /home/airflow/.local/lib/python3.6/site-packages/airflow/example_dags/example_short_circuit_operator.py
[2021-05-14 01:38:44,507] {logging_mixin.py:104} INFO - [2021-05-14 01:38:44,507] {dag.py:1824} INFO - Sync 1 DAGs
[2021-05-14 01:38:44,521] {logging_mixin.py:104} INFO - [2021-05-14 01:38:44,521] {dag.py:2280} INFO - Setting next_dagrun for example_short_circuit_operator to 2021-05-12 00:00:00+00:00
[2021-05-14 01:38:44,595] {scheduler_job.py:190} INFO - Processing /home/airflow/.local/lib/python3.6/site-packages/airflow/example_dags/example_short_circuit_operator.py took 0.122 seconds
[2021-05-14 01:39:15,469] {scheduler_job.py:182} INFO - Started process (PID=19373) to work on /home/airflow/.local/lib/python3.6/site-packages/airflow/example_dags/example_short_circuit_operator.py
[2021-05-14 01:39:15,471] {scheduler_job.py:629} INFO - Processing file /home/airflow/.local/lib/python3.6/site-packages/airflow/example_dags/example_short_circuit_operator.py for tasks to queue
[2021-05-14 01:39:15,472] {logging_mixin.py:104} INFO - [2021-05-14 01:39:15,471] {dagbag.py:451} INFO - Filling up the DagBag from /home/airflow/.local/lib/python3.6/site-packages/airflow/example_dags/example_short_circuit_operator.py
[2021-05-14 01:39:15,485] {scheduler_job.py:639} INFO - DAG(s) dict_keys(['example_short_circuit_operator']) retrieved from /home/airflow/.local/lib/python3.6/site-packages/airflow/example_dags/example_short_circuit_operator.py
[2021-05-14 01:39:15,506] {logging_mixin.py:104} INFO - [2021-05-14 01:39:15,506] {dag.py:1824} INFO - Sync 1 DAGs
[2021-05-14 01:39:15,520] {logging_mixin.py:104} INFO - [2021-05-14 01:39:15,520] {dag.py:2280} INFO - Setting next_dagrun for example_short_circuit_operator to 2021-05-12 00:00:00+00:00
[2021-05-14 01:39:15,621] {scheduler_job.py:190} INFO - Processing /home/airflow/.local/lib/python3.6/site-packages/airflow/example_dags/example_short_circuit_operator.py took 0.156 seconds
[2021-05-14 01:39:46,543] {scheduler_job.py:182} INFO - Started process (PID=19400) to work on /home/airflow/.local/lib/python3.6/site-packages/airflow/example_dags/example_short_circuit_operator.py
[2021-05-14 01:39:46,545] {scheduler_job.py:629} INFO - Processing file /home/airflow/.local/lib/python3.6/site-packages/airflow/example_dags/example_short_circuit_operator.py for tasks to queue
[2021-05-14 01:39:46,546] {logging_mixin.py:104} INFO - [2021-05-14 01:39:46,545] {dagbag.py:451} INFO - Filling up the DagBag from /home/airflow/.local/lib/python3.6/site-packages/airflow/example_dags/example_short_circuit_operator.py
[2021-05-14 01:39:46,558] {scheduler_job.py:639} INFO - DAG(s) dict_keys(['example_short_circuit_operator']) retrieved from /home/airflow/.local/lib/python3.6/site-packages/airflow/example_dags/example_short_circuit_operator.py
[2021-05-14 01:39:46,576] {logging_mixin.py:104} INFO - [2021-05-14 01:39:46,576] {dag.py:1824} INFO - Sync 1 DAGs
[2021-05-14 01:39:46,589] {logging_mixin.py:104} INFO - [2021-05-14 01:39:46,589] {dag.py:2280} INFO - Setting next_dagrun for example_short_circuit_operator to 2021-05-12 00:00:00+00:00
[2021-05-14 01:39:46,666] {scheduler_job.py:190} INFO - Processing /home/airflow/.local/lib/python3.6/site-packages/airflow/example_dags/example_short_circuit_operator.py took 0.126 seconds
[2021-05-14 01:40:16,820] {scheduler_job.py:182} INFO - Started process (PID=19427) to work on /home/airflow/.local/lib/python3.6/site-packages/airflow/example_dags/example_short_circuit_operator.py
[2021-05-14 01:40:16,821] {scheduler_job.py:629} INFO - Processing file /home/airflow/.local/lib/python3.6/site-packages/airflow/example_dags/example_short_circuit_operator.py for tasks to queue
[2021-05-14 01:40:16,822] {logging_mixin.py:104} INFO - [2021-05-14 01:40:16,822] {dagbag.py:451} INFO - Filling up the DagBag from /home/airflow/.local/lib/python3.6/site-packages/airflow/example_dags/example_short_circuit_operator.py
[2021-05-14 01:40:16,834] {scheduler_job.py:639} INFO - DAG(s) dict_keys(['example_short_circuit_operator']) retrieved from /home/airflow/.local/lib/python3.6/site-packages/airflow/example_dags/example_short_circuit_operator.py
[2021-05-14 01:40:16,853] {logging_mixin.py:104} INFO - [2021-05-14 01:40:16,853] {dag.py:1824} INFO - Sync 1 DAGs
[2021-05-14 01:40:16,869] {logging_mixin.py:104} INFO - [2021-05-14 01:40:16,868] {dag.py:2280} INFO - Setting next_dagrun for example_short_circuit_operator to 2021-05-12 00:00:00+00:00
[2021-05-14 01:40:16,883] {scheduler_job.py:190} INFO - Processing /home/airflow/.local/lib/python3.6/site-packages/airflow/example_dags/example_short_circuit_operator.py took 0.066 seconds
