[2021-05-14 01:35:06,171] {scheduler_job.py:182} INFO - Started process (PID=19148) to work on /home/airflow/.local/lib/python3.6/site-packages/airflow/example_dags/example_complex.py
[2021-05-14 01:35:06,174] {scheduler_job.py:629} INFO - Processing file /home/airflow/.local/lib/python3.6/site-packages/airflow/example_dags/example_complex.py for tasks to queue
[2021-05-14 01:35:06,176] {logging_mixin.py:104} INFO - [2021-05-14 01:35:06,175] {dagbag.py:451} INFO - Filling up the DagBag from /home/airflow/.local/lib/python3.6/site-packages/airflow/example_dags/example_complex.py
[2021-05-14 01:35:06,199] {scheduler_job.py:639} INFO - DAG(s) dict_keys(['example_complex']) retrieved from /home/airflow/.local/lib/python3.6/site-packages/airflow/example_dags/example_complex.py
[2021-05-14 01:35:06,232] {logging_mixin.py:104} INFO - [2021-05-14 01:35:06,232] {dag.py:1824} INFO - Sync 1 DAGs
[2021-05-14 01:35:06,258] {logging_mixin.py:104} INFO - [2021-05-14 01:35:06,258] {dag.py:2280} INFO - Setting next_dagrun for example_complex to None
[2021-05-14 01:35:06,278] {scheduler_job.py:190} INFO - Processing /home/airflow/.local/lib/python3.6/site-packages/airflow/example_dags/example_complex.py took 0.112 seconds
[2021-05-14 01:35:36,593] {scheduler_job.py:182} INFO - Started process (PID=19173) to work on /home/airflow/.local/lib/python3.6/site-packages/airflow/example_dags/example_complex.py
[2021-05-14 01:35:36,594] {scheduler_job.py:629} INFO - Processing file /home/airflow/.local/lib/python3.6/site-packages/airflow/example_dags/example_complex.py for tasks to queue
[2021-05-14 01:35:36,595] {logging_mixin.py:104} INFO - [2021-05-14 01:35:36,595] {dagbag.py:451} INFO - Filling up the DagBag from /home/airflow/.local/lib/python3.6/site-packages/airflow/example_dags/example_complex.py
[2021-05-14 01:35:36,610] {scheduler_job.py:639} INFO - DAG(s) dict_keys(['example_complex']) retrieved from /home/airflow/.local/lib/python3.6/site-packages/airflow/example_dags/example_complex.py
[2021-05-14 01:35:36,632] {logging_mixin.py:104} INFO - [2021-05-14 01:35:36,632] {dag.py:1824} INFO - Sync 1 DAGs
[2021-05-14 01:35:36,645] {logging_mixin.py:104} INFO - [2021-05-14 01:35:36,645] {dag.py:2280} INFO - Setting next_dagrun for example_complex to None
[2021-05-14 01:35:36,657] {scheduler_job.py:190} INFO - Processing /home/airflow/.local/lib/python3.6/site-packages/airflow/example_dags/example_complex.py took 0.067 seconds
[2021-05-14 01:36:07,311] {scheduler_job.py:182} INFO - Started process (PID=19201) to work on /home/airflow/.local/lib/python3.6/site-packages/airflow/example_dags/example_complex.py
[2021-05-14 01:36:07,313] {scheduler_job.py:629} INFO - Processing file /home/airflow/.local/lib/python3.6/site-packages/airflow/example_dags/example_complex.py for tasks to queue
[2021-05-14 01:36:07,314] {logging_mixin.py:104} INFO - [2021-05-14 01:36:07,314] {dagbag.py:451} INFO - Filling up the DagBag from /home/airflow/.local/lib/python3.6/site-packages/airflow/example_dags/example_complex.py
[2021-05-14 01:36:07,331] {scheduler_job.py:639} INFO - DAG(s) dict_keys(['example_complex']) retrieved from /home/airflow/.local/lib/python3.6/site-packages/airflow/example_dags/example_complex.py
[2021-05-14 01:36:07,356] {logging_mixin.py:104} INFO - [2021-05-14 01:36:07,356] {dag.py:1824} INFO - Sync 1 DAGs
[2021-05-14 01:36:07,368] {logging_mixin.py:104} INFO - [2021-05-14 01:36:07,368] {dag.py:2280} INFO - Setting next_dagrun for example_complex to None
[2021-05-14 01:36:07,430] {scheduler_job.py:190} INFO - Processing /home/airflow/.local/lib/python3.6/site-packages/airflow/example_dags/example_complex.py took 0.122 seconds
[2021-05-14 01:36:38,003] {scheduler_job.py:182} INFO - Started process (PID=19228) to work on /home/airflow/.local/lib/python3.6/site-packages/airflow/example_dags/example_complex.py
[2021-05-14 01:36:38,004] {scheduler_job.py:629} INFO - Processing file /home/airflow/.local/lib/python3.6/site-packages/airflow/example_dags/example_complex.py for tasks to queue
[2021-05-14 01:36:38,005] {logging_mixin.py:104} INFO - [2021-05-14 01:36:38,005] {dagbag.py:451} INFO - Filling up the DagBag from /home/airflow/.local/lib/python3.6/site-packages/airflow/example_dags/example_complex.py
[2021-05-14 01:36:38,020] {scheduler_job.py:639} INFO - DAG(s) dict_keys(['example_complex']) retrieved from /home/airflow/.local/lib/python3.6/site-packages/airflow/example_dags/example_complex.py
[2021-05-14 01:36:38,042] {logging_mixin.py:104} INFO - [2021-05-14 01:36:38,042] {dag.py:1824} INFO - Sync 1 DAGs
[2021-05-14 01:36:38,055] {logging_mixin.py:104} INFO - [2021-05-14 01:36:38,055] {dag.py:2280} INFO - Setting next_dagrun for example_complex to None
[2021-05-14 01:36:38,133] {scheduler_job.py:190} INFO - Processing /home/airflow/.local/lib/python3.6/site-packages/airflow/example_dags/example_complex.py took 0.133 seconds
[2021-05-14 01:37:08,705] {scheduler_job.py:182} INFO - Started process (PID=19255) to work on /home/airflow/.local/lib/python3.6/site-packages/airflow/example_dags/example_complex.py
[2021-05-14 01:37:08,706] {scheduler_job.py:629} INFO - Processing file /home/airflow/.local/lib/python3.6/site-packages/airflow/example_dags/example_complex.py for tasks to queue
[2021-05-14 01:37:08,707] {logging_mixin.py:104} INFO - [2021-05-14 01:37:08,707] {dagbag.py:451} INFO - Filling up the DagBag from /home/airflow/.local/lib/python3.6/site-packages/airflow/example_dags/example_complex.py
[2021-05-14 01:37:08,722] {scheduler_job.py:639} INFO - DAG(s) dict_keys(['example_complex']) retrieved from /home/airflow/.local/lib/python3.6/site-packages/airflow/example_dags/example_complex.py
[2021-05-14 01:37:08,744] {logging_mixin.py:104} INFO - [2021-05-14 01:37:08,744] {dag.py:1824} INFO - Sync 1 DAGs
[2021-05-14 01:37:08,757] {logging_mixin.py:104} INFO - [2021-05-14 01:37:08,757] {dag.py:2280} INFO - Setting next_dagrun for example_complex to None
[2021-05-14 01:37:08,838] {scheduler_job.py:190} INFO - Processing /home/airflow/.local/lib/python3.6/site-packages/airflow/example_dags/example_complex.py took 0.136 seconds
[2021-05-14 01:37:39,380] {scheduler_job.py:182} INFO - Started process (PID=19282) to work on /home/airflow/.local/lib/python3.6/site-packages/airflow/example_dags/example_complex.py
[2021-05-14 01:37:39,381] {scheduler_job.py:629} INFO - Processing file /home/airflow/.local/lib/python3.6/site-packages/airflow/example_dags/example_complex.py for tasks to queue
[2021-05-14 01:37:39,382] {logging_mixin.py:104} INFO - [2021-05-14 01:37:39,382] {dagbag.py:451} INFO - Filling up the DagBag from /home/airflow/.local/lib/python3.6/site-packages/airflow/example_dags/example_complex.py
[2021-05-14 01:37:39,397] {scheduler_job.py:639} INFO - DAG(s) dict_keys(['example_complex']) retrieved from /home/airflow/.local/lib/python3.6/site-packages/airflow/example_dags/example_complex.py
[2021-05-14 01:37:39,419] {logging_mixin.py:104} INFO - [2021-05-14 01:37:39,419] {dag.py:1824} INFO - Sync 1 DAGs
[2021-05-14 01:37:39,432] {logging_mixin.py:104} INFO - [2021-05-14 01:37:39,431] {dag.py:2280} INFO - Setting next_dagrun for example_complex to None
[2021-05-14 01:37:39,504] {scheduler_job.py:190} INFO - Processing /home/airflow/.local/lib/python3.6/site-packages/airflow/example_dags/example_complex.py took 0.127 seconds
[2021-05-14 01:38:10,539] {scheduler_job.py:182} INFO - Started process (PID=19309) to work on /home/airflow/.local/lib/python3.6/site-packages/airflow/example_dags/example_complex.py
[2021-05-14 01:38:10,541] {scheduler_job.py:629} INFO - Processing file /home/airflow/.local/lib/python3.6/site-packages/airflow/example_dags/example_complex.py for tasks to queue
[2021-05-14 01:38:10,541] {logging_mixin.py:104} INFO - [2021-05-14 01:38:10,541] {dagbag.py:451} INFO - Filling up the DagBag from /home/airflow/.local/lib/python3.6/site-packages/airflow/example_dags/example_complex.py
[2021-05-14 01:38:10,558] {scheduler_job.py:639} INFO - DAG(s) dict_keys(['example_complex']) retrieved from /home/airflow/.local/lib/python3.6/site-packages/airflow/example_dags/example_complex.py
[2021-05-14 01:38:10,582] {logging_mixin.py:104} INFO - [2021-05-14 01:38:10,581] {dag.py:1824} INFO - Sync 1 DAGs
[2021-05-14 01:38:10,597] {logging_mixin.py:104} INFO - [2021-05-14 01:38:10,597] {dag.py:2280} INFO - Setting next_dagrun for example_complex to None
[2021-05-14 01:38:10,680] {scheduler_job.py:190} INFO - Processing /home/airflow/.local/lib/python3.6/site-packages/airflow/example_dags/example_complex.py took 0.144 seconds
[2021-05-14 01:38:40,701] {scheduler_job.py:182} INFO - Started process (PID=19336) to work on /home/airflow/.local/lib/python3.6/site-packages/airflow/example_dags/example_complex.py
[2021-05-14 01:38:40,702] {scheduler_job.py:629} INFO - Processing file /home/airflow/.local/lib/python3.6/site-packages/airflow/example_dags/example_complex.py for tasks to queue
[2021-05-14 01:38:40,703] {logging_mixin.py:104} INFO - [2021-05-14 01:38:40,703] {dagbag.py:451} INFO - Filling up the DagBag from /home/airflow/.local/lib/python3.6/site-packages/airflow/example_dags/example_complex.py
[2021-05-14 01:38:40,717] {scheduler_job.py:639} INFO - DAG(s) dict_keys(['example_complex']) retrieved from /home/airflow/.local/lib/python3.6/site-packages/airflow/example_dags/example_complex.py
[2021-05-14 01:38:40,740] {logging_mixin.py:104} INFO - [2021-05-14 01:38:40,740] {dag.py:1824} INFO - Sync 1 DAGs
[2021-05-14 01:38:40,752] {logging_mixin.py:104} INFO - [2021-05-14 01:38:40,752] {dag.py:2280} INFO - Setting next_dagrun for example_complex to None
[2021-05-14 01:38:40,837] {scheduler_job.py:190} INFO - Processing /home/airflow/.local/lib/python3.6/site-packages/airflow/example_dags/example_complex.py took 0.139 seconds
[2021-05-14 01:39:11,835] {scheduler_job.py:182} INFO - Started process (PID=19365) to work on /home/airflow/.local/lib/python3.6/site-packages/airflow/example_dags/example_complex.py
[2021-05-14 01:39:11,836] {scheduler_job.py:629} INFO - Processing file /home/airflow/.local/lib/python3.6/site-packages/airflow/example_dags/example_complex.py for tasks to queue
[2021-05-14 01:39:11,837] {logging_mixin.py:104} INFO - [2021-05-14 01:39:11,837] {dagbag.py:451} INFO - Filling up the DagBag from /home/airflow/.local/lib/python3.6/site-packages/airflow/example_dags/example_complex.py
[2021-05-14 01:39:11,852] {scheduler_job.py:639} INFO - DAG(s) dict_keys(['example_complex']) retrieved from /home/airflow/.local/lib/python3.6/site-packages/airflow/example_dags/example_complex.py
[2021-05-14 01:39:11,874] {logging_mixin.py:104} INFO - [2021-05-14 01:39:11,874] {dag.py:1824} INFO - Sync 1 DAGs
[2021-05-14 01:39:11,887] {logging_mixin.py:104} INFO - [2021-05-14 01:39:11,886] {dag.py:2280} INFO - Setting next_dagrun for example_complex to None
[2021-05-14 01:39:11,970] {scheduler_job.py:190} INFO - Processing /home/airflow/.local/lib/python3.6/site-packages/airflow/example_dags/example_complex.py took 0.138 seconds
[2021-05-14 01:39:42,823] {scheduler_job.py:182} INFO - Started process (PID=19392) to work on /home/airflow/.local/lib/python3.6/site-packages/airflow/example_dags/example_complex.py
[2021-05-14 01:39:42,824] {scheduler_job.py:629} INFO - Processing file /home/airflow/.local/lib/python3.6/site-packages/airflow/example_dags/example_complex.py for tasks to queue
[2021-05-14 01:39:42,825] {logging_mixin.py:104} INFO - [2021-05-14 01:39:42,825] {dagbag.py:451} INFO - Filling up the DagBag from /home/airflow/.local/lib/python3.6/site-packages/airflow/example_dags/example_complex.py
[2021-05-14 01:39:42,841] {scheduler_job.py:639} INFO - DAG(s) dict_keys(['example_complex']) retrieved from /home/airflow/.local/lib/python3.6/site-packages/airflow/example_dags/example_complex.py
[2021-05-14 01:39:42,866] {logging_mixin.py:104} INFO - [2021-05-14 01:39:42,866] {dag.py:1824} INFO - Sync 1 DAGs
[2021-05-14 01:39:42,879] {logging_mixin.py:104} INFO - [2021-05-14 01:39:42,879] {dag.py:2280} INFO - Setting next_dagrun for example_complex to None
[2021-05-14 01:39:42,959] {scheduler_job.py:190} INFO - Processing /home/airflow/.local/lib/python3.6/site-packages/airflow/example_dags/example_complex.py took 0.140 seconds
[2021-05-14 01:40:13,990] {scheduler_job.py:182} INFO - Started process (PID=19419) to work on /home/airflow/.local/lib/python3.6/site-packages/airflow/example_dags/example_complex.py
[2021-05-14 01:40:13,991] {scheduler_job.py:629} INFO - Processing file /home/airflow/.local/lib/python3.6/site-packages/airflow/example_dags/example_complex.py for tasks to queue
[2021-05-14 01:40:13,992] {logging_mixin.py:104} INFO - [2021-05-14 01:40:13,992] {dagbag.py:451} INFO - Filling up the DagBag from /home/airflow/.local/lib/python3.6/site-packages/airflow/example_dags/example_complex.py
[2021-05-14 01:40:14,014] {scheduler_job.py:639} INFO - DAG(s) dict_keys(['example_complex']) retrieved from /home/airflow/.local/lib/python3.6/site-packages/airflow/example_dags/example_complex.py
[2021-05-14 01:40:14,044] {logging_mixin.py:104} INFO - [2021-05-14 01:40:14,044] {dag.py:1824} INFO - Sync 1 DAGs
[2021-05-14 01:40:14,057] {logging_mixin.py:104} INFO - [2021-05-14 01:40:14,057] {dag.py:2280} INFO - Setting next_dagrun for example_complex to None
[2021-05-14 01:40:14,149] {scheduler_job.py:190} INFO - Processing /home/airflow/.local/lib/python3.6/site-packages/airflow/example_dags/example_complex.py took 0.162 seconds
