[2021-05-14 01:35:05,956] {scheduler_job.py:182} INFO - Started process (PID=19143) to work on /home/airflow/.local/lib/python3.6/site-packages/airflow/example_dags/tutorial_etl_dag.py
[2021-05-14 01:35:05,958] {scheduler_job.py:629} INFO - Processing file /home/airflow/.local/lib/python3.6/site-packages/airflow/example_dags/tutorial_etl_dag.py for tasks to queue
[2021-05-14 01:35:05,959] {logging_mixin.py:104} INFO - [2021-05-14 01:35:05,959] {dagbag.py:451} INFO - Filling up the DagBag from /home/airflow/.local/lib/python3.6/site-packages/airflow/example_dags/tutorial_etl_dag.py
[2021-05-14 01:35:05,970] {scheduler_job.py:639} INFO - DAG(s) dict_keys(['tutorial_etl_dag']) retrieved from /home/airflow/.local/lib/python3.6/site-packages/airflow/example_dags/tutorial_etl_dag.py
[2021-05-14 01:35:05,989] {logging_mixin.py:104} INFO - [2021-05-14 01:35:05,988] {dag.py:1824} INFO - Sync 1 DAGs
[2021-05-14 01:35:06,001] {logging_mixin.py:104} INFO - [2021-05-14 01:35:06,001] {dag.py:2280} INFO - Setting next_dagrun for tutorial_etl_dag to None
[2021-05-14 01:35:06,012] {scheduler_job.py:190} INFO - Processing /home/airflow/.local/lib/python3.6/site-packages/airflow/example_dags/tutorial_etl_dag.py took 0.060 seconds
[2021-05-14 01:35:36,316] {scheduler_job.py:182} INFO - Started process (PID=19168) to work on /home/airflow/.local/lib/python3.6/site-packages/airflow/example_dags/tutorial_etl_dag.py
[2021-05-14 01:35:36,317] {scheduler_job.py:629} INFO - Processing file /home/airflow/.local/lib/python3.6/site-packages/airflow/example_dags/tutorial_etl_dag.py for tasks to queue
[2021-05-14 01:35:36,318] {logging_mixin.py:104} INFO - [2021-05-14 01:35:36,318] {dagbag.py:451} INFO - Filling up the DagBag from /home/airflow/.local/lib/python3.6/site-packages/airflow/example_dags/tutorial_etl_dag.py
[2021-05-14 01:35:36,331] {scheduler_job.py:639} INFO - DAG(s) dict_keys(['tutorial_etl_dag']) retrieved from /home/airflow/.local/lib/python3.6/site-packages/airflow/example_dags/tutorial_etl_dag.py
[2021-05-14 01:35:36,348] {logging_mixin.py:104} INFO - [2021-05-14 01:35:36,348] {dag.py:1824} INFO - Sync 1 DAGs
[2021-05-14 01:35:36,361] {logging_mixin.py:104} INFO - [2021-05-14 01:35:36,361] {dag.py:2280} INFO - Setting next_dagrun for tutorial_etl_dag to None
[2021-05-14 01:35:36,443] {scheduler_job.py:190} INFO - Processing /home/airflow/.local/lib/python3.6/site-packages/airflow/example_dags/tutorial_etl_dag.py took 0.131 seconds
[2021-05-14 01:36:06,978] {scheduler_job.py:182} INFO - Started process (PID=19195) to work on /home/airflow/.local/lib/python3.6/site-packages/airflow/example_dags/tutorial_etl_dag.py
[2021-05-14 01:36:06,980] {scheduler_job.py:629} INFO - Processing file /home/airflow/.local/lib/python3.6/site-packages/airflow/example_dags/tutorial_etl_dag.py for tasks to queue
[2021-05-14 01:36:06,981] {logging_mixin.py:104} INFO - [2021-05-14 01:36:06,980] {dagbag.py:451} INFO - Filling up the DagBag from /home/airflow/.local/lib/python3.6/site-packages/airflow/example_dags/tutorial_etl_dag.py
[2021-05-14 01:36:06,991] {scheduler_job.py:639} INFO - DAG(s) dict_keys(['tutorial_etl_dag']) retrieved from /home/airflow/.local/lib/python3.6/site-packages/airflow/example_dags/tutorial_etl_dag.py
[2021-05-14 01:36:07,010] {logging_mixin.py:104} INFO - [2021-05-14 01:36:07,010] {dag.py:1824} INFO - Sync 1 DAGs
[2021-05-14 01:36:07,024] {logging_mixin.py:104} INFO - [2021-05-14 01:36:07,024] {dag.py:2280} INFO - Setting next_dagrun for tutorial_etl_dag to None
[2021-05-14 01:36:07,111] {scheduler_job.py:190} INFO - Processing /home/airflow/.local/lib/python3.6/site-packages/airflow/example_dags/tutorial_etl_dag.py took 0.135 seconds
[2021-05-14 01:36:37,577] {scheduler_job.py:182} INFO - Started process (PID=19222) to work on /home/airflow/.local/lib/python3.6/site-packages/airflow/example_dags/tutorial_etl_dag.py
[2021-05-14 01:36:37,578] {scheduler_job.py:629} INFO - Processing file /home/airflow/.local/lib/python3.6/site-packages/airflow/example_dags/tutorial_etl_dag.py for tasks to queue
[2021-05-14 01:36:37,579] {logging_mixin.py:104} INFO - [2021-05-14 01:36:37,579] {dagbag.py:451} INFO - Filling up the DagBag from /home/airflow/.local/lib/python3.6/site-packages/airflow/example_dags/tutorial_etl_dag.py
[2021-05-14 01:36:37,589] {scheduler_job.py:639} INFO - DAG(s) dict_keys(['tutorial_etl_dag']) retrieved from /home/airflow/.local/lib/python3.6/site-packages/airflow/example_dags/tutorial_etl_dag.py
[2021-05-14 01:36:37,607] {logging_mixin.py:104} INFO - [2021-05-14 01:36:37,607] {dag.py:1824} INFO - Sync 1 DAGs
[2021-05-14 01:36:37,621] {logging_mixin.py:104} INFO - [2021-05-14 01:36:37,621] {dag.py:2280} INFO - Setting next_dagrun for tutorial_etl_dag to None
[2021-05-14 01:36:37,710] {scheduler_job.py:190} INFO - Processing /home/airflow/.local/lib/python3.6/site-packages/airflow/example_dags/tutorial_etl_dag.py took 0.136 seconds
[2021-05-14 01:37:08,312] {scheduler_job.py:182} INFO - Started process (PID=19249) to work on /home/airflow/.local/lib/python3.6/site-packages/airflow/example_dags/tutorial_etl_dag.py
[2021-05-14 01:37:08,313] {scheduler_job.py:629} INFO - Processing file /home/airflow/.local/lib/python3.6/site-packages/airflow/example_dags/tutorial_etl_dag.py for tasks to queue
[2021-05-14 01:37:08,314] {logging_mixin.py:104} INFO - [2021-05-14 01:37:08,314] {dagbag.py:451} INFO - Filling up the DagBag from /home/airflow/.local/lib/python3.6/site-packages/airflow/example_dags/tutorial_etl_dag.py
[2021-05-14 01:37:08,325] {scheduler_job.py:639} INFO - DAG(s) dict_keys(['tutorial_etl_dag']) retrieved from /home/airflow/.local/lib/python3.6/site-packages/airflow/example_dags/tutorial_etl_dag.py
[2021-05-14 01:37:08,343] {logging_mixin.py:104} INFO - [2021-05-14 01:37:08,343] {dag.py:1824} INFO - Sync 1 DAGs
[2021-05-14 01:37:08,356] {logging_mixin.py:104} INFO - [2021-05-14 01:37:08,355] {dag.py:2280} INFO - Setting next_dagrun for tutorial_etl_dag to None
[2021-05-14 01:37:08,392] {scheduler_job.py:190} INFO - Processing /home/airflow/.local/lib/python3.6/site-packages/airflow/example_dags/tutorial_etl_dag.py took 0.083 seconds
[2021-05-14 01:37:39,061] {scheduler_job.py:182} INFO - Started process (PID=19276) to work on /home/airflow/.local/lib/python3.6/site-packages/airflow/example_dags/tutorial_etl_dag.py
[2021-05-14 01:37:39,062] {scheduler_job.py:629} INFO - Processing file /home/airflow/.local/lib/python3.6/site-packages/airflow/example_dags/tutorial_etl_dag.py for tasks to queue
[2021-05-14 01:37:39,063] {logging_mixin.py:104} INFO - [2021-05-14 01:37:39,063] {dagbag.py:451} INFO - Filling up the DagBag from /home/airflow/.local/lib/python3.6/site-packages/airflow/example_dags/tutorial_etl_dag.py
[2021-05-14 01:37:39,075] {scheduler_job.py:639} INFO - DAG(s) dict_keys(['tutorial_etl_dag']) retrieved from /home/airflow/.local/lib/python3.6/site-packages/airflow/example_dags/tutorial_etl_dag.py
[2021-05-14 01:37:39,092] {logging_mixin.py:104} INFO - [2021-05-14 01:37:39,092] {dag.py:1824} INFO - Sync 1 DAGs
[2021-05-14 01:37:39,105] {logging_mixin.py:104} INFO - [2021-05-14 01:37:39,104] {dag.py:2280} INFO - Setting next_dagrun for tutorial_etl_dag to None
[2021-05-14 01:37:39,116] {scheduler_job.py:190} INFO - Processing /home/airflow/.local/lib/python3.6/site-packages/airflow/example_dags/tutorial_etl_dag.py took 0.059 seconds
[2021-05-14 01:38:09,977] {scheduler_job.py:182} INFO - Started process (PID=19303) to work on /home/airflow/.local/lib/python3.6/site-packages/airflow/example_dags/tutorial_etl_dag.py
[2021-05-14 01:38:09,979] {scheduler_job.py:629} INFO - Processing file /home/airflow/.local/lib/python3.6/site-packages/airflow/example_dags/tutorial_etl_dag.py for tasks to queue
[2021-05-14 01:38:09,979] {logging_mixin.py:104} INFO - [2021-05-14 01:38:09,979] {dagbag.py:451} INFO - Filling up the DagBag from /home/airflow/.local/lib/python3.6/site-packages/airflow/example_dags/tutorial_etl_dag.py
[2021-05-14 01:38:09,990] {scheduler_job.py:639} INFO - DAG(s) dict_keys(['tutorial_etl_dag']) retrieved from /home/airflow/.local/lib/python3.6/site-packages/airflow/example_dags/tutorial_etl_dag.py
[2021-05-14 01:38:10,009] {logging_mixin.py:104} INFO - [2021-05-14 01:38:10,009] {dag.py:1824} INFO - Sync 1 DAGs
[2021-05-14 01:38:10,022] {logging_mixin.py:104} INFO - [2021-05-14 01:38:10,022] {dag.py:2280} INFO - Setting next_dagrun for tutorial_etl_dag to None
[2021-05-14 01:38:10,033] {scheduler_job.py:190} INFO - Processing /home/airflow/.local/lib/python3.6/site-packages/airflow/example_dags/tutorial_etl_dag.py took 0.059 seconds
[2021-05-14 01:38:40,068] {scheduler_job.py:182} INFO - Started process (PID=19330) to work on /home/airflow/.local/lib/python3.6/site-packages/airflow/example_dags/tutorial_etl_dag.py
[2021-05-14 01:38:40,069] {scheduler_job.py:629} INFO - Processing file /home/airflow/.local/lib/python3.6/site-packages/airflow/example_dags/tutorial_etl_dag.py for tasks to queue
[2021-05-14 01:38:40,070] {logging_mixin.py:104} INFO - [2021-05-14 01:38:40,070] {dagbag.py:451} INFO - Filling up the DagBag from /home/airflow/.local/lib/python3.6/site-packages/airflow/example_dags/tutorial_etl_dag.py
[2021-05-14 01:38:40,080] {scheduler_job.py:639} INFO - DAG(s) dict_keys(['tutorial_etl_dag']) retrieved from /home/airflow/.local/lib/python3.6/site-packages/airflow/example_dags/tutorial_etl_dag.py
[2021-05-14 01:38:40,098] {logging_mixin.py:104} INFO - [2021-05-14 01:38:40,097] {dag.py:1824} INFO - Sync 1 DAGs
[2021-05-14 01:38:40,111] {logging_mixin.py:104} INFO - [2021-05-14 01:38:40,111] {dag.py:2280} INFO - Setting next_dagrun for tutorial_etl_dag to None
[2021-05-14 01:38:40,205] {scheduler_job.py:190} INFO - Processing /home/airflow/.local/lib/python3.6/site-packages/airflow/example_dags/tutorial_etl_dag.py took 0.140 seconds
[2021-05-14 01:39:10,300] {scheduler_job.py:182} INFO - Started process (PID=19357) to work on /home/airflow/.local/lib/python3.6/site-packages/airflow/example_dags/tutorial_etl_dag.py
[2021-05-14 01:39:10,301] {scheduler_job.py:629} INFO - Processing file /home/airflow/.local/lib/python3.6/site-packages/airflow/example_dags/tutorial_etl_dag.py for tasks to queue
[2021-05-14 01:39:10,302] {logging_mixin.py:104} INFO - [2021-05-14 01:39:10,302] {dagbag.py:451} INFO - Filling up the DagBag from /home/airflow/.local/lib/python3.6/site-packages/airflow/example_dags/tutorial_etl_dag.py
[2021-05-14 01:39:10,312] {scheduler_job.py:639} INFO - DAG(s) dict_keys(['tutorial_etl_dag']) retrieved from /home/airflow/.local/lib/python3.6/site-packages/airflow/example_dags/tutorial_etl_dag.py
[2021-05-14 01:39:10,331] {logging_mixin.py:104} INFO - [2021-05-14 01:39:10,330] {dag.py:1824} INFO - Sync 1 DAGs
[2021-05-14 01:39:10,343] {logging_mixin.py:104} INFO - [2021-05-14 01:39:10,343] {dag.py:2280} INFO - Setting next_dagrun for tutorial_etl_dag to None
[2021-05-14 01:39:10,433] {scheduler_job.py:190} INFO - Processing /home/airflow/.local/lib/python3.6/site-packages/airflow/example_dags/tutorial_etl_dag.py took 0.135 seconds
[2021-05-14 01:39:41,420] {scheduler_job.py:182} INFO - Started process (PID=19385) to work on /home/airflow/.local/lib/python3.6/site-packages/airflow/example_dags/tutorial_etl_dag.py
[2021-05-14 01:39:41,421] {scheduler_job.py:629} INFO - Processing file /home/airflow/.local/lib/python3.6/site-packages/airflow/example_dags/tutorial_etl_dag.py for tasks to queue
[2021-05-14 01:39:41,421] {logging_mixin.py:104} INFO - [2021-05-14 01:39:41,421] {dagbag.py:451} INFO - Filling up the DagBag from /home/airflow/.local/lib/python3.6/site-packages/airflow/example_dags/tutorial_etl_dag.py
[2021-05-14 01:39:41,432] {scheduler_job.py:639} INFO - DAG(s) dict_keys(['tutorial_etl_dag']) retrieved from /home/airflow/.local/lib/python3.6/site-packages/airflow/example_dags/tutorial_etl_dag.py
[2021-05-14 01:39:41,450] {logging_mixin.py:104} INFO - [2021-05-14 01:39:41,450] {dag.py:1824} INFO - Sync 1 DAGs
[2021-05-14 01:39:41,464] {logging_mixin.py:104} INFO - [2021-05-14 01:39:41,464] {dag.py:2280} INFO - Setting next_dagrun for tutorial_etl_dag to None
[2021-05-14 01:39:41,572] {scheduler_job.py:190} INFO - Processing /home/airflow/.local/lib/python3.6/site-packages/airflow/example_dags/tutorial_etl_dag.py took 0.155 seconds
[2021-05-14 01:40:12,493] {scheduler_job.py:182} INFO - Started process (PID=19412) to work on /home/airflow/.local/lib/python3.6/site-packages/airflow/example_dags/tutorial_etl_dag.py
[2021-05-14 01:40:12,495] {scheduler_job.py:629} INFO - Processing file /home/airflow/.local/lib/python3.6/site-packages/airflow/example_dags/tutorial_etl_dag.py for tasks to queue
[2021-05-14 01:40:12,496] {logging_mixin.py:104} INFO - [2021-05-14 01:40:12,496] {dagbag.py:451} INFO - Filling up the DagBag from /home/airflow/.local/lib/python3.6/site-packages/airflow/example_dags/tutorial_etl_dag.py
[2021-05-14 01:40:12,506] {scheduler_job.py:639} INFO - DAG(s) dict_keys(['tutorial_etl_dag']) retrieved from /home/airflow/.local/lib/python3.6/site-packages/airflow/example_dags/tutorial_etl_dag.py
[2021-05-14 01:40:12,524] {logging_mixin.py:104} INFO - [2021-05-14 01:40:12,523] {dag.py:1824} INFO - Sync 1 DAGs
[2021-05-14 01:40:12,537] {logging_mixin.py:104} INFO - [2021-05-14 01:40:12,536] {dag.py:2280} INFO - Setting next_dagrun for tutorial_etl_dag to None
[2021-05-14 01:40:12,628] {scheduler_job.py:190} INFO - Processing /home/airflow/.local/lib/python3.6/site-packages/airflow/example_dags/tutorial_etl_dag.py took 0.137 seconds
