[2021-05-14 01:35:06,044] {scheduler_job.py:182} INFO - Started process (PID=19146) to work on /home/airflow/.local/lib/python3.6/site-packages/airflow/example_dags/tutorial_taskflow_api_etl.py
[2021-05-14 01:35:06,046] {scheduler_job.py:629} INFO - Processing file /home/airflow/.local/lib/python3.6/site-packages/airflow/example_dags/tutorial_taskflow_api_etl.py for tasks to queue
[2021-05-14 01:35:06,047] {logging_mixin.py:104} INFO - [2021-05-14 01:35:06,047] {dagbag.py:451} INFO - Filling up the DagBag from /home/airflow/.local/lib/python3.6/site-packages/airflow/example_dags/tutorial_taskflow_api_etl.py
[2021-05-14 01:35:06,069] {scheduler_job.py:639} INFO - DAG(s) dict_keys(['tutorial_taskflow_api_etl']) retrieved from /home/airflow/.local/lib/python3.6/site-packages/airflow/example_dags/tutorial_taskflow_api_etl.py
[2021-05-14 01:35:06,106] {logging_mixin.py:104} INFO - [2021-05-14 01:35:06,106] {dag.py:1824} INFO - Sync 1 DAGs
[2021-05-14 01:35:06,126] {logging_mixin.py:104} INFO - [2021-05-14 01:35:06,126] {dag.py:2280} INFO - Setting next_dagrun for tutorial_taskflow_api_etl to None
[2021-05-14 01:35:06,142] {scheduler_job.py:190} INFO - Processing /home/airflow/.local/lib/python3.6/site-packages/airflow/example_dags/tutorial_taskflow_api_etl.py took 0.101 seconds
[2021-05-14 01:35:36,582] {scheduler_job.py:182} INFO - Started process (PID=19172) to work on /home/airflow/.local/lib/python3.6/site-packages/airflow/example_dags/tutorial_taskflow_api_etl.py
[2021-05-14 01:35:36,583] {scheduler_job.py:629} INFO - Processing file /home/airflow/.local/lib/python3.6/site-packages/airflow/example_dags/tutorial_taskflow_api_etl.py for tasks to queue
[2021-05-14 01:35:36,584] {logging_mixin.py:104} INFO - [2021-05-14 01:35:36,584] {dagbag.py:451} INFO - Filling up the DagBag from /home/airflow/.local/lib/python3.6/site-packages/airflow/example_dags/tutorial_taskflow_api_etl.py
[2021-05-14 01:35:36,595] {scheduler_job.py:639} INFO - DAG(s) dict_keys(['tutorial_taskflow_api_etl']) retrieved from /home/airflow/.local/lib/python3.6/site-packages/airflow/example_dags/tutorial_taskflow_api_etl.py
[2021-05-14 01:35:36,615] {logging_mixin.py:104} INFO - [2021-05-14 01:35:36,615] {dag.py:1824} INFO - Sync 1 DAGs
[2021-05-14 01:35:36,629] {logging_mixin.py:104} INFO - [2021-05-14 01:35:36,629] {dag.py:2280} INFO - Setting next_dagrun for tutorial_taskflow_api_etl to None
[2021-05-14 01:35:36,642] {scheduler_job.py:190} INFO - Processing /home/airflow/.local/lib/python3.6/site-packages/airflow/example_dags/tutorial_taskflow_api_etl.py took 0.063 seconds
[2021-05-14 01:36:07,212] {scheduler_job.py:182} INFO - Started process (PID=19199) to work on /home/airflow/.local/lib/python3.6/site-packages/airflow/example_dags/tutorial_taskflow_api_etl.py
[2021-05-14 01:36:07,215] {scheduler_job.py:629} INFO - Processing file /home/airflow/.local/lib/python3.6/site-packages/airflow/example_dags/tutorial_taskflow_api_etl.py for tasks to queue
[2021-05-14 01:36:07,216] {logging_mixin.py:104} INFO - [2021-05-14 01:36:07,216] {dagbag.py:451} INFO - Filling up the DagBag from /home/airflow/.local/lib/python3.6/site-packages/airflow/example_dags/tutorial_taskflow_api_etl.py
[2021-05-14 01:36:07,238] {scheduler_job.py:639} INFO - DAG(s) dict_keys(['tutorial_taskflow_api_etl']) retrieved from /home/airflow/.local/lib/python3.6/site-packages/airflow/example_dags/tutorial_taskflow_api_etl.py
[2021-05-14 01:36:07,268] {logging_mixin.py:104} INFO - [2021-05-14 01:36:07,268] {dag.py:1824} INFO - Sync 1 DAGs
[2021-05-14 01:36:07,281] {logging_mixin.py:104} INFO - [2021-05-14 01:36:07,281] {dag.py:2280} INFO - Setting next_dagrun for tutorial_taskflow_api_etl to None
[2021-05-14 01:36:07,295] {scheduler_job.py:190} INFO - Processing /home/airflow/.local/lib/python3.6/site-packages/airflow/example_dags/tutorial_taskflow_api_etl.py took 0.087 seconds
[2021-05-14 01:36:37,866] {scheduler_job.py:182} INFO - Started process (PID=19226) to work on /home/airflow/.local/lib/python3.6/site-packages/airflow/example_dags/tutorial_taskflow_api_etl.py
[2021-05-14 01:36:37,868] {scheduler_job.py:629} INFO - Processing file /home/airflow/.local/lib/python3.6/site-packages/airflow/example_dags/tutorial_taskflow_api_etl.py for tasks to queue
[2021-05-14 01:36:37,868] {logging_mixin.py:104} INFO - [2021-05-14 01:36:37,868] {dagbag.py:451} INFO - Filling up the DagBag from /home/airflow/.local/lib/python3.6/site-packages/airflow/example_dags/tutorial_taskflow_api_etl.py
[2021-05-14 01:36:37,879] {scheduler_job.py:639} INFO - DAG(s) dict_keys(['tutorial_taskflow_api_etl']) retrieved from /home/airflow/.local/lib/python3.6/site-packages/airflow/example_dags/tutorial_taskflow_api_etl.py
[2021-05-14 01:36:37,898] {logging_mixin.py:104} INFO - [2021-05-14 01:36:37,898] {dag.py:1824} INFO - Sync 1 DAGs
[2021-05-14 01:36:37,911] {logging_mixin.py:104} INFO - [2021-05-14 01:36:37,911] {dag.py:2280} INFO - Setting next_dagrun for tutorial_taskflow_api_etl to None
[2021-05-14 01:36:37,998] {scheduler_job.py:190} INFO - Processing /home/airflow/.local/lib/python3.6/site-packages/airflow/example_dags/tutorial_taskflow_api_etl.py took 0.134 seconds
[2021-05-14 01:37:08,558] {scheduler_job.py:182} INFO - Started process (PID=19253) to work on /home/airflow/.local/lib/python3.6/site-packages/airflow/example_dags/tutorial_taskflow_api_etl.py
[2021-05-14 01:37:08,559] {scheduler_job.py:629} INFO - Processing file /home/airflow/.local/lib/python3.6/site-packages/airflow/example_dags/tutorial_taskflow_api_etl.py for tasks to queue
[2021-05-14 01:37:08,560] {logging_mixin.py:104} INFO - [2021-05-14 01:37:08,560] {dagbag.py:451} INFO - Filling up the DagBag from /home/airflow/.local/lib/python3.6/site-packages/airflow/example_dags/tutorial_taskflow_api_etl.py
[2021-05-14 01:37:08,574] {scheduler_job.py:639} INFO - DAG(s) dict_keys(['tutorial_taskflow_api_etl']) retrieved from /home/airflow/.local/lib/python3.6/site-packages/airflow/example_dags/tutorial_taskflow_api_etl.py
[2021-05-14 01:37:08,594] {logging_mixin.py:104} INFO - [2021-05-14 01:37:08,594] {dag.py:1824} INFO - Sync 1 DAGs
[2021-05-14 01:37:08,607] {logging_mixin.py:104} INFO - [2021-05-14 01:37:08,607] {dag.py:2280} INFO - Setting next_dagrun for tutorial_taskflow_api_etl to None
[2021-05-14 01:37:08,688] {scheduler_job.py:190} INFO - Processing /home/airflow/.local/lib/python3.6/site-packages/airflow/example_dags/tutorial_taskflow_api_etl.py took 0.133 seconds
[2021-05-14 01:37:39,253] {scheduler_job.py:182} INFO - Started process (PID=19280) to work on /home/airflow/.local/lib/python3.6/site-packages/airflow/example_dags/tutorial_taskflow_api_etl.py
[2021-05-14 01:37:39,254] {scheduler_job.py:629} INFO - Processing file /home/airflow/.local/lib/python3.6/site-packages/airflow/example_dags/tutorial_taskflow_api_etl.py for tasks to queue
[2021-05-14 01:37:39,255] {logging_mixin.py:104} INFO - [2021-05-14 01:37:39,255] {dagbag.py:451} INFO - Filling up the DagBag from /home/airflow/.local/lib/python3.6/site-packages/airflow/example_dags/tutorial_taskflow_api_etl.py
[2021-05-14 01:37:39,268] {scheduler_job.py:639} INFO - DAG(s) dict_keys(['tutorial_taskflow_api_etl']) retrieved from /home/airflow/.local/lib/python3.6/site-packages/airflow/example_dags/tutorial_taskflow_api_etl.py
[2021-05-14 01:37:39,288] {logging_mixin.py:104} INFO - [2021-05-14 01:37:39,288] {dag.py:1824} INFO - Sync 1 DAGs
[2021-05-14 01:37:39,302] {logging_mixin.py:104} INFO - [2021-05-14 01:37:39,301] {dag.py:2280} INFO - Setting next_dagrun for tutorial_taskflow_api_etl to None
[2021-05-14 01:37:39,362] {scheduler_job.py:190} INFO - Processing /home/airflow/.local/lib/python3.6/site-packages/airflow/example_dags/tutorial_taskflow_api_etl.py took 0.113 seconds
[2021-05-14 01:38:10,241] {scheduler_job.py:182} INFO - Started process (PID=19307) to work on /home/airflow/.local/lib/python3.6/site-packages/airflow/example_dags/tutorial_taskflow_api_etl.py
[2021-05-14 01:38:10,243] {scheduler_job.py:629} INFO - Processing file /home/airflow/.local/lib/python3.6/site-packages/airflow/example_dags/tutorial_taskflow_api_etl.py for tasks to queue
[2021-05-14 01:38:10,244] {logging_mixin.py:104} INFO - [2021-05-14 01:38:10,244] {dagbag.py:451} INFO - Filling up the DagBag from /home/airflow/.local/lib/python3.6/site-packages/airflow/example_dags/tutorial_taskflow_api_etl.py
[2021-05-14 01:38:10,254] {scheduler_job.py:639} INFO - DAG(s) dict_keys(['tutorial_taskflow_api_etl']) retrieved from /home/airflow/.local/lib/python3.6/site-packages/airflow/example_dags/tutorial_taskflow_api_etl.py
[2021-05-14 01:38:10,274] {logging_mixin.py:104} INFO - [2021-05-14 01:38:10,274] {dag.py:1824} INFO - Sync 1 DAGs
[2021-05-14 01:38:10,286] {logging_mixin.py:104} INFO - [2021-05-14 01:38:10,286] {dag.py:2280} INFO - Setting next_dagrun for tutorial_taskflow_api_etl to None
[2021-05-14 01:38:10,361] {scheduler_job.py:190} INFO - Processing /home/airflow/.local/lib/python3.6/site-packages/airflow/example_dags/tutorial_taskflow_api_etl.py took 0.122 seconds
[2021-05-14 01:38:40,406] {scheduler_job.py:182} INFO - Started process (PID=19333) to work on /home/airflow/.local/lib/python3.6/site-packages/airflow/example_dags/tutorial_taskflow_api_etl.py
[2021-05-14 01:38:40,407] {scheduler_job.py:629} INFO - Processing file /home/airflow/.local/lib/python3.6/site-packages/airflow/example_dags/tutorial_taskflow_api_etl.py for tasks to queue
[2021-05-14 01:38:40,408] {logging_mixin.py:104} INFO - [2021-05-14 01:38:40,408] {dagbag.py:451} INFO - Filling up the DagBag from /home/airflow/.local/lib/python3.6/site-packages/airflow/example_dags/tutorial_taskflow_api_etl.py
[2021-05-14 01:38:40,418] {scheduler_job.py:639} INFO - DAG(s) dict_keys(['tutorial_taskflow_api_etl']) retrieved from /home/airflow/.local/lib/python3.6/site-packages/airflow/example_dags/tutorial_taskflow_api_etl.py
[2021-05-14 01:38:40,439] {logging_mixin.py:104} INFO - [2021-05-14 01:38:40,438] {dag.py:1824} INFO - Sync 1 DAGs
[2021-05-14 01:38:40,452] {logging_mixin.py:104} INFO - [2021-05-14 01:38:40,452] {dag.py:2280} INFO - Setting next_dagrun for tutorial_taskflow_api_etl to None
[2021-05-14 01:38:40,537] {scheduler_job.py:190} INFO - Processing /home/airflow/.local/lib/python3.6/site-packages/airflow/example_dags/tutorial_taskflow_api_etl.py took 0.134 seconds
[2021-05-14 01:39:10,588] {scheduler_job.py:182} INFO - Started process (PID=19360) to work on /home/airflow/.local/lib/python3.6/site-packages/airflow/example_dags/tutorial_taskflow_api_etl.py
[2021-05-14 01:39:10,589] {scheduler_job.py:629} INFO - Processing file /home/airflow/.local/lib/python3.6/site-packages/airflow/example_dags/tutorial_taskflow_api_etl.py for tasks to queue
[2021-05-14 01:39:10,590] {logging_mixin.py:104} INFO - [2021-05-14 01:39:10,590] {dagbag.py:451} INFO - Filling up the DagBag from /home/airflow/.local/lib/python3.6/site-packages/airflow/example_dags/tutorial_taskflow_api_etl.py
[2021-05-14 01:39:10,600] {scheduler_job.py:639} INFO - DAG(s) dict_keys(['tutorial_taskflow_api_etl']) retrieved from /home/airflow/.local/lib/python3.6/site-packages/airflow/example_dags/tutorial_taskflow_api_etl.py
[2021-05-14 01:39:10,620] {logging_mixin.py:104} INFO - [2021-05-14 01:39:10,620] {dag.py:1824} INFO - Sync 1 DAGs
[2021-05-14 01:39:10,634] {logging_mixin.py:104} INFO - [2021-05-14 01:39:10,634] {dag.py:2280} INFO - Setting next_dagrun for tutorial_taskflow_api_etl to None
[2021-05-14 01:39:10,646] {scheduler_job.py:190} INFO - Processing /home/airflow/.local/lib/python3.6/site-packages/airflow/example_dags/tutorial_taskflow_api_etl.py took 0.060 seconds
[2021-05-14 01:39:41,639] {scheduler_job.py:182} INFO - Started process (PID=19388) to work on /home/airflow/.local/lib/python3.6/site-packages/airflow/example_dags/tutorial_taskflow_api_etl.py
[2021-05-14 01:39:41,640] {scheduler_job.py:629} INFO - Processing file /home/airflow/.local/lib/python3.6/site-packages/airflow/example_dags/tutorial_taskflow_api_etl.py for tasks to queue
[2021-05-14 01:39:41,641] {logging_mixin.py:104} INFO - [2021-05-14 01:39:41,641] {dagbag.py:451} INFO - Filling up the DagBag from /home/airflow/.local/lib/python3.6/site-packages/airflow/example_dags/tutorial_taskflow_api_etl.py
[2021-05-14 01:39:41,653] {scheduler_job.py:639} INFO - DAG(s) dict_keys(['tutorial_taskflow_api_etl']) retrieved from /home/airflow/.local/lib/python3.6/site-packages/airflow/example_dags/tutorial_taskflow_api_etl.py
[2021-05-14 01:39:41,673] {logging_mixin.py:104} INFO - [2021-05-14 01:39:41,673] {dag.py:1824} INFO - Sync 1 DAGs
[2021-05-14 01:39:41,686] {logging_mixin.py:104} INFO - [2021-05-14 01:39:41,686] {dag.py:2280} INFO - Setting next_dagrun for tutorial_taskflow_api_etl to None
[2021-05-14 01:39:41,778] {scheduler_job.py:190} INFO - Processing /home/airflow/.local/lib/python3.6/site-packages/airflow/example_dags/tutorial_taskflow_api_etl.py took 0.142 seconds
[2021-05-14 01:40:12,697] {scheduler_job.py:182} INFO - Started process (PID=19415) to work on /home/airflow/.local/lib/python3.6/site-packages/airflow/example_dags/tutorial_taskflow_api_etl.py
[2021-05-14 01:40:12,698] {scheduler_job.py:629} INFO - Processing file /home/airflow/.local/lib/python3.6/site-packages/airflow/example_dags/tutorial_taskflow_api_etl.py for tasks to queue
[2021-05-14 01:40:12,699] {logging_mixin.py:104} INFO - [2021-05-14 01:40:12,699] {dagbag.py:451} INFO - Filling up the DagBag from /home/airflow/.local/lib/python3.6/site-packages/airflow/example_dags/tutorial_taskflow_api_etl.py
[2021-05-14 01:40:12,710] {scheduler_job.py:639} INFO - DAG(s) dict_keys(['tutorial_taskflow_api_etl']) retrieved from /home/airflow/.local/lib/python3.6/site-packages/airflow/example_dags/tutorial_taskflow_api_etl.py
[2021-05-14 01:40:12,730] {logging_mixin.py:104} INFO - [2021-05-14 01:40:12,730] {dag.py:1824} INFO - Sync 1 DAGs
[2021-05-14 01:40:12,742] {logging_mixin.py:104} INFO - [2021-05-14 01:40:12,742] {dag.py:2280} INFO - Setting next_dagrun for tutorial_taskflow_api_etl to None
[2021-05-14 01:40:12,754] {scheduler_job.py:190} INFO - Processing /home/airflow/.local/lib/python3.6/site-packages/airflow/example_dags/tutorial_taskflow_api_etl.py took 0.060 seconds
