[2021-05-14 01:35:09,630] {scheduler_job.py:182} INFO - Started process (PID=19156) to work on /home/airflow/.local/lib/python3.6/site-packages/airflow/example_dags/tutorial.py
[2021-05-14 01:35:09,631] {scheduler_job.py:629} INFO - Processing file /home/airflow/.local/lib/python3.6/site-packages/airflow/example_dags/tutorial.py for tasks to queue
[2021-05-14 01:35:09,632] {logging_mixin.py:104} INFO - [2021-05-14 01:35:09,632] {dagbag.py:451} INFO - Filling up the DagBag from /home/airflow/.local/lib/python3.6/site-packages/airflow/example_dags/tutorial.py
[2021-05-14 01:35:09,641] {scheduler_job.py:639} INFO - DAG(s) dict_keys(['tutorial']) retrieved from /home/airflow/.local/lib/python3.6/site-packages/airflow/example_dags/tutorial.py
[2021-05-14 01:35:09,660] {logging_mixin.py:104} INFO - [2021-05-14 01:35:09,660] {dag.py:1824} INFO - Sync 1 DAGs
[2021-05-14 01:35:09,673] {logging_mixin.py:104} INFO - [2021-05-14 01:35:09,673] {dag.py:2280} INFO - Setting next_dagrun for tutorial to 2021-05-12 00:00:00+00:00
[2021-05-14 01:35:09,696] {scheduler_job.py:190} INFO - Processing /home/airflow/.local/lib/python3.6/site-packages/airflow/example_dags/tutorial.py took 0.068 seconds
[2021-05-14 01:35:40,089] {scheduler_job.py:182} INFO - Started process (PID=19183) to work on /home/airflow/.local/lib/python3.6/site-packages/airflow/example_dags/tutorial.py
[2021-05-14 01:35:40,090] {scheduler_job.py:629} INFO - Processing file /home/airflow/.local/lib/python3.6/site-packages/airflow/example_dags/tutorial.py for tasks to queue
[2021-05-14 01:35:40,091] {logging_mixin.py:104} INFO - [2021-05-14 01:35:40,090] {dagbag.py:451} INFO - Filling up the DagBag from /home/airflow/.local/lib/python3.6/site-packages/airflow/example_dags/tutorial.py
[2021-05-14 01:35:40,100] {scheduler_job.py:639} INFO - DAG(s) dict_keys(['tutorial']) retrieved from /home/airflow/.local/lib/python3.6/site-packages/airflow/example_dags/tutorial.py
[2021-05-14 01:35:40,119] {logging_mixin.py:104} INFO - [2021-05-14 01:35:40,119] {dag.py:1824} INFO - Sync 1 DAGs
[2021-05-14 01:35:40,133] {logging_mixin.py:104} INFO - [2021-05-14 01:35:40,133] {dag.py:2280} INFO - Setting next_dagrun for tutorial to 2021-05-12 00:00:00+00:00
[2021-05-14 01:35:40,216] {scheduler_job.py:190} INFO - Processing /home/airflow/.local/lib/python3.6/site-packages/airflow/example_dags/tutorial.py took 0.131 seconds
[2021-05-14 01:36:10,821] {scheduler_job.py:182} INFO - Started process (PID=19210) to work on /home/airflow/.local/lib/python3.6/site-packages/airflow/example_dags/tutorial.py
[2021-05-14 01:36:10,822] {scheduler_job.py:629} INFO - Processing file /home/airflow/.local/lib/python3.6/site-packages/airflow/example_dags/tutorial.py for tasks to queue
[2021-05-14 01:36:10,823] {logging_mixin.py:104} INFO - [2021-05-14 01:36:10,823] {dagbag.py:451} INFO - Filling up the DagBag from /home/airflow/.local/lib/python3.6/site-packages/airflow/example_dags/tutorial.py
[2021-05-14 01:36:10,833] {scheduler_job.py:639} INFO - DAG(s) dict_keys(['tutorial']) retrieved from /home/airflow/.local/lib/python3.6/site-packages/airflow/example_dags/tutorial.py
[2021-05-14 01:36:10,851] {logging_mixin.py:104} INFO - [2021-05-14 01:36:10,850] {dag.py:1824} INFO - Sync 1 DAGs
[2021-05-14 01:36:10,863] {logging_mixin.py:104} INFO - [2021-05-14 01:36:10,863] {dag.py:2280} INFO - Setting next_dagrun for tutorial to 2021-05-12 00:00:00+00:00
[2021-05-14 01:36:10,908] {scheduler_job.py:190} INFO - Processing /home/airflow/.local/lib/python3.6/site-packages/airflow/example_dags/tutorial.py took 0.091 seconds
[2021-05-14 01:36:41,440] {scheduler_job.py:182} INFO - Started process (PID=19237) to work on /home/airflow/.local/lib/python3.6/site-packages/airflow/example_dags/tutorial.py
[2021-05-14 01:36:41,441] {scheduler_job.py:629} INFO - Processing file /home/airflow/.local/lib/python3.6/site-packages/airflow/example_dags/tutorial.py for tasks to queue
[2021-05-14 01:36:41,442] {logging_mixin.py:104} INFO - [2021-05-14 01:36:41,442] {dagbag.py:451} INFO - Filling up the DagBag from /home/airflow/.local/lib/python3.6/site-packages/airflow/example_dags/tutorial.py
[2021-05-14 01:36:41,455] {scheduler_job.py:639} INFO - DAG(s) dict_keys(['tutorial']) retrieved from /home/airflow/.local/lib/python3.6/site-packages/airflow/example_dags/tutorial.py
[2021-05-14 01:36:41,497] {logging_mixin.py:104} INFO - [2021-05-14 01:36:41,496] {dag.py:1824} INFO - Sync 1 DAGs
[2021-05-14 01:36:41,528] {logging_mixin.py:104} INFO - [2021-05-14 01:36:41,527] {dag.py:2280} INFO - Setting next_dagrun for tutorial to 2021-05-12 00:00:00+00:00
[2021-05-14 01:36:41,595] {scheduler_job.py:190} INFO - Processing /home/airflow/.local/lib/python3.6/site-packages/airflow/example_dags/tutorial.py took 0.158 seconds
[2021-05-14 01:37:12,217] {scheduler_job.py:182} INFO - Started process (PID=19264) to work on /home/airflow/.local/lib/python3.6/site-packages/airflow/example_dags/tutorial.py
[2021-05-14 01:37:12,218] {scheduler_job.py:629} INFO - Processing file /home/airflow/.local/lib/python3.6/site-packages/airflow/example_dags/tutorial.py for tasks to queue
[2021-05-14 01:37:12,219] {logging_mixin.py:104} INFO - [2021-05-14 01:37:12,219] {dagbag.py:451} INFO - Filling up the DagBag from /home/airflow/.local/lib/python3.6/site-packages/airflow/example_dags/tutorial.py
[2021-05-14 01:37:12,228] {scheduler_job.py:639} INFO - DAG(s) dict_keys(['tutorial']) retrieved from /home/airflow/.local/lib/python3.6/site-packages/airflow/example_dags/tutorial.py
[2021-05-14 01:37:12,246] {logging_mixin.py:104} INFO - [2021-05-14 01:37:12,246] {dag.py:1824} INFO - Sync 1 DAGs
[2021-05-14 01:37:12,259] {logging_mixin.py:104} INFO - [2021-05-14 01:37:12,259] {dag.py:2280} INFO - Setting next_dagrun for tutorial to 2021-05-12 00:00:00+00:00
[2021-05-14 01:37:12,314] {scheduler_job.py:190} INFO - Processing /home/airflow/.local/lib/python3.6/site-packages/airflow/example_dags/tutorial.py took 0.100 seconds
[2021-05-14 01:37:43,069] {scheduler_job.py:182} INFO - Started process (PID=19291) to work on /home/airflow/.local/lib/python3.6/site-packages/airflow/example_dags/tutorial.py
[2021-05-14 01:37:43,070] {scheduler_job.py:629} INFO - Processing file /home/airflow/.local/lib/python3.6/site-packages/airflow/example_dags/tutorial.py for tasks to queue
[2021-05-14 01:37:43,070] {logging_mixin.py:104} INFO - [2021-05-14 01:37:43,070] {dagbag.py:451} INFO - Filling up the DagBag from /home/airflow/.local/lib/python3.6/site-packages/airflow/example_dags/tutorial.py
[2021-05-14 01:37:43,079] {scheduler_job.py:639} INFO - DAG(s) dict_keys(['tutorial']) retrieved from /home/airflow/.local/lib/python3.6/site-packages/airflow/example_dags/tutorial.py
[2021-05-14 01:37:43,098] {logging_mixin.py:104} INFO - [2021-05-14 01:37:43,098] {dag.py:1824} INFO - Sync 1 DAGs
[2021-05-14 01:37:43,111] {logging_mixin.py:104} INFO - [2021-05-14 01:37:43,111] {dag.py:2280} INFO - Setting next_dagrun for tutorial to 2021-05-12 00:00:00+00:00
[2021-05-14 01:37:43,124] {scheduler_job.py:190} INFO - Processing /home/airflow/.local/lib/python3.6/site-packages/airflow/example_dags/tutorial.py took 0.059 seconds
[2021-05-14 01:38:13,178] {scheduler_job.py:182} INFO - Started process (PID=19318) to work on /home/airflow/.local/lib/python3.6/site-packages/airflow/example_dags/tutorial.py
[2021-05-14 01:38:13,180] {scheduler_job.py:629} INFO - Processing file /home/airflow/.local/lib/python3.6/site-packages/airflow/example_dags/tutorial.py for tasks to queue
[2021-05-14 01:38:13,181] {logging_mixin.py:104} INFO - [2021-05-14 01:38:13,180] {dagbag.py:451} INFO - Filling up the DagBag from /home/airflow/.local/lib/python3.6/site-packages/airflow/example_dags/tutorial.py
[2021-05-14 01:38:13,188] {scheduler_job.py:639} INFO - DAG(s) dict_keys(['tutorial']) retrieved from /home/airflow/.local/lib/python3.6/site-packages/airflow/example_dags/tutorial.py
[2021-05-14 01:38:13,208] {logging_mixin.py:104} INFO - [2021-05-14 01:38:13,208] {dag.py:1824} INFO - Sync 1 DAGs
[2021-05-14 01:38:13,221] {logging_mixin.py:104} INFO - [2021-05-14 01:38:13,220] {dag.py:2280} INFO - Setting next_dagrun for tutorial to 2021-05-12 00:00:00+00:00
[2021-05-14 01:38:13,233] {scheduler_job.py:190} INFO - Processing /home/airflow/.local/lib/python3.6/site-packages/airflow/example_dags/tutorial.py took 0.058 seconds
[2021-05-14 01:38:43,322] {scheduler_job.py:182} INFO - Started process (PID=19344) to work on /home/airflow/.local/lib/python3.6/site-packages/airflow/example_dags/tutorial.py
[2021-05-14 01:38:43,324] {scheduler_job.py:629} INFO - Processing file /home/airflow/.local/lib/python3.6/site-packages/airflow/example_dags/tutorial.py for tasks to queue
[2021-05-14 01:38:43,325] {logging_mixin.py:104} INFO - [2021-05-14 01:38:43,325] {dagbag.py:451} INFO - Filling up the DagBag from /home/airflow/.local/lib/python3.6/site-packages/airflow/example_dags/tutorial.py
[2021-05-14 01:38:43,334] {scheduler_job.py:639} INFO - DAG(s) dict_keys(['tutorial']) retrieved from /home/airflow/.local/lib/python3.6/site-packages/airflow/example_dags/tutorial.py
[2021-05-14 01:38:43,353] {logging_mixin.py:104} INFO - [2021-05-14 01:38:43,353] {dag.py:1824} INFO - Sync 1 DAGs
[2021-05-14 01:38:43,367] {logging_mixin.py:104} INFO - [2021-05-14 01:38:43,367] {dag.py:2280} INFO - Setting next_dagrun for tutorial to 2021-05-12 00:00:00+00:00
[2021-05-14 01:38:43,451] {scheduler_job.py:190} INFO - Processing /home/airflow/.local/lib/python3.6/site-packages/airflow/example_dags/tutorial.py took 0.133 seconds
[2021-05-14 01:39:14,153] {scheduler_job.py:182} INFO - Started process (PID=19369) to work on /home/airflow/.local/lib/python3.6/site-packages/airflow/example_dags/tutorial.py
[2021-05-14 01:39:14,154] {scheduler_job.py:629} INFO - Processing file /home/airflow/.local/lib/python3.6/site-packages/airflow/example_dags/tutorial.py for tasks to queue
[2021-05-14 01:39:14,155] {logging_mixin.py:104} INFO - [2021-05-14 01:39:14,155] {dagbag.py:451} INFO - Filling up the DagBag from /home/airflow/.local/lib/python3.6/site-packages/airflow/example_dags/tutorial.py
[2021-05-14 01:39:14,165] {scheduler_job.py:639} INFO - DAG(s) dict_keys(['tutorial']) retrieved from /home/airflow/.local/lib/python3.6/site-packages/airflow/example_dags/tutorial.py
[2021-05-14 01:39:14,184] {logging_mixin.py:104} INFO - [2021-05-14 01:39:14,184] {dag.py:1824} INFO - Sync 1 DAGs
[2021-05-14 01:39:14,199] {logging_mixin.py:104} INFO - [2021-05-14 01:39:14,199] {dag.py:2280} INFO - Setting next_dagrun for tutorial to 2021-05-12 00:00:00+00:00
[2021-05-14 01:39:14,286] {scheduler_job.py:190} INFO - Processing /home/airflow/.local/lib/python3.6/site-packages/airflow/example_dags/tutorial.py took 0.135 seconds
[2021-05-14 01:39:45,144] {scheduler_job.py:182} INFO - Started process (PID=19396) to work on /home/airflow/.local/lib/python3.6/site-packages/airflow/example_dags/tutorial.py
[2021-05-14 01:39:45,145] {scheduler_job.py:629} INFO - Processing file /home/airflow/.local/lib/python3.6/site-packages/airflow/example_dags/tutorial.py for tasks to queue
[2021-05-14 01:39:45,146] {logging_mixin.py:104} INFO - [2021-05-14 01:39:45,146] {dagbag.py:451} INFO - Filling up the DagBag from /home/airflow/.local/lib/python3.6/site-packages/airflow/example_dags/tutorial.py
[2021-05-14 01:39:45,156] {scheduler_job.py:639} INFO - DAG(s) dict_keys(['tutorial']) retrieved from /home/airflow/.local/lib/python3.6/site-packages/airflow/example_dags/tutorial.py
[2021-05-14 01:39:45,176] {logging_mixin.py:104} INFO - [2021-05-14 01:39:45,176] {dag.py:1824} INFO - Sync 1 DAGs
[2021-05-14 01:39:45,190] {logging_mixin.py:104} INFO - [2021-05-14 01:39:45,190] {dag.py:2280} INFO - Setting next_dagrun for tutorial to 2021-05-12 00:00:00+00:00
[2021-05-14 01:39:45,293] {scheduler_job.py:190} INFO - Processing /home/airflow/.local/lib/python3.6/site-packages/airflow/example_dags/tutorial.py took 0.152 seconds
[2021-05-14 01:40:15,337] {scheduler_job.py:182} INFO - Started process (PID=19423) to work on /home/airflow/.local/lib/python3.6/site-packages/airflow/example_dags/tutorial.py
[2021-05-14 01:40:15,339] {scheduler_job.py:629} INFO - Processing file /home/airflow/.local/lib/python3.6/site-packages/airflow/example_dags/tutorial.py for tasks to queue
[2021-05-14 01:40:15,340] {logging_mixin.py:104} INFO - [2021-05-14 01:40:15,340] {dagbag.py:451} INFO - Filling up the DagBag from /home/airflow/.local/lib/python3.6/site-packages/airflow/example_dags/tutorial.py
[2021-05-14 01:40:15,357] {scheduler_job.py:639} INFO - DAG(s) dict_keys(['tutorial']) retrieved from /home/airflow/.local/lib/python3.6/site-packages/airflow/example_dags/tutorial.py
[2021-05-14 01:40:15,385] {logging_mixin.py:104} INFO - [2021-05-14 01:40:15,385] {dag.py:1824} INFO - Sync 1 DAGs
[2021-05-14 01:40:15,405] {logging_mixin.py:104} INFO - [2021-05-14 01:40:15,404] {dag.py:2280} INFO - Setting next_dagrun for tutorial to 2021-05-12 00:00:00+00:00
[2021-05-14 01:40:15,481] {scheduler_job.py:190} INFO - Processing /home/airflow/.local/lib/python3.6/site-packages/airflow/example_dags/tutorial.py took 0.147 seconds
